[0.036s] Invoking command in '/home/darren/Documents/cf_swarm/ros2_ws/src/build/crazyflie_interfaces': /usr/bin/cmake /home/darren/Documents/cf_swarm/ros2_ws/src/crazyswarm2/crazyflie_interfaces -DAMENT_CMAKE_SYMLINK_INSTALL=1 -DCMAKE_INSTALL_PREFIX=/home/darren/Documents/cf_swarm/ros2_ws/src/install/crazyflie_interfaces
[0.128s] -- The C compiler identification is GNU 11.4.0
[0.255s] -- The CXX compiler identification is GNU 11.4.0
[0.265s] -- Detecting C compiler ABI info
[0.329s] -- Detecting C compiler ABI info - done
[0.337s] -- Check for working C compiler: /usr/bin/cc - skipped
[0.337s] -- Detecting C compile features
[0.337s] -- Detecting C compile features - done
[0.340s] -- Detecting CXX compiler ABI info
[0.412s] -- Detecting CXX compiler ABI info - done
[0.418s] -- Check for working CXX compiler: /usr/bin/c++ - skipped
[0.419s] -- Detecting CXX compile features
[0.419s] -- Detecting CXX compile features - done
[0.430s] [31mCMake Error at CMakeLists.txt:13 (find_package):
[0.430s]   By not providing "Findament_cmake.cmake" in CMAKE_MODULE_PATH this project
[0.430s]   has asked CMake to find a package configuration file provided by
[0.430s]   "ament_cmake", but CMake did not find one.
[0.430s] 
[0.431s]   Could not find a package configuration file provided by "ament_cmake" with
[0.431s]   any of the following names:
[0.431s] 
[0.431s]     ament_cmakeConfig.cmake
[0.431s]     ament_cmake-config.cmake
[0.431s] 
[0.431s]   Add the installation prefix of "ament_cmake" to CMAKE_PREFIX_PATH or set
[0.431s]   "ament_cmake_DIR" to a directory containing one of the above files.  If
[0.431s]   "ament_cmake" provides a separate development package or SDK, be sure it
[0.431s]   has been installed.
[0.431s] 
[0.431s] [0m
[0.432s] -- Configuring incomplete, errors occurred!
[0.432s] See also "/home/darren/Documents/cf_swarm/ros2_ws/src/build/crazyflie_interfaces/CMakeFiles/CMakeOutput.log".
[0.434s] Invoked command in '/home/darren/Documents/cf_swarm/ros2_ws/src/build/crazyflie_interfaces' returned '1': /usr/bin/cmake /home/darren/Documents/cf_swarm/ros2_ws/src/crazyswarm2/crazyflie_interfaces -DAMENT_CMAKE_SYMLINK_INSTALL=1 -DCMAKE_INSTALL_PREFIX=/home/darren/Documents/cf_swarm/ros2_ws/src/install/crazyflie_interfaces
