[0.053s] Invoking command in '/home/darren/Documents/cf_swarm/ros2_ws/build/motion_capture_tracking': CMAKE_PREFIX_PATH=/home/darren/Documents/cf_swarm/ros2_ws/install/motion_capture_tracking_interfaces:/home/darren/Documents/cf_swarm/ros2_ws/install/motion_capture_tracking:/home/darren/Documents/cf_swarm/ros2_ws/install/crazyflie:/home/darren/Documents/cf_swarm/ros2_ws/install/crazyflie_sim:/home/darren/Documents/cf_swarm/ros2_ws/install/crazyflie_examples:/home/darren/Documents/cf_swarm/ros2_ws/install/crazyflie_interfaces:/home/darren/Documents/cf_swarm/ros2_ws/install/localization_test:/home/darren/Documents/cf_swarm/ros2_ws/install/crazyflie_py:/opt/ros/iron /usr/bin/cmake --build /home/darren/Documents/cf_swarm/ros2_ws/build/motion_capture_tracking -- -j16 -l16
[0.097s] [35m[1mConsolidate compiler generated dependencies of target quat[0m
[0.097s] [35m[1mConsolidate compiler generated dependencies of target qualisys_cpp_sdk[0m
[0.098s] [35m[1mConsolidate compiler generated dependencies of target librigidbodytracker[0m
[0.108s] [35m[1mConsolidate compiler generated dependencies of target ViconDataStreamSDK_CPP[0m
[0.109s] [  8%] Built target quat
[0.112s] [ 16%] Built target qualisys_cpp_sdk
[0.122s] [35m[1mConsolidate compiler generated dependencies of target vrpn[0m
[0.138s] [ 19%] Built target librigidbodytracker
[0.151s] [ 66%] Built target vrpn
[0.179s] [ 83%] Built target ViconDataStreamSDK_CPP
[0.192s] [35m[1mConsolidate compiler generated dependencies of target libmotioncapture[0m
[0.238s] [ 96%] Built target libmotioncapture
[0.250s] [35m[1mConsolidate compiler generated dependencies of target motion_capture_tracking_node[0m
[0.285s] [100%] Built target motion_capture_tracking_node
[0.299s] Invoked command in '/home/darren/Documents/cf_swarm/ros2_ws/build/motion_capture_tracking' returned '0': CMAKE_PREFIX_PATH=/home/darren/Documents/cf_swarm/ros2_ws/install/motion_capture_tracking_interfaces:/home/darren/Documents/cf_swarm/ros2_ws/install/motion_capture_tracking:/home/darren/Documents/cf_swarm/ros2_ws/install/crazyflie:/home/darren/Documents/cf_swarm/ros2_ws/install/crazyflie_sim:/home/darren/Documents/cf_swarm/ros2_ws/install/crazyflie_examples:/home/darren/Documents/cf_swarm/ros2_ws/install/crazyflie_interfaces:/home/darren/Documents/cf_swarm/ros2_ws/install/localization_test:/home/darren/Documents/cf_swarm/ros2_ws/install/crazyflie_py:/opt/ros/iron /usr/bin/cmake --build /home/darren/Documents/cf_swarm/ros2_ws/build/motion_capture_tracking -- -j16 -l16
[0.358s] Invoking command in '/home/darren/Documents/cf_swarm/ros2_ws/build/motion_capture_tracking': CMAKE_PREFIX_PATH=/home/darren/Documents/cf_swarm/ros2_ws/install/motion_capture_tracking_interfaces:/home/darren/Documents/cf_swarm/ros2_ws/install/motion_capture_tracking:/home/darren/Documents/cf_swarm/ros2_ws/install/crazyflie:/home/darren/Documents/cf_swarm/ros2_ws/install/crazyflie_sim:/home/darren/Documents/cf_swarm/ros2_ws/install/crazyflie_examples:/home/darren/Documents/cf_swarm/ros2_ws/install/crazyflie_interfaces:/home/darren/Documents/cf_swarm/ros2_ws/install/localization_test:/home/darren/Documents/cf_swarm/ros2_ws/install/crazyflie_py:/opt/ros/iron /usr/bin/cmake --install /home/darren/Documents/cf_swarm/ros2_ws/build/motion_capture_tracking
[0.366s] -- Install configuration: ""
[0.366s] -- Execute custom install script
[0.367s] -- Up-to-date symlink: /home/darren/Documents/cf_swarm/ros2_ws/install/motion_capture_tracking/lib/motion_capture_tracking/motion_capture_tracking_node
[0.367s] -- Up-to-date symlink: /home/darren/Documents/cf_swarm/ros2_ws/install/motion_capture_tracking/share/motion_capture_tracking//launch/launch.py
[0.367s] -- Up-to-date symlink: /home/darren/Documents/cf_swarm/ros2_ws/install/motion_capture_tracking/share/motion_capture_tracking//launch/node.launch
[0.368s] -- Up-to-date symlink: /home/darren/Documents/cf_swarm/ros2_ws/install/motion_capture_tracking/share/motion_capture_tracking//config/cfg.yaml
[0.368s] -- Up-to-date symlink: /home/darren/Documents/cf_swarm/ros2_ws/install/motion_capture_tracking/share/motion_capture_tracking//config/rviz.rviz
[0.368s] -- Up-to-date symlink: /home/darren/Documents/cf_swarm/ros2_ws/install/motion_capture_tracking/share/ament_index/resource_index/package_run_dependencies/motion_capture_tracking
[0.368s] -- Up-to-date symlink: /home/darren/Documents/cf_swarm/ros2_ws/install/motion_capture_tracking/share/ament_index/resource_index/parent_prefix_path/motion_capture_tracking
[0.368s] -- Up-to-date symlink: /home/darren/Documents/cf_swarm/ros2_ws/install/motion_capture_tracking/share/motion_capture_tracking/environment/ament_prefix_path.sh
[0.368s] -- Up-to-date symlink: /home/darren/Documents/cf_swarm/ros2_ws/install/motion_capture_tracking/share/motion_capture_tracking/environment/ament_prefix_path.dsv
[0.369s] -- Up-to-date symlink: /home/darren/Documents/cf_swarm/ros2_ws/install/motion_capture_tracking/share/motion_capture_tracking/environment/path.sh
[0.369s] -- Up-to-date symlink: /home/darren/Documents/cf_swarm/ros2_ws/install/motion_capture_tracking/share/motion_capture_tracking/environment/path.dsv
[0.369s] -- Up-to-date symlink: /home/darren/Documents/cf_swarm/ros2_ws/install/motion_capture_tracking/share/motion_capture_tracking/local_setup.bash
[0.369s] -- Up-to-date symlink: /home/darren/Documents/cf_swarm/ros2_ws/install/motion_capture_tracking/share/motion_capture_tracking/local_setup.sh
[0.369s] -- Up-to-date symlink: /home/darren/Documents/cf_swarm/ros2_ws/install/motion_capture_tracking/share/motion_capture_tracking/local_setup.zsh
[0.369s] -- Up-to-date symlink: /home/darren/Documents/cf_swarm/ros2_ws/install/motion_capture_tracking/share/motion_capture_tracking/local_setup.dsv
[0.370s] -- Symlinking: /home/darren/Documents/cf_swarm/ros2_ws/install/motion_capture_tracking/share/motion_capture_tracking/package.dsv
[0.378s] -- Up-to-date symlink: /home/darren/Documents/cf_swarm/ros2_ws/install/motion_capture_tracking/share/ament_index/resource_index/packages/motion_capture_tracking
[0.378s] -- Up-to-date symlink: /home/darren/Documents/cf_swarm/ros2_ws/install/motion_capture_tracking/share/motion_capture_tracking/cmake/motion_capture_trackingConfig.cmake
[0.378s] -- Up-to-date symlink: /home/darren/Documents/cf_swarm/ros2_ws/install/motion_capture_tracking/share/motion_capture_tracking/cmake/motion_capture_trackingConfig-version.cmake
[0.379s] -- Up-to-date symlink: /home/darren/Documents/cf_swarm/ros2_ws/install/motion_capture_tracking/share/motion_capture_tracking/package.xml
[0.381s] Invoked command in '/home/darren/Documents/cf_swarm/ros2_ws/build/motion_capture_tracking' returned '0': CMAKE_PREFIX_PATH=/home/darren/Documents/cf_swarm/ros2_ws/install/motion_capture_tracking_interfaces:/home/darren/Documents/cf_swarm/ros2_ws/install/motion_capture_tracking:/home/darren/Documents/cf_swarm/ros2_ws/install/crazyflie:/home/darren/Documents/cf_swarm/ros2_ws/install/crazyflie_sim:/home/darren/Documents/cf_swarm/ros2_ws/install/crazyflie_examples:/home/darren/Documents/cf_swarm/ros2_ws/install/crazyflie_interfaces:/home/darren/Documents/cf_swarm/ros2_ws/install/localization_test:/home/darren/Documents/cf_swarm/ros2_ws/install/crazyflie_py:/opt/ros/iron /usr/bin/cmake --install /home/darren/Documents/cf_swarm/ros2_ws/build/motion_capture_tracking
