-- Found ament_cmake: 2.0.3 (/opt/ros/iron/share/ament_cmake/cmake)
-- Override CMake install command with custom implementation using symlinks instead of copying resources
-- Found rclcpp: 21.0.4 (/opt/ros/iron/share/rclcpp/cmake)
-- Found rosidl_generator_c: 4.0.1 (/opt/ros/iron/share/rosidl_generator_c/cmake)
-- Found rosidl_generator_cpp: 4.0.1 (/opt/ros/iron/share/rosidl_generator_cpp/cmake)
-- Using all available rosidl_typesupport_c: rosidl_typesupport_fastrtps_c;rosidl_typesupport_introspection_c
-- Using all available rosidl_typesupport_cpp: rosidl_typesupport_fastrtps_cpp;rosidl_typesupport_introspection_cpp
-- Found rmw_implementation_cmake: 7.1.0 (/opt/ros/iron/share/rmw_implementation_cmake/cmake)
-- Found rmw_fastrtps_cpp: 7.1.2 (/opt/ros/iron/share/rmw_fastrtps_cpp/cmake)
-- Using RMW implementation 'rmw_fastrtps_cpp' as default
-- Found tf2_ros: 0.31.5 (/opt/ros/iron/share/tf2_ros/cmake)
-- Found rclpy: 4.1.4 (/opt/ros/iron/share/rclpy/cmake)
-- Found std_srvs: 5.0.0 (/opt/ros/iron/share/std_srvs/cmake)
-- Found sensor_msgs: 5.0.0 (/opt/ros/iron/share/sensor_msgs/cmake)
-- Found crazyflie_interfaces: 2.0.0 (/home/darren/Documents/cf_swarm/ros2_ws/install/crazyflie_interfaces/share/crazyflie_interfaces/cmake)
-- Found motion_capture_tracking_interfaces: 1.0.0 (/home/darren/Documents/cf_swarm/ros2_ws/install/motion_capture_tracking_interfaces/share/motion_capture_tracking_interfaces/cmake)
-- Configuring done
-- Generating done
-- Build files have been written to: /home/darren/Documents/cf_swarm/ros2_ws/build/crazyflie
[35m[1mConsolidate compiler generated dependencies of target teleop[0m
[35m[1mConsolidate compiler generated dependencies of target crazyflieLinkCpp[0m
[  2%] [32mBuilding CXX object CMakeFiles/teleop.dir/src/teleop.cpp.o[0m
[  5%] [32mBuilding CXX object deps/crazyflie_tools/crazyflie_cpp/crazyflie-link-cpp/CMakeFiles/crazyflieLinkCpp.dir/src/USBManager.cpp.o[0m
[  8%] [32mBuilding CXX object deps/crazyflie_tools/crazyflie_cpp/crazyflie-link-cpp/CMakeFiles/crazyflieLinkCpp.dir/src/CrazyradioThread.cpp.o[0m
[ 11%] [32mBuilding CXX object deps/crazyflie_tools/crazyflie_cpp/crazyflie-link-cpp/CMakeFiles/crazyflieLinkCpp.dir/src/Connection.cpp.o[0m
[ 13%] [32mBuilding CXX object deps/crazyflie_tools/crazyflie_cpp/crazyflie-link-cpp/CMakeFiles/crazyflieLinkCpp.dir/src/USBDevice.cpp.o[0m
[ 16%] [32mBuilding CXX object deps/crazyflie_tools/crazyflie_cpp/crazyflie-link-cpp/CMakeFiles/crazyflieLinkCpp.dir/src/Crazyradio.cpp.o[0m
[ 19%] [32mBuilding CXX object deps/crazyflie_tools/crazyflie_cpp/crazyflie-link-cpp/CMakeFiles/crazyflieLinkCpp.dir/src/CrazyflieUSB.cpp.o[0m
[ 22%] [32mBuilding CXX object deps/crazyflie_tools/crazyflie_cpp/crazyflie-link-cpp/CMakeFiles/crazyflieLinkCpp.dir/src/CrazyflieUSBThread.cpp.o[0m
[ 25%] [32mBuilding CXX object deps/crazyflie_tools/crazyflie_cpp/crazyflie-link-cpp/CMakeFiles/crazyflieLinkCpp.dir/src/Version.cpp.o[0m
[ 27%] [32m[1mLinking CXX static library libcrazyflieLinkCpp.a[0m
[ 27%] Built target crazyflieLinkCpp
[35m[1mConsolidate compiler generated dependencies of target crazyflie_cpp[0m
[ 30%] [32mBuilding CXX object deps/crazyflie_tools/crazyflie_cpp/CMakeFiles/crazyflie_cpp.dir/src/Crazyflie.cpp.o[0m
[ 33%] [32mBuilding CXX object deps/crazyflie_tools/crazyflie_cpp/CMakeFiles/crazyflie_cpp.dir/src/crtp.cpp.o[0m
[ 36%] [32m[1mLinking CXX static library libcrazyflie_cpp.a[0m
[ 36%] Built target crazyflie_cpp
[35m[1mConsolidate compiler generated dependencies of target scan[0m
[35m[1mConsolidate compiler generated dependencies of target listParams[0m
[35m[1mConsolidate compiler generated dependencies of target crazyflie_server[0m
[35m[1mConsolidate compiler generated dependencies of target console[0m
[35m[1mConsolidate compiler generated dependencies of target reboot[0m
[35m[1mConsolidate compiler generated dependencies of target version[0m
[35m[1mConsolidate compiler generated dependencies of target listMemories[0m
[35m[1mConsolidate compiler generated dependencies of target battery[0m
[35m[1mConsolidate compiler generated dependencies of target log[0m
[35m[1mConsolidate compiler generated dependencies of target listLogVariables[0m
[35m[1mConsolidate compiler generated dependencies of target setParam[0m
[ 38%] [32mBuilding CXX object deps/crazyflie_tools/CMakeFiles/scan.dir/src/scan.cpp.o[0m
[ 44%] [32mBuilding CXX object deps/crazyflie_tools/CMakeFiles/version.dir/src/version.cpp.o[0m
[ 44%] [32mBuilding CXX object deps/crazyflie_tools/CMakeFiles/listParams.dir/src/listParams.cpp.o[0m
[ 47%] [32mBuilding CXX object deps/crazyflie_tools/CMakeFiles/reboot.dir/src/reboot.cpp.o[0m
[ 52%] [32mBuilding CXX object deps/crazyflie_tools/CMakeFiles/log.dir/src/log.cpp.o[0m
[ 52%] [32mBuilding CXX object deps/crazyflie_tools/CMakeFiles/battery.dir/src/battery.cpp.o[0m
[ 55%] [32mBuilding CXX object CMakeFiles/crazyflie_server.dir/src/crazyflie_server.cpp.o[0m
[ 58%] [32mBuilding CXX object deps/crazyflie_tools/CMakeFiles/listMemories.dir/src/listMemories.cpp.o[0m
[ 61%] [32mBuilding CXX object deps/crazyflie_tools/CMakeFiles/console.dir/src/console.cpp.o[0m
[ 63%] [32mBuilding CXX object deps/crazyflie_tools/CMakeFiles/setParam.dir/src/setParam.cpp.o[0m
[ 66%] [32mBuilding CXX object deps/crazyflie_tools/CMakeFiles/listLogVariables.dir/src/listLogVariables.cpp.o[0m
[ 69%] [32m[1mLinking CXX executable listLogVariables[0m
[ 72%] [32m[1mLinking CXX executable listParams[0m
[ 75%] [32m[1mLinking CXX executable version[0m
[ 75%] Built target listLogVariables
[ 75%] Built target version
[ 75%] Built target listParams
[ 77%] [32m[1mLinking CXX executable console[0m
[ 80%] [32m[1mLinking CXX executable listMemories[0m
[ 83%] [32m[1mLinking CXX executable scan[0m
[ 83%] Built target console
[ 83%] Built target listMemories
[ 83%] Built target scan
[ 86%] [32m[1mLinking CXX executable battery[0m
[ 86%] Built target battery
[ 88%] [32m[1mLinking CXX executable reboot[0m
[ 88%] Built target reboot
[ 91%] [32m[1mLinking CXX executable setParam[0m
[ 91%] Built target setParam
[ 94%] [32m[1mLinking CXX executable log[0m
[ 94%] Built target log
[ 97%] [32m[1mLinking CXX executable teleop[0m
[ 97%] Built target teleop
[100%] [32m[1mLinking CXX executable crazyflie_server[0m
[100%] Built target crazyflie_server
-- Install configuration: "Release"
-- Execute custom install script
-- Up-to-date symlink: /home/darren/Documents/cf_swarm/ros2_ws/install/crazyflie/lib/crazyflie/scan
-- Up-to-date symlink: /home/darren/Documents/cf_swarm/ros2_ws/install/crazyflie/lib/crazyflie/listParams
-- Up-to-date symlink: /home/darren/Documents/cf_swarm/ros2_ws/install/crazyflie/lib/crazyflie/listLogVariables
-- Up-to-date symlink: /home/darren/Documents/cf_swarm/ros2_ws/install/crazyflie/lib/crazyflie/listMemories
-- Up-to-date symlink: /home/darren/Documents/cf_swarm/ros2_ws/install/crazyflie/lib/crazyflie/reboot
-- Up-to-date symlink: /home/darren/Documents/cf_swarm/ros2_ws/install/crazyflie/lib/crazyflie/battery
-- Up-to-date symlink: /home/darren/Documents/cf_swarm/ros2_ws/install/crazyflie/lib/crazyflie/version
-- Up-to-date symlink: /home/darren/Documents/cf_swarm/ros2_ws/install/crazyflie/lib/crazyflie/console
-- Up-to-date symlink: /home/darren/Documents/cf_swarm/ros2_ws/install/crazyflie/lib/crazyflie/log
-- Up-to-date symlink: /home/darren/Documents/cf_swarm/ros2_ws/install/crazyflie/lib/crazyflie/setParam
-- Up-to-date symlink: /home/darren/Documents/cf_swarm/ros2_ws/install/crazyflie/lib/crazyflie/teleop
-- Up-to-date symlink: /home/darren/Documents/cf_swarm/ros2_ws/install/crazyflie/lib/crazyflie/crazyflie_server
-- Up-to-date symlink: /home/darren/Documents/cf_swarm/ros2_ws/install/crazyflie/lib/crazyflie/crazyflie_server.py
-- Up-to-date symlink: /home/darren/Documents/cf_swarm/ros2_ws/install/crazyflie/lib/crazyflie/chooser.py
-- Up-to-date symlink: /home/darren/Documents/cf_swarm/ros2_ws/install/crazyflie/lib/crazyflie/vel_mux.py
-- Up-to-date symlink: /home/darren/Documents/cf_swarm/ros2_ws/install/crazyflie/lib/crazyflie/cfmult.py
-- Up-to-date symlink: /home/darren/Documents/cf_swarm/ros2_ws/install/crazyflie/share/crazyflie//launch/launch.py
-- Up-to-date symlink: /home/darren/Documents/cf_swarm/ros2_ws/install/crazyflie/share/crazyflie//launch/launch_teleop2.py
-- Up-to-date symlink: /home/darren/Documents/cf_swarm/ros2_ws/install/crazyflie/share/crazyflie//launch/teleop_launch.py
-- Up-to-date symlink: /home/darren/Documents/cf_swarm/ros2_ws/install/crazyflie/share/crazyflie//config/config.rviz
-- Up-to-date symlink: /home/darren/Documents/cf_swarm/ros2_ws/install/crazyflie/share/crazyflie//config/crazyflies.yaml
-- Up-to-date symlink: /home/darren/Documents/cf_swarm/ros2_ws/install/crazyflie/share/crazyflie//config/motion_capture.yaml
-- Up-to-date symlink: /home/darren/Documents/cf_swarm/ros2_ws/install/crazyflie/share/crazyflie//config/server.yaml
-- Up-to-date symlink: /home/darren/Documents/cf_swarm/ros2_ws/install/crazyflie/share/crazyflie//config/teleop.yaml
-- Up-to-date symlink: /home/darren/Documents/cf_swarm/ros2_ws/install/crazyflie/share/ament_index/resource_index/package_run_dependencies/crazyflie
-- Up-to-date symlink: /home/darren/Documents/cf_swarm/ros2_ws/install/crazyflie/share/ament_index/resource_index/parent_prefix_path/crazyflie
-- Up-to-date symlink: /home/darren/Documents/cf_swarm/ros2_ws/install/crazyflie/share/crazyflie/environment/ament_prefix_path.sh
-- Up-to-date symlink: /home/darren/Documents/cf_swarm/ros2_ws/install/crazyflie/share/crazyflie/environment/ament_prefix_path.dsv
-- Up-to-date symlink: /home/darren/Documents/cf_swarm/ros2_ws/install/crazyflie/share/crazyflie/environment/path.sh
-- Up-to-date symlink: /home/darren/Documents/cf_swarm/ros2_ws/install/crazyflie/share/crazyflie/environment/path.dsv
-- Up-to-date symlink: /home/darren/Documents/cf_swarm/ros2_ws/install/crazyflie/share/crazyflie/local_setup.bash
-- Up-to-date symlink: /home/darren/Documents/cf_swarm/ros2_ws/install/crazyflie/share/crazyflie/local_setup.sh
-- Up-to-date symlink: /home/darren/Documents/cf_swarm/ros2_ws/install/crazyflie/share/crazyflie/local_setup.zsh
-- Up-to-date symlink: /home/darren/Documents/cf_swarm/ros2_ws/install/crazyflie/share/crazyflie/local_setup.dsv
-- Symlinking: /home/darren/Documents/cf_swarm/ros2_ws/install/crazyflie/share/crazyflie/package.dsv
-- Up-to-date symlink: /home/darren/Documents/cf_swarm/ros2_ws/install/crazyflie/share/ament_index/resource_index/packages/crazyflie
-- Up-to-date symlink: /home/darren/Documents/cf_swarm/ros2_ws/install/crazyflie/share/crazyflie/cmake/crazyflieConfig.cmake
-- Up-to-date symlink: /home/darren/Documents/cf_swarm/ros2_ws/install/crazyflie/share/crazyflie/cmake/crazyflieConfig-version.cmake
-- Up-to-date symlink: /home/darren/Documents/cf_swarm/ros2_ws/install/crazyflie/share/crazyflie/package.xml
