[0.641s] Invoking command in '/home/darren/Documents/cf_swarm/ros2_ws/src/build/crazyflie_py': CMAKE_PREFIX_PATH=/home/darren/Documents/cf_swarm/ros2_ws/src/install/crazyflie_interfaces:/home/darren/Documents/cf_swarm/ros2_ws/src/install/motion_capture_tracking:/home/darren/Documents/cf_swarm/ros2_ws/src/install/crazyflie:/home/darren/Documents/cf_swarm/ros2_ws/src/install/motion_capture_tracking_interfaces:/home/darren/Documents/cf_swarm/ros2_ws/src/install/crazyflie_sim:/home/darren/Documents/cf_swarm/ros2_ws/src/install/crazyflie_examples LD_LIBRARY_PATH=/home/darren/Documents/cf_swarm/ros2_ws/src/install/crazyflie_interfaces/lib:/opt/ros/iron/opt/rviz_ogre_vendor/lib:/opt/ros/iron/lib/x86_64-linux-gnu:/opt/ros/iron/lib:/home/darren/Documents/cf_swarm/ros2_ws/src/install/motion_capture_tracking_interfaces/lib PYTHONPATH=/home/darren/Documents/cf_swarm/ros2_ws/src/build/crazyflie_py/prefix_override:/home/darren/Documents/cf_swarm/ros2_ws/src/install/crazyflie_py/lib/python3.10/site-packages:/home/darren/Documents/cf_swarm/ros2_ws/src/install/crazyflie_interfaces/lib/python3.10/site-packages:/opt/ros/iron/lib/python3.10/site-packages:/home/darren/Documents/cf_swarm/ros2_ws/src/install/motion_capture_tracking_interfaces/lib/python3.10/site-packages:/home/darren/Documents/cf_swarm/ros2_ws/src/install/crazyflie_sim/lib/python3.10/site-packages:/home/darren/Documents/cf_swarm/ros2_ws/src/install/crazyflie_examples/lib/python3.10/site-packages:/home/darren/Documents/cf_swarm/ros2_ws/src/build/crazyflie_py:/home/darren/Documents/cf_swarm/ros2_ws/src/install/crazyflie_py/lib/python3.10/site-packages /usr/bin/python3 setup.py develop --editable --build-directory /home/darren/Documents/cf_swarm/ros2_ws/src/build/crazyflie_py/build --no-deps install_data
[0.836s] running develop
[0.837s] /usr/lib/python3/dist-packages/setuptools/command/easy_install.py:158: EasyInstallDeprecationWarning: easy_install command is deprecated. Use build and pip and other standards-based tools.
[0.837s]   warnings.warn(
[0.838s] /usr/lib/python3/dist-packages/setuptools/command/install.py:34: SetuptoolsDeprecationWarning: setup.py install is deprecated. Use build and pip and other standards-based tools.
[0.838s]   warnings.warn(
[0.957s] running egg_info
[0.957s] writing crazyflie_py.egg-info/PKG-INFO
[0.957s] writing dependency_links to crazyflie_py.egg-info/dependency_links.txt
[0.957s] writing entry points to crazyflie_py.egg-info/entry_points.txt
[0.957s] writing requirements to crazyflie_py.egg-info/requires.txt
[0.958s] writing top-level names to crazyflie_py.egg-info/top_level.txt
[0.959s] reading manifest file 'crazyflie_py.egg-info/SOURCES.txt'
[0.959s] writing manifest file 'crazyflie_py.egg-info/SOURCES.txt'
[0.960s] running build_ext
[0.960s] Creating /home/darren/Documents/cf_swarm/ros2_ws/src/install/crazyflie_py/lib/python3.10/site-packages/crazyflie-py.egg-link (link to .)
[0.961s] 
[0.961s] Installed /home/darren/Documents/cf_swarm/ros2_ws/src/build/crazyflie_py
[0.961s] running install_data
[0.983s] Invoked command in '/home/darren/Documents/cf_swarm/ros2_ws/src/build/crazyflie_py' returned '0': CMAKE_PREFIX_PATH=/home/darren/Documents/cf_swarm/ros2_ws/src/install/crazyflie_interfaces:/home/darren/Documents/cf_swarm/ros2_ws/src/install/motion_capture_tracking:/home/darren/Documents/cf_swarm/ros2_ws/src/install/crazyflie:/home/darren/Documents/cf_swarm/ros2_ws/src/install/motion_capture_tracking_interfaces:/home/darren/Documents/cf_swarm/ros2_ws/src/install/crazyflie_sim:/home/darren/Documents/cf_swarm/ros2_ws/src/install/crazyflie_examples LD_LIBRARY_PATH=/home/darren/Documents/cf_swarm/ros2_ws/src/install/crazyflie_interfaces/lib:/opt/ros/iron/opt/rviz_ogre_vendor/lib:/opt/ros/iron/lib/x86_64-linux-gnu:/opt/ros/iron/lib:/home/darren/Documents/cf_swarm/ros2_ws/src/install/motion_capture_tracking_interfaces/lib PYTHONPATH=/home/darren/Documents/cf_swarm/ros2_ws/src/build/crazyflie_py/prefix_override:/home/darren/Documents/cf_swarm/ros2_ws/src/install/crazyflie_py/lib/python3.10/site-packages:/home/darren/Documents/cf_swarm/ros2_ws/src/install/crazyflie_interfaces/lib/python3.10/site-packages:/opt/ros/iron/lib/python3.10/site-packages:/home/darren/Documents/cf_swarm/ros2_ws/src/install/motion_capture_tracking_interfaces/lib/python3.10/site-packages:/home/darren/Documents/cf_swarm/ros2_ws/src/install/crazyflie_sim/lib/python3.10/site-packages:/home/darren/Documents/cf_swarm/ros2_ws/src/install/crazyflie_examples/lib/python3.10/site-packages:/home/darren/Documents/cf_swarm/ros2_ws/src/build/crazyflie_py:/home/darren/Documents/cf_swarm/ros2_ws/src/install/crazyflie_py/lib/python3.10/site-packages /usr/bin/python3 setup.py develop --editable --build-directory /home/darren/Documents/cf_swarm/ros2_ws/src/build/crazyflie_py/build --no-deps install_data
