[0.339s] Invoking command in '/home/darren/Documents/cf_swarm/ros2_ws/src/build/crazyflie': CMAKE_PREFIX_PATH=/home/darren/Documents/cf_swarm/ros2_ws/src/install/motion_capture_tracking_interfaces:/home/darren/Documents/cf_swarm/ros2_ws/src/install/crazyflie_interfaces:/home/darren/Documents/cf_swarm/ros2_ws/src/install/motion_capture_tracking:/home/darren/Documents/cf_swarm/ros2_ws/src/install/crazyflie:/home/darren/Documents/cf_swarm/ros2_ws/src/install/crazyflie_sim:/home/darren/Documents/cf_swarm/ros2_ws/src/install/crazyflie_examples:/opt/ros/iron:/home/darren/Documents/cf_swarm/ros2_ws/src/install/crazyflie_py LD_LIBRARY_PATH=/home/darren/Documents/cf_swarm/ros2_ws/src/install/motion_capture_tracking_interfaces/lib:/home/darren/Documents/cf_swarm/ros2_ws/src/install/crazyflie_interfaces/lib:/opt/ros/iron/opt/rviz_ogre_vendor/lib:/opt/ros/iron/lib/x86_64-linux-gnu:/opt/ros/iron/lib PYTHONPATH=/home/darren/Documents/cf_swarm/ros2_ws/src/install/motion_capture_tracking_interfaces/lib/python3.10/site-packages:/home/darren/Documents/cf_swarm/ros2_ws/src/install/crazyflie_interfaces/lib/python3.10/site-packages:/opt/ros/iron/lib/python3.10/site-packages:/home/darren/Documents/cf_swarm/ros2_ws/src/install/crazyflie_sim/lib/python3.10/site-packages:/home/darren/Documents/cf_swarm/ros2_ws/src/install/crazyflie_examples/lib/python3.10/site-packages:/home/darren/Documents/cf_swarm/ros2_ws/src/build/crazyflie_py:/home/darren/Documents/cf_swarm/ros2_ws/src/install/crazyflie_py/lib/python3.10/site-packages /usr/bin/cmake --build /home/darren/Documents/cf_swarm/ros2_ws/src/build/crazyflie -- -j16 -l16
[0.392s] [ 25%] Built target crazyflieLinkCpp
[0.395s] [ 30%] Built target teleop
[0.415s] [ 38%] Built target crazyflie_cpp
[0.453s] [ 44%] Built target battery
[0.453s] [ 55%] Built target listLogVariables
[0.453s] [ 61%] Built target console
[0.453s] [ 63%] Built target scan
[0.453s] [ 69%] Built target crazyflie_server
[0.454s] [ 77%] Built target log
[0.454s] [ 77%] Built target version
[0.455s] [ 83%] Built target listParams
[0.456s] [ 88%] Built target reboot
[0.456s] [ 94%] Built target listMemories
[0.458s] [100%] Built target setParam
[0.474s] Invoked command in '/home/darren/Documents/cf_swarm/ros2_ws/src/build/crazyflie' returned '0': CMAKE_PREFIX_PATH=/home/darren/Documents/cf_swarm/ros2_ws/src/install/motion_capture_tracking_interfaces:/home/darren/Documents/cf_swarm/ros2_ws/src/install/crazyflie_interfaces:/home/darren/Documents/cf_swarm/ros2_ws/src/install/motion_capture_tracking:/home/darren/Documents/cf_swarm/ros2_ws/src/install/crazyflie:/home/darren/Documents/cf_swarm/ros2_ws/src/install/crazyflie_sim:/home/darren/Documents/cf_swarm/ros2_ws/src/install/crazyflie_examples:/opt/ros/iron:/home/darren/Documents/cf_swarm/ros2_ws/src/install/crazyflie_py LD_LIBRARY_PATH=/home/darren/Documents/cf_swarm/ros2_ws/src/install/motion_capture_tracking_interfaces/lib:/home/darren/Documents/cf_swarm/ros2_ws/src/install/crazyflie_interfaces/lib:/opt/ros/iron/opt/rviz_ogre_vendor/lib:/opt/ros/iron/lib/x86_64-linux-gnu:/opt/ros/iron/lib PYTHONPATH=/home/darren/Documents/cf_swarm/ros2_ws/src/install/motion_capture_tracking_interfaces/lib/python3.10/site-packages:/home/darren/Documents/cf_swarm/ros2_ws/src/install/crazyflie_interfaces/lib/python3.10/site-packages:/opt/ros/iron/lib/python3.10/site-packages:/home/darren/Documents/cf_swarm/ros2_ws/src/install/crazyflie_sim/lib/python3.10/site-packages:/home/darren/Documents/cf_swarm/ros2_ws/src/install/crazyflie_examples/lib/python3.10/site-packages:/home/darren/Documents/cf_swarm/ros2_ws/src/build/crazyflie_py:/home/darren/Documents/cf_swarm/ros2_ws/src/install/crazyflie_py/lib/python3.10/site-packages /usr/bin/cmake --build /home/darren/Documents/cf_swarm/ros2_ws/src/build/crazyflie -- -j16 -l16
[0.514s] Invoking command in '/home/darren/Documents/cf_swarm/ros2_ws/src/build/crazyflie': CMAKE_PREFIX_PATH=/home/darren/Documents/cf_swarm/ros2_ws/src/install/motion_capture_tracking_interfaces:/home/darren/Documents/cf_swarm/ros2_ws/src/install/crazyflie_interfaces:/home/darren/Documents/cf_swarm/ros2_ws/src/install/motion_capture_tracking:/home/darren/Documents/cf_swarm/ros2_ws/src/install/crazyflie:/home/darren/Documents/cf_swarm/ros2_ws/src/install/crazyflie_sim:/home/darren/Documents/cf_swarm/ros2_ws/src/install/crazyflie_examples:/opt/ros/iron:/home/darren/Documents/cf_swarm/ros2_ws/src/install/crazyflie_py LD_LIBRARY_PATH=/home/darren/Documents/cf_swarm/ros2_ws/src/install/motion_capture_tracking_interfaces/lib:/home/darren/Documents/cf_swarm/ros2_ws/src/install/crazyflie_interfaces/lib:/opt/ros/iron/opt/rviz_ogre_vendor/lib:/opt/ros/iron/lib/x86_64-linux-gnu:/opt/ros/iron/lib PYTHONPATH=/home/darren/Documents/cf_swarm/ros2_ws/src/install/motion_capture_tracking_interfaces/lib/python3.10/site-packages:/home/darren/Documents/cf_swarm/ros2_ws/src/install/crazyflie_interfaces/lib/python3.10/site-packages:/opt/ros/iron/lib/python3.10/site-packages:/home/darren/Documents/cf_swarm/ros2_ws/src/install/crazyflie_sim/lib/python3.10/site-packages:/home/darren/Documents/cf_swarm/ros2_ws/src/install/crazyflie_examples/lib/python3.10/site-packages:/home/darren/Documents/cf_swarm/ros2_ws/src/build/crazyflie_py:/home/darren/Documents/cf_swarm/ros2_ws/src/install/crazyflie_py/lib/python3.10/site-packages /usr/bin/cmake --install /home/darren/Documents/cf_swarm/ros2_ws/src/build/crazyflie
[0.522s] -- Install configuration: ""
[0.522s] -- Execute custom install script
[0.522s] -- Up-to-date symlink: /home/darren/Documents/cf_swarm/ros2_ws/src/install/crazyflie/lib/crazyflie/scan
[0.522s] -- Up-to-date symlink: /home/darren/Documents/cf_swarm/ros2_ws/src/install/crazyflie/lib/crazyflie/listParams
[0.523s] -- Up-to-date symlink: /home/darren/Documents/cf_swarm/ros2_ws/src/install/crazyflie/lib/crazyflie/listLogVariables
[0.523s] -- Up-to-date symlink: /home/darren/Documents/cf_swarm/ros2_ws/src/install/crazyflie/lib/crazyflie/listMemories
[0.523s] -- Up-to-date symlink: /home/darren/Documents/cf_swarm/ros2_ws/src/install/crazyflie/lib/crazyflie/reboot
[0.523s] -- Up-to-date symlink: /home/darren/Documents/cf_swarm/ros2_ws/src/install/crazyflie/lib/crazyflie/battery
[0.523s] -- Up-to-date symlink: /home/darren/Documents/cf_swarm/ros2_ws/src/install/crazyflie/lib/crazyflie/version
[0.523s] -- Up-to-date symlink: /home/darren/Documents/cf_swarm/ros2_ws/src/install/crazyflie/lib/crazyflie/console
[0.523s] -- Up-to-date symlink: /home/darren/Documents/cf_swarm/ros2_ws/src/install/crazyflie/lib/crazyflie/log
[0.524s] -- Up-to-date symlink: /home/darren/Documents/cf_swarm/ros2_ws/src/install/crazyflie/lib/crazyflie/setParam
[0.524s] -- Up-to-date symlink: /home/darren/Documents/cf_swarm/ros2_ws/src/install/crazyflie/lib/crazyflie/teleop
[0.524s] -- Up-to-date symlink: /home/darren/Documents/cf_swarm/ros2_ws/src/install/crazyflie/lib/crazyflie/crazyflie_server
[0.524s] -- Up-to-date symlink: /home/darren/Documents/cf_swarm/ros2_ws/src/install/crazyflie/lib/crazyflie/crazyflie_server.py
[0.524s] -- Up-to-date symlink: /home/darren/Documents/cf_swarm/ros2_ws/src/install/crazyflie/lib/crazyflie/chooser.py
[0.524s] -- Up-to-date symlink: /home/darren/Documents/cf_swarm/ros2_ws/src/install/crazyflie/lib/crazyflie/vel_mux.py
[0.524s] -- Up-to-date symlink: /home/darren/Documents/cf_swarm/ros2_ws/src/install/crazyflie/lib/crazyflie/cfmult.py
[0.525s] -- Up-to-date symlink: /home/darren/Documents/cf_swarm/ros2_ws/src/install/crazyflie/share/crazyflie//launch/launch.py
[0.525s] -- Up-to-date symlink: /home/darren/Documents/cf_swarm/ros2_ws/src/install/crazyflie/share/crazyflie//launch/launch_teleop2.py
[0.525s] -- Up-to-date symlink: /home/darren/Documents/cf_swarm/ros2_ws/src/install/crazyflie/share/crazyflie//launch/teleop_launch.py
[0.525s] -- Up-to-date symlink: /home/darren/Documents/cf_swarm/ros2_ws/src/install/crazyflie/share/crazyflie//config/config.rviz
[0.525s] -- Up-to-date symlink: /home/darren/Documents/cf_swarm/ros2_ws/src/install/crazyflie/share/crazyflie//config/crazyflies.yaml
[0.525s] -- Up-to-date symlink: /home/darren/Documents/cf_swarm/ros2_ws/src/install/crazyflie/share/crazyflie//config/motion_capture.yaml
[0.525s] -- Up-to-date symlink: /home/darren/Documents/cf_swarm/ros2_ws/src/install/crazyflie/share/crazyflie//config/server.yaml
[0.526s] -- Up-to-date symlink: /home/darren/Documents/cf_swarm/ros2_ws/src/install/crazyflie/share/crazyflie//config/teleop.yaml
[0.526s] -- Up-to-date symlink: /home/darren/Documents/cf_swarm/ros2_ws/src/install/crazyflie/share/ament_index/resource_index/package_run_dependencies/crazyflie
[0.526s] -- Up-to-date symlink: /home/darren/Documents/cf_swarm/ros2_ws/src/install/crazyflie/share/ament_index/resource_index/parent_prefix_path/crazyflie
[0.526s] -- Up-to-date symlink: /home/darren/Documents/cf_swarm/ros2_ws/src/install/crazyflie/share/crazyflie/environment/ament_prefix_path.sh
[0.526s] -- Up-to-date symlink: /home/darren/Documents/cf_swarm/ros2_ws/src/install/crazyflie/share/crazyflie/environment/ament_prefix_path.dsv
[0.526s] -- Up-to-date symlink: /home/darren/Documents/cf_swarm/ros2_ws/src/install/crazyflie/share/crazyflie/environment/path.sh
[0.527s] -- Up-to-date symlink: /home/darren/Documents/cf_swarm/ros2_ws/src/install/crazyflie/share/crazyflie/environment/path.dsv
[0.527s] -- Up-to-date symlink: /home/darren/Documents/cf_swarm/ros2_ws/src/install/crazyflie/share/crazyflie/local_setup.bash
[0.527s] -- Up-to-date symlink: /home/darren/Documents/cf_swarm/ros2_ws/src/install/crazyflie/share/crazyflie/local_setup.sh
[0.527s] -- Up-to-date symlink: /home/darren/Documents/cf_swarm/ros2_ws/src/install/crazyflie/share/crazyflie/local_setup.zsh
[0.527s] -- Up-to-date symlink: /home/darren/Documents/cf_swarm/ros2_ws/src/install/crazyflie/share/crazyflie/local_setup.dsv
[0.527s] -- Symlinking: /home/darren/Documents/cf_swarm/ros2_ws/src/install/crazyflie/share/crazyflie/package.dsv
[0.537s] -- Up-to-date symlink: /home/darren/Documents/cf_swarm/ros2_ws/src/install/crazyflie/share/ament_index/resource_index/packages/crazyflie
[0.537s] -- Up-to-date symlink: /home/darren/Documents/cf_swarm/ros2_ws/src/install/crazyflie/share/crazyflie/cmake/crazyflieConfig.cmake
[0.538s] -- Up-to-date symlink: /home/darren/Documents/cf_swarm/ros2_ws/src/install/crazyflie/share/crazyflie/cmake/crazyflieConfig-version.cmake
[0.538s] -- Up-to-date symlink: /home/darren/Documents/cf_swarm/ros2_ws/src/install/crazyflie/share/crazyflie/package.xml
[0.540s] Invoked command in '/home/darren/Documents/cf_swarm/ros2_ws/src/build/crazyflie' returned '0': CMAKE_PREFIX_PATH=/home/darren/Documents/cf_swarm/ros2_ws/src/install/motion_capture_tracking_interfaces:/home/darren/Documents/cf_swarm/ros2_ws/src/install/crazyflie_interfaces:/home/darren/Documents/cf_swarm/ros2_ws/src/install/motion_capture_tracking:/home/darren/Documents/cf_swarm/ros2_ws/src/install/crazyflie:/home/darren/Documents/cf_swarm/ros2_ws/src/install/crazyflie_sim:/home/darren/Documents/cf_swarm/ros2_ws/src/install/crazyflie_examples:/opt/ros/iron:/home/darren/Documents/cf_swarm/ros2_ws/src/install/crazyflie_py LD_LIBRARY_PATH=/home/darren/Documents/cf_swarm/ros2_ws/src/install/motion_capture_tracking_interfaces/lib:/home/darren/Documents/cf_swarm/ros2_ws/src/install/crazyflie_interfaces/lib:/opt/ros/iron/opt/rviz_ogre_vendor/lib:/opt/ros/iron/lib/x86_64-linux-gnu:/opt/ros/iron/lib PYTHONPATH=/home/darren/Documents/cf_swarm/ros2_ws/src/install/motion_capture_tracking_interfaces/lib/python3.10/site-packages:/home/darren/Documents/cf_swarm/ros2_ws/src/install/crazyflie_interfaces/lib/python3.10/site-packages:/opt/ros/iron/lib/python3.10/site-packages:/home/darren/Documents/cf_swarm/ros2_ws/src/install/crazyflie_sim/lib/python3.10/site-packages:/home/darren/Documents/cf_swarm/ros2_ws/src/install/crazyflie_examples/lib/python3.10/site-packages:/home/darren/Documents/cf_swarm/ros2_ws/src/build/crazyflie_py:/home/darren/Documents/cf_swarm/ros2_ws/src/install/crazyflie_py/lib/python3.10/site-packages /usr/bin/cmake --install /home/darren/Documents/cf_swarm/ros2_ws/src/build/crazyflie
