[0.053s] Invoking command in '/home/darren/Documents/cf_swarm/ros2_ws/src/build/crazyflie_examples': AMENT_PREFIX_PATH=/home/darren/Documents/cf_swarm/ros2_ws/src/install/crazyflie_py:/opt/ros/iron:/home/darren/Documents/cf_swarm/ros2_ws/src/install/motion_capture_tracking:/home/darren/Documents/cf_swarm/ros2_ws/src/install/crazyflie:/home/darren/Documents/cf_swarm/ros2_ws/src/install/motion_capture_tracking_interfaces:/home/darren/Documents/cf_swarm/ros2_ws/src/install/crazyflie_sim:/home/darren/Documents/cf_swarm/ros2_ws/src/install/crazyflie_examples:/home/darren/Documents/cf_swarm/ros2_ws/src/install/crazyflie_interfaces CMAKE_PREFIX_PATH=/home/darren/Documents/cf_swarm/ros2_ws/src/install/crazyflie_interfaces:/home/darren/Documents/cf_swarm/ros2_ws/src/install/motion_capture_tracking:/home/darren/Documents/cf_swarm/ros2_ws/src/install/crazyflie:/home/darren/Documents/cf_swarm/ros2_ws/src/install/motion_capture_tracking_interfaces:/home/darren/Documents/cf_swarm/ros2_ws/src/install/crazyflie_sim:/home/darren/Documents/cf_swarm/ros2_ws/src/install/crazyflie_examples:/opt/ros/iron:/home/darren/Documents/cf_swarm/ros2_ws/src/install/crazyflie_py LD_LIBRARY_PATH=/home/darren/Documents/cf_swarm/ros2_ws/src/install/crazyflie_interfaces/lib:/opt/ros/iron/opt/rviz_ogre_vendor/lib:/opt/ros/iron/lib/x86_64-linux-gnu:/opt/ros/iron/lib:/home/darren/Documents/cf_swarm/ros2_ws/src/install/motion_capture_tracking_interfaces/lib PYTHONPATH=/home/darren/Documents/cf_swarm/ros2_ws/src/build/crazyflie_py:/home/darren/Documents/cf_swarm/ros2_ws/src/install/crazyflie_py/lib/python3.10/site-packages:/home/darren/Documents/cf_swarm/ros2_ws/src/install/crazyflie_interfaces/lib/python3.10/site-packages:/opt/ros/iron/lib/python3.10/site-packages:/home/darren/Documents/cf_swarm/ros2_ws/src/install/motion_capture_tracking_interfaces/lib/python3.10/site-packages:/home/darren/Documents/cf_swarm/ros2_ws/src/install/crazyflie_sim/lib/python3.10/site-packages:/home/darren/Documents/cf_swarm/ros2_ws/src/install/crazyflie_examples/lib/python3.10/site-packages /usr/bin/cmake --build /home/darren/Documents/cf_swarm/ros2_ws/src/build/crazyflie_examples -- -j16 -l16
[0.106s] Built target ament_cmake_python_symlink_crazyflie_examples
[0.108s] Built target ament_cmake_python_symlink_crazyflie_examples_setup
[0.291s] running egg_info
[0.291s] writing crazyflie_examples.egg-info/PKG-INFO
[0.291s] writing dependency_links to crazyflie_examples.egg-info/dependency_links.txt
[0.291s] writing entry points to crazyflie_examples.egg-info/entry_points.txt
[0.291s] writing top-level names to crazyflie_examples.egg-info/top_level.txt
[0.293s] reading manifest file 'crazyflie_examples.egg-info/SOURCES.txt'
[0.293s] writing manifest file 'crazyflie_examples.egg-info/SOURCES.txt'
[0.295s] running install_scripts
[0.297s] /usr/lib/python3/dist-packages/setuptools/command/install.py:34: SetuptoolsDeprecationWarning: setup.py install is deprecated. Use build and pip and other standards-based tools.
[0.297s]   warnings.warn(
[0.313s] running egg_info
[0.313s] writing crazyflie_examples.egg-info/PKG-INFO
[0.313s] writing dependency_links to crazyflie_examples.egg-info/dependency_links.txt
[0.313s] writing entry points to crazyflie_examples.egg-info/entry_points.txt
[0.314s] writing top-level names to crazyflie_examples.egg-info/top_level.txt
[0.315s] reading manifest file 'crazyflie_examples.egg-info/SOURCES.txt'
[0.315s] Built target ament_cmake_python_build_crazyflie_examples_egg
[0.315s] writing manifest file 'crazyflie_examples.egg-info/SOURCES.txt'
[0.316s] Installing cmd_full_state script to scripts
[0.316s] Installing figure8 script to scripts
[0.316s] Installing hello_world script to scripts
[0.317s] Installing localization_test script to scripts
[0.317s] Installing multi_trajectory script to scripts
[0.317s] Installing nice_hover script to scripts
[0.317s] Installing set_param script to scripts
[0.339s] Built target ament_cmake_python_build_crazyflie_examples_scripts
[0.350s] Invoked command in '/home/darren/Documents/cf_swarm/ros2_ws/src/build/crazyflie_examples' returned '0': AMENT_PREFIX_PATH=/home/darren/Documents/cf_swarm/ros2_ws/src/install/crazyflie_py:/opt/ros/iron:/home/darren/Documents/cf_swarm/ros2_ws/src/install/motion_capture_tracking:/home/darren/Documents/cf_swarm/ros2_ws/src/install/crazyflie:/home/darren/Documents/cf_swarm/ros2_ws/src/install/motion_capture_tracking_interfaces:/home/darren/Documents/cf_swarm/ros2_ws/src/install/crazyflie_sim:/home/darren/Documents/cf_swarm/ros2_ws/src/install/crazyflie_examples:/home/darren/Documents/cf_swarm/ros2_ws/src/install/crazyflie_interfaces CMAKE_PREFIX_PATH=/home/darren/Documents/cf_swarm/ros2_ws/src/install/crazyflie_interfaces:/home/darren/Documents/cf_swarm/ros2_ws/src/install/motion_capture_tracking:/home/darren/Documents/cf_swarm/ros2_ws/src/install/crazyflie:/home/darren/Documents/cf_swarm/ros2_ws/src/install/motion_capture_tracking_interfaces:/home/darren/Documents/cf_swarm/ros2_ws/src/install/crazyflie_sim:/home/darren/Documents/cf_swarm/ros2_ws/src/install/crazyflie_examples:/opt/ros/iron:/home/darren/Documents/cf_swarm/ros2_ws/src/install/crazyflie_py LD_LIBRARY_PATH=/home/darren/Documents/cf_swarm/ros2_ws/src/install/crazyflie_interfaces/lib:/opt/ros/iron/opt/rviz_ogre_vendor/lib:/opt/ros/iron/lib/x86_64-linux-gnu:/opt/ros/iron/lib:/home/darren/Documents/cf_swarm/ros2_ws/src/install/motion_capture_tracking_interfaces/lib PYTHONPATH=/home/darren/Documents/cf_swarm/ros2_ws/src/build/crazyflie_py:/home/darren/Documents/cf_swarm/ros2_ws/src/install/crazyflie_py/lib/python3.10/site-packages:/home/darren/Documents/cf_swarm/ros2_ws/src/install/crazyflie_interfaces/lib/python3.10/site-packages:/opt/ros/iron/lib/python3.10/site-packages:/home/darren/Documents/cf_swarm/ros2_ws/src/install/motion_capture_tracking_interfaces/lib/python3.10/site-packages:/home/darren/Documents/cf_swarm/ros2_ws/src/install/crazyflie_sim/lib/python3.10/site-packages:/home/darren/Documents/cf_swarm/ros2_ws/src/install/crazyflie_examples/lib/python3.10/site-packages /usr/bin/cmake --build /home/darren/Documents/cf_swarm/ros2_ws/src/build/crazyflie_examples -- -j16 -l16
[0.377s] Invoking command in '/home/darren/Documents/cf_swarm/ros2_ws/src/build/crazyflie_examples': AMENT_PREFIX_PATH=/home/darren/Documents/cf_swarm/ros2_ws/src/install/crazyflie_py:/opt/ros/iron:/home/darren/Documents/cf_swarm/ros2_ws/src/install/motion_capture_tracking:/home/darren/Documents/cf_swarm/ros2_ws/src/install/crazyflie:/home/darren/Documents/cf_swarm/ros2_ws/src/install/motion_capture_tracking_interfaces:/home/darren/Documents/cf_swarm/ros2_ws/src/install/crazyflie_sim:/home/darren/Documents/cf_swarm/ros2_ws/src/install/crazyflie_examples:/home/darren/Documents/cf_swarm/ros2_ws/src/install/crazyflie_interfaces CMAKE_PREFIX_PATH=/home/darren/Documents/cf_swarm/ros2_ws/src/install/crazyflie_interfaces:/home/darren/Documents/cf_swarm/ros2_ws/src/install/motion_capture_tracking:/home/darren/Documents/cf_swarm/ros2_ws/src/install/crazyflie:/home/darren/Documents/cf_swarm/ros2_ws/src/install/motion_capture_tracking_interfaces:/home/darren/Documents/cf_swarm/ros2_ws/src/install/crazyflie_sim:/home/darren/Documents/cf_swarm/ros2_ws/src/install/crazyflie_examples:/opt/ros/iron:/home/darren/Documents/cf_swarm/ros2_ws/src/install/crazyflie_py LD_LIBRARY_PATH=/home/darren/Documents/cf_swarm/ros2_ws/src/install/crazyflie_interfaces/lib:/opt/ros/iron/opt/rviz_ogre_vendor/lib:/opt/ros/iron/lib/x86_64-linux-gnu:/opt/ros/iron/lib:/home/darren/Documents/cf_swarm/ros2_ws/src/install/motion_capture_tracking_interfaces/lib PYTHONPATH=/home/darren/Documents/cf_swarm/ros2_ws/src/build/crazyflie_py:/home/darren/Documents/cf_swarm/ros2_ws/src/install/crazyflie_py/lib/python3.10/site-packages:/home/darren/Documents/cf_swarm/ros2_ws/src/install/crazyflie_interfaces/lib/python3.10/site-packages:/opt/ros/iron/lib/python3.10/site-packages:/home/darren/Documents/cf_swarm/ros2_ws/src/install/motion_capture_tracking_interfaces/lib/python3.10/site-packages:/home/darren/Documents/cf_swarm/ros2_ws/src/install/crazyflie_sim/lib/python3.10/site-packages:/home/darren/Documents/cf_swarm/ros2_ws/src/install/crazyflie_examples/lib/python3.10/site-packages /usr/bin/cmake --install /home/darren/Documents/cf_swarm/ros2_ws/src/build/crazyflie_examples
[0.384s] -- Install configuration: ""
[0.384s] -- Execute custom install script
[0.384s] -- Up-to-date symlink: /home/darren/Documents/cf_swarm/ros2_ws/src/install/crazyflie_examples/share/crazyflie_examples/environment/pythonpath.sh
[0.385s] -- Up-to-date symlink: /home/darren/Documents/cf_swarm/ros2_ws/src/install/crazyflie_examples/share/crazyflie_examples/environment/pythonpath.dsv
[0.385s] -- Up-to-date symlink: /home/darren/Documents/cf_swarm/ros2_ws/src/install/crazyflie_examples/lib/python3.10/site-packages/crazyflie_examples-2.0.0-py3.10.egg-info/PKG-INFO
[0.385s] -- Up-to-date symlink: /home/darren/Documents/cf_swarm/ros2_ws/src/install/crazyflie_examples/lib/python3.10/site-packages/crazyflie_examples-2.0.0-py3.10.egg-info/SOURCES.txt
[0.385s] -- Up-to-date symlink: /home/darren/Documents/cf_swarm/ros2_ws/src/install/crazyflie_examples/lib/python3.10/site-packages/crazyflie_examples-2.0.0-py3.10.egg-info/dependency_links.txt
[0.385s] -- Up-to-date symlink: /home/darren/Documents/cf_swarm/ros2_ws/src/install/crazyflie_examples/lib/python3.10/site-packages/crazyflie_examples-2.0.0-py3.10.egg-info/entry_points.txt
[0.385s] -- Up-to-date symlink: /home/darren/Documents/cf_swarm/ros2_ws/src/install/crazyflie_examples/lib/python3.10/site-packages/crazyflie_examples-2.0.0-py3.10.egg-info/top_level.txt
[0.386s] -- Up-to-date symlink: /home/darren/Documents/cf_swarm/ros2_ws/src/install/crazyflie_examples/lib/crazyflie_examples//cmd_full_state
[0.386s] -- Up-to-date symlink: /home/darren/Documents/cf_swarm/ros2_ws/src/install/crazyflie_examples/lib/crazyflie_examples//figure8
[0.386s] -- Up-to-date symlink: /home/darren/Documents/cf_swarm/ros2_ws/src/install/crazyflie_examples/lib/crazyflie_examples//hello_world
[0.386s] -- Symlinking: /home/darren/Documents/cf_swarm/ros2_ws/src/install/crazyflie_examples/lib/crazyflie_examples//localization_test
[0.394s] -- Up-to-date symlink: /home/darren/Documents/cf_swarm/ros2_ws/src/install/crazyflie_examples/lib/crazyflie_examples//multi_trajectory
[0.394s] -- Up-to-date symlink: /home/darren/Documents/cf_swarm/ros2_ws/src/install/crazyflie_examples/lib/crazyflie_examples//nice_hover
[0.394s] -- Up-to-date symlink: /home/darren/Documents/cf_swarm/ros2_ws/src/install/crazyflie_examples/lib/crazyflie_examples//set_param
[0.395s] -- Up-to-date symlink: /home/darren/Documents/cf_swarm/ros2_ws/src/install/crazyflie_examples/lib/python3.10/site-packages/crazyflie_examples/__init__.py
[0.395s] -- Up-to-date symlink: /home/darren/Documents/cf_swarm/ros2_ws/src/install/crazyflie_examples/lib/python3.10/site-packages/crazyflie_examples/cmd_full_state.py
[0.395s] -- Up-to-date symlink: /home/darren/Documents/cf_swarm/ros2_ws/src/install/crazyflie_examples/lib/python3.10/site-packages/crazyflie_examples/data/figure8.csv
[0.395s] -- Up-to-date symlink: /home/darren/Documents/cf_swarm/ros2_ws/src/install/crazyflie_examples/lib/python3.10/site-packages/crazyflie_examples/data/multi_trajectory/traj0.csv
[0.395s] -- Up-to-date symlink: /home/darren/Documents/cf_swarm/ros2_ws/src/install/crazyflie_examples/lib/python3.10/site-packages/crazyflie_examples/data/multi_trajectory/traj1.csv
[0.396s] -- Up-to-date symlink: /home/darren/Documents/cf_swarm/ros2_ws/src/install/crazyflie_examples/lib/python3.10/site-packages/crazyflie_examples/figure8.py
[0.396s] -- Up-to-date symlink: /home/darren/Documents/cf_swarm/ros2_ws/src/install/crazyflie_examples/lib/python3.10/site-packages/crazyflie_examples/hello_world.py
[0.396s] -- Up-to-date symlink: /home/darren/Documents/cf_swarm/ros2_ws/src/install/crazyflie_examples/lib/python3.10/site-packages/crazyflie_examples/localization_test.py
[0.396s] -- Up-to-date symlink: /home/darren/Documents/cf_swarm/ros2_ws/src/install/crazyflie_examples/lib/python3.10/site-packages/crazyflie_examples/multi_trajectory.py
[0.396s] -- Up-to-date symlink: /home/darren/Documents/cf_swarm/ros2_ws/src/install/crazyflie_examples/lib/python3.10/site-packages/crazyflie_examples/nice_hover.py
[0.396s] -- Up-to-date symlink: /home/darren/Documents/cf_swarm/ros2_ws/src/install/crazyflie_examples/lib/python3.10/site-packages/crazyflie_examples/set_param.py
[0.396s] -- Up-to-date symlink: /home/darren/Documents/cf_swarm/ros2_ws/src/install/crazyflie_examples/share/crazyflie_examples//config/nav2_params.yaml
[0.397s] -- Up-to-date symlink: /home/darren/Documents/cf_swarm/ros2_ws/src/install/crazyflie_examples/share/crazyflie_examples//config/nav2_view.rviz
[0.397s] -- Up-to-date symlink: /home/darren/Documents/cf_swarm/ros2_ws/src/install/crazyflie_examples/share/crazyflie_examples//data/map.data
[0.397s] -- Up-to-date symlink: /home/darren/Documents/cf_swarm/ros2_ws/src/install/crazyflie_examples/share/crazyflie_examples//data/map.pgm
[0.397s] -- Up-to-date symlink: /home/darren/Documents/cf_swarm/ros2_ws/src/install/crazyflie_examples/share/crazyflie_examples//data/map.posegraph
[0.397s] -- Up-to-date symlink: /home/darren/Documents/cf_swarm/ros2_ws/src/install/crazyflie_examples/share/crazyflie_examples//data/map.yaml
[0.397s] -- Up-to-date symlink: /home/darren/Documents/cf_swarm/ros2_ws/src/install/crazyflie_examples/share/crazyflie_examples//launch/keyboard_velmux_launch.py
[0.397s] -- Up-to-date symlink: /home/darren/Documents/cf_swarm/ros2_ws/src/install/crazyflie_examples/share/crazyflie_examples//launch/multiranger_mapping_launch.py
[0.398s] -- Up-to-date symlink: /home/darren/Documents/cf_swarm/ros2_ws/src/install/crazyflie_examples/share/crazyflie_examples//launch/multiranger_nav2_launch.py
[0.398s] -- Up-to-date symlink: /home/darren/Documents/cf_swarm/ros2_ws/src/install/crazyflie_examples/share/ament_index/resource_index/package_run_dependencies/crazyflie_examples
[0.398s] -- Up-to-date symlink: /home/darren/Documents/cf_swarm/ros2_ws/src/install/crazyflie_examples/share/ament_index/resource_index/parent_prefix_path/crazyflie_examples
[0.398s] -- Up-to-date symlink: /home/darren/Documents/cf_swarm/ros2_ws/src/install/crazyflie_examples/share/crazyflie_examples/environment/ament_prefix_path.sh
[0.398s] -- Up-to-date symlink: /home/darren/Documents/cf_swarm/ros2_ws/src/install/crazyflie_examples/share/crazyflie_examples/environment/ament_prefix_path.dsv
[0.398s] -- Up-to-date symlink: /home/darren/Documents/cf_swarm/ros2_ws/src/install/crazyflie_examples/share/crazyflie_examples/environment/path.sh
[0.398s] -- Up-to-date symlink: /home/darren/Documents/cf_swarm/ros2_ws/src/install/crazyflie_examples/share/crazyflie_examples/environment/path.dsv
[0.399s] -- Up-to-date symlink: /home/darren/Documents/cf_swarm/ros2_ws/src/install/crazyflie_examples/share/crazyflie_examples/local_setup.bash
[0.399s] -- Up-to-date symlink: /home/darren/Documents/cf_swarm/ros2_ws/src/install/crazyflie_examples/share/crazyflie_examples/local_setup.sh
[0.399s] -- Up-to-date symlink: /home/darren/Documents/cf_swarm/ros2_ws/src/install/crazyflie_examples/share/crazyflie_examples/local_setup.zsh
[0.399s] -- Up-to-date symlink: /home/darren/Documents/cf_swarm/ros2_ws/src/install/crazyflie_examples/share/crazyflie_examples/local_setup.dsv
[0.399s] -- Symlinking: /home/darren/Documents/cf_swarm/ros2_ws/src/install/crazyflie_examples/share/crazyflie_examples/package.dsv
[0.408s] -- Up-to-date symlink: /home/darren/Documents/cf_swarm/ros2_ws/src/install/crazyflie_examples/share/ament_index/resource_index/packages/crazyflie_examples
[0.408s] -- Up-to-date symlink: /home/darren/Documents/cf_swarm/ros2_ws/src/install/crazyflie_examples/share/crazyflie_examples/cmake/crazyflie_examplesConfig.cmake
[0.408s] -- Up-to-date symlink: /home/darren/Documents/cf_swarm/ros2_ws/src/install/crazyflie_examples/share/crazyflie_examples/cmake/crazyflie_examplesConfig-version.cmake
[0.408s] -- Up-to-date symlink: /home/darren/Documents/cf_swarm/ros2_ws/src/install/crazyflie_examples/share/crazyflie_examples/package.xml
[0.434s] Listing '/home/darren/Documents/cf_swarm/ros2_ws/src/install/crazyflie_examples/lib/python3.10/site-packages/crazyflie_examples'...
[0.434s] Listing '/home/darren/Documents/cf_swarm/ros2_ws/src/install/crazyflie_examples/lib/python3.10/site-packages/crazyflie_examples/data'...
[0.434s] Listing '/home/darren/Documents/cf_swarm/ros2_ws/src/install/crazyflie_examples/lib/python3.10/site-packages/crazyflie_examples/data/multi_trajectory'...
[0.434s] Compiling '/home/darren/Documents/cf_swarm/ros2_ws/src/install/crazyflie_examples/lib/python3.10/site-packages/crazyflie_examples/localization_test.py'...
[0.440s] Invoked command in '/home/darren/Documents/cf_swarm/ros2_ws/src/build/crazyflie_examples' returned '0': AMENT_PREFIX_PATH=/home/darren/Documents/cf_swarm/ros2_ws/src/install/crazyflie_py:/opt/ros/iron:/home/darren/Documents/cf_swarm/ros2_ws/src/install/motion_capture_tracking:/home/darren/Documents/cf_swarm/ros2_ws/src/install/crazyflie:/home/darren/Documents/cf_swarm/ros2_ws/src/install/motion_capture_tracking_interfaces:/home/darren/Documents/cf_swarm/ros2_ws/src/install/crazyflie_sim:/home/darren/Documents/cf_swarm/ros2_ws/src/install/crazyflie_examples:/home/darren/Documents/cf_swarm/ros2_ws/src/install/crazyflie_interfaces CMAKE_PREFIX_PATH=/home/darren/Documents/cf_swarm/ros2_ws/src/install/crazyflie_interfaces:/home/darren/Documents/cf_swarm/ros2_ws/src/install/motion_capture_tracking:/home/darren/Documents/cf_swarm/ros2_ws/src/install/crazyflie:/home/darren/Documents/cf_swarm/ros2_ws/src/install/motion_capture_tracking_interfaces:/home/darren/Documents/cf_swarm/ros2_ws/src/install/crazyflie_sim:/home/darren/Documents/cf_swarm/ros2_ws/src/install/crazyflie_examples:/opt/ros/iron:/home/darren/Documents/cf_swarm/ros2_ws/src/install/crazyflie_py LD_LIBRARY_PATH=/home/darren/Documents/cf_swarm/ros2_ws/src/install/crazyflie_interfaces/lib:/opt/ros/iron/opt/rviz_ogre_vendor/lib:/opt/ros/iron/lib/x86_64-linux-gnu:/opt/ros/iron/lib:/home/darren/Documents/cf_swarm/ros2_ws/src/install/motion_capture_tracking_interfaces/lib PYTHONPATH=/home/darren/Documents/cf_swarm/ros2_ws/src/build/crazyflie_py:/home/darren/Documents/cf_swarm/ros2_ws/src/install/crazyflie_py/lib/python3.10/site-packages:/home/darren/Documents/cf_swarm/ros2_ws/src/install/crazyflie_interfaces/lib/python3.10/site-packages:/opt/ros/iron/lib/python3.10/site-packages:/home/darren/Documents/cf_swarm/ros2_ws/src/install/motion_capture_tracking_interfaces/lib/python3.10/site-packages:/home/darren/Documents/cf_swarm/ros2_ws/src/install/crazyflie_sim/lib/python3.10/site-packages:/home/darren/Documents/cf_swarm/ros2_ws/src/install/crazyflie_examples/lib/python3.10/site-packages /usr/bin/cmake --install /home/darren/Documents/cf_swarm/ros2_ws/src/build/crazyflie_examples
