[0.067s] Invoking command in '/home/darren/Documents/cf_swarm/ros2_ws/build/crazyflie_interfaces': /usr/bin/cmake /home/darren/Documents/cf_swarm/ros2_ws/src/crazyswarm2/crazyflie_interfaces -DAMENT_CMAKE_SYMLINK_INSTALL=1 -DCMAKE_INSTALL_PREFIX=/home/darren/Documents/cf_swarm/ros2_ws/install/crazyflie_interfaces
[0.151s] -- The C compiler identification is GNU 11.4.0
[0.230s] -- The CXX compiler identification is GNU 11.4.0
[0.242s] -- Detecting C compiler ABI info
[0.332s] -- Detecting C compiler ABI info - done
[0.349s] -- Check for working C compiler: /usr/bin/cc - skipped
[0.349s] -- Detecting C compile features
[0.350s] -- Detecting C compile features - done
[0.358s] -- Detecting CXX compiler ABI info
[0.443s] -- Detecting CXX compiler ABI info - done
[0.451s] -- Check for working CXX compiler: /usr/bin/c++ - skipped
[0.452s] -- Detecting CXX compile features
[0.452s] -- Detecting CXX compile features - done
[0.463s] [31mCMake Error at CMakeLists.txt:13 (find_package):
[0.464s]   By not providing "Findament_cmake.cmake" in CMAKE_MODULE_PATH this project
[0.464s]   has asked CMake to find a package configuration file provided by
[0.465s]   "ament_cmake", but CMake did not find one.
[0.465s] 
[0.465s]   Could not find a package configuration file provided by "ament_cmake" with
[0.466s]   any of the following names:
[0.466s] 
[0.466s]     ament_cmakeConfig.cmake
[0.467s]     ament_cmake-config.cmake
[0.468s] 
[0.468s]   Add the installation prefix of "ament_cmake" to CMAKE_PREFIX_PATH or set
[0.468s]   "ament_cmake_DIR" to a directory containing one of the above files.  If
[0.468s]   "ament_cmake" provides a separate development package or SDK, be sure it
[0.469s]   has been installed.
[0.469s] 
[0.469s] [0m
[0.470s] -- Configuring incomplete, errors occurred!
[0.470s] See also "/home/darren/Documents/cf_swarm/ros2_ws/build/crazyflie_interfaces/CMakeFiles/CMakeOutput.log".
