[0.041s] Invoking command in '/home/darren/Documents/cf_swarm/ros2_ws/src/build/crazyflie_examples': AMENT_PREFIX_PATH=/home/darren/Documents/cf_swarm/ros2_ws/src/install/crazyflie_py:/home/darren/Documents/cf_swarm/ros2_ws/src/install/crazyflie_interfaces:${AMENT_PREFIX_PATH} CMAKE_PREFIX_PATH=/home/darren/Documents/cf_swarm/ros2_ws/src/install/crazyflie_interfaces:/opt/ros/iron LD_LIBRARY_PATH=/home/darren/Documents/cf_swarm/ros2_ws/src/install/crazyflie_interfaces/lib:${LD_LIBRARY_PATH} PYTHONPATH=/home/darren/Documents/cf_swarm/ros2_ws/src/build/crazyflie_py:/home/darren/Documents/cf_swarm/ros2_ws/src/install/crazyflie_py/lib/python3.10/site-packages:/home/darren/Documents/cf_swarm/ros2_ws/src/install/crazyflie_interfaces/lib/python3.10/site-packages:${PYTHONPATH} /usr/bin/cmake --build /home/darren/Documents/cf_swarm/ros2_ws/src/build/crazyflie_examples -- -j16 -l16
[0.061s] -- Found ament_cmake: 2.0.3 (/opt/ros/iron/share/ament_cmake/cmake)
[0.172s] -- Override CMake install command with custom implementation using symlinks instead of copying resources
[0.228s] -- Found ament_cmake_pytest: 2.0.3 (/opt/ros/iron/share/ament_cmake_pytest/cmake)
[0.725s] -- Configuring done
[0.734s] -- Generating done
[0.736s] -- Build files have been written to: /home/darren/Documents/cf_swarm/ros2_ws/src/build/crazyflie_examples
[0.776s] Built target ament_cmake_python_symlink_crazyflie_examples
[0.778s] Built target ament_cmake_python_symlink_crazyflie_examples_setup
[0.955s] running egg_info
[0.956s] writing crazyflie_examples.egg-info/PKG-INFO
[0.956s] writing dependency_links to crazyflie_examples.egg-info/dependency_links.txt
[0.956s] writing entry points to crazyflie_examples.egg-info/entry_points.txt
[0.956s] writing top-level names to crazyflie_examples.egg-info/top_level.txt
[0.956s] running install_scripts
[0.957s] reading manifest file 'crazyflie_examples.egg-info/SOURCES.txt'
[0.958s] /usr/lib/python3/dist-packages/setuptools/command/install.py:34: SetuptoolsDeprecationWarning: setup.py install is deprecated. Use build and pip and other standards-based tools.
[0.958s]   warnings.warn(
[0.958s] writing manifest file 'crazyflie_examples.egg-info/SOURCES.txt'
[0.974s] running egg_info
[0.974s] writing crazyflie_examples.egg-info/PKG-INFO
[0.975s] writing dependency_links to crazyflie_examples.egg-info/dependency_links.txt
[0.975s] writing entry points to crazyflie_examples.egg-info/entry_points.txt
[0.975s] writing top-level names to crazyflie_examples.egg-info/top_level.txt
[0.976s] reading manifest file 'crazyflie_examples.egg-info/SOURCES.txt'
[0.976s] writing manifest file 'crazyflie_examples.egg-info/SOURCES.txt'
[0.977s] Installing cmd_full_state script to scripts
[0.977s] Installing figure8 script to scripts
[0.978s] Installing hello_world script to scripts
[0.978s] Installing multi_trajectory script to scripts
[0.978s] Installing nice_hover script to scripts
[0.978s] Installing set_param script to scripts
[0.978s] Built target ament_cmake_python_build_crazyflie_examples_egg
[1.001s] Built target ament_cmake_python_build_crazyflie_examples_scripts
[1.011s] Invoked command in '/home/darren/Documents/cf_swarm/ros2_ws/src/build/crazyflie_examples' returned '0': AMENT_PREFIX_PATH=/home/darren/Documents/cf_swarm/ros2_ws/src/install/crazyflie_py:/home/darren/Documents/cf_swarm/ros2_ws/src/install/crazyflie_interfaces:${AMENT_PREFIX_PATH} CMAKE_PREFIX_PATH=/home/darren/Documents/cf_swarm/ros2_ws/src/install/crazyflie_interfaces:/opt/ros/iron LD_LIBRARY_PATH=/home/darren/Documents/cf_swarm/ros2_ws/src/install/crazyflie_interfaces/lib:${LD_LIBRARY_PATH} PYTHONPATH=/home/darren/Documents/cf_swarm/ros2_ws/src/build/crazyflie_py:/home/darren/Documents/cf_swarm/ros2_ws/src/install/crazyflie_py/lib/python3.10/site-packages:/home/darren/Documents/cf_swarm/ros2_ws/src/install/crazyflie_interfaces/lib/python3.10/site-packages:${PYTHONPATH} /usr/bin/cmake --build /home/darren/Documents/cf_swarm/ros2_ws/src/build/crazyflie_examples -- -j16 -l16
[1.034s] Invoking command in '/home/darren/Documents/cf_swarm/ros2_ws/src/build/crazyflie_examples': AMENT_PREFIX_PATH=/home/darren/Documents/cf_swarm/ros2_ws/src/install/crazyflie_py:/home/darren/Documents/cf_swarm/ros2_ws/src/install/crazyflie_interfaces:${AMENT_PREFIX_PATH} CMAKE_PREFIX_PATH=/home/darren/Documents/cf_swarm/ros2_ws/src/install/crazyflie_interfaces:/opt/ros/iron LD_LIBRARY_PATH=/home/darren/Documents/cf_swarm/ros2_ws/src/install/crazyflie_interfaces/lib:${LD_LIBRARY_PATH} PYTHONPATH=/home/darren/Documents/cf_swarm/ros2_ws/src/build/crazyflie_py:/home/darren/Documents/cf_swarm/ros2_ws/src/install/crazyflie_py/lib/python3.10/site-packages:/home/darren/Documents/cf_swarm/ros2_ws/src/install/crazyflie_interfaces/lib/python3.10/site-packages:${PYTHONPATH} /usr/bin/cmake --install /home/darren/Documents/cf_swarm/ros2_ws/src/build/crazyflie_examples
[1.040s] -- Install configuration: ""
[1.041s] -- Execute custom install script
[1.041s] -- Up-to-date symlink: /home/darren/Documents/cf_swarm/ros2_ws/src/install/crazyflie_examples/share/crazyflie_examples/environment/pythonpath.sh
[1.041s] -- Up-to-date symlink: /home/darren/Documents/cf_swarm/ros2_ws/src/install/crazyflie_examples/share/crazyflie_examples/environment/pythonpath.dsv
[1.041s] -- Up-to-date symlink: /home/darren/Documents/cf_swarm/ros2_ws/src/install/crazyflie_examples/lib/python3.10/site-packages/crazyflie_examples-2.0.0-py3.10.egg-info/PKG-INFO
[1.041s] -- Up-to-date symlink: /home/darren/Documents/cf_swarm/ros2_ws/src/install/crazyflie_examples/lib/python3.10/site-packages/crazyflie_examples-2.0.0-py3.10.egg-info/SOURCES.txt
[1.042s] -- Up-to-date symlink: /home/darren/Documents/cf_swarm/ros2_ws/src/install/crazyflie_examples/lib/python3.10/site-packages/crazyflie_examples-2.0.0-py3.10.egg-info/dependency_links.txt
[1.042s] -- Up-to-date symlink: /home/darren/Documents/cf_swarm/ros2_ws/src/install/crazyflie_examples/lib/python3.10/site-packages/crazyflie_examples-2.0.0-py3.10.egg-info/entry_points.txt
[1.042s] -- Up-to-date symlink: /home/darren/Documents/cf_swarm/ros2_ws/src/install/crazyflie_examples/lib/python3.10/site-packages/crazyflie_examples-2.0.0-py3.10.egg-info/top_level.txt
[1.042s] -- Up-to-date symlink: /home/darren/Documents/cf_swarm/ros2_ws/src/install/crazyflie_examples/lib/crazyflie_examples//cmd_full_state
[1.042s] -- Up-to-date symlink: /home/darren/Documents/cf_swarm/ros2_ws/src/install/crazyflie_examples/lib/crazyflie_examples//figure8
[1.042s] -- Up-to-date symlink: /home/darren/Documents/cf_swarm/ros2_ws/src/install/crazyflie_examples/lib/crazyflie_examples//hello_world
[1.042s] -- Up-to-date symlink: /home/darren/Documents/cf_swarm/ros2_ws/src/install/crazyflie_examples/lib/crazyflie_examples//multi_trajectory
[1.043s] -- Up-to-date symlink: /home/darren/Documents/cf_swarm/ros2_ws/src/install/crazyflie_examples/lib/crazyflie_examples//nice_hover
[1.043s] -- Up-to-date symlink: /home/darren/Documents/cf_swarm/ros2_ws/src/install/crazyflie_examples/lib/crazyflie_examples//set_param
[1.043s] -- Up-to-date symlink: /home/darren/Documents/cf_swarm/ros2_ws/src/install/crazyflie_examples/lib/python3.10/site-packages/crazyflie_examples/__init__.py
[1.043s] -- Up-to-date symlink: /home/darren/Documents/cf_swarm/ros2_ws/src/install/crazyflie_examples/lib/python3.10/site-packages/crazyflie_examples/cmd_full_state.py
[1.043s] -- Up-to-date symlink: /home/darren/Documents/cf_swarm/ros2_ws/src/install/crazyflie_examples/lib/python3.10/site-packages/crazyflie_examples/data/figure8.csv
[1.044s] -- Up-to-date symlink: /home/darren/Documents/cf_swarm/ros2_ws/src/install/crazyflie_examples/lib/python3.10/site-packages/crazyflie_examples/data/multi_trajectory/traj0.csv
[1.044s] -- Up-to-date symlink: /home/darren/Documents/cf_swarm/ros2_ws/src/install/crazyflie_examples/lib/python3.10/site-packages/crazyflie_examples/data/multi_trajectory/traj1.csv
[1.044s] -- Up-to-date symlink: /home/darren/Documents/cf_swarm/ros2_ws/src/install/crazyflie_examples/lib/python3.10/site-packages/crazyflie_examples/figure8.py
[1.044s] -- Up-to-date symlink: /home/darren/Documents/cf_swarm/ros2_ws/src/install/crazyflie_examples/lib/python3.10/site-packages/crazyflie_examples/hello_world.py
[1.044s] -- Symlinking: /home/darren/Documents/cf_swarm/ros2_ws/src/install/crazyflie_examples/lib/python3.10/site-packages/crazyflie_examples/localization_test.py
[1.052s] -- Up-to-date symlink: /home/darren/Documents/cf_swarm/ros2_ws/src/install/crazyflie_examples/lib/python3.10/site-packages/crazyflie_examples/multi_trajectory.py
[1.052s] -- Up-to-date symlink: /home/darren/Documents/cf_swarm/ros2_ws/src/install/crazyflie_examples/lib/python3.10/site-packages/crazyflie_examples/nice_hover.py
[1.052s] -- Up-to-date symlink: /home/darren/Documents/cf_swarm/ros2_ws/src/install/crazyflie_examples/lib/python3.10/site-packages/crazyflie_examples/set_param.py
[1.052s] -- Up-to-date symlink: /home/darren/Documents/cf_swarm/ros2_ws/src/install/crazyflie_examples/share/crazyflie_examples//config/nav2_params.yaml
[1.053s] -- Up-to-date symlink: /home/darren/Documents/cf_swarm/ros2_ws/src/install/crazyflie_examples/share/crazyflie_examples//config/nav2_view.rviz
[1.053s] -- Up-to-date symlink: /home/darren/Documents/cf_swarm/ros2_ws/src/install/crazyflie_examples/share/crazyflie_examples//data/map.data
[1.053s] -- Up-to-date symlink: /home/darren/Documents/cf_swarm/ros2_ws/src/install/crazyflie_examples/share/crazyflie_examples//data/map.pgm
[1.053s] -- Up-to-date symlink: /home/darren/Documents/cf_swarm/ros2_ws/src/install/crazyflie_examples/share/crazyflie_examples//data/map.posegraph
[1.053s] -- Up-to-date symlink: /home/darren/Documents/cf_swarm/ros2_ws/src/install/crazyflie_examples/share/crazyflie_examples//data/map.yaml
[1.053s] -- Up-to-date symlink: /home/darren/Documents/cf_swarm/ros2_ws/src/install/crazyflie_examples/share/crazyflie_examples//launch/keyboard_velmux_launch.py
[1.053s] -- Up-to-date symlink: /home/darren/Documents/cf_swarm/ros2_ws/src/install/crazyflie_examples/share/crazyflie_examples//launch/multiranger_mapping_launch.py
[1.054s] -- Up-to-date symlink: /home/darren/Documents/cf_swarm/ros2_ws/src/install/crazyflie_examples/share/crazyflie_examples//launch/multiranger_nav2_launch.py
[1.054s] -- Up-to-date symlink: /home/darren/Documents/cf_swarm/ros2_ws/src/install/crazyflie_examples/share/ament_index/resource_index/package_run_dependencies/crazyflie_examples
[1.054s] -- Up-to-date symlink: /home/darren/Documents/cf_swarm/ros2_ws/src/install/crazyflie_examples/share/ament_index/resource_index/parent_prefix_path/crazyflie_examples
[1.054s] -- Up-to-date symlink: /home/darren/Documents/cf_swarm/ros2_ws/src/install/crazyflie_examples/share/crazyflie_examples/environment/ament_prefix_path.sh
[1.054s] -- Up-to-date symlink: /home/darren/Documents/cf_swarm/ros2_ws/src/install/crazyflie_examples/share/crazyflie_examples/environment/ament_prefix_path.dsv
[1.054s] -- Up-to-date symlink: /home/darren/Documents/cf_swarm/ros2_ws/src/install/crazyflie_examples/share/crazyflie_examples/environment/path.sh
[1.054s] -- Up-to-date symlink: /home/darren/Documents/cf_swarm/ros2_ws/src/install/crazyflie_examples/share/crazyflie_examples/environment/path.dsv
[1.055s] -- Up-to-date symlink: /home/darren/Documents/cf_swarm/ros2_ws/src/install/crazyflie_examples/share/crazyflie_examples/local_setup.bash
[1.055s] -- Up-to-date symlink: /home/darren/Documents/cf_swarm/ros2_ws/src/install/crazyflie_examples/share/crazyflie_examples/local_setup.sh
[1.055s] -- Up-to-date symlink: /home/darren/Documents/cf_swarm/ros2_ws/src/install/crazyflie_examples/share/crazyflie_examples/local_setup.zsh
[1.055s] -- Up-to-date symlink: /home/darren/Documents/cf_swarm/ros2_ws/src/install/crazyflie_examples/share/crazyflie_examples/local_setup.dsv
[1.055s] -- Symlinking: /home/darren/Documents/cf_swarm/ros2_ws/src/install/crazyflie_examples/share/crazyflie_examples/package.dsv
[1.063s] -- Up-to-date symlink: /home/darren/Documents/cf_swarm/ros2_ws/src/install/crazyflie_examples/share/ament_index/resource_index/packages/crazyflie_examples
[1.063s] -- Up-to-date symlink: /home/darren/Documents/cf_swarm/ros2_ws/src/install/crazyflie_examples/share/crazyflie_examples/cmake/crazyflie_examplesConfig.cmake
[1.063s] -- Up-to-date symlink: /home/darren/Documents/cf_swarm/ros2_ws/src/install/crazyflie_examples/share/crazyflie_examples/cmake/crazyflie_examplesConfig-version.cmake
[1.064s] -- Up-to-date symlink: /home/darren/Documents/cf_swarm/ros2_ws/src/install/crazyflie_examples/share/crazyflie_examples/package.xml
[1.089s] Listing '/home/darren/Documents/cf_swarm/ros2_ws/src/install/crazyflie_examples/lib/python3.10/site-packages/crazyflie_examples'...
[1.089s] Listing '/home/darren/Documents/cf_swarm/ros2_ws/src/install/crazyflie_examples/lib/python3.10/site-packages/crazyflie_examples/data'...
[1.089s] Listing '/home/darren/Documents/cf_swarm/ros2_ws/src/install/crazyflie_examples/lib/python3.10/site-packages/crazyflie_examples/data/multi_trajectory'...
[1.089s] Compiling '/home/darren/Documents/cf_swarm/ros2_ws/src/install/crazyflie_examples/lib/python3.10/site-packages/crazyflie_examples/localization_test.py'...
[1.094s] Invoked command in '/home/darren/Documents/cf_swarm/ros2_ws/src/build/crazyflie_examples' returned '0': AMENT_PREFIX_PATH=/home/darren/Documents/cf_swarm/ros2_ws/src/install/crazyflie_py:/home/darren/Documents/cf_swarm/ros2_ws/src/install/crazyflie_interfaces:${AMENT_PREFIX_PATH} CMAKE_PREFIX_PATH=/home/darren/Documents/cf_swarm/ros2_ws/src/install/crazyflie_interfaces:/opt/ros/iron LD_LIBRARY_PATH=/home/darren/Documents/cf_swarm/ros2_ws/src/install/crazyflie_interfaces/lib:${LD_LIBRARY_PATH} PYTHONPATH=/home/darren/Documents/cf_swarm/ros2_ws/src/build/crazyflie_py:/home/darren/Documents/cf_swarm/ros2_ws/src/install/crazyflie_py/lib/python3.10/site-packages:/home/darren/Documents/cf_swarm/ros2_ws/src/install/crazyflie_interfaces/lib/python3.10/site-packages:${PYTHONPATH} /usr/bin/cmake --install /home/darren/Documents/cf_swarm/ros2_ws/src/build/crazyflie_examples
