[0.051s] Invoking command in '/home/darren/Documents/cf_swarm/ros2_ws/src/build/motion_capture_tracking_interfaces': CMAKE_PREFIX_PATH=${CMAKE_PREFIX_PATH}:/opt/ros/iron:/home/darren/Documents/cf_swarm/ros2_ws/src/install/crazyflie_py /usr/bin/cmake --build /home/darren/Documents/cf_swarm/ros2_ws/src/build/motion_capture_tracking_interfaces -- -j16 -l16
[0.100s] [  2%] Built target motion_capture_tracking_interfaces__rosidl_generator_type_description
[0.108s] [  2%] Built target ament_cmake_python_symlink_motion_capture_tracking_interfaces
[0.120s] [  4%] Built target motion_capture_tracking_interfaces__cpp
[0.122s] [ 22%] Built target motion_capture_tracking_interfaces__rosidl_generator_c
[0.147s] [ 40%] Built target motion_capture_tracking_interfaces__rosidl_typesupport_cpp
[0.148s] [ 40%] Built target motion_capture_tracking_interfaces__rosidl_typesupport_fastrtps_c
[0.148s] [ 50%] Built target motion_capture_tracking_interfaces__rosidl_typesupport_c
[0.150s] [ 61%] Built target motion_capture_tracking_interfaces__rosidl_typesupport_introspection_c
[0.150s] [ 68%] Built target motion_capture_tracking_interfaces__rosidl_typesupport_introspection_cpp
[0.150s] [ 77%] Built target motion_capture_tracking_interfaces__rosidl_typesupport_fastrtps_cpp
[0.172s] [ 77%] Built target motion_capture_tracking_interfaces
[0.194s] [ 79%] Built target motion_capture_tracking_interfaces__py
[0.216s] [ 86%] Built target motion_capture_tracking_interfaces__rosidl_generator_py
[0.238s] [ 95%] Built target motion_capture_tracking_interfaces__rosidl_typesupport_fastrtps_c__pyext
[0.238s] [ 95%] Built target motion_capture_tracking_interfaces__rosidl_typesupport_c__pyext
[0.239s] [100%] Built target motion_capture_tracking_interfaces__rosidl_typesupport_introspection_c__pyext
[0.324s] running egg_info
[0.324s] writing motion_capture_tracking_interfaces.egg-info/PKG-INFO
[0.325s] writing dependency_links to motion_capture_tracking_interfaces.egg-info/dependency_links.txt
[0.325s] writing top-level names to motion_capture_tracking_interfaces.egg-info/top_level.txt
[0.327s] reading manifest file 'motion_capture_tracking_interfaces.egg-info/SOURCES.txt'
[0.328s] writing manifest file 'motion_capture_tracking_interfaces.egg-info/SOURCES.txt'
[0.353s] [100%] Built target ament_cmake_python_build_motion_capture_tracking_interfaces_egg
[0.366s] Invoked command in '/home/darren/Documents/cf_swarm/ros2_ws/src/build/motion_capture_tracking_interfaces' returned '0': CMAKE_PREFIX_PATH=${CMAKE_PREFIX_PATH}:/opt/ros/iron:/home/darren/Documents/cf_swarm/ros2_ws/src/install/crazyflie_py /usr/bin/cmake --build /home/darren/Documents/cf_swarm/ros2_ws/src/build/motion_capture_tracking_interfaces -- -j16 -l16
[0.466s] Invoking command in '/home/darren/Documents/cf_swarm/ros2_ws/src/build/motion_capture_tracking_interfaces': CMAKE_PREFIX_PATH=${CMAKE_PREFIX_PATH}:/opt/ros/iron:/home/darren/Documents/cf_swarm/ros2_ws/src/install/crazyflie_py /usr/bin/cmake --install /home/darren/Documents/cf_swarm/ros2_ws/src/build/motion_capture_tracking_interfaces
[0.473s] -- Install configuration: ""
[0.473s] -- Execute custom install script
[0.473s] -- Up-to-date symlink: /home/darren/Documents/cf_swarm/ros2_ws/src/install/motion_capture_tracking_interfaces/share/ament_index/resource_index/rosidl_interfaces/motion_capture_tracking_interfaces
[0.474s] -- Up-to-date symlink: /home/darren/Documents/cf_swarm/ros2_ws/src/install/motion_capture_tracking_interfaces/share/motion_capture_tracking_interfaces/msg/NamedPose.json
[0.474s] -- Up-to-date symlink: /home/darren/Documents/cf_swarm/ros2_ws/src/install/motion_capture_tracking_interfaces/share/motion_capture_tracking_interfaces/msg/NamedPoseArray.json
[0.474s] -- Up-to-date symlink: /home/darren/Documents/cf_swarm/ros2_ws/src/install/motion_capture_tracking_interfaces/include/motion_capture_tracking_interfaces/motion_capture_tracking_interfaces/msg/detail/named_pose__functions.h
[0.474s] -- Up-to-date symlink: /home/darren/Documents/cf_swarm/ros2_ws/src/install/motion_capture_tracking_interfaces/include/motion_capture_tracking_interfaces/motion_capture_tracking_interfaces/msg/detail/named_pose__struct.h
[0.474s] -- Up-to-date symlink: /home/darren/Documents/cf_swarm/ros2_ws/src/install/motion_capture_tracking_interfaces/include/motion_capture_tracking_interfaces/motion_capture_tracking_interfaces/msg/detail/named_pose__type_support.h
[0.475s] -- Up-to-date symlink: /home/darren/Documents/cf_swarm/ros2_ws/src/install/motion_capture_tracking_interfaces/include/motion_capture_tracking_interfaces/motion_capture_tracking_interfaces/msg/detail/named_pose_array__functions.h
[0.475s] -- Up-to-date symlink: /home/darren/Documents/cf_swarm/ros2_ws/src/install/motion_capture_tracking_interfaces/include/motion_capture_tracking_interfaces/motion_capture_tracking_interfaces/msg/detail/named_pose_array__struct.h
[0.475s] -- Up-to-date symlink: /home/darren/Documents/cf_swarm/ros2_ws/src/install/motion_capture_tracking_interfaces/include/motion_capture_tracking_interfaces/motion_capture_tracking_interfaces/msg/detail/named_pose_array__type_support.h
[0.475s] -- Up-to-date symlink: /home/darren/Documents/cf_swarm/ros2_ws/src/install/motion_capture_tracking_interfaces/include/motion_capture_tracking_interfaces/motion_capture_tracking_interfaces/msg/named_pose.h
[0.475s] -- Up-to-date symlink: /home/darren/Documents/cf_swarm/ros2_ws/src/install/motion_capture_tracking_interfaces/include/motion_capture_tracking_interfaces/motion_capture_tracking_interfaces/msg/named_pose_array.h
[0.475s] -- Up-to-date symlink: /home/darren/Documents/cf_swarm/ros2_ws/src/install/motion_capture_tracking_interfaces/include/motion_capture_tracking_interfaces/motion_capture_tracking_interfaces/msg/rosidl_generator_c__visibility_control.h
[0.475s] -- Up-to-date symlink: /home/darren/Documents/cf_swarm/ros2_ws/src/install/motion_capture_tracking_interfaces/share/motion_capture_tracking_interfaces/environment/library_path.sh
[0.476s] -- Up-to-date symlink: /home/darren/Documents/cf_swarm/ros2_ws/src/install/motion_capture_tracking_interfaces/share/motion_capture_tracking_interfaces/environment/library_path.dsv
[0.476s] -- Up-to-date symlink: /home/darren/Documents/cf_swarm/ros2_ws/src/install/motion_capture_tracking_interfaces/include/motion_capture_tracking_interfaces/motion_capture_tracking_interfaces/msg/detail/named_pose__rosidl_typesupport_fastrtps_c.h
[0.476s] -- Up-to-date symlink: /home/darren/Documents/cf_swarm/ros2_ws/src/install/motion_capture_tracking_interfaces/include/motion_capture_tracking_interfaces/motion_capture_tracking_interfaces/msg/detail/named_pose_array__rosidl_typesupport_fastrtps_c.h
[0.476s] -- Up-to-date symlink: /home/darren/Documents/cf_swarm/ros2_ws/src/install/motion_capture_tracking_interfaces/include/motion_capture_tracking_interfaces/motion_capture_tracking_interfaces/msg/rosidl_typesupport_fastrtps_c__visibility_control.h
[0.477s] -- Up-to-date symlink: /home/darren/Documents/cf_swarm/ros2_ws/src/install/motion_capture_tracking_interfaces/include/motion_capture_tracking_interfaces/motion_capture_tracking_interfaces/msg/detail/named_pose__builder.hpp
[0.477s] -- Up-to-date symlink: /home/darren/Documents/cf_swarm/ros2_ws/src/install/motion_capture_tracking_interfaces/include/motion_capture_tracking_interfaces/motion_capture_tracking_interfaces/msg/detail/named_pose__struct.hpp
[0.477s] -- Up-to-date symlink: /home/darren/Documents/cf_swarm/ros2_ws/src/install/motion_capture_tracking_interfaces/include/motion_capture_tracking_interfaces/motion_capture_tracking_interfaces/msg/detail/named_pose__traits.hpp
[0.477s] -- Up-to-date symlink: /home/darren/Documents/cf_swarm/ros2_ws/src/install/motion_capture_tracking_interfaces/include/motion_capture_tracking_interfaces/motion_capture_tracking_interfaces/msg/detail/named_pose_array__builder.hpp
[0.477s] -- Up-to-date symlink: /home/darren/Documents/cf_swarm/ros2_ws/src/install/motion_capture_tracking_interfaces/include/motion_capture_tracking_interfaces/motion_capture_tracking_interfaces/msg/detail/named_pose_array__struct.hpp
[0.477s] -- Up-to-date symlink: /home/darren/Documents/cf_swarm/ros2_ws/src/install/motion_capture_tracking_interfaces/include/motion_capture_tracking_interfaces/motion_capture_tracking_interfaces/msg/detail/named_pose_array__traits.hpp
[0.477s] -- Up-to-date symlink: /home/darren/Documents/cf_swarm/ros2_ws/src/install/motion_capture_tracking_interfaces/include/motion_capture_tracking_interfaces/motion_capture_tracking_interfaces/msg/named_pose.hpp
[0.477s] -- Up-to-date symlink: /home/darren/Documents/cf_swarm/ros2_ws/src/install/motion_capture_tracking_interfaces/include/motion_capture_tracking_interfaces/motion_capture_tracking_interfaces/msg/named_pose_array.hpp
[0.478s] -- Up-to-date symlink: /home/darren/Documents/cf_swarm/ros2_ws/src/install/motion_capture_tracking_interfaces/include/motion_capture_tracking_interfaces/motion_capture_tracking_interfaces/msg/detail/named_pose__rosidl_typesupport_fastrtps_cpp.hpp
[0.478s] -- Up-to-date symlink: /home/darren/Documents/cf_swarm/ros2_ws/src/install/motion_capture_tracking_interfaces/include/motion_capture_tracking_interfaces/motion_capture_tracking_interfaces/msg/detail/named_pose_array__rosidl_typesupport_fastrtps_cpp.hpp
[0.478s] -- Up-to-date symlink: /home/darren/Documents/cf_swarm/ros2_ws/src/install/motion_capture_tracking_interfaces/include/motion_capture_tracking_interfaces/motion_capture_tracking_interfaces/msg/rosidl_typesupport_fastrtps_cpp__visibility_control.h
[0.479s] -- Up-to-date symlink: /home/darren/Documents/cf_swarm/ros2_ws/src/install/motion_capture_tracking_interfaces/include/motion_capture_tracking_interfaces/motion_capture_tracking_interfaces/msg/detail/named_pose__rosidl_typesupport_introspection_c.h
[0.479s] -- Up-to-date symlink: /home/darren/Documents/cf_swarm/ros2_ws/src/install/motion_capture_tracking_interfaces/include/motion_capture_tracking_interfaces/motion_capture_tracking_interfaces/msg/detail/named_pose_array__rosidl_typesupport_introspection_c.h
[0.479s] -- Up-to-date symlink: /home/darren/Documents/cf_swarm/ros2_ws/src/install/motion_capture_tracking_interfaces/include/motion_capture_tracking_interfaces/motion_capture_tracking_interfaces/msg/rosidl_typesupport_introspection_c__visibility_control.h
[0.479s] -- Up-to-date symlink: /home/darren/Documents/cf_swarm/ros2_ws/src/install/motion_capture_tracking_interfaces/include/motion_capture_tracking_interfaces/motion_capture_tracking_interfaces/msg/detail/named_pose__rosidl_typesupport_introspection_cpp.hpp
[0.479s] -- Up-to-date symlink: /home/darren/Documents/cf_swarm/ros2_ws/src/install/motion_capture_tracking_interfaces/include/motion_capture_tracking_interfaces/motion_capture_tracking_interfaces/msg/detail/named_pose_array__rosidl_typesupport_introspection_cpp.hpp
[0.479s] -- Up-to-date symlink: /home/darren/Documents/cf_swarm/ros2_ws/src/install/motion_capture_tracking_interfaces/share/motion_capture_tracking_interfaces/environment/pythonpath.sh
[0.480s] -- Up-to-date symlink: /home/darren/Documents/cf_swarm/ros2_ws/src/install/motion_capture_tracking_interfaces/share/motion_capture_tracking_interfaces/environment/pythonpath.dsv
[0.480s] -- Up-to-date symlink: /home/darren/Documents/cf_swarm/ros2_ws/src/install/motion_capture_tracking_interfaces/lib/python3.10/site-packages/motion_capture_tracking_interfaces-1.0.0-py3.10.egg-info/PKG-INFO
[0.480s] -- Up-to-date symlink: /home/darren/Documents/cf_swarm/ros2_ws/src/install/motion_capture_tracking_interfaces/lib/python3.10/site-packages/motion_capture_tracking_interfaces-1.0.0-py3.10.egg-info/SOURCES.txt
[0.480s] -- Up-to-date symlink: /home/darren/Documents/cf_swarm/ros2_ws/src/install/motion_capture_tracking_interfaces/lib/python3.10/site-packages/motion_capture_tracking_interfaces-1.0.0-py3.10.egg-info/dependency_links.txt
[0.480s] -- Up-to-date symlink: /home/darren/Documents/cf_swarm/ros2_ws/src/install/motion_capture_tracking_interfaces/lib/python3.10/site-packages/motion_capture_tracking_interfaces-1.0.0-py3.10.egg-info/top_level.txt
[0.481s] -- Up-to-date symlink: /home/darren/Documents/cf_swarm/ros2_ws/src/install/motion_capture_tracking_interfaces/lib/python3.10/site-packages/motion_capture_tracking_interfaces/__init__.py
[0.481s] -- Up-to-date symlink: /home/darren/Documents/cf_swarm/ros2_ws/src/install/motion_capture_tracking_interfaces/lib/python3.10/site-packages/motion_capture_tracking_interfaces/_motion_capture_tracking_interfaces_s.ep.rosidl_typesupport_c.c
[0.481s] -- Up-to-date symlink: /home/darren/Documents/cf_swarm/ros2_ws/src/install/motion_capture_tracking_interfaces/lib/python3.10/site-packages/motion_capture_tracking_interfaces/_motion_capture_tracking_interfaces_s.ep.rosidl_typesupport_fastrtps_c.c
[0.481s] -- Up-to-date symlink: /home/darren/Documents/cf_swarm/ros2_ws/src/install/motion_capture_tracking_interfaces/lib/python3.10/site-packages/motion_capture_tracking_interfaces/_motion_capture_tracking_interfaces_s.ep.rosidl_typesupport_introspection_c.c
[0.481s] -- Up-to-date symlink: /home/darren/Documents/cf_swarm/ros2_ws/src/install/motion_capture_tracking_interfaces/lib/python3.10/site-packages/motion_capture_tracking_interfaces/libmotion_capture_tracking_interfaces__rosidl_generator_py.so
[0.481s] -- Up-to-date symlink: /home/darren/Documents/cf_swarm/ros2_ws/src/install/motion_capture_tracking_interfaces/lib/python3.10/site-packages/motion_capture_tracking_interfaces/motion_capture_tracking_interfaces_s__rosidl_typesupport_c.cpython-310-x86_64-linux-gnu.so
[0.482s] -- Up-to-date symlink: /home/darren/Documents/cf_swarm/ros2_ws/src/install/motion_capture_tracking_interfaces/lib/python3.10/site-packages/motion_capture_tracking_interfaces/motion_capture_tracking_interfaces_s__rosidl_typesupport_fastrtps_c.cpython-310-x86_64-linux-gnu.so
[0.482s] -- Up-to-date symlink: /home/darren/Documents/cf_swarm/ros2_ws/src/install/motion_capture_tracking_interfaces/lib/python3.10/site-packages/motion_capture_tracking_interfaces/motion_capture_tracking_interfaces_s__rosidl_typesupport_introspection_c.cpython-310-x86_64-linux-gnu.so
[0.482s] -- Up-to-date symlink: /home/darren/Documents/cf_swarm/ros2_ws/src/install/motion_capture_tracking_interfaces/lib/python3.10/site-packages/motion_capture_tracking_interfaces/msg/__init__.py
[0.482s] -- Up-to-date symlink: /home/darren/Documents/cf_swarm/ros2_ws/src/install/motion_capture_tracking_interfaces/lib/python3.10/site-packages/motion_capture_tracking_interfaces/msg/_named_pose.py
[0.482s] -- Up-to-date symlink: /home/darren/Documents/cf_swarm/ros2_ws/src/install/motion_capture_tracking_interfaces/lib/python3.10/site-packages/motion_capture_tracking_interfaces/msg/_named_pose_array.py
[0.482s] -- Up-to-date symlink: /home/darren/Documents/cf_swarm/ros2_ws/src/install/motion_capture_tracking_interfaces/lib/python3.10/site-packages/motion_capture_tracking_interfaces/msg/_named_pose_array_s.c
[0.482s] -- Up-to-date symlink: /home/darren/Documents/cf_swarm/ros2_ws/src/install/motion_capture_tracking_interfaces/lib/python3.10/site-packages/motion_capture_tracking_interfaces/msg/_named_pose_s.c
[0.483s] -- Up-to-date symlink: /home/darren/Documents/cf_swarm/ros2_ws/src/install/motion_capture_tracking_interfaces/lib/python3.10/site-packages/motion_capture_tracking_interfaces/motion_capture_tracking_interfaces_s__rosidl_typesupport_fastrtps_c.cpython-310-x86_64-linux-gnu.so
[0.483s] -- Up-to-date symlink: /home/darren/Documents/cf_swarm/ros2_ws/src/install/motion_capture_tracking_interfaces/lib/python3.10/site-packages/motion_capture_tracking_interfaces/motion_capture_tracking_interfaces_s__rosidl_typesupport_introspection_c.cpython-310-x86_64-linux-gnu.so
[0.483s] -- Up-to-date symlink: /home/darren/Documents/cf_swarm/ros2_ws/src/install/motion_capture_tracking_interfaces/lib/python3.10/site-packages/motion_capture_tracking_interfaces/motion_capture_tracking_interfaces_s__rosidl_typesupport_c.cpython-310-x86_64-linux-gnu.so
[0.483s] -- Up-to-date symlink: /home/darren/Documents/cf_swarm/ros2_ws/src/install/motion_capture_tracking_interfaces/share/motion_capture_tracking_interfaces/msg/NamedPose.idl
[0.483s] -- Up-to-date symlink: /home/darren/Documents/cf_swarm/ros2_ws/src/install/motion_capture_tracking_interfaces/share/motion_capture_tracking_interfaces/msg/NamedPoseArray.idl
[0.483s] -- Up-to-date symlink: /home/darren/Documents/cf_swarm/ros2_ws/src/install/motion_capture_tracking_interfaces/share/motion_capture_tracking_interfaces/msg/NamedPose.msg
[0.484s] -- Up-to-date symlink: /home/darren/Documents/cf_swarm/ros2_ws/src/install/motion_capture_tracking_interfaces/share/motion_capture_tracking_interfaces/msg/NamedPoseArray.msg
[0.484s] -- Up-to-date symlink: /home/darren/Documents/cf_swarm/ros2_ws/src/install/motion_capture_tracking_interfaces/share/ament_index/resource_index/package_run_dependencies/motion_capture_tracking_interfaces
[0.484s] -- Up-to-date symlink: /home/darren/Documents/cf_swarm/ros2_ws/src/install/motion_capture_tracking_interfaces/share/ament_index/resource_index/parent_prefix_path/motion_capture_tracking_interfaces
[0.484s] -- Up-to-date symlink: /home/darren/Documents/cf_swarm/ros2_ws/src/install/motion_capture_tracking_interfaces/share/motion_capture_tracking_interfaces/environment/ament_prefix_path.sh
[0.484s] -- Up-to-date symlink: /home/darren/Documents/cf_swarm/ros2_ws/src/install/motion_capture_tracking_interfaces/share/motion_capture_tracking_interfaces/environment/ament_prefix_path.dsv
[0.484s] -- Up-to-date symlink: /home/darren/Documents/cf_swarm/ros2_ws/src/install/motion_capture_tracking_interfaces/share/motion_capture_tracking_interfaces/environment/path.sh
[0.485s] -- Up-to-date symlink: /home/darren/Documents/cf_swarm/ros2_ws/src/install/motion_capture_tracking_interfaces/share/motion_capture_tracking_interfaces/environment/path.dsv
[0.485s] -- Up-to-date symlink: /home/darren/Documents/cf_swarm/ros2_ws/src/install/motion_capture_tracking_interfaces/share/motion_capture_tracking_interfaces/local_setup.bash
[0.485s] -- Up-to-date symlink: /home/darren/Documents/cf_swarm/ros2_ws/src/install/motion_capture_tracking_interfaces/share/motion_capture_tracking_interfaces/local_setup.sh
[0.485s] -- Up-to-date symlink: /home/darren/Documents/cf_swarm/ros2_ws/src/install/motion_capture_tracking_interfaces/share/motion_capture_tracking_interfaces/local_setup.zsh
[0.485s] -- Up-to-date symlink: /home/darren/Documents/cf_swarm/ros2_ws/src/install/motion_capture_tracking_interfaces/share/motion_capture_tracking_interfaces/local_setup.dsv
[0.485s] -- Symlinking: /home/darren/Documents/cf_swarm/ros2_ws/src/install/motion_capture_tracking_interfaces/share/motion_capture_tracking_interfaces/package.dsv
[0.496s] -- Up-to-date symlink: /home/darren/Documents/cf_swarm/ros2_ws/src/install/motion_capture_tracking_interfaces/share/ament_index/resource_index/packages/motion_capture_tracking_interfaces
[0.496s] -- Up-to-date symlink: /home/darren/Documents/cf_swarm/ros2_ws/src/install/motion_capture_tracking_interfaces/share/motion_capture_tracking_interfaces/cmake/rosidl_cmake-extras.cmake
[0.496s] -- Up-to-date symlink: /home/darren/Documents/cf_swarm/ros2_ws/src/install/motion_capture_tracking_interfaces/share/motion_capture_tracking_interfaces/cmake/ament_cmake_export_dependencies-extras.cmake
[0.496s] -- Up-to-date symlink: /home/darren/Documents/cf_swarm/ros2_ws/src/install/motion_capture_tracking_interfaces/share/motion_capture_tracking_interfaces/cmake/ament_cmake_export_include_directories-extras.cmake
[0.496s] -- Up-to-date symlink: /home/darren/Documents/cf_swarm/ros2_ws/src/install/motion_capture_tracking_interfaces/share/motion_capture_tracking_interfaces/cmake/ament_cmake_export_libraries-extras.cmake
[0.496s] -- Up-to-date symlink: /home/darren/Documents/cf_swarm/ros2_ws/src/install/motion_capture_tracking_interfaces/share/motion_capture_tracking_interfaces/cmake/ament_cmake_export_targets-extras.cmake
[0.497s] -- Up-to-date symlink: /home/darren/Documents/cf_swarm/ros2_ws/src/install/motion_capture_tracking_interfaces/share/motion_capture_tracking_interfaces/cmake/rosidl_cmake_export_typesupport_targets-extras.cmake
[0.497s] -- Up-to-date symlink: /home/darren/Documents/cf_swarm/ros2_ws/src/install/motion_capture_tracking_interfaces/share/motion_capture_tracking_interfaces/cmake/rosidl_cmake_export_typesupport_libraries-extras.cmake
[0.497s] -- Up-to-date symlink: /home/darren/Documents/cf_swarm/ros2_ws/src/install/motion_capture_tracking_interfaces/share/motion_capture_tracking_interfaces/cmake/motion_capture_tracking_interfacesConfig.cmake
[0.497s] -- Up-to-date symlink: /home/darren/Documents/cf_swarm/ros2_ws/src/install/motion_capture_tracking_interfaces/share/motion_capture_tracking_interfaces/cmake/motion_capture_tracking_interfacesConfig-version.cmake
[0.497s] -- Up-to-date symlink: /home/darren/Documents/cf_swarm/ros2_ws/src/install/motion_capture_tracking_interfaces/share/motion_capture_tracking_interfaces/package.xml
[0.497s] -- Up-to-date: /home/darren/Documents/cf_swarm/ros2_ws/src/install/motion_capture_tracking_interfaces/lib/libmotion_capture_tracking_interfaces__rosidl_generator_c.so
[0.498s] -- Up-to-date: /home/darren/Documents/cf_swarm/ros2_ws/src/install/motion_capture_tracking_interfaces/lib/libmotion_capture_tracking_interfaces__rosidl_typesupport_fastrtps_c.so
[0.498s] -- Up-to-date: /home/darren/Documents/cf_swarm/ros2_ws/src/install/motion_capture_tracking_interfaces/lib/libmotion_capture_tracking_interfaces__rosidl_typesupport_fastrtps_cpp.so
[0.498s] -- Up-to-date: /home/darren/Documents/cf_swarm/ros2_ws/src/install/motion_capture_tracking_interfaces/lib/libmotion_capture_tracking_interfaces__rosidl_typesupport_introspection_c.so
[0.499s] -- Up-to-date: /home/darren/Documents/cf_swarm/ros2_ws/src/install/motion_capture_tracking_interfaces/lib/libmotion_capture_tracking_interfaces__rosidl_typesupport_c.so
[0.499s] -- Up-to-date: /home/darren/Documents/cf_swarm/ros2_ws/src/install/motion_capture_tracking_interfaces/lib/libmotion_capture_tracking_interfaces__rosidl_typesupport_introspection_cpp.so
[0.499s] -- Up-to-date: /home/darren/Documents/cf_swarm/ros2_ws/src/install/motion_capture_tracking_interfaces/lib/libmotion_capture_tracking_interfaces__rosidl_typesupport_cpp.so
[0.525s] Listing '/home/darren/Documents/cf_swarm/ros2_ws/src/install/motion_capture_tracking_interfaces/lib/python3.10/site-packages/motion_capture_tracking_interfaces'...
[0.525s] Listing '/home/darren/Documents/cf_swarm/ros2_ws/src/install/motion_capture_tracking_interfaces/lib/python3.10/site-packages/motion_capture_tracking_interfaces/msg'...
[0.528s] -- Up-to-date: /home/darren/Documents/cf_swarm/ros2_ws/src/install/motion_capture_tracking_interfaces/lib/libmotion_capture_tracking_interfaces__rosidl_generator_py.so
[0.529s] -- Up-to-date: /home/darren/Documents/cf_swarm/ros2_ws/src/install/motion_capture_tracking_interfaces/share/motion_capture_tracking_interfaces/cmake/export_motion_capture_tracking_interfaces__rosidl_generator_cExport.cmake
[0.529s] -- Up-to-date: /home/darren/Documents/cf_swarm/ros2_ws/src/install/motion_capture_tracking_interfaces/share/motion_capture_tracking_interfaces/cmake/export_motion_capture_tracking_interfaces__rosidl_generator_cExport-noconfig.cmake
[0.529s] -- Up-to-date: /home/darren/Documents/cf_swarm/ros2_ws/src/install/motion_capture_tracking_interfaces/share/motion_capture_tracking_interfaces/cmake/export_motion_capture_tracking_interfaces__rosidl_typesupport_fastrtps_cExport.cmake
[0.529s] -- Up-to-date: /home/darren/Documents/cf_swarm/ros2_ws/src/install/motion_capture_tracking_interfaces/share/motion_capture_tracking_interfaces/cmake/export_motion_capture_tracking_interfaces__rosidl_typesupport_fastrtps_cExport-noconfig.cmake
[0.529s] -- Up-to-date: /home/darren/Documents/cf_swarm/ros2_ws/src/install/motion_capture_tracking_interfaces/share/motion_capture_tracking_interfaces/cmake/export_motion_capture_tracking_interfaces__rosidl_generator_cppExport.cmake
[0.529s] -- Up-to-date: /home/darren/Documents/cf_swarm/ros2_ws/src/install/motion_capture_tracking_interfaces/share/motion_capture_tracking_interfaces/cmake/export_motion_capture_tracking_interfaces__rosidl_typesupport_fastrtps_cppExport.cmake
[0.529s] -- Up-to-date: /home/darren/Documents/cf_swarm/ros2_ws/src/install/motion_capture_tracking_interfaces/share/motion_capture_tracking_interfaces/cmake/export_motion_capture_tracking_interfaces__rosidl_typesupport_fastrtps_cppExport-noconfig.cmake
[0.529s] -- Up-to-date: /home/darren/Documents/cf_swarm/ros2_ws/src/install/motion_capture_tracking_interfaces/share/motion_capture_tracking_interfaces/cmake/motion_capture_tracking_interfaces__rosidl_typesupport_introspection_cExport.cmake
[0.529s] -- Up-to-date: /home/darren/Documents/cf_swarm/ros2_ws/src/install/motion_capture_tracking_interfaces/share/motion_capture_tracking_interfaces/cmake/motion_capture_tracking_interfaces__rosidl_typesupport_introspection_cExport-noconfig.cmake
[0.529s] -- Up-to-date: /home/darren/Documents/cf_swarm/ros2_ws/src/install/motion_capture_tracking_interfaces/share/motion_capture_tracking_interfaces/cmake/motion_capture_tracking_interfaces__rosidl_typesupport_cExport.cmake
[0.529s] -- Up-to-date: /home/darren/Documents/cf_swarm/ros2_ws/src/install/motion_capture_tracking_interfaces/share/motion_capture_tracking_interfaces/cmake/motion_capture_tracking_interfaces__rosidl_typesupport_cExport-noconfig.cmake
[0.530s] -- Up-to-date: /home/darren/Documents/cf_swarm/ros2_ws/src/install/motion_capture_tracking_interfaces/share/motion_capture_tracking_interfaces/cmake/motion_capture_tracking_interfaces__rosidl_typesupport_introspection_cppExport.cmake
[0.530s] -- Up-to-date: /home/darren/Documents/cf_swarm/ros2_ws/src/install/motion_capture_tracking_interfaces/share/motion_capture_tracking_interfaces/cmake/motion_capture_tracking_interfaces__rosidl_typesupport_introspection_cppExport-noconfig.cmake
[0.530s] -- Up-to-date: /home/darren/Documents/cf_swarm/ros2_ws/src/install/motion_capture_tracking_interfaces/share/motion_capture_tracking_interfaces/cmake/motion_capture_tracking_interfaces__rosidl_typesupport_cppExport.cmake
[0.530s] -- Up-to-date: /home/darren/Documents/cf_swarm/ros2_ws/src/install/motion_capture_tracking_interfaces/share/motion_capture_tracking_interfaces/cmake/motion_capture_tracking_interfaces__rosidl_typesupport_cppExport-noconfig.cmake
[0.530s] -- Up-to-date: /home/darren/Documents/cf_swarm/ros2_ws/src/install/motion_capture_tracking_interfaces/share/motion_capture_tracking_interfaces/cmake/export_motion_capture_tracking_interfaces__rosidl_generator_pyExport.cmake
[0.530s] -- Up-to-date: /home/darren/Documents/cf_swarm/ros2_ws/src/install/motion_capture_tracking_interfaces/share/motion_capture_tracking_interfaces/cmake/export_motion_capture_tracking_interfaces__rosidl_generator_pyExport-noconfig.cmake
[0.532s] Invoked command in '/home/darren/Documents/cf_swarm/ros2_ws/src/build/motion_capture_tracking_interfaces' returned '0': CMAKE_PREFIX_PATH=${CMAKE_PREFIX_PATH}:/opt/ros/iron:/home/darren/Documents/cf_swarm/ros2_ws/src/install/crazyflie_py /usr/bin/cmake --install /home/darren/Documents/cf_swarm/ros2_ws/src/build/motion_capture_tracking_interfaces
