[0.304s] Invoking command in '/home/darren/Documents/cf_swarm/ros2_ws/build/crazyflie_sim': CMAKE_PREFIX_PATH=/home/darren/Documents/cf_swarm/ros2_ws/install/crazyflie_interfaces:/home/darren/Documents/cf_swarm/ros2_ws/install/motion_capture_tracking:/home/darren/Documents/cf_swarm/ros2_ws/install/crazyflie:/home/darren/Documents/cf_swarm/ros2_ws/install/motion_capture_tracking_interfaces:/home/darren/Documents/cf_swarm/ros2_ws/install/crazyflie_sim:/home/darren/Documents/cf_swarm/ros2_ws/install/crazyflie_examples:/home/darren/Documents/cf_swarm/ros2_ws/install/localization_test:/home/darren/Documents/cf_swarm/ros2_ws/install/crazyflie_py:/opt/ros/iron LD_LIBRARY_PATH=/home/darren/Documents/cf_swarm/ros2_ws/install/crazyflie_interfaces/lib:/home/darren/Documents/cf_swarm/ros2_ws/install/motion_capture_tracking_interfaces/lib:/opt/ros/iron/opt/rviz_ogre_vendor/lib:/opt/ros/iron/lib/x86_64-linux-gnu:/opt/ros/iron/lib PYTHONPATH=/home/darren/Documents/cf_swarm/ros2_ws/install/crazyflie_interfaces/lib/python3.10/site-packages:/home/darren/Documents/cf_swarm/ros2_ws/install/motion_capture_tracking_interfaces/lib/python3.10/site-packages:/home/darren/Documents/cf_swarm/ros2_ws/build/localization_test:/home/darren/Documents/cf_swarm/ros2_ws/install/localization_test/lib/python3.10/site-packages:/home/darren/Documents/cf_swarm/ros2_ws/install/crazyflie_sim/lib/python3.10/site-packages:/home/darren/Documents/cf_swarm/ros2_ws/install/crazyflie_examples/lib/python3.10/site-packages:/home/darren/Documents/cf_swarm/ros2_ws/build/crazyflie_py:/home/darren/Documents/cf_swarm/ros2_ws/install/crazyflie_py/lib/python3.10/site-packages:/opt/ros/iron/lib/python3.10/site-packages /usr/bin/cmake --build /home/darren/Documents/cf_swarm/ros2_ws/build/crazyflie_sim -- -j16 -l16
[0.356s] Built target ament_cmake_python_symlink_crazyflie_sim_setup
[0.356s] Built target ament_cmake_python_symlink_crazyflie_sim
[0.577s] running install_scripts
[0.577s] running egg_info
[0.577s] writing crazyflie_sim.egg-info/PKG-INFO
[0.577s] writing dependency_links to crazyflie_sim.egg-info/dependency_links.txt
[0.577s] writing entry points to crazyflie_sim.egg-info/entry_points.txt
[0.578s] writing top-level names to crazyflie_sim.egg-info/top_level.txt
[0.579s] reading manifest file 'crazyflie_sim.egg-info/SOURCES.txt'
[0.579s] writing manifest file 'crazyflie_sim.egg-info/SOURCES.txt'
[0.596s] running egg_info
[0.596s] writing crazyflie_sim.egg-info/PKG-INFO
[0.597s] writing dependency_links to crazyflie_sim.egg-info/dependency_links.txt
[0.597s] writing entry points to crazyflie_sim.egg-info/entry_points.txt
[0.597s] writing top-level names to crazyflie_sim.egg-info/top_level.txt
[0.599s] reading manifest file 'crazyflie_sim.egg-info/SOURCES.txt'
[0.599s] writing manifest file 'crazyflie_sim.egg-info/SOURCES.txt'
[0.600s] Installing crazyflie_server script to scripts
[0.603s] Built target ament_cmake_python_build_crazyflie_sim_egg
[0.627s] Built target ament_cmake_python_build_crazyflie_sim_scripts
[0.641s] Invoked command in '/home/darren/Documents/cf_swarm/ros2_ws/build/crazyflie_sim' returned '0': CMAKE_PREFIX_PATH=/home/darren/Documents/cf_swarm/ros2_ws/install/crazyflie_interfaces:/home/darren/Documents/cf_swarm/ros2_ws/install/motion_capture_tracking:/home/darren/Documents/cf_swarm/ros2_ws/install/crazyflie:/home/darren/Documents/cf_swarm/ros2_ws/install/motion_capture_tracking_interfaces:/home/darren/Documents/cf_swarm/ros2_ws/install/crazyflie_sim:/home/darren/Documents/cf_swarm/ros2_ws/install/crazyflie_examples:/home/darren/Documents/cf_swarm/ros2_ws/install/localization_test:/home/darren/Documents/cf_swarm/ros2_ws/install/crazyflie_py:/opt/ros/iron LD_LIBRARY_PATH=/home/darren/Documents/cf_swarm/ros2_ws/install/crazyflie_interfaces/lib:/home/darren/Documents/cf_swarm/ros2_ws/install/motion_capture_tracking_interfaces/lib:/opt/ros/iron/opt/rviz_ogre_vendor/lib:/opt/ros/iron/lib/x86_64-linux-gnu:/opt/ros/iron/lib PYTHONPATH=/home/darren/Documents/cf_swarm/ros2_ws/install/crazyflie_interfaces/lib/python3.10/site-packages:/home/darren/Documents/cf_swarm/ros2_ws/install/motion_capture_tracking_interfaces/lib/python3.10/site-packages:/home/darren/Documents/cf_swarm/ros2_ws/build/localization_test:/home/darren/Documents/cf_swarm/ros2_ws/install/localization_test/lib/python3.10/site-packages:/home/darren/Documents/cf_swarm/ros2_ws/install/crazyflie_sim/lib/python3.10/site-packages:/home/darren/Documents/cf_swarm/ros2_ws/install/crazyflie_examples/lib/python3.10/site-packages:/home/darren/Documents/cf_swarm/ros2_ws/build/crazyflie_py:/home/darren/Documents/cf_swarm/ros2_ws/install/crazyflie_py/lib/python3.10/site-packages:/opt/ros/iron/lib/python3.10/site-packages /usr/bin/cmake --build /home/darren/Documents/cf_swarm/ros2_ws/build/crazyflie_sim -- -j16 -l16
[0.666s] Invoking command in '/home/darren/Documents/cf_swarm/ros2_ws/build/crazyflie_sim': CMAKE_PREFIX_PATH=/home/darren/Documents/cf_swarm/ros2_ws/install/crazyflie_interfaces:/home/darren/Documents/cf_swarm/ros2_ws/install/motion_capture_tracking:/home/darren/Documents/cf_swarm/ros2_ws/install/crazyflie:/home/darren/Documents/cf_swarm/ros2_ws/install/motion_capture_tracking_interfaces:/home/darren/Documents/cf_swarm/ros2_ws/install/crazyflie_sim:/home/darren/Documents/cf_swarm/ros2_ws/install/crazyflie_examples:/home/darren/Documents/cf_swarm/ros2_ws/install/localization_test:/home/darren/Documents/cf_swarm/ros2_ws/install/crazyflie_py:/opt/ros/iron LD_LIBRARY_PATH=/home/darren/Documents/cf_swarm/ros2_ws/install/crazyflie_interfaces/lib:/home/darren/Documents/cf_swarm/ros2_ws/install/motion_capture_tracking_interfaces/lib:/opt/ros/iron/opt/rviz_ogre_vendor/lib:/opt/ros/iron/lib/x86_64-linux-gnu:/opt/ros/iron/lib PYTHONPATH=/home/darren/Documents/cf_swarm/ros2_ws/install/crazyflie_interfaces/lib/python3.10/site-packages:/home/darren/Documents/cf_swarm/ros2_ws/install/motion_capture_tracking_interfaces/lib/python3.10/site-packages:/home/darren/Documents/cf_swarm/ros2_ws/build/localization_test:/home/darren/Documents/cf_swarm/ros2_ws/install/localization_test/lib/python3.10/site-packages:/home/darren/Documents/cf_swarm/ros2_ws/install/crazyflie_sim/lib/python3.10/site-packages:/home/darren/Documents/cf_swarm/ros2_ws/install/crazyflie_examples/lib/python3.10/site-packages:/home/darren/Documents/cf_swarm/ros2_ws/build/crazyflie_py:/home/darren/Documents/cf_swarm/ros2_ws/install/crazyflie_py/lib/python3.10/site-packages:/opt/ros/iron/lib/python3.10/site-packages /usr/bin/cmake --install /home/darren/Documents/cf_swarm/ros2_ws/build/crazyflie_sim
[0.673s] -- Install configuration: ""
[0.674s] -- Execute custom install script
[0.674s] -- Up-to-date symlink: /home/darren/Documents/cf_swarm/ros2_ws/install/crazyflie_sim/share/crazyflie_sim/environment/pythonpath.sh
[0.674s] -- Up-to-date symlink: /home/darren/Documents/cf_swarm/ros2_ws/install/crazyflie_sim/share/crazyflie_sim/environment/pythonpath.dsv
[0.674s] -- Up-to-date symlink: /home/darren/Documents/cf_swarm/ros2_ws/install/crazyflie_sim/lib/python3.10/site-packages/crazyflie_sim-2.0.0-py3.10.egg-info/PKG-INFO
[0.674s] -- Up-to-date symlink: /home/darren/Documents/cf_swarm/ros2_ws/install/crazyflie_sim/lib/python3.10/site-packages/crazyflie_sim-2.0.0-py3.10.egg-info/SOURCES.txt
[0.675s] -- Up-to-date symlink: /home/darren/Documents/cf_swarm/ros2_ws/install/crazyflie_sim/lib/python3.10/site-packages/crazyflie_sim-2.0.0-py3.10.egg-info/dependency_links.txt
[0.675s] -- Up-to-date symlink: /home/darren/Documents/cf_swarm/ros2_ws/install/crazyflie_sim/lib/python3.10/site-packages/crazyflie_sim-2.0.0-py3.10.egg-info/entry_points.txt
[0.675s] -- Up-to-date symlink: /home/darren/Documents/cf_swarm/ros2_ws/install/crazyflie_sim/lib/python3.10/site-packages/crazyflie_sim-2.0.0-py3.10.egg-info/top_level.txt
[0.675s] -- Up-to-date symlink: /home/darren/Documents/cf_swarm/ros2_ws/install/crazyflie_sim/lib/crazyflie_sim//crazyflie_server
[0.676s] -- Up-to-date symlink: /home/darren/Documents/cf_swarm/ros2_ws/install/crazyflie_sim/lib/python3.10/site-packages/crazyflie_sim/__init__.py
[0.676s] -- Up-to-date symlink: /home/darren/Documents/cf_swarm/ros2_ws/install/crazyflie_sim/lib/python3.10/site-packages/crazyflie_sim/backend/none.py
[0.676s] -- Up-to-date symlink: /home/darren/Documents/cf_swarm/ros2_ws/install/crazyflie_sim/lib/python3.10/site-packages/crazyflie_sim/backend/np.py
[0.677s] -- Up-to-date symlink: /home/darren/Documents/cf_swarm/ros2_ws/install/crazyflie_sim/lib/python3.10/site-packages/crazyflie_sim/crazyflie_server.py
[0.677s] -- Up-to-date symlink: /home/darren/Documents/cf_swarm/ros2_ws/install/crazyflie_sim/lib/python3.10/site-packages/crazyflie_sim/crazyflie_sil.py
[0.677s] -- Up-to-date symlink: /home/darren/Documents/cf_swarm/ros2_ws/install/crazyflie_sim/lib/python3.10/site-packages/crazyflie_sim/sim_data_types.py
[0.677s] -- Up-to-date symlink: /home/darren/Documents/cf_swarm/ros2_ws/install/crazyflie_sim/lib/python3.10/site-packages/crazyflie_sim/visualization/README.md
[0.677s] -- Up-to-date symlink: /home/darren/Documents/cf_swarm/ros2_ws/install/crazyflie_sim/lib/python3.10/site-packages/crazyflie_sim/visualization/blender.py
[0.677s] -- Up-to-date symlink: /home/darren/Documents/cf_swarm/ros2_ws/install/crazyflie_sim/lib/python3.10/site-packages/crazyflie_sim/visualization/data/README.md
[0.677s] -- Up-to-date symlink: /home/darren/Documents/cf_swarm/ros2_ws/install/crazyflie_sim/lib/python3.10/site-packages/crazyflie_sim/visualization/data/env/abandoned_greenhouse.jpg
[0.677s] -- Up-to-date symlink: /home/darren/Documents/cf_swarm/ros2_ws/install/crazyflie_sim/lib/python3.10/site-packages/crazyflie_sim/visualization/data/env/aerodynamics_workshop.jpg
[0.678s] -- Up-to-date symlink: /home/darren/Documents/cf_swarm/ros2_ws/install/crazyflie_sim/lib/python3.10/site-packages/crazyflie_sim/visualization/data/env/aviation_museum.jpg
[0.678s] -- Up-to-date symlink: /home/darren/Documents/cf_swarm/ros2_ws/install/crazyflie_sim/lib/python3.10/site-packages/crazyflie_sim/visualization/data/env/crosswalk.jpg
[0.678s] -- Up-to-date symlink: /home/darren/Documents/cf_swarm/ros2_ws/install/crazyflie_sim/lib/python3.10/site-packages/crazyflie_sim/visualization/data/env/derelict_overpass.jpg
[0.678s] -- Up-to-date symlink: /home/darren/Documents/cf_swarm/ros2_ws/install/crazyflie_sim/lib/python3.10/site-packages/crazyflie_sim/visualization/data/env/env.jpg
[0.678s] -- Up-to-date symlink: /home/darren/Documents/cf_swarm/ros2_ws/install/crazyflie_sim/lib/python3.10/site-packages/crazyflie_sim/visualization/data/env/lago_disola.jpg
[0.678s] -- Up-to-date symlink: /home/darren/Documents/cf_swarm/ros2_ws/install/crazyflie_sim/lib/python3.10/site-packages/crazyflie_sim/visualization/data/env/lake_pier.jpg
[0.678s] -- Up-to-date symlink: /home/darren/Documents/cf_swarm/ros2_ws/install/crazyflie_sim/lib/python3.10/site-packages/crazyflie_sim/visualization/data/env/machine_shop.jpg
[0.678s] -- Up-to-date symlink: /home/darren/Documents/cf_swarm/ros2_ws/install/crazyflie_sim/lib/python3.10/site-packages/crazyflie_sim/visualization/data/env/museumplein.jpg
[0.679s] -- Up-to-date symlink: /home/darren/Documents/cf_swarm/ros2_ws/install/crazyflie_sim/lib/python3.10/site-packages/crazyflie_sim/visualization/data/env/peppermint_powerplant.jpg
[0.679s] -- Up-to-date symlink: /home/darren/Documents/cf_swarm/ros2_ws/install/crazyflie_sim/lib/python3.10/site-packages/crazyflie_sim/visualization/data/env/studio_garden.jpg
[0.679s] -- Up-to-date symlink: /home/darren/Documents/cf_swarm/ros2_ws/install/crazyflie_sim/lib/python3.10/site-packages/crazyflie_sim/visualization/data/model/cf.mtl
[0.679s] -- Up-to-date symlink: /home/darren/Documents/cf_swarm/ros2_ws/install/crazyflie_sim/lib/python3.10/site-packages/crazyflie_sim/visualization/data/model/cf.obj
[0.679s] -- Up-to-date symlink: /home/darren/Documents/cf_swarm/ros2_ws/install/crazyflie_sim/lib/python3.10/site-packages/crazyflie_sim/visualization/pdf.py
[0.679s] -- Up-to-date symlink: /home/darren/Documents/cf_swarm/ros2_ws/install/crazyflie_sim/lib/python3.10/site-packages/crazyflie_sim/visualization/record_states.py
[0.679s] -- Up-to-date symlink: /home/darren/Documents/cf_swarm/ros2_ws/install/crazyflie_sim/lib/python3.10/site-packages/crazyflie_sim/visualization/rviz.py
[0.680s] -- Up-to-date symlink: /home/darren/Documents/cf_swarm/ros2_ws/install/crazyflie_sim/share/ament_index/resource_index/package_run_dependencies/crazyflie_sim
[0.680s] -- Up-to-date symlink: /home/darren/Documents/cf_swarm/ros2_ws/install/crazyflie_sim/share/ament_index/resource_index/parent_prefix_path/crazyflie_sim
[0.680s] -- Up-to-date symlink: /home/darren/Documents/cf_swarm/ros2_ws/install/crazyflie_sim/share/crazyflie_sim/environment/ament_prefix_path.sh
[0.680s] -- Up-to-date symlink: /home/darren/Documents/cf_swarm/ros2_ws/install/crazyflie_sim/share/crazyflie_sim/environment/ament_prefix_path.dsv
[0.680s] -- Up-to-date symlink: /home/darren/Documents/cf_swarm/ros2_ws/install/crazyflie_sim/share/crazyflie_sim/environment/path.sh
[0.680s] -- Up-to-date symlink: /home/darren/Documents/cf_swarm/ros2_ws/install/crazyflie_sim/share/crazyflie_sim/environment/path.dsv
[0.680s] -- Up-to-date symlink: /home/darren/Documents/cf_swarm/ros2_ws/install/crazyflie_sim/share/crazyflie_sim/local_setup.bash
[0.681s] -- Up-to-date symlink: /home/darren/Documents/cf_swarm/ros2_ws/install/crazyflie_sim/share/crazyflie_sim/local_setup.sh
[0.681s] -- Up-to-date symlink: /home/darren/Documents/cf_swarm/ros2_ws/install/crazyflie_sim/share/crazyflie_sim/local_setup.zsh
[0.681s] -- Up-to-date symlink: /home/darren/Documents/cf_swarm/ros2_ws/install/crazyflie_sim/share/crazyflie_sim/local_setup.dsv
[0.681s] -- Symlinking: /home/darren/Documents/cf_swarm/ros2_ws/install/crazyflie_sim/share/crazyflie_sim/package.dsv
[0.690s] -- Up-to-date symlink: /home/darren/Documents/cf_swarm/ros2_ws/install/crazyflie_sim/share/ament_index/resource_index/packages/crazyflie_sim
[0.690s] -- Up-to-date symlink: /home/darren/Documents/cf_swarm/ros2_ws/install/crazyflie_sim/share/crazyflie_sim/cmake/crazyflie_simConfig.cmake
[0.690s] -- Up-to-date symlink: /home/darren/Documents/cf_swarm/ros2_ws/install/crazyflie_sim/share/crazyflie_sim/cmake/crazyflie_simConfig-version.cmake
[0.690s] -- Up-to-date symlink: /home/darren/Documents/cf_swarm/ros2_ws/install/crazyflie_sim/share/crazyflie_sim/package.xml
[0.717s] Listing '/home/darren/Documents/cf_swarm/ros2_ws/install/crazyflie_sim/lib/python3.10/site-packages/crazyflie_sim'...
[0.717s] Listing '/home/darren/Documents/cf_swarm/ros2_ws/install/crazyflie_sim/lib/python3.10/site-packages/crazyflie_sim/backend'...
[0.717s] Listing '/home/darren/Documents/cf_swarm/ros2_ws/install/crazyflie_sim/lib/python3.10/site-packages/crazyflie_sim/visualization'...
[0.717s] Listing '/home/darren/Documents/cf_swarm/ros2_ws/install/crazyflie_sim/lib/python3.10/site-packages/crazyflie_sim/visualization/data'...
[0.717s] Listing '/home/darren/Documents/cf_swarm/ros2_ws/install/crazyflie_sim/lib/python3.10/site-packages/crazyflie_sim/visualization/data/env'...
[0.717s] Listing '/home/darren/Documents/cf_swarm/ros2_ws/install/crazyflie_sim/lib/python3.10/site-packages/crazyflie_sim/visualization/data/model'...
[0.722s] Invoked command in '/home/darren/Documents/cf_swarm/ros2_ws/build/crazyflie_sim' returned '0': CMAKE_PREFIX_PATH=/home/darren/Documents/cf_swarm/ros2_ws/install/crazyflie_interfaces:/home/darren/Documents/cf_swarm/ros2_ws/install/motion_capture_tracking:/home/darren/Documents/cf_swarm/ros2_ws/install/crazyflie:/home/darren/Documents/cf_swarm/ros2_ws/install/motion_capture_tracking_interfaces:/home/darren/Documents/cf_swarm/ros2_ws/install/crazyflie_sim:/home/darren/Documents/cf_swarm/ros2_ws/install/crazyflie_examples:/home/darren/Documents/cf_swarm/ros2_ws/install/localization_test:/home/darren/Documents/cf_swarm/ros2_ws/install/crazyflie_py:/opt/ros/iron LD_LIBRARY_PATH=/home/darren/Documents/cf_swarm/ros2_ws/install/crazyflie_interfaces/lib:/home/darren/Documents/cf_swarm/ros2_ws/install/motion_capture_tracking_interfaces/lib:/opt/ros/iron/opt/rviz_ogre_vendor/lib:/opt/ros/iron/lib/x86_64-linux-gnu:/opt/ros/iron/lib PYTHONPATH=/home/darren/Documents/cf_swarm/ros2_ws/install/crazyflie_interfaces/lib/python3.10/site-packages:/home/darren/Documents/cf_swarm/ros2_ws/install/motion_capture_tracking_interfaces/lib/python3.10/site-packages:/home/darren/Documents/cf_swarm/ros2_ws/build/localization_test:/home/darren/Documents/cf_swarm/ros2_ws/install/localization_test/lib/python3.10/site-packages:/home/darren/Documents/cf_swarm/ros2_ws/install/crazyflie_sim/lib/python3.10/site-packages:/home/darren/Documents/cf_swarm/ros2_ws/install/crazyflie_examples/lib/python3.10/site-packages:/home/darren/Documents/cf_swarm/ros2_ws/build/crazyflie_py:/home/darren/Documents/cf_swarm/ros2_ws/install/crazyflie_py/lib/python3.10/site-packages:/opt/ros/iron/lib/python3.10/site-packages /usr/bin/cmake --install /home/darren/Documents/cf_swarm/ros2_ws/build/crazyflie_sim
