[0.082s] Invoking command in '/home/darren/Documents/cf_swarm/ros2_ws/build/crazyflie_examples': AMENT_PREFIX_PATH=/home/darren/Documents/cf_swarm/ros2_ws/install/crazyflie_py:/home/darren/Documents/cf_swarm/ros2_ws/install/crazyflie_interfaces:${AMENT_PREFIX_PATH} CMAKE_PREFIX_PATH=/home/darren/Documents/cf_swarm/ros2_ws/install/crazyflie_interfaces:/home/darren/cf_swarm/ros2_ws/install/topic_tools:/home/darren/cf_swarm/ros2_ws/install/topic_tools_interfaces:/home/darren/cf_swarm/ros2_ws/install/motion_capture_tracking:/home/darren/cf_swarm/ros2_ws/install/crazyflie:/home/darren/cf_swarm/ros2_ws/install/motion_capture_tracking_interfaces:/home/darren/cf_swarm/ros2_ws/install/crazyflie_sim:/home/darren/cf_swarm/ros2_ws/install/crazyflie_examples:/home/darren/cf_swarm/ros2_ws/install/crazyflie_interfaces:/home/darren/cf_swarm/ros2_ws/install/localization_test:/home/darren/cf_swarm/ros2_ws/install/crazyflie_py:/opt/ros/iron LD_LIBRARY_PATH=/home/darren/Documents/cf_swarm/ros2_ws/install/crazyflie_interfaces/lib:${LD_LIBRARY_PATH} PYTHONPATH=/home/darren/Documents/cf_swarm/ros2_ws/build/crazyflie_py:/home/darren/Documents/cf_swarm/ros2_ws/install/crazyflie_py/lib/python3.10/site-packages:/home/darren/Documents/cf_swarm/ros2_ws/install/crazyflie_interfaces/lib/python3.10/site-packages:${PYTHONPATH} /usr/bin/cmake --build /home/darren/Documents/cf_swarm/ros2_ws/build/crazyflie_examples -- -j16 -l16
[0.159s] Built target ament_cmake_python_symlink_crazyflie_examples
[0.159s] Built target ament_cmake_python_symlink_crazyflie_examples_setup
[0.411s] running egg_info
[0.412s] writing crazyflie_examples.egg-info/PKG-INFO
[0.412s] writing dependency_links to crazyflie_examples.egg-info/dependency_links.txt
[0.412s] writing entry points to crazyflie_examples.egg-info/entry_points.txt
[0.412s] writing top-level names to crazyflie_examples.egg-info/top_level.txt
[0.416s] reading manifest file 'crazyflie_examples.egg-info/SOURCES.txt'
[0.416s] writing manifest file 'crazyflie_examples.egg-info/SOURCES.txt'
[0.432s] running install_scripts
[0.434s] /usr/lib/python3/dist-packages/setuptools/command/install.py:34: SetuptoolsDeprecationWarning: setup.py install is deprecated. Use build and pip and other standards-based tools.
[0.434s]   warnings.warn(
[0.457s] Built target ament_cmake_python_build_crazyflie_examples_egg
[0.457s] running egg_info
[0.458s] writing crazyflie_examples.egg-info/PKG-INFO
[0.458s] writing dependency_links to crazyflie_examples.egg-info/dependency_links.txt
[0.458s] writing entry points to crazyflie_examples.egg-info/entry_points.txt
[0.458s] writing top-level names to crazyflie_examples.egg-info/top_level.txt
[0.463s] reading manifest file 'crazyflie_examples.egg-info/SOURCES.txt'
[0.464s] writing manifest file 'crazyflie_examples.egg-info/SOURCES.txt'
[0.465s] Installing cmd_full_state script to scripts
[0.465s] Installing figure8 script to scripts
[0.465s] Installing hello_world script to scripts
[0.465s] Installing multi_trajectory script to scripts
[0.465s] Installing nice_hover script to scripts
[0.465s] Installing set_param script to scripts
[0.507s] Built target ament_cmake_python_build_crazyflie_examples_scripts
[0.527s] Invoked command in '/home/darren/Documents/cf_swarm/ros2_ws/build/crazyflie_examples' returned '0': AMENT_PREFIX_PATH=/home/darren/Documents/cf_swarm/ros2_ws/install/crazyflie_py:/home/darren/Documents/cf_swarm/ros2_ws/install/crazyflie_interfaces:${AMENT_PREFIX_PATH} CMAKE_PREFIX_PATH=/home/darren/Documents/cf_swarm/ros2_ws/install/crazyflie_interfaces:/home/darren/cf_swarm/ros2_ws/install/topic_tools:/home/darren/cf_swarm/ros2_ws/install/topic_tools_interfaces:/home/darren/cf_swarm/ros2_ws/install/motion_capture_tracking:/home/darren/cf_swarm/ros2_ws/install/crazyflie:/home/darren/cf_swarm/ros2_ws/install/motion_capture_tracking_interfaces:/home/darren/cf_swarm/ros2_ws/install/crazyflie_sim:/home/darren/cf_swarm/ros2_ws/install/crazyflie_examples:/home/darren/cf_swarm/ros2_ws/install/crazyflie_interfaces:/home/darren/cf_swarm/ros2_ws/install/localization_test:/home/darren/cf_swarm/ros2_ws/install/crazyflie_py:/opt/ros/iron LD_LIBRARY_PATH=/home/darren/Documents/cf_swarm/ros2_ws/install/crazyflie_interfaces/lib:${LD_LIBRARY_PATH} PYTHONPATH=/home/darren/Documents/cf_swarm/ros2_ws/build/crazyflie_py:/home/darren/Documents/cf_swarm/ros2_ws/install/crazyflie_py/lib/python3.10/site-packages:/home/darren/Documents/cf_swarm/ros2_ws/install/crazyflie_interfaces/lib/python3.10/site-packages:${PYTHONPATH} /usr/bin/cmake --build /home/darren/Documents/cf_swarm/ros2_ws/build/crazyflie_examples -- -j16 -l16
[0.562s] Invoking command in '/home/darren/Documents/cf_swarm/ros2_ws/build/crazyflie_examples': AMENT_PREFIX_PATH=/home/darren/Documents/cf_swarm/ros2_ws/install/crazyflie_py:/home/darren/Documents/cf_swarm/ros2_ws/install/crazyflie_interfaces:${AMENT_PREFIX_PATH} CMAKE_PREFIX_PATH=/home/darren/Documents/cf_swarm/ros2_ws/install/crazyflie_interfaces:/home/darren/cf_swarm/ros2_ws/install/topic_tools:/home/darren/cf_swarm/ros2_ws/install/topic_tools_interfaces:/home/darren/cf_swarm/ros2_ws/install/motion_capture_tracking:/home/darren/cf_swarm/ros2_ws/install/crazyflie:/home/darren/cf_swarm/ros2_ws/install/motion_capture_tracking_interfaces:/home/darren/cf_swarm/ros2_ws/install/crazyflie_sim:/home/darren/cf_swarm/ros2_ws/install/crazyflie_examples:/home/darren/cf_swarm/ros2_ws/install/crazyflie_interfaces:/home/darren/cf_swarm/ros2_ws/install/localization_test:/home/darren/cf_swarm/ros2_ws/install/crazyflie_py:/opt/ros/iron LD_LIBRARY_PATH=/home/darren/Documents/cf_swarm/ros2_ws/install/crazyflie_interfaces/lib:${LD_LIBRARY_PATH} PYTHONPATH=/home/darren/Documents/cf_swarm/ros2_ws/build/crazyflie_py:/home/darren/Documents/cf_swarm/ros2_ws/install/crazyflie_py/lib/python3.10/site-packages:/home/darren/Documents/cf_swarm/ros2_ws/install/crazyflie_interfaces/lib/python3.10/site-packages:${PYTHONPATH} /usr/bin/cmake --install /home/darren/Documents/cf_swarm/ros2_ws/build/crazyflie_examples
[0.577s] -- Install configuration: ""
[0.577s] -- Execute custom install script
[0.578s] -- Up-to-date symlink: /home/darren/Documents/cf_swarm/ros2_ws/install/crazyflie_examples/share/crazyflie_examples/environment/pythonpath.sh
[0.578s] -- Up-to-date symlink: /home/darren/Documents/cf_swarm/ros2_ws/install/crazyflie_examples/share/crazyflie_examples/environment/pythonpath.dsv
[0.579s] -- Up-to-date symlink: /home/darren/Documents/cf_swarm/ros2_ws/install/crazyflie_examples/lib/python3.10/site-packages/crazyflie_examples-2.0.0-py3.10.egg-info/PKG-INFO
[0.579s] -- Up-to-date symlink: /home/darren/Documents/cf_swarm/ros2_ws/install/crazyflie_examples/lib/python3.10/site-packages/crazyflie_examples-2.0.0-py3.10.egg-info/SOURCES.txt
[0.579s] -- Up-to-date symlink: /home/darren/Documents/cf_swarm/ros2_ws/install/crazyflie_examples/lib/python3.10/site-packages/crazyflie_examples-2.0.0-py3.10.egg-info/dependency_links.txt
[0.580s] -- Up-to-date symlink: /home/darren/Documents/cf_swarm/ros2_ws/install/crazyflie_examples/lib/python3.10/site-packages/crazyflie_examples-2.0.0-py3.10.egg-info/entry_points.txt
[0.580s] -- Up-to-date symlink: /home/darren/Documents/cf_swarm/ros2_ws/install/crazyflie_examples/lib/python3.10/site-packages/crazyflie_examples-2.0.0-py3.10.egg-info/top_level.txt
[0.581s] -- Up-to-date symlink: /home/darren/Documents/cf_swarm/ros2_ws/install/crazyflie_examples/lib/crazyflie_examples//cmd_full_state
[0.581s] -- Up-to-date symlink: /home/darren/Documents/cf_swarm/ros2_ws/install/crazyflie_examples/lib/crazyflie_examples//figure8
[0.581s] -- Up-to-date symlink: /home/darren/Documents/cf_swarm/ros2_ws/install/crazyflie_examples/lib/crazyflie_examples//hello_world
[0.581s] -- Up-to-date symlink: /home/darren/Documents/cf_swarm/ros2_ws/install/crazyflie_examples/lib/crazyflie_examples//multi_trajectory
[0.582s] -- Up-to-date symlink: /home/darren/Documents/cf_swarm/ros2_ws/install/crazyflie_examples/lib/crazyflie_examples//nice_hover
[0.582s] -- Up-to-date symlink: /home/darren/Documents/cf_swarm/ros2_ws/install/crazyflie_examples/lib/crazyflie_examples//set_param
[0.583s] -- Up-to-date symlink: /home/darren/Documents/cf_swarm/ros2_ws/install/crazyflie_examples/lib/python3.10/site-packages/crazyflie_examples/__init__.py
[0.583s] -- Up-to-date symlink: /home/darren/Documents/cf_swarm/ros2_ws/install/crazyflie_examples/lib/python3.10/site-packages/crazyflie_examples/cmd_full_state.py
[0.584s] -- Up-to-date symlink: /home/darren/Documents/cf_swarm/ros2_ws/install/crazyflie_examples/lib/python3.10/site-packages/crazyflie_examples/data/figure8.csv
[0.584s] -- Up-to-date symlink: /home/darren/Documents/cf_swarm/ros2_ws/install/crazyflie_examples/lib/python3.10/site-packages/crazyflie_examples/data/multi_trajectory/traj0.csv
[0.584s] -- Up-to-date symlink: /home/darren/Documents/cf_swarm/ros2_ws/install/crazyflie_examples/lib/python3.10/site-packages/crazyflie_examples/data/multi_trajectory/traj1.csv
[0.585s] -- Up-to-date symlink: /home/darren/Documents/cf_swarm/ros2_ws/install/crazyflie_examples/lib/python3.10/site-packages/crazyflie_examples/figure8.py
[0.585s] -- Up-to-date symlink: /home/darren/Documents/cf_swarm/ros2_ws/install/crazyflie_examples/lib/python3.10/site-packages/crazyflie_examples/hello_world.py
[0.585s] -- Up-to-date symlink: /home/darren/Documents/cf_swarm/ros2_ws/install/crazyflie_examples/lib/python3.10/site-packages/crazyflie_examples/multi_trajectory.py
[0.585s] -- Up-to-date symlink: /home/darren/Documents/cf_swarm/ros2_ws/install/crazyflie_examples/lib/python3.10/site-packages/crazyflie_examples/nice_hover.py
[0.586s] -- Up-to-date symlink: /home/darren/Documents/cf_swarm/ros2_ws/install/crazyflie_examples/lib/python3.10/site-packages/crazyflie_examples/set_param.py
[0.586s] -- Up-to-date symlink: /home/darren/Documents/cf_swarm/ros2_ws/install/crazyflie_examples/share/crazyflie_examples//config/nav2_params.yaml
[0.587s] -- Up-to-date symlink: /home/darren/Documents/cf_swarm/ros2_ws/install/crazyflie_examples/share/crazyflie_examples//config/nav2_view.rviz
[0.587s] -- Up-to-date symlink: /home/darren/Documents/cf_swarm/ros2_ws/install/crazyflie_examples/share/crazyflie_examples//data/map.data
[0.587s] -- Up-to-date symlink: /home/darren/Documents/cf_swarm/ros2_ws/install/crazyflie_examples/share/crazyflie_examples//data/map.pgm
[0.587s] -- Up-to-date symlink: /home/darren/Documents/cf_swarm/ros2_ws/install/crazyflie_examples/share/crazyflie_examples//data/map.posegraph
[0.588s] -- Up-to-date symlink: /home/darren/Documents/cf_swarm/ros2_ws/install/crazyflie_examples/share/crazyflie_examples//data/map.yaml
[0.588s] -- Up-to-date symlink: /home/darren/Documents/cf_swarm/ros2_ws/install/crazyflie_examples/share/crazyflie_examples//launch/keyboard_velmux_launch.py
[0.588s] -- Up-to-date symlink: /home/darren/Documents/cf_swarm/ros2_ws/install/crazyflie_examples/share/crazyflie_examples//launch/multiranger_mapping_launch.py
[0.589s] -- Up-to-date symlink: /home/darren/Documents/cf_swarm/ros2_ws/install/crazyflie_examples/share/crazyflie_examples//launch/multiranger_nav2_launch.py
[0.589s] -- Up-to-date symlink: /home/darren/Documents/cf_swarm/ros2_ws/install/crazyflie_examples/share/ament_index/resource_index/package_run_dependencies/crazyflie_examples
[0.589s] -- Up-to-date symlink: /home/darren/Documents/cf_swarm/ros2_ws/install/crazyflie_examples/share/ament_index/resource_index/parent_prefix_path/crazyflie_examples
[0.590s] -- Up-to-date symlink: /home/darren/Documents/cf_swarm/ros2_ws/install/crazyflie_examples/share/crazyflie_examples/environment/ament_prefix_path.sh
[0.590s] -- Up-to-date symlink: /home/darren/Documents/cf_swarm/ros2_ws/install/crazyflie_examples/share/crazyflie_examples/environment/ament_prefix_path.dsv
[0.590s] -- Up-to-date symlink: /home/darren/Documents/cf_swarm/ros2_ws/install/crazyflie_examples/share/crazyflie_examples/environment/path.sh
[0.591s] -- Up-to-date symlink: /home/darren/Documents/cf_swarm/ros2_ws/install/crazyflie_examples/share/crazyflie_examples/environment/path.dsv
[0.591s] -- Up-to-date symlink: /home/darren/Documents/cf_swarm/ros2_ws/install/crazyflie_examples/share/crazyflie_examples/local_setup.bash
[0.591s] -- Up-to-date symlink: /home/darren/Documents/cf_swarm/ros2_ws/install/crazyflie_examples/share/crazyflie_examples/local_setup.sh
[0.592s] -- Up-to-date symlink: /home/darren/Documents/cf_swarm/ros2_ws/install/crazyflie_examples/share/crazyflie_examples/local_setup.zsh
[0.592s] -- Up-to-date symlink: /home/darren/Documents/cf_swarm/ros2_ws/install/crazyflie_examples/share/crazyflie_examples/local_setup.dsv
[0.592s] -- Symlinking: /home/darren/Documents/cf_swarm/ros2_ws/install/crazyflie_examples/share/crazyflie_examples/package.dsv
[0.604s] -- Up-to-date symlink: /home/darren/Documents/cf_swarm/ros2_ws/install/crazyflie_examples/share/ament_index/resource_index/packages/crazyflie_examples
[0.604s] -- Up-to-date symlink: /home/darren/Documents/cf_swarm/ros2_ws/install/crazyflie_examples/share/crazyflie_examples/cmake/crazyflie_examplesConfig.cmake
[0.604s] -- Up-to-date symlink: /home/darren/Documents/cf_swarm/ros2_ws/install/crazyflie_examples/share/crazyflie_examples/cmake/crazyflie_examplesConfig-version.cmake
[0.605s] -- Up-to-date symlink: /home/darren/Documents/cf_swarm/ros2_ws/install/crazyflie_examples/share/crazyflie_examples/package.xml
[0.656s] Listing '/home/darren/Documents/cf_swarm/ros2_ws/install/crazyflie_examples/lib/python3.10/site-packages/crazyflie_examples'...
[0.656s] Listing '/home/darren/Documents/cf_swarm/ros2_ws/install/crazyflie_examples/lib/python3.10/site-packages/crazyflie_examples/data'...
[0.656s] Listing '/home/darren/Documents/cf_swarm/ros2_ws/install/crazyflie_examples/lib/python3.10/site-packages/crazyflie_examples/data/multi_trajectory'...
[0.662s] Invoked command in '/home/darren/Documents/cf_swarm/ros2_ws/build/crazyflie_examples' returned '0': AMENT_PREFIX_PATH=/home/darren/Documents/cf_swarm/ros2_ws/install/crazyflie_py:/home/darren/Documents/cf_swarm/ros2_ws/install/crazyflie_interfaces:${AMENT_PREFIX_PATH} CMAKE_PREFIX_PATH=/home/darren/Documents/cf_swarm/ros2_ws/install/crazyflie_interfaces:/home/darren/cf_swarm/ros2_ws/install/topic_tools:/home/darren/cf_swarm/ros2_ws/install/topic_tools_interfaces:/home/darren/cf_swarm/ros2_ws/install/motion_capture_tracking:/home/darren/cf_swarm/ros2_ws/install/crazyflie:/home/darren/cf_swarm/ros2_ws/install/motion_capture_tracking_interfaces:/home/darren/cf_swarm/ros2_ws/install/crazyflie_sim:/home/darren/cf_swarm/ros2_ws/install/crazyflie_examples:/home/darren/cf_swarm/ros2_ws/install/crazyflie_interfaces:/home/darren/cf_swarm/ros2_ws/install/localization_test:/home/darren/cf_swarm/ros2_ws/install/crazyflie_py:/opt/ros/iron LD_LIBRARY_PATH=/home/darren/Documents/cf_swarm/ros2_ws/install/crazyflie_interfaces/lib:${LD_LIBRARY_PATH} PYTHONPATH=/home/darren/Documents/cf_swarm/ros2_ws/build/crazyflie_py:/home/darren/Documents/cf_swarm/ros2_ws/install/crazyflie_py/lib/python3.10/site-packages:/home/darren/Documents/cf_swarm/ros2_ws/install/crazyflie_interfaces/lib/python3.10/site-packages:${PYTHONPATH} /usr/bin/cmake --install /home/darren/Documents/cf_swarm/ros2_ws/build/crazyflie_examples
