[35m[1mConsolidate compiler generated dependencies of target teleop[0m
[35m[1mConsolidate compiler generated dependencies of target crazyflieLinkCpp[0m
[ 25%] Built target crazyflieLinkCpp
[ 30%] Built target teleop
[35m[1mConsolidate compiler generated dependencies of target crazyflie_cpp[0m
[ 38%] Built target crazyflie_cpp
[35m[1mConsolidate compiler generated dependencies of target scan[0m
[35m[1mConsolidate compiler generated dependencies of target listMemories[0m
[35m[1mConsolidate compiler generated dependencies of target listLogVariables[0m
[35m[1mConsolidate compiler generated dependencies of target listParams[0m
[35m[1mConsolidate compiler generated dependencies of target crazyflie_server[0m
[35m[1mConsolidate compiler generated dependencies of target reboot[0m
[35m[1mConsolidate compiler generated dependencies of target battery[0m
[35m[1mConsolidate compiler generated dependencies of target version[0m
[35m[1mConsolidate compiler generated dependencies of target setParam[0m
[35m[1mConsolidate compiler generated dependencies of target console[0m
[35m[1mConsolidate compiler generated dependencies of target log[0m
[ 61%] Built target battery
[ 63%] Built target listParams
[ 63%] Built target listLogVariables
[ 63%] Built target scan
[ 66%] Built target listMemories
[ 86%] Built target reboot
[ 91%] Built target version
[ 94%] Built target setParam
[100%] Built target crazyflie_server
[100%] Built target console
[100%] Built target log
-- Install configuration: ""
-- Execute custom install script
-- Up-to-date symlink: /home/darren/Documents/cf_swarm/ros2_ws/src/install/crazyflie/lib/crazyflie/scan
-- Up-to-date symlink: /home/darren/Documents/cf_swarm/ros2_ws/src/install/crazyflie/lib/crazyflie/listParams
-- Up-to-date symlink: /home/darren/Documents/cf_swarm/ros2_ws/src/install/crazyflie/lib/crazyflie/listLogVariables
-- Up-to-date symlink: /home/darren/Documents/cf_swarm/ros2_ws/src/install/crazyflie/lib/crazyflie/listMemories
-- Up-to-date symlink: /home/darren/Documents/cf_swarm/ros2_ws/src/install/crazyflie/lib/crazyflie/reboot
-- Up-to-date symlink: /home/darren/Documents/cf_swarm/ros2_ws/src/install/crazyflie/lib/crazyflie/battery
-- Up-to-date symlink: /home/darren/Documents/cf_swarm/ros2_ws/src/install/crazyflie/lib/crazyflie/version
-- Up-to-date symlink: /home/darren/Documents/cf_swarm/ros2_ws/src/install/crazyflie/lib/crazyflie/console
-- Up-to-date symlink: /home/darren/Documents/cf_swarm/ros2_ws/src/install/crazyflie/lib/crazyflie/log
-- Up-to-date symlink: /home/darren/Documents/cf_swarm/ros2_ws/src/install/crazyflie/lib/crazyflie/setParam
-- Up-to-date symlink: /home/darren/Documents/cf_swarm/ros2_ws/src/install/crazyflie/lib/crazyflie/teleop
-- Up-to-date symlink: /home/darren/Documents/cf_swarm/ros2_ws/src/install/crazyflie/lib/crazyflie/crazyflie_server
-- Up-to-date symlink: /home/darren/Documents/cf_swarm/ros2_ws/src/install/crazyflie/lib/crazyflie/crazyflie_server.py
-- Up-to-date symlink: /home/darren/Documents/cf_swarm/ros2_ws/src/install/crazyflie/lib/crazyflie/chooser.py
-- Up-to-date symlink: /home/darren/Documents/cf_swarm/ros2_ws/src/install/crazyflie/lib/crazyflie/vel_mux.py
-- Up-to-date symlink: /home/darren/Documents/cf_swarm/ros2_ws/src/install/crazyflie/lib/crazyflie/cfmult.py
-- Up-to-date symlink: /home/darren/Documents/cf_swarm/ros2_ws/src/install/crazyflie/share/crazyflie//launch/launch.py
-- Up-to-date symlink: /home/darren/Documents/cf_swarm/ros2_ws/src/install/crazyflie/share/crazyflie//launch/launch_teleop2.py
-- Up-to-date symlink: /home/darren/Documents/cf_swarm/ros2_ws/src/install/crazyflie/share/crazyflie//launch/teleop_launch.py
-- Up-to-date symlink: /home/darren/Documents/cf_swarm/ros2_ws/src/install/crazyflie/share/crazyflie//config/config.rviz
-- Up-to-date symlink: /home/darren/Documents/cf_swarm/ros2_ws/src/install/crazyflie/share/crazyflie//config/crazyflies.yaml
-- Up-to-date symlink: /home/darren/Documents/cf_swarm/ros2_ws/src/install/crazyflie/share/crazyflie//config/motion_capture.yaml
-- Up-to-date symlink: /home/darren/Documents/cf_swarm/ros2_ws/src/install/crazyflie/share/crazyflie//config/server.yaml
-- Up-to-date symlink: /home/darren/Documents/cf_swarm/ros2_ws/src/install/crazyflie/share/crazyflie//config/teleop.yaml
-- Up-to-date symlink: /home/darren/Documents/cf_swarm/ros2_ws/src/install/crazyflie/share/ament_index/resource_index/package_run_dependencies/crazyflie
-- Up-to-date symlink: /home/darren/Documents/cf_swarm/ros2_ws/src/install/crazyflie/share/ament_index/resource_index/parent_prefix_path/crazyflie
-- Up-to-date symlink: /home/darren/Documents/cf_swarm/ros2_ws/src/install/crazyflie/share/crazyflie/environment/ament_prefix_path.sh
-- Up-to-date symlink: /home/darren/Documents/cf_swarm/ros2_ws/src/install/crazyflie/share/crazyflie/environment/ament_prefix_path.dsv
-- Up-to-date symlink: /home/darren/Documents/cf_swarm/ros2_ws/src/install/crazyflie/share/crazyflie/environment/path.sh
-- Up-to-date symlink: /home/darren/Documents/cf_swarm/ros2_ws/src/install/crazyflie/share/crazyflie/environment/path.dsv
-- Up-to-date symlink: /home/darren/Documents/cf_swarm/ros2_ws/src/install/crazyflie/share/crazyflie/local_setup.bash
-- Up-to-date symlink: /home/darren/Documents/cf_swarm/ros2_ws/src/install/crazyflie/share/crazyflie/local_setup.sh
-- Up-to-date symlink: /home/darren/Documents/cf_swarm/ros2_ws/src/install/crazyflie/share/crazyflie/local_setup.zsh
-- Up-to-date symlink: /home/darren/Documents/cf_swarm/ros2_ws/src/install/crazyflie/share/crazyflie/local_setup.dsv
-- Symlinking: /home/darren/Documents/cf_swarm/ros2_ws/src/install/crazyflie/share/crazyflie/package.dsv
-- Up-to-date symlink: /home/darren/Documents/cf_swarm/ros2_ws/src/install/crazyflie/share/ament_index/resource_index/packages/crazyflie
-- Up-to-date symlink: /home/darren/Documents/cf_swarm/ros2_ws/src/install/crazyflie/share/crazyflie/cmake/crazyflieConfig.cmake
-- Up-to-date symlink: /home/darren/Documents/cf_swarm/ros2_ws/src/install/crazyflie/share/crazyflie/cmake/crazyflieConfig-version.cmake
-- Up-to-date symlink: /home/darren/Documents/cf_swarm/ros2_ws/src/install/crazyflie/share/crazyflie/package.xml
