[0.280s] Invoking command in '/home/darren/Documents/cf_swarm/ros2_ws/src/build/crazyflie': AMENT_PREFIX_PATH=/home/darren/Documents/cf_swarm/ros2_ws/src/install/motion_capture_tracking_interfaces:/home/darren/Documents/cf_swarm/ros2_ws/src/install/crazyflie_interfaces:${AMENT_PREFIX_PATH} CMAKE_PREFIX_PATH=/home/darren/Documents/cf_swarm/ros2_ws/src/install/motion_capture_tracking_interfaces:/home/darren/Documents/cf_swarm/ros2_ws/src/install/crazyflie_interfaces:/opt/ros/iron LD_LIBRARY_PATH=/home/darren/Documents/cf_swarm/ros2_ws/src/install/motion_capture_tracking_interfaces/lib:/home/darren/Documents/cf_swarm/ros2_ws/src/install/crazyflie_interfaces/lib:${LD_LIBRARY_PATH} PYTHONPATH=/home/darren/Documents/cf_swarm/ros2_ws/src/install/motion_capture_tracking_interfaces/lib/python3.10/site-packages:/home/darren/Documents/cf_swarm/ros2_ws/src/install/crazyflie_interfaces/lib/python3.10/site-packages:${PYTHONPATH} /usr/bin/cmake --build /home/darren/Documents/cf_swarm/ros2_ws/src/build/crazyflie -- -j16 -l16
[0.320s] [35m[1mConsolidate compiler generated dependencies of target teleop[0m
[0.320s] [35m[1mConsolidate compiler generated dependencies of target crazyflieLinkCpp[0m
[0.339s] [ 25%] Built target crazyflieLinkCpp
[0.344s] [ 30%] Built target teleop
[0.350s] [35m[1mConsolidate compiler generated dependencies of target crazyflie_cpp[0m
[0.364s] [ 38%] Built target crazyflie_cpp
[0.378s] [35m[1mConsolidate compiler generated dependencies of target scan[0m
[0.378s] [35m[1mConsolidate compiler generated dependencies of target listMemories[0m
[0.378s] [35m[1mConsolidate compiler generated dependencies of target listLogVariables[0m
[0.378s] [35m[1mConsolidate compiler generated dependencies of target listParams[0m
[0.378s] [35m[1mConsolidate compiler generated dependencies of target crazyflie_server[0m
[0.379s] [35m[1mConsolidate compiler generated dependencies of target reboot[0m
[0.379s] [35m[1mConsolidate compiler generated dependencies of target battery[0m
[0.379s] [35m[1mConsolidate compiler generated dependencies of target version[0m
[0.379s] [35m[1mConsolidate compiler generated dependencies of target setParam[0m
[0.380s] [35m[1mConsolidate compiler generated dependencies of target console[0m
[0.380s] [35m[1mConsolidate compiler generated dependencies of target log[0m
[0.407s] [ 61%] Built target battery
[0.408s] [ 63%] Built target listParams
[0.408s] [ 63%] Built target listLogVariables
[0.408s] [ 63%] Built target scan
[0.408s] [ 66%] Built target listMemories
[0.409s] [ 86%] Built target reboot
[0.409s] [ 91%] Built target version
[0.409s] [ 94%] Built target setParam
[0.409s] [100%] Built target crazyflie_server
[0.409s] [100%] Built target console
[0.409s] [100%] Built target log
[0.423s] Invoked command in '/home/darren/Documents/cf_swarm/ros2_ws/src/build/crazyflie' returned '0': AMENT_PREFIX_PATH=/home/darren/Documents/cf_swarm/ros2_ws/src/install/motion_capture_tracking_interfaces:/home/darren/Documents/cf_swarm/ros2_ws/src/install/crazyflie_interfaces:${AMENT_PREFIX_PATH} CMAKE_PREFIX_PATH=/home/darren/Documents/cf_swarm/ros2_ws/src/install/motion_capture_tracking_interfaces:/home/darren/Documents/cf_swarm/ros2_ws/src/install/crazyflie_interfaces:/opt/ros/iron LD_LIBRARY_PATH=/home/darren/Documents/cf_swarm/ros2_ws/src/install/motion_capture_tracking_interfaces/lib:/home/darren/Documents/cf_swarm/ros2_ws/src/install/crazyflie_interfaces/lib:${LD_LIBRARY_PATH} PYTHONPATH=/home/darren/Documents/cf_swarm/ros2_ws/src/install/motion_capture_tracking_interfaces/lib/python3.10/site-packages:/home/darren/Documents/cf_swarm/ros2_ws/src/install/crazyflie_interfaces/lib/python3.10/site-packages:${PYTHONPATH} /usr/bin/cmake --build /home/darren/Documents/cf_swarm/ros2_ws/src/build/crazyflie -- -j16 -l16
[0.457s] Invoking command in '/home/darren/Documents/cf_swarm/ros2_ws/src/build/crazyflie': AMENT_PREFIX_PATH=/home/darren/Documents/cf_swarm/ros2_ws/src/install/motion_capture_tracking_interfaces:/home/darren/Documents/cf_swarm/ros2_ws/src/install/crazyflie_interfaces:${AMENT_PREFIX_PATH} CMAKE_PREFIX_PATH=/home/darren/Documents/cf_swarm/ros2_ws/src/install/motion_capture_tracking_interfaces:/home/darren/Documents/cf_swarm/ros2_ws/src/install/crazyflie_interfaces:/opt/ros/iron LD_LIBRARY_PATH=/home/darren/Documents/cf_swarm/ros2_ws/src/install/motion_capture_tracking_interfaces/lib:/home/darren/Documents/cf_swarm/ros2_ws/src/install/crazyflie_interfaces/lib:${LD_LIBRARY_PATH} PYTHONPATH=/home/darren/Documents/cf_swarm/ros2_ws/src/install/motion_capture_tracking_interfaces/lib/python3.10/site-packages:/home/darren/Documents/cf_swarm/ros2_ws/src/install/crazyflie_interfaces/lib/python3.10/site-packages:${PYTHONPATH} /usr/bin/cmake --install /home/darren/Documents/cf_swarm/ros2_ws/src/build/crazyflie
[0.464s] -- Install configuration: ""
[0.465s] -- Execute custom install script
[0.465s] -- Up-to-date symlink: /home/darren/Documents/cf_swarm/ros2_ws/src/install/crazyflie/lib/crazyflie/scan
[0.465s] -- Up-to-date symlink: /home/darren/Documents/cf_swarm/ros2_ws/src/install/crazyflie/lib/crazyflie/listParams
[0.465s] -- Up-to-date symlink: /home/darren/Documents/cf_swarm/ros2_ws/src/install/crazyflie/lib/crazyflie/listLogVariables
[0.466s] -- Up-to-date symlink: /home/darren/Documents/cf_swarm/ros2_ws/src/install/crazyflie/lib/crazyflie/listMemories
[0.466s] -- Up-to-date symlink: /home/darren/Documents/cf_swarm/ros2_ws/src/install/crazyflie/lib/crazyflie/reboot
[0.466s] -- Up-to-date symlink: /home/darren/Documents/cf_swarm/ros2_ws/src/install/crazyflie/lib/crazyflie/battery
[0.466s] -- Up-to-date symlink: /home/darren/Documents/cf_swarm/ros2_ws/src/install/crazyflie/lib/crazyflie/version
[0.466s] -- Up-to-date symlink: /home/darren/Documents/cf_swarm/ros2_ws/src/install/crazyflie/lib/crazyflie/console
[0.466s] -- Up-to-date symlink: /home/darren/Documents/cf_swarm/ros2_ws/src/install/crazyflie/lib/crazyflie/log
[0.467s] -- Up-to-date symlink: /home/darren/Documents/cf_swarm/ros2_ws/src/install/crazyflie/lib/crazyflie/setParam
[0.467s] -- Up-to-date symlink: /home/darren/Documents/cf_swarm/ros2_ws/src/install/crazyflie/lib/crazyflie/teleop
[0.467s] -- Up-to-date symlink: /home/darren/Documents/cf_swarm/ros2_ws/src/install/crazyflie/lib/crazyflie/crazyflie_server
[0.467s] -- Up-to-date symlink: /home/darren/Documents/cf_swarm/ros2_ws/src/install/crazyflie/lib/crazyflie/crazyflie_server.py
[0.467s] -- Up-to-date symlink: /home/darren/Documents/cf_swarm/ros2_ws/src/install/crazyflie/lib/crazyflie/chooser.py
[0.467s] -- Up-to-date symlink: /home/darren/Documents/cf_swarm/ros2_ws/src/install/crazyflie/lib/crazyflie/vel_mux.py
[0.467s] -- Up-to-date symlink: /home/darren/Documents/cf_swarm/ros2_ws/src/install/crazyflie/lib/crazyflie/cfmult.py
[0.468s] -- Up-to-date symlink: /home/darren/Documents/cf_swarm/ros2_ws/src/install/crazyflie/share/crazyflie//launch/launch.py
[0.468s] -- Up-to-date symlink: /home/darren/Documents/cf_swarm/ros2_ws/src/install/crazyflie/share/crazyflie//launch/launch_teleop2.py
[0.468s] -- Up-to-date symlink: /home/darren/Documents/cf_swarm/ros2_ws/src/install/crazyflie/share/crazyflie//launch/teleop_launch.py
[0.468s] -- Up-to-date symlink: /home/darren/Documents/cf_swarm/ros2_ws/src/install/crazyflie/share/crazyflie//config/config.rviz
[0.468s] -- Up-to-date symlink: /home/darren/Documents/cf_swarm/ros2_ws/src/install/crazyflie/share/crazyflie//config/crazyflies.yaml
[0.468s] -- Up-to-date symlink: /home/darren/Documents/cf_swarm/ros2_ws/src/install/crazyflie/share/crazyflie//config/motion_capture.yaml
[0.469s] -- Up-to-date symlink: /home/darren/Documents/cf_swarm/ros2_ws/src/install/crazyflie/share/crazyflie//config/server.yaml
[0.469s] -- Up-to-date symlink: /home/darren/Documents/cf_swarm/ros2_ws/src/install/crazyflie/share/crazyflie//config/teleop.yaml
[0.469s] -- Up-to-date symlink: /home/darren/Documents/cf_swarm/ros2_ws/src/install/crazyflie/share/ament_index/resource_index/package_run_dependencies/crazyflie
[0.469s] -- Up-to-date symlink: /home/darren/Documents/cf_swarm/ros2_ws/src/install/crazyflie/share/ament_index/resource_index/parent_prefix_path/crazyflie
[0.469s] -- Up-to-date symlink: /home/darren/Documents/cf_swarm/ros2_ws/src/install/crazyflie/share/crazyflie/environment/ament_prefix_path.sh
[0.469s] -- Up-to-date symlink: /home/darren/Documents/cf_swarm/ros2_ws/src/install/crazyflie/share/crazyflie/environment/ament_prefix_path.dsv
[0.470s] -- Up-to-date symlink: /home/darren/Documents/cf_swarm/ros2_ws/src/install/crazyflie/share/crazyflie/environment/path.sh
[0.470s] -- Up-to-date symlink: /home/darren/Documents/cf_swarm/ros2_ws/src/install/crazyflie/share/crazyflie/environment/path.dsv
[0.470s] -- Up-to-date symlink: /home/darren/Documents/cf_swarm/ros2_ws/src/install/crazyflie/share/crazyflie/local_setup.bash
[0.470s] -- Up-to-date symlink: /home/darren/Documents/cf_swarm/ros2_ws/src/install/crazyflie/share/crazyflie/local_setup.sh
[0.470s] -- Up-to-date symlink: /home/darren/Documents/cf_swarm/ros2_ws/src/install/crazyflie/share/crazyflie/local_setup.zsh
[0.470s] -- Up-to-date symlink: /home/darren/Documents/cf_swarm/ros2_ws/src/install/crazyflie/share/crazyflie/local_setup.dsv
[0.471s] -- Symlinking: /home/darren/Documents/cf_swarm/ros2_ws/src/install/crazyflie/share/crazyflie/package.dsv
[0.480s] -- Up-to-date symlink: /home/darren/Documents/cf_swarm/ros2_ws/src/install/crazyflie/share/ament_index/resource_index/packages/crazyflie
[0.480s] -- Up-to-date symlink: /home/darren/Documents/cf_swarm/ros2_ws/src/install/crazyflie/share/crazyflie/cmake/crazyflieConfig.cmake
[0.480s] -- Up-to-date symlink: /home/darren/Documents/cf_swarm/ros2_ws/src/install/crazyflie/share/crazyflie/cmake/crazyflieConfig-version.cmake
[0.480s] -- Up-to-date symlink: /home/darren/Documents/cf_swarm/ros2_ws/src/install/crazyflie/share/crazyflie/package.xml
[0.482s] Invoked command in '/home/darren/Documents/cf_swarm/ros2_ws/src/build/crazyflie' returned '0': AMENT_PREFIX_PATH=/home/darren/Documents/cf_swarm/ros2_ws/src/install/motion_capture_tracking_interfaces:/home/darren/Documents/cf_swarm/ros2_ws/src/install/crazyflie_interfaces:${AMENT_PREFIX_PATH} CMAKE_PREFIX_PATH=/home/darren/Documents/cf_swarm/ros2_ws/src/install/motion_capture_tracking_interfaces:/home/darren/Documents/cf_swarm/ros2_ws/src/install/crazyflie_interfaces:/opt/ros/iron LD_LIBRARY_PATH=/home/darren/Documents/cf_swarm/ros2_ws/src/install/motion_capture_tracking_interfaces/lib:/home/darren/Documents/cf_swarm/ros2_ws/src/install/crazyflie_interfaces/lib:${LD_LIBRARY_PATH} PYTHONPATH=/home/darren/Documents/cf_swarm/ros2_ws/src/install/motion_capture_tracking_interfaces/lib/python3.10/site-packages:/home/darren/Documents/cf_swarm/ros2_ws/src/install/crazyflie_interfaces/lib/python3.10/site-packages:${PYTHONPATH} /usr/bin/cmake --install /home/darren/Documents/cf_swarm/ros2_ws/src/build/crazyflie
