[1.110s] Invoking command in '/home/darren/Documents/cf_swarm/ros2_ws/build/crazyflie_py': AMENT_PREFIX_PATH=/home/darren/Documents/cf_swarm/ros2_ws/install/crazyflie_interfaces CMAKE_PREFIX_PATH=/home/darren/Documents/cf_swarm/ros2_ws/install/crazyflie_interfaces CONDA_PROMPT_MODIFIER=(base) LD_LIBRARY_PATH=/home/darren/Documents/cf_swarm/ros2_ws/install/crazyflie_interfaces/lib PYTHONPATH=/home/darren/Documents/cf_swarm/ros2_ws/build/crazyflie_py/prefix_override:/home/darren/Documents/cf_swarm/ros2_ws/install/crazyflie_py/lib/python3.10/site-packages:/home/darren/Documents/cf_swarm/ros2_ws/install/crazyflie_interfaces/lib/python3.10/site-packages /usr/bin/python3 setup.py develop --editable --build-directory /home/darren/Documents/cf_swarm/ros2_ws/build/crazyflie_py/build --no-deps install_data
[1.507s] /usr/lib/python3/dist-packages/setuptools/command/easy_install.py:158: EasyInstallDeprecationWarning: easy_install command is deprecated. Use build and pip and other standards-based tools.
[1.507s]   warnings.warn(
[1.507s] /usr/lib/python3/dist-packages/setuptools/command/install.py:34: SetuptoolsDeprecationWarning: setup.py install is deprecated. Use build and pip and other standards-based tools.
[1.507s]   warnings.warn(
[1.507s] running develop
[1.671s] running egg_info
[1.672s] writing crazyflie_py.egg-info/PKG-INFO
[1.672s] writing dependency_links to crazyflie_py.egg-info/dependency_links.txt
[1.672s] writing entry points to crazyflie_py.egg-info/entry_points.txt
[1.672s] writing requirements to crazyflie_py.egg-info/requires.txt
[1.672s] writing top-level names to crazyflie_py.egg-info/top_level.txt
[1.677s] reading manifest file 'crazyflie_py.egg-info/SOURCES.txt'
[1.678s] writing manifest file 'crazyflie_py.egg-info/SOURCES.txt'
[1.680s] running build_ext
[1.681s] Creating /home/darren/Documents/cf_swarm/ros2_ws/install/crazyflie_py/lib/python3.10/site-packages/crazyflie-py.egg-link (link to .)
[1.682s] 
[1.682s] Installed /home/darren/Documents/cf_swarm/ros2_ws/build/crazyflie_py
[1.682s] running install_data
[1.743s] Invoked command in '/home/darren/Documents/cf_swarm/ros2_ws/build/crazyflie_py' returned '0': AMENT_PREFIX_PATH=/home/darren/Documents/cf_swarm/ros2_ws/install/crazyflie_interfaces CMAKE_PREFIX_PATH=/home/darren/Documents/cf_swarm/ros2_ws/install/crazyflie_interfaces CONDA_PROMPT_MODIFIER=(base) LD_LIBRARY_PATH=/home/darren/Documents/cf_swarm/ros2_ws/install/crazyflie_interfaces/lib PYTHONPATH=/home/darren/Documents/cf_swarm/ros2_ws/build/crazyflie_py/prefix_override:/home/darren/Documents/cf_swarm/ros2_ws/install/crazyflie_py/lib/python3.10/site-packages:/home/darren/Documents/cf_swarm/ros2_ws/install/crazyflie_interfaces/lib/python3.10/site-packages /usr/bin/python3 setup.py develop --editable --build-directory /home/darren/Documents/cf_swarm/ros2_ws/build/crazyflie_py/build --no-deps install_data
