[0.549s] Invoking command in '/home/darren/Documents/cf_swarm/ros2_ws/build/crazyflie_sim': AMENT_PREFIX_PATH=/home/darren/Documents/cf_swarm/ros2_ws/install/crazyflie_interfaces:${AMENT_PREFIX_PATH} CMAKE_PREFIX_PATH=/home/darren/Documents/cf_swarm/ros2_ws/install/crazyflie_interfaces:/home/darren/Documents/cf_swarm/ros2_ws/install/motion_capture_tracking:/home/darren/Documents/cf_swarm/ros2_ws/install/crazyflie:/home/darren/Documents/cf_swarm/ros2_ws/install/motion_capture_tracking_interfaces:/home/darren/Documents/cf_swarm/ros2_ws/install/crazyflie_sim:/home/darren/Documents/cf_swarm/ros2_ws/install/crazyflie_examples:/home/darren/Documents/cf_swarm/ros2_ws/install/localization_test:/home/darren/Documents/cf_swarm/ros2_ws/install/crazyflie_py:/opt/ros/iron CONDA_PROMPT_MODIFIER=(base) LD_LIBRARY_PATH=/home/darren/Documents/cf_swarm/ros2_ws/install/crazyflie_interfaces/lib:/home/darren/Documents/cf_swarm/ros2_ws/install/motion_capture_tracking_interfaces/lib:/opt/ros/iron/opt/rviz_ogre_vendor/lib:/opt/ros/iron/lib/x86_64-linux-gnu:/opt/ros/iron/lib PYTHONPATH=/home/darren/Documents/cf_swarm/ros2_ws/install/crazyflie_interfaces/lib/python3.10/site-packages:/home/darren/Documents/cf_swarm/ros2_ws/install/motion_capture_tracking_interfaces/lib/python3.10/site-packages:/home/darren/Documents/cf_swarm/ros2_ws/build/localization_test:/home/darren/Documents/cf_swarm/ros2_ws/install/localization_test/lib/python3.10/site-packages:/home/darren/Documents/cf_swarm/ros2_ws/install/crazyflie_sim/lib/python3.10/site-packages:/home/darren/Documents/cf_swarm/ros2_ws/install/crazyflie_examples/lib/python3.10/site-packages:/home/darren/Documents/cf_swarm/ros2_ws/build/crazyflie_py:/home/darren/Documents/cf_swarm/ros2_ws/install/crazyflie_py/lib/python3.10/site-packages:/opt/ros/iron/lib/python3.10/site-packages /usr/bin/cmake /home/darren/Documents/cf_swarm/ros2_ws/src/crazyswarm2/crazyflie_sim -DCMAKE_BUILD_TYPE=Release -DAMENT_CMAKE_SYMLINK_INSTALL=1 -DCMAKE_INSTALL_PREFIX=/home/darren/Documents/cf_swarm/ros2_ws/install/crazyflie_sim
[0.562s] -- Found ament_cmake: 2.0.3 (/opt/ros/iron/share/ament_cmake/cmake)
[0.738s] -- Override CMake install command with custom implementation using symlinks instead of copying resources
[0.829s] -- Found ament_cmake_pytest: 2.0.3 (/opt/ros/iron/share/ament_cmake_pytest/cmake)
[2.111s] -- Configuring done
[2.118s] -- Generating done
[2.119s] -- Build files have been written to: /home/darren/Documents/cf_swarm/ros2_ws/build/crazyflie_sim
[2.123s] Invoked command in '/home/darren/Documents/cf_swarm/ros2_ws/build/crazyflie_sim' returned '0': AMENT_PREFIX_PATH=/home/darren/Documents/cf_swarm/ros2_ws/install/crazyflie_interfaces:${AMENT_PREFIX_PATH} CMAKE_PREFIX_PATH=/home/darren/Documents/cf_swarm/ros2_ws/install/crazyflie_interfaces:/home/darren/Documents/cf_swarm/ros2_ws/install/motion_capture_tracking:/home/darren/Documents/cf_swarm/ros2_ws/install/crazyflie:/home/darren/Documents/cf_swarm/ros2_ws/install/motion_capture_tracking_interfaces:/home/darren/Documents/cf_swarm/ros2_ws/install/crazyflie_sim:/home/darren/Documents/cf_swarm/ros2_ws/install/crazyflie_examples:/home/darren/Documents/cf_swarm/ros2_ws/install/localization_test:/home/darren/Documents/cf_swarm/ros2_ws/install/crazyflie_py:/opt/ros/iron CONDA_PROMPT_MODIFIER=(base) LD_LIBRARY_PATH=/home/darren/Documents/cf_swarm/ros2_ws/install/crazyflie_interfaces/lib:/home/darren/Documents/cf_swarm/ros2_ws/install/motion_capture_tracking_interfaces/lib:/opt/ros/iron/opt/rviz_ogre_vendor/lib:/opt/ros/iron/lib/x86_64-linux-gnu:/opt/ros/iron/lib PYTHONPATH=/home/darren/Documents/cf_swarm/ros2_ws/install/crazyflie_interfaces/lib/python3.10/site-packages:/home/darren/Documents/cf_swarm/ros2_ws/install/motion_capture_tracking_interfaces/lib/python3.10/site-packages:/home/darren/Documents/cf_swarm/ros2_ws/build/localization_test:/home/darren/Documents/cf_swarm/ros2_ws/install/localization_test/lib/python3.10/site-packages:/home/darren/Documents/cf_swarm/ros2_ws/install/crazyflie_sim/lib/python3.10/site-packages:/home/darren/Documents/cf_swarm/ros2_ws/install/crazyflie_examples/lib/python3.10/site-packages:/home/darren/Documents/cf_swarm/ros2_ws/build/crazyflie_py:/home/darren/Documents/cf_swarm/ros2_ws/install/crazyflie_py/lib/python3.10/site-packages:/opt/ros/iron/lib/python3.10/site-packages /usr/bin/cmake /home/darren/Documents/cf_swarm/ros2_ws/src/crazyswarm2/crazyflie_sim -DCMAKE_BUILD_TYPE=Release -DAMENT_CMAKE_SYMLINK_INSTALL=1 -DCMAKE_INSTALL_PREFIX=/home/darren/Documents/cf_swarm/ros2_ws/install/crazyflie_sim
[2.125s] Invoking command in '/home/darren/Documents/cf_swarm/ros2_ws/build/crazyflie_sim': AMENT_PREFIX_PATH=/home/darren/Documents/cf_swarm/ros2_ws/install/crazyflie_interfaces:${AMENT_PREFIX_PATH} CMAKE_PREFIX_PATH=/home/darren/Documents/cf_swarm/ros2_ws/install/crazyflie_interfaces:/home/darren/Documents/cf_swarm/ros2_ws/install/motion_capture_tracking:/home/darren/Documents/cf_swarm/ros2_ws/install/crazyflie:/home/darren/Documents/cf_swarm/ros2_ws/install/motion_capture_tracking_interfaces:/home/darren/Documents/cf_swarm/ros2_ws/install/crazyflie_sim:/home/darren/Documents/cf_swarm/ros2_ws/install/crazyflie_examples:/home/darren/Documents/cf_swarm/ros2_ws/install/localization_test:/home/darren/Documents/cf_swarm/ros2_ws/install/crazyflie_py:/opt/ros/iron CONDA_PROMPT_MODIFIER=(base) LD_LIBRARY_PATH=/home/darren/Documents/cf_swarm/ros2_ws/install/crazyflie_interfaces/lib:/home/darren/Documents/cf_swarm/ros2_ws/install/motion_capture_tracking_interfaces/lib:/opt/ros/iron/opt/rviz_ogre_vendor/lib:/opt/ros/iron/lib/x86_64-linux-gnu:/opt/ros/iron/lib PYTHONPATH=/home/darren/Documents/cf_swarm/ros2_ws/install/crazyflie_interfaces/lib/python3.10/site-packages:/home/darren/Documents/cf_swarm/ros2_ws/install/motion_capture_tracking_interfaces/lib/python3.10/site-packages:/home/darren/Documents/cf_swarm/ros2_ws/build/localization_test:/home/darren/Documents/cf_swarm/ros2_ws/install/localization_test/lib/python3.10/site-packages:/home/darren/Documents/cf_swarm/ros2_ws/install/crazyflie_sim/lib/python3.10/site-packages:/home/darren/Documents/cf_swarm/ros2_ws/install/crazyflie_examples/lib/python3.10/site-packages:/home/darren/Documents/cf_swarm/ros2_ws/build/crazyflie_py:/home/darren/Documents/cf_swarm/ros2_ws/install/crazyflie_py/lib/python3.10/site-packages:/opt/ros/iron/lib/python3.10/site-packages /usr/bin/cmake --build /home/darren/Documents/cf_swarm/ros2_ws/build/crazyflie_sim -- -j16 -l16
[2.188s] Built target ament_cmake_python_symlink_crazyflie_sim
[2.189s] Built target ament_cmake_python_symlink_crazyflie_sim_setup
[2.519s] running install_scripts
[2.523s] /usr/lib/python3/dist-packages/setuptools/command/install.py:34: SetuptoolsDeprecationWarning: setup.py install is deprecated. Use build and pip and other standards-based tools.
[2.524s]   warnings.warn(
[2.541s] running egg_info
[2.543s] writing crazyflie_sim.egg-info/PKG-INFO
[2.543s] writing dependency_links to crazyflie_sim.egg-info/dependency_links.txt
[2.543s] writing entry points to crazyflie_sim.egg-info/entry_points.txt
[2.543s] writing top-level names to crazyflie_sim.egg-info/top_level.txt
[2.550s] reading manifest file 'crazyflie_sim.egg-info/SOURCES.txt'
[2.551s] writing manifest file 'crazyflie_sim.egg-info/SOURCES.txt'
[2.561s] running egg_info
[2.563s] writing crazyflie_sim.egg-info/PKG-INFO
[2.563s] writing dependency_links to crazyflie_sim.egg-info/dependency_links.txt
[2.563s] writing entry points to crazyflie_sim.egg-info/entry_points.txt
[2.563s] writing top-level names to crazyflie_sim.egg-info/top_level.txt
[2.570s] reading manifest file 'crazyflie_sim.egg-info/SOURCES.txt'
[2.571s] writing manifest file 'crazyflie_sim.egg-info/SOURCES.txt'
[2.574s] Installing crazyflie_server script to scripts
[2.651s] Built target ament_cmake_python_build_crazyflie_sim_egg
[2.679s] Built target ament_cmake_python_build_crazyflie_sim_scripts
[2.755s] Invoked command in '/home/darren/Documents/cf_swarm/ros2_ws/build/crazyflie_sim' returned '0': AMENT_PREFIX_PATH=/home/darren/Documents/cf_swarm/ros2_ws/install/crazyflie_interfaces:${AMENT_PREFIX_PATH} CMAKE_PREFIX_PATH=/home/darren/Documents/cf_swarm/ros2_ws/install/crazyflie_interfaces:/home/darren/Documents/cf_swarm/ros2_ws/install/motion_capture_tracking:/home/darren/Documents/cf_swarm/ros2_ws/install/crazyflie:/home/darren/Documents/cf_swarm/ros2_ws/install/motion_capture_tracking_interfaces:/home/darren/Documents/cf_swarm/ros2_ws/install/crazyflie_sim:/home/darren/Documents/cf_swarm/ros2_ws/install/crazyflie_examples:/home/darren/Documents/cf_swarm/ros2_ws/install/localization_test:/home/darren/Documents/cf_swarm/ros2_ws/install/crazyflie_py:/opt/ros/iron CONDA_PROMPT_MODIFIER=(base) LD_LIBRARY_PATH=/home/darren/Documents/cf_swarm/ros2_ws/install/crazyflie_interfaces/lib:/home/darren/Documents/cf_swarm/ros2_ws/install/motion_capture_tracking_interfaces/lib:/opt/ros/iron/opt/rviz_ogre_vendor/lib:/opt/ros/iron/lib/x86_64-linux-gnu:/opt/ros/iron/lib PYTHONPATH=/home/darren/Documents/cf_swarm/ros2_ws/install/crazyflie_interfaces/lib/python3.10/site-packages:/home/darren/Documents/cf_swarm/ros2_ws/install/motion_capture_tracking_interfaces/lib/python3.10/site-packages:/home/darren/Documents/cf_swarm/ros2_ws/build/localization_test:/home/darren/Documents/cf_swarm/ros2_ws/install/localization_test/lib/python3.10/site-packages:/home/darren/Documents/cf_swarm/ros2_ws/install/crazyflie_sim/lib/python3.10/site-packages:/home/darren/Documents/cf_swarm/ros2_ws/install/crazyflie_examples/lib/python3.10/site-packages:/home/darren/Documents/cf_swarm/ros2_ws/build/crazyflie_py:/home/darren/Documents/cf_swarm/ros2_ws/install/crazyflie_py/lib/python3.10/site-packages:/opt/ros/iron/lib/python3.10/site-packages /usr/bin/cmake --build /home/darren/Documents/cf_swarm/ros2_ws/build/crazyflie_sim -- -j16 -l16
[3.083s] Invoking command in '/home/darren/Documents/cf_swarm/ros2_ws/build/crazyflie_sim': AMENT_PREFIX_PATH=/home/darren/Documents/cf_swarm/ros2_ws/install/crazyflie_interfaces:${AMENT_PREFIX_PATH} CMAKE_PREFIX_PATH=/home/darren/Documents/cf_swarm/ros2_ws/install/crazyflie_interfaces:/home/darren/Documents/cf_swarm/ros2_ws/install/motion_capture_tracking:/home/darren/Documents/cf_swarm/ros2_ws/install/crazyflie:/home/darren/Documents/cf_swarm/ros2_ws/install/motion_capture_tracking_interfaces:/home/darren/Documents/cf_swarm/ros2_ws/install/crazyflie_sim:/home/darren/Documents/cf_swarm/ros2_ws/install/crazyflie_examples:/home/darren/Documents/cf_swarm/ros2_ws/install/localization_test:/home/darren/Documents/cf_swarm/ros2_ws/install/crazyflie_py:/opt/ros/iron CONDA_PROMPT_MODIFIER=(base) LD_LIBRARY_PATH=/home/darren/Documents/cf_swarm/ros2_ws/install/crazyflie_interfaces/lib:/home/darren/Documents/cf_swarm/ros2_ws/install/motion_capture_tracking_interfaces/lib:/opt/ros/iron/opt/rviz_ogre_vendor/lib:/opt/ros/iron/lib/x86_64-linux-gnu:/opt/ros/iron/lib PYTHONPATH=/home/darren/Documents/cf_swarm/ros2_ws/install/crazyflie_interfaces/lib/python3.10/site-packages:/home/darren/Documents/cf_swarm/ros2_ws/install/motion_capture_tracking_interfaces/lib/python3.10/site-packages:/home/darren/Documents/cf_swarm/ros2_ws/build/localization_test:/home/darren/Documents/cf_swarm/ros2_ws/install/localization_test/lib/python3.10/site-packages:/home/darren/Documents/cf_swarm/ros2_ws/install/crazyflie_sim/lib/python3.10/site-packages:/home/darren/Documents/cf_swarm/ros2_ws/install/crazyflie_examples/lib/python3.10/site-packages:/home/darren/Documents/cf_swarm/ros2_ws/build/crazyflie_py:/home/darren/Documents/cf_swarm/ros2_ws/install/crazyflie_py/lib/python3.10/site-packages:/opt/ros/iron/lib/python3.10/site-packages /usr/bin/cmake --install /home/darren/Documents/cf_swarm/ros2_ws/build/crazyflie_sim
[3.112s] -- Install configuration: "Release"
[3.114s] -- Execute custom install script
[3.123s] -- Up-to-date symlink: /home/darren/Documents/cf_swarm/ros2_ws/install/crazyflie_sim/share/crazyflie_sim/environment/pythonpath.sh
[3.123s] -- Up-to-date symlink: /home/darren/Documents/cf_swarm/ros2_ws/install/crazyflie_sim/share/crazyflie_sim/environment/pythonpath.dsv
[3.124s] -- Up-to-date symlink: /home/darren/Documents/cf_swarm/ros2_ws/install/crazyflie_sim/lib/python3.10/site-packages/crazyflie_sim-2.0.0-py3.10.egg-info/PKG-INFO
[3.125s] -- Up-to-date symlink: /home/darren/Documents/cf_swarm/ros2_ws/install/crazyflie_sim/lib/python3.10/site-packages/crazyflie_sim-2.0.0-py3.10.egg-info/SOURCES.txt
[3.125s] -- Up-to-date symlink: /home/darren/Documents/cf_swarm/ros2_ws/install/crazyflie_sim/lib/python3.10/site-packages/crazyflie_sim-2.0.0-py3.10.egg-info/dependency_links.txt
[3.126s] -- Up-to-date symlink: /home/darren/Documents/cf_swarm/ros2_ws/install/crazyflie_sim/lib/python3.10/site-packages/crazyflie_sim-2.0.0-py3.10.egg-info/entry_points.txt
[3.127s] -- Up-to-date symlink: /home/darren/Documents/cf_swarm/ros2_ws/install/crazyflie_sim/lib/python3.10/site-packages/crazyflie_sim-2.0.0-py3.10.egg-info/top_level.txt
[3.127s] -- Up-to-date symlink: /home/darren/Documents/cf_swarm/ros2_ws/install/crazyflie_sim/lib/crazyflie_sim//crazyflie_server
[3.130s] -- Up-to-date symlink: /home/darren/Documents/cf_swarm/ros2_ws/install/crazyflie_sim/lib/python3.10/site-packages/crazyflie_sim/__init__.py
[3.131s] -- Up-to-date symlink: /home/darren/Documents/cf_swarm/ros2_ws/install/crazyflie_sim/lib/python3.10/site-packages/crazyflie_sim/backend/none.py
[3.131s] -- Up-to-date symlink: /home/darren/Documents/cf_swarm/ros2_ws/install/crazyflie_sim/lib/python3.10/site-packages/crazyflie_sim/backend/np.py
[3.131s] -- Up-to-date symlink: /home/darren/Documents/cf_swarm/ros2_ws/install/crazyflie_sim/lib/python3.10/site-packages/crazyflie_sim/crazyflie_server.py
[3.132s] -- Up-to-date symlink: /home/darren/Documents/cf_swarm/ros2_ws/install/crazyflie_sim/lib/python3.10/site-packages/crazyflie_sim/crazyflie_sil.py
[3.133s] -- Up-to-date symlink: /home/darren/Documents/cf_swarm/ros2_ws/install/crazyflie_sim/lib/python3.10/site-packages/crazyflie_sim/sim_data_types.py
[3.133s] -- Up-to-date symlink: /home/darren/Documents/cf_swarm/ros2_ws/install/crazyflie_sim/lib/python3.10/site-packages/crazyflie_sim/visualization/README.md
[3.134s] -- Up-to-date symlink: /home/darren/Documents/cf_swarm/ros2_ws/install/crazyflie_sim/lib/python3.10/site-packages/crazyflie_sim/visualization/blender.py
[3.139s] -- Up-to-date symlink: /home/darren/Documents/cf_swarm/ros2_ws/install/crazyflie_sim/lib/python3.10/site-packages/crazyflie_sim/visualization/data/README.md
[3.140s] -- Up-to-date symlink: /home/darren/Documents/cf_swarm/ros2_ws/install/crazyflie_sim/lib/python3.10/site-packages/crazyflie_sim/visualization/data/env/abandoned_greenhouse.jpg
[3.140s] -- Up-to-date symlink: /home/darren/Documents/cf_swarm/ros2_ws/install/crazyflie_sim/lib/python3.10/site-packages/crazyflie_sim/visualization/data/env/aerodynamics_workshop.jpg
[3.141s] -- Up-to-date symlink: /home/darren/Documents/cf_swarm/ros2_ws/install/crazyflie_sim/lib/python3.10/site-packages/crazyflie_sim/visualization/data/env/aviation_museum.jpg
[3.141s] -- Up-to-date symlink: /home/darren/Documents/cf_swarm/ros2_ws/install/crazyflie_sim/lib/python3.10/site-packages/crazyflie_sim/visualization/data/env/crosswalk.jpg
[3.142s] -- Up-to-date symlink: /home/darren/Documents/cf_swarm/ros2_ws/install/crazyflie_sim/lib/python3.10/site-packages/crazyflie_sim/visualization/data/env/derelict_overpass.jpg
[3.142s] -- Up-to-date symlink: /home/darren/Documents/cf_swarm/ros2_ws/install/crazyflie_sim/lib/python3.10/site-packages/crazyflie_sim/visualization/data/env/env.jpg
[3.143s] -- Up-to-date symlink: /home/darren/Documents/cf_swarm/ros2_ws/install/crazyflie_sim/lib/python3.10/site-packages/crazyflie_sim/visualization/data/env/lago_disola.jpg
[3.143s] -- Up-to-date symlink: /home/darren/Documents/cf_swarm/ros2_ws/install/crazyflie_sim/lib/python3.10/site-packages/crazyflie_sim/visualization/data/env/lake_pier.jpg
[3.144s] -- Up-to-date symlink: /home/darren/Documents/cf_swarm/ros2_ws/install/crazyflie_sim/lib/python3.10/site-packages/crazyflie_sim/visualization/data/env/machine_shop.jpg
[3.144s] -- Up-to-date symlink: /home/darren/Documents/cf_swarm/ros2_ws/install/crazyflie_sim/lib/python3.10/site-packages/crazyflie_sim/visualization/data/env/museumplein.jpg
[3.145s] -- Up-to-date symlink: /home/darren/Documents/cf_swarm/ros2_ws/install/crazyflie_sim/lib/python3.10/site-packages/crazyflie_sim/visualization/data/env/peppermint_powerplant.jpg
[3.146s] -- Up-to-date symlink: /home/darren/Documents/cf_swarm/ros2_ws/install/crazyflie_sim/lib/python3.10/site-packages/crazyflie_sim/visualization/data/env/studio_garden.jpg
[3.146s] -- Up-to-date symlink: /home/darren/Documents/cf_swarm/ros2_ws/install/crazyflie_sim/lib/python3.10/site-packages/crazyflie_sim/visualization/data/model/cf.mtl
[3.147s] -- Up-to-date symlink: /home/darren/Documents/cf_swarm/ros2_ws/install/crazyflie_sim/lib/python3.10/site-packages/crazyflie_sim/visualization/data/model/cf.obj
[3.149s] -- Up-to-date symlink: /home/darren/Documents/cf_swarm/ros2_ws/install/crazyflie_sim/lib/python3.10/site-packages/crazyflie_sim/visualization/pdf.py
[3.150s] -- Up-to-date symlink: /home/darren/Documents/cf_swarm/ros2_ws/install/crazyflie_sim/lib/python3.10/site-packages/crazyflie_sim/visualization/record_states.py
[3.150s] -- Up-to-date symlink: /home/darren/Documents/cf_swarm/ros2_ws/install/crazyflie_sim/lib/python3.10/site-packages/crazyflie_sim/visualization/rviz.py
[3.151s] -- Up-to-date symlink: /home/darren/Documents/cf_swarm/ros2_ws/install/crazyflie_sim/share/ament_index/resource_index/package_run_dependencies/crazyflie_sim
[3.151s] -- Up-to-date symlink: /home/darren/Documents/cf_swarm/ros2_ws/install/crazyflie_sim/share/ament_index/resource_index/parent_prefix_path/crazyflie_sim
[3.156s] -- Up-to-date symlink: /home/darren/Documents/cf_swarm/ros2_ws/install/crazyflie_sim/share/crazyflie_sim/environment/ament_prefix_path.sh
[3.157s] -- Up-to-date symlink: /home/darren/Documents/cf_swarm/ros2_ws/install/crazyflie_sim/share/crazyflie_sim/environment/ament_prefix_path.dsv
[3.160s] -- Up-to-date symlink: /home/darren/Documents/cf_swarm/ros2_ws/install/crazyflie_sim/share/crazyflie_sim/environment/path.sh
[3.161s] -- Up-to-date symlink: /home/darren/Documents/cf_swarm/ros2_ws/install/crazyflie_sim/share/crazyflie_sim/environment/path.dsv
[3.162s] -- Up-to-date symlink: /home/darren/Documents/cf_swarm/ros2_ws/install/crazyflie_sim/share/crazyflie_sim/local_setup.bash
[3.163s] -- Up-to-date symlink: /home/darren/Documents/cf_swarm/ros2_ws/install/crazyflie_sim/share/crazyflie_sim/local_setup.sh
[3.164s] -- Up-to-date symlink: /home/darren/Documents/cf_swarm/ros2_ws/install/crazyflie_sim/share/crazyflie_sim/local_setup.zsh
[3.164s] -- Up-to-date symlink: /home/darren/Documents/cf_swarm/ros2_ws/install/crazyflie_sim/share/crazyflie_sim/local_setup.dsv
[3.165s] -- Symlinking: /home/darren/Documents/cf_swarm/ros2_ws/install/crazyflie_sim/share/crazyflie_sim/package.dsv
[3.215s] -- Up-to-date symlink: /home/darren/Documents/cf_swarm/ros2_ws/install/crazyflie_sim/share/ament_index/resource_index/packages/crazyflie_sim
[3.216s] -- Up-to-date symlink: /home/darren/Documents/cf_swarm/ros2_ws/install/crazyflie_sim/share/crazyflie_sim/cmake/crazyflie_simConfig.cmake
[3.216s] -- Up-to-date symlink: /home/darren/Documents/cf_swarm/ros2_ws/install/crazyflie_sim/share/crazyflie_sim/cmake/crazyflie_simConfig-version.cmake
[3.217s] -- Up-to-date symlink: /home/darren/Documents/cf_swarm/ros2_ws/install/crazyflie_sim/share/crazyflie_sim/package.xml
[3.396s] Listing '/home/darren/Documents/cf_swarm/ros2_ws/install/crazyflie_sim/lib/python3.10/site-packages/crazyflie_sim'...
[3.396s] Listing '/home/darren/Documents/cf_swarm/ros2_ws/install/crazyflie_sim/lib/python3.10/site-packages/crazyflie_sim/backend'...
[3.396s] Listing '/home/darren/Documents/cf_swarm/ros2_ws/install/crazyflie_sim/lib/python3.10/site-packages/crazyflie_sim/visualization'...
[3.397s] Listing '/home/darren/Documents/cf_swarm/ros2_ws/install/crazyflie_sim/lib/python3.10/site-packages/crazyflie_sim/visualization/data'...
[3.397s] Listing '/home/darren/Documents/cf_swarm/ros2_ws/install/crazyflie_sim/lib/python3.10/site-packages/crazyflie_sim/visualization/data/env'...
[3.397s] Listing '/home/darren/Documents/cf_swarm/ros2_ws/install/crazyflie_sim/lib/python3.10/site-packages/crazyflie_sim/visualization/data/model'...
[3.425s] Invoked command in '/home/darren/Documents/cf_swarm/ros2_ws/build/crazyflie_sim' returned '0': AMENT_PREFIX_PATH=/home/darren/Documents/cf_swarm/ros2_ws/install/crazyflie_interfaces:${AMENT_PREFIX_PATH} CMAKE_PREFIX_PATH=/home/darren/Documents/cf_swarm/ros2_ws/install/crazyflie_interfaces:/home/darren/Documents/cf_swarm/ros2_ws/install/motion_capture_tracking:/home/darren/Documents/cf_swarm/ros2_ws/install/crazyflie:/home/darren/Documents/cf_swarm/ros2_ws/install/motion_capture_tracking_interfaces:/home/darren/Documents/cf_swarm/ros2_ws/install/crazyflie_sim:/home/darren/Documents/cf_swarm/ros2_ws/install/crazyflie_examples:/home/darren/Documents/cf_swarm/ros2_ws/install/localization_test:/home/darren/Documents/cf_swarm/ros2_ws/install/crazyflie_py:/opt/ros/iron CONDA_PROMPT_MODIFIER=(base) LD_LIBRARY_PATH=/home/darren/Documents/cf_swarm/ros2_ws/install/crazyflie_interfaces/lib:/home/darren/Documents/cf_swarm/ros2_ws/install/motion_capture_tracking_interfaces/lib:/opt/ros/iron/opt/rviz_ogre_vendor/lib:/opt/ros/iron/lib/x86_64-linux-gnu:/opt/ros/iron/lib PYTHONPATH=/home/darren/Documents/cf_swarm/ros2_ws/install/crazyflie_interfaces/lib/python3.10/site-packages:/home/darren/Documents/cf_swarm/ros2_ws/install/motion_capture_tracking_interfaces/lib/python3.10/site-packages:/home/darren/Documents/cf_swarm/ros2_ws/build/localization_test:/home/darren/Documents/cf_swarm/ros2_ws/install/localization_test/lib/python3.10/site-packages:/home/darren/Documents/cf_swarm/ros2_ws/install/crazyflie_sim/lib/python3.10/site-packages:/home/darren/Documents/cf_swarm/ros2_ws/install/crazyflie_examples/lib/python3.10/site-packages:/home/darren/Documents/cf_swarm/ros2_ws/build/crazyflie_py:/home/darren/Documents/cf_swarm/ros2_ws/install/crazyflie_py/lib/python3.10/site-packages:/opt/ros/iron/lib/python3.10/site-packages /usr/bin/cmake --install /home/darren/Documents/cf_swarm/ros2_ws/build/crazyflie_sim
