[0.692s] Invoking command in '/home/darren/Documents/cf_swarm/ros2_ws/build/crazyflie_py': AMENT_PREFIX_PATH=/home/darren/Documents/cf_swarm/ros2_ws/install/crazyflie_interfaces CMAKE_PREFIX_PATH=/home/darren/Documents/cf_swarm/ros2_ws/install/crazyflie_interfaces LD_LIBRARY_PATH=/home/darren/Documents/cf_swarm/ros2_ws/install/crazyflie_interfaces/lib PYTHONPATH=/home/darren/Documents/cf_swarm/ros2_ws/build/crazyflie_py/prefix_override:/home/darren/Documents/cf_swarm/ros2_ws/install/crazyflie_py/lib/python3.10/site-packages:/home/darren/Documents/cf_swarm/ros2_ws/install/crazyflie_interfaces/lib/python3.10/site-packages /usr/bin/python3 setup.py develop --editable --build-directory /home/darren/Documents/cf_swarm/ros2_ws/build/crazyflie_py/build --no-deps install_data
[0.911s] running develop
[0.911s] /usr/lib/python3/dist-packages/setuptools/command/easy_install.py:158: EasyInstallDeprecationWarning: easy_install command is deprecated. Use build and pip and other standards-based tools.
[0.912s]   warnings.warn(
[0.913s] /usr/lib/python3/dist-packages/setuptools/command/install.py:34: SetuptoolsDeprecationWarning: setup.py install is deprecated. Use build and pip and other standards-based tools.
[0.913s]   warnings.warn(
[1.003s] running egg_info
[1.003s] writing crazyflie_py.egg-info/PKG-INFO
[1.003s] writing dependency_links to crazyflie_py.egg-info/dependency_links.txt
[1.003s] writing entry points to crazyflie_py.egg-info/entry_points.txt
[1.003s] writing requirements to crazyflie_py.egg-info/requires.txt
[1.003s] writing top-level names to crazyflie_py.egg-info/top_level.txt
[1.005s] reading manifest file 'crazyflie_py.egg-info/SOURCES.txt'
[1.006s] writing manifest file 'crazyflie_py.egg-info/SOURCES.txt'
[1.007s] running build_ext
[1.007s] Creating /home/darren/Documents/cf_swarm/ros2_ws/install/crazyflie_py/lib/python3.10/site-packages/crazyflie-py.egg-link (link to .)
[1.008s] 
[1.008s] Installed /home/darren/Documents/cf_swarm/ros2_ws/build/crazyflie_py
[1.008s] running install_data
[1.030s] Invoked command in '/home/darren/Documents/cf_swarm/ros2_ws/build/crazyflie_py' returned '0': AMENT_PREFIX_PATH=/home/darren/Documents/cf_swarm/ros2_ws/install/crazyflie_interfaces CMAKE_PREFIX_PATH=/home/darren/Documents/cf_swarm/ros2_ws/install/crazyflie_interfaces LD_LIBRARY_PATH=/home/darren/Documents/cf_swarm/ros2_ws/install/crazyflie_interfaces/lib PYTHONPATH=/home/darren/Documents/cf_swarm/ros2_ws/build/crazyflie_py/prefix_override:/home/darren/Documents/cf_swarm/ros2_ws/install/crazyflie_py/lib/python3.10/site-packages:/home/darren/Documents/cf_swarm/ros2_ws/install/crazyflie_interfaces/lib/python3.10/site-packages /usr/bin/python3 setup.py develop --editable --build-directory /home/darren/Documents/cf_swarm/ros2_ws/build/crazyflie_py/build --no-deps install_data
