-- Found ament_cmake: 2.0.3 (/opt/ros/iron/share/ament_cmake/cmake)
-- Override CMake install command with custom implementation using symlinks instead of copying resources
-- Found builtin_interfaces: 1.6.0 (/opt/ros/iron/share/builtin_interfaces/cmake)
-- Found rosidl_generator_c: 4.0.1 (/opt/ros/iron/share/rosidl_generator_c/cmake)
-- Found rosidl_generator_cpp: 4.0.1 (/opt/ros/iron/share/rosidl_generator_cpp/cmake)
-- Using all available rosidl_typesupport_c: rosidl_typesupport_fastrtps_c;rosidl_typesupport_introspection_c
-- Using all available rosidl_typesupport_cpp: rosidl_typesupport_fastrtps_cpp;rosidl_typesupport_introspection_cpp
-- Found geometry_msgs: 5.0.0 (/opt/ros/iron/share/geometry_msgs/cmake)
-- Found rosidl_default_generators: 1.5.0 (/opt/ros/iron/share/rosidl_default_generators/cmake)
-- Found rosidl_adapter: 4.0.1 (/opt/ros/iron/share/rosidl_adapter/cmake)
-- Found ament_cmake_cppcheck: 0.14.2 (/opt/ros/iron/share/ament_cmake_cppcheck/cmake)
-- Found ament_cmake_cpplint: 0.14.2 (/opt/ros/iron/share/ament_cmake_cpplint/cmake)
-- Found ament_cmake_uncrustify: 0.14.2 (/opt/ros/iron/share/ament_cmake_uncrustify/cmake)
-- Found ament_cmake_ros: 0.11.2 (/opt/ros/iron/share/ament_cmake_ros/cmake)
-- Using all available rosidl_typesupport_c: rosidl_typesupport_fastrtps_c;rosidl_typesupport_introspection_c
-- Using all available rosidl_typesupport_cpp: rosidl_typesupport_fastrtps_cpp;rosidl_typesupport_introspection_cpp
-- Found python_cmake_module: 0.10.2 (/opt/ros/iron/share/python_cmake_module/cmake)
-- Using PYTHON_EXECUTABLE: /usr/bin/python3
-- Using PYTHON_INCLUDE_DIRS: /usr/include/python3.10
-- Using PYTHON_LIBRARIES: /usr/lib/x86_64-linux-gnu/libpython3.10.so
-- Found ament_cmake_flake8: 0.14.2 (/opt/ros/iron/share/ament_cmake_flake8/cmake)
-- Found ament_cmake_pep257: 0.14.2 (/opt/ros/iron/share/ament_cmake_pep257/cmake)
-- Configuring done
-- Generating done
-- Build files have been written to: /home/darren/Documents/cf_swarm/ros2_ws/build/motion_capture_tracking_interfaces
[  2%] Built target motion_capture_tracking_interfaces__rosidl_generator_type_description
[  2%] Built target ament_cmake_python_symlink_motion_capture_tracking_interfaces
[35m[1mConsolidate compiler generated dependencies of target motion_capture_tracking_interfaces__rosidl_generator_c[0m
[  4%] Built target motion_capture_tracking_interfaces__cpp
[  9%] [32mBuilding C object CMakeFiles/motion_capture_tracking_interfaces__rosidl_generator_c.dir/rosidl_generator_c/motion_capture_tracking_interfaces/msg/detail/named_pose_array__description.c.o[0m
[  9%] [32mBuilding C object CMakeFiles/motion_capture_tracking_interfaces__rosidl_generator_c.dir/rosidl_generator_c/motion_capture_tracking_interfaces/msg/detail/named_pose__type_support.c.o[0m
[ 11%] [32mBuilding C object CMakeFiles/motion_capture_tracking_interfaces__rosidl_generator_c.dir/rosidl_generator_c/motion_capture_tracking_interfaces/msg/detail/named_pose_array__functions.c.o[0m
[ 15%] [32mBuilding C object CMakeFiles/motion_capture_tracking_interfaces__rosidl_generator_c.dir/rosidl_generator_c/motion_capture_tracking_interfaces/msg/detail/named_pose__functions.c.o[0m
[ 15%] [32mBuilding C object CMakeFiles/motion_capture_tracking_interfaces__rosidl_generator_c.dir/rosidl_generator_c/motion_capture_tracking_interfaces/msg/detail/named_pose__description.c.o[0m
[ 18%] [32mBuilding C object CMakeFiles/motion_capture_tracking_interfaces__rosidl_generator_c.dir/rosidl_generator_c/motion_capture_tracking_interfaces/msg/detail/named_pose_array__type_support.c.o[0m
[ 20%] [32m[1mLinking C shared library libmotion_capture_tracking_interfaces__rosidl_generator_c.so[0m
[ 22%] Built target motion_capture_tracking_interfaces__rosidl_generator_c
[35m[1mConsolidate compiler generated dependencies of target motion_capture_tracking_interfaces__rosidl_typesupport_cpp[0m
[35m[1mConsolidate compiler generated dependencies of target motion_capture_tracking_interfaces__rosidl_typesupport_c[0m
[35m[1mConsolidate compiler generated dependencies of target motion_capture_tracking_interfaces__rosidl_typesupport_introspection_cpp[0m
[35m[1mConsolidate compiler generated dependencies of target motion_capture_tracking_interfaces__rosidl_typesupport_introspection_c[0m
[35m[1mConsolidate compiler generated dependencies of target motion_capture_tracking_interfaces__rosidl_typesupport_fastrtps_c[0m
[35m[1mConsolidate compiler generated dependencies of target motion_capture_tracking_interfaces__rosidl_typesupport_fastrtps_cpp[0m
[ 25%] [32mBuilding CXX object CMakeFiles/motion_capture_tracking_interfaces__rosidl_typesupport_c.dir/rosidl_typesupport_c/motion_capture_tracking_interfaces/msg/named_pose__type_support.cpp.o[0m
[ 27%] [32mBuilding CXX object CMakeFiles/motion_capture_tracking_interfaces__rosidl_typesupport_c.dir/rosidl_typesupport_c/motion_capture_tracking_interfaces/msg/named_pose_array__type_support.cpp.o[0m
[ 29%] [32mBuilding CXX object CMakeFiles/motion_capture_tracking_interfaces__rosidl_typesupport_cpp.dir/rosidl_typesupport_cpp/motion_capture_tracking_interfaces/msg/named_pose__type_support.cpp.o[0m
[ 31%] [32mBuilding CXX object CMakeFiles/motion_capture_tracking_interfaces__rosidl_typesupport_introspection_cpp.dir/rosidl_typesupport_introspection_cpp/motion_capture_tracking_interfaces/msg/detail/named_pose__type_support.cpp.o[0m
[ 34%] [32mBuilding CXX object CMakeFiles/motion_capture_tracking_interfaces__rosidl_typesupport_fastrtps_c.dir/rosidl_typesupport_fastrtps_c/motion_capture_tracking_interfaces/msg/detail/named_pose__type_support_c.cpp.o[0m
[ 38%] [32mBuilding C object CMakeFiles/motion_capture_tracking_interfaces__rosidl_typesupport_introspection_c.dir/rosidl_typesupport_introspection_c/motion_capture_tracking_interfaces/msg/detail/named_pose__type_support.c.o[0m
[ 38%] [32mBuilding CXX object CMakeFiles/motion_capture_tracking_interfaces__rosidl_typesupport_fastrtps_c.dir/rosidl_typesupport_fastrtps_c/motion_capture_tracking_interfaces/msg/detail/named_pose_array__type_support_c.cpp.o[0m
[ 40%] [32mBuilding CXX object CMakeFiles/motion_capture_tracking_interfaces__rosidl_typesupport_cpp.dir/rosidl_typesupport_cpp/motion_capture_tracking_interfaces/msg/named_pose_array__type_support.cpp.o[0m
[ 43%] [32mBuilding CXX object CMakeFiles/motion_capture_tracking_interfaces__rosidl_typesupport_introspection_cpp.dir/rosidl_typesupport_introspection_cpp/motion_capture_tracking_interfaces/msg/detail/named_pose_array__type_support.cpp.o[0m
[ 45%] [32mBuilding C object CMakeFiles/motion_capture_tracking_interfaces__rosidl_typesupport_introspection_c.dir/rosidl_typesupport_introspection_c/motion_capture_tracking_interfaces/msg/detail/named_pose_array__type_support.c.o[0m
[ 47%] [32mBuilding CXX object CMakeFiles/motion_capture_tracking_interfaces__rosidl_typesupport_fastrtps_cpp.dir/rosidl_typesupport_fastrtps_cpp/motion_capture_tracking_interfaces/msg/detail/dds_fastrtps/named_pose_array__type_support.cpp.o[0m
[ 50%] [32mBuilding CXX object CMakeFiles/motion_capture_tracking_interfaces__rosidl_typesupport_fastrtps_cpp.dir/rosidl_typesupport_fastrtps_cpp/motion_capture_tracking_interfaces/msg/detail/dds_fastrtps/named_pose__type_support.cpp.o[0m
running egg_info
writing motion_capture_tracking_interfaces.egg-info/PKG-INFO
writing dependency_links to motion_capture_tracking_interfaces.egg-info/dependency_links.txt
writing top-level names to motion_capture_tracking_interfaces.egg-info/top_level.txt
reading manifest file 'motion_capture_tracking_interfaces.egg-info/SOURCES.txt'
writing manifest file 'motion_capture_tracking_interfaces.egg-info/SOURCES.txt'
[ 52%] [32m[1mLinking CXX shared library libmotion_capture_tracking_interfaces__rosidl_typesupport_c.so[0m
[ 52%] Built target ament_cmake_python_build_motion_capture_tracking_interfaces_egg
[ 54%] [32m[1mLinking C shared library libmotion_capture_tracking_interfaces__rosidl_typesupport_introspection_c.so[0m
[ 56%] Built target motion_capture_tracking_interfaces__rosidl_typesupport_c
[ 59%] Built target motion_capture_tracking_interfaces__rosidl_typesupport_introspection_c
[ 61%] [32m[1mLinking CXX shared library libmotion_capture_tracking_interfaces__rosidl_typesupport_cpp.so[0m
[ 63%] [32m[1mLinking CXX shared library libmotion_capture_tracking_interfaces__rosidl_typesupport_fastrtps_c.so[0m
[ 65%] Built target motion_capture_tracking_interfaces__rosidl_typesupport_cpp
[ 68%] Built target motion_capture_tracking_interfaces__rosidl_typesupport_fastrtps_c
[ 70%] [32m[1mLinking CXX shared library libmotion_capture_tracking_interfaces__rosidl_typesupport_introspection_cpp.so[0m
[ 72%] Built target motion_capture_tracking_interfaces__rosidl_typesupport_introspection_cpp
[ 75%] [32m[1mLinking CXX shared library libmotion_capture_tracking_interfaces__rosidl_typesupport_fastrtps_cpp.so[0m
[ 77%] Built target motion_capture_tracking_interfaces__rosidl_typesupport_fastrtps_cpp
[ 77%] Built target motion_capture_tracking_interfaces
[ 79%] Built target motion_capture_tracking_interfaces__py
[35m[1mConsolidate compiler generated dependencies of target motion_capture_tracking_interfaces__rosidl_generator_py[0m
[ 81%] [32mBuilding C object CMakeFiles/motion_capture_tracking_interfaces__rosidl_generator_py.dir/rosidl_generator_py/motion_capture_tracking_interfaces/msg/_named_pose_s.c.o[0m
[ 84%] [32mBuilding C object CMakeFiles/motion_capture_tracking_interfaces__rosidl_generator_py.dir/rosidl_generator_py/motion_capture_tracking_interfaces/msg/_named_pose_array_s.c.o[0m
[ 86%] [32m[1mLinking C shared library rosidl_generator_py/motion_capture_tracking_interfaces/libmotion_capture_tracking_interfaces__rosidl_generator_py.so[0m
[ 86%] Built target motion_capture_tracking_interfaces__rosidl_generator_py
[35m[1mConsolidate compiler generated dependencies of target motion_capture_tracking_interfaces__rosidl_typesupport_c__pyext[0m
[35m[1mConsolidate compiler generated dependencies of target motion_capture_tracking_interfaces__rosidl_typesupport_fastrtps_c__pyext[0m
[35m[1mConsolidate compiler generated dependencies of target motion_capture_tracking_interfaces__rosidl_typesupport_introspection_c__pyext[0m
[ 88%] [32mBuilding C object CMakeFiles/motion_capture_tracking_interfaces__rosidl_typesupport_c__pyext.dir/rosidl_generator_py/motion_capture_tracking_interfaces/_motion_capture_tracking_interfaces_s.ep.rosidl_typesupport_c.c.o[0m
[ 90%] [32mBuilding C object CMakeFiles/motion_capture_tracking_interfaces__rosidl_typesupport_fastrtps_c__pyext.dir/rosidl_generator_py/motion_capture_tracking_interfaces/_motion_capture_tracking_interfaces_s.ep.rosidl_typesupport_fastrtps_c.c.o[0m
[ 93%] [32mBuilding C object CMakeFiles/motion_capture_tracking_interfaces__rosidl_typesupport_introspection_c__pyext.dir/rosidl_generator_py/motion_capture_tracking_interfaces/_motion_capture_tracking_interfaces_s.ep.rosidl_typesupport_introspection_c.c.o[0m
[ 95%] [32m[1mLinking C shared library rosidl_generator_py/motion_capture_tracking_interfaces/motion_capture_tracking_interfaces_s__rosidl_typesupport_introspection_c.cpython-310-x86_64-linux-gnu.so[0m
[ 97%] [32m[1mLinking C shared library rosidl_generator_py/motion_capture_tracking_interfaces/motion_capture_tracking_interfaces_s__rosidl_typesupport_fastrtps_c.cpython-310-x86_64-linux-gnu.so[0m
[ 97%] Built target motion_capture_tracking_interfaces__rosidl_typesupport_introspection_c__pyext
[100%] [32m[1mLinking C shared library rosidl_generator_py/motion_capture_tracking_interfaces/motion_capture_tracking_interfaces_s__rosidl_typesupport_c.cpython-310-x86_64-linux-gnu.so[0m
[100%] Built target motion_capture_tracking_interfaces__rosidl_typesupport_fastrtps_c__pyext
[100%] Built target motion_capture_tracking_interfaces__rosidl_typesupport_c__pyext
-- Install configuration: "Release"
-- Execute custom install script
-- Up-to-date symlink: /home/darren/Documents/cf_swarm/ros2_ws/install/motion_capture_tracking_interfaces/share/ament_index/resource_index/rosidl_interfaces/motion_capture_tracking_interfaces
-- Up-to-date symlink: /home/darren/Documents/cf_swarm/ros2_ws/install/motion_capture_tracking_interfaces/share/motion_capture_tracking_interfaces/msg/NamedPose.json
-- Up-to-date symlink: /home/darren/Documents/cf_swarm/ros2_ws/install/motion_capture_tracking_interfaces/share/motion_capture_tracking_interfaces/msg/NamedPoseArray.json
-- Up-to-date symlink: /home/darren/Documents/cf_swarm/ros2_ws/install/motion_capture_tracking_interfaces/include/motion_capture_tracking_interfaces/motion_capture_tracking_interfaces/msg/detail/named_pose__functions.h
-- Up-to-date symlink: /home/darren/Documents/cf_swarm/ros2_ws/install/motion_capture_tracking_interfaces/include/motion_capture_tracking_interfaces/motion_capture_tracking_interfaces/msg/detail/named_pose__struct.h
-- Up-to-date symlink: /home/darren/Documents/cf_swarm/ros2_ws/install/motion_capture_tracking_interfaces/include/motion_capture_tracking_interfaces/motion_capture_tracking_interfaces/msg/detail/named_pose__type_support.h
-- Up-to-date symlink: /home/darren/Documents/cf_swarm/ros2_ws/install/motion_capture_tracking_interfaces/include/motion_capture_tracking_interfaces/motion_capture_tracking_interfaces/msg/detail/named_pose_array__functions.h
-- Up-to-date symlink: /home/darren/Documents/cf_swarm/ros2_ws/install/motion_capture_tracking_interfaces/include/motion_capture_tracking_interfaces/motion_capture_tracking_interfaces/msg/detail/named_pose_array__struct.h
-- Up-to-date symlink: /home/darren/Documents/cf_swarm/ros2_ws/install/motion_capture_tracking_interfaces/include/motion_capture_tracking_interfaces/motion_capture_tracking_interfaces/msg/detail/named_pose_array__type_support.h
-- Up-to-date symlink: /home/darren/Documents/cf_swarm/ros2_ws/install/motion_capture_tracking_interfaces/include/motion_capture_tracking_interfaces/motion_capture_tracking_interfaces/msg/named_pose.h
-- Up-to-date symlink: /home/darren/Documents/cf_swarm/ros2_ws/install/motion_capture_tracking_interfaces/include/motion_capture_tracking_interfaces/motion_capture_tracking_interfaces/msg/named_pose_array.h
-- Up-to-date symlink: /home/darren/Documents/cf_swarm/ros2_ws/install/motion_capture_tracking_interfaces/include/motion_capture_tracking_interfaces/motion_capture_tracking_interfaces/msg/rosidl_generator_c__visibility_control.h
-- Up-to-date symlink: /home/darren/Documents/cf_swarm/ros2_ws/install/motion_capture_tracking_interfaces/share/motion_capture_tracking_interfaces/environment/library_path.sh
-- Up-to-date symlink: /home/darren/Documents/cf_swarm/ros2_ws/install/motion_capture_tracking_interfaces/share/motion_capture_tracking_interfaces/environment/library_path.dsv
-- Up-to-date symlink: /home/darren/Documents/cf_swarm/ros2_ws/install/motion_capture_tracking_interfaces/include/motion_capture_tracking_interfaces/motion_capture_tracking_interfaces/msg/detail/named_pose__rosidl_typesupport_fastrtps_c.h
-- Up-to-date symlink: /home/darren/Documents/cf_swarm/ros2_ws/install/motion_capture_tracking_interfaces/include/motion_capture_tracking_interfaces/motion_capture_tracking_interfaces/msg/detail/named_pose_array__rosidl_typesupport_fastrtps_c.h
-- Up-to-date symlink: /home/darren/Documents/cf_swarm/ros2_ws/install/motion_capture_tracking_interfaces/include/motion_capture_tracking_interfaces/motion_capture_tracking_interfaces/msg/rosidl_typesupport_fastrtps_c__visibility_control.h
-- Up-to-date symlink: /home/darren/Documents/cf_swarm/ros2_ws/install/motion_capture_tracking_interfaces/include/motion_capture_tracking_interfaces/motion_capture_tracking_interfaces/msg/detail/named_pose__builder.hpp
-- Up-to-date symlink: /home/darren/Documents/cf_swarm/ros2_ws/install/motion_capture_tracking_interfaces/include/motion_capture_tracking_interfaces/motion_capture_tracking_interfaces/msg/detail/named_pose__struct.hpp
-- Up-to-date symlink: /home/darren/Documents/cf_swarm/ros2_ws/install/motion_capture_tracking_interfaces/include/motion_capture_tracking_interfaces/motion_capture_tracking_interfaces/msg/detail/named_pose__traits.hpp
-- Up-to-date symlink: /home/darren/Documents/cf_swarm/ros2_ws/install/motion_capture_tracking_interfaces/include/motion_capture_tracking_interfaces/motion_capture_tracking_interfaces/msg/detail/named_pose_array__builder.hpp
-- Up-to-date symlink: /home/darren/Documents/cf_swarm/ros2_ws/install/motion_capture_tracking_interfaces/include/motion_capture_tracking_interfaces/motion_capture_tracking_interfaces/msg/detail/named_pose_array__struct.hpp
-- Up-to-date symlink: /home/darren/Documents/cf_swarm/ros2_ws/install/motion_capture_tracking_interfaces/include/motion_capture_tracking_interfaces/motion_capture_tracking_interfaces/msg/detail/named_pose_array__traits.hpp
-- Up-to-date symlink: /home/darren/Documents/cf_swarm/ros2_ws/install/motion_capture_tracking_interfaces/include/motion_capture_tracking_interfaces/motion_capture_tracking_interfaces/msg/named_pose.hpp
-- Up-to-date symlink: /home/darren/Documents/cf_swarm/ros2_ws/install/motion_capture_tracking_interfaces/include/motion_capture_tracking_interfaces/motion_capture_tracking_interfaces/msg/named_pose_array.hpp
-- Up-to-date symlink: /home/darren/Documents/cf_swarm/ros2_ws/install/motion_capture_tracking_interfaces/include/motion_capture_tracking_interfaces/motion_capture_tracking_interfaces/msg/detail/named_pose__rosidl_typesupport_fastrtps_cpp.hpp
-- Up-to-date symlink: /home/darren/Documents/cf_swarm/ros2_ws/install/motion_capture_tracking_interfaces/include/motion_capture_tracking_interfaces/motion_capture_tracking_interfaces/msg/detail/named_pose_array__rosidl_typesupport_fastrtps_cpp.hpp
-- Up-to-date symlink: /home/darren/Documents/cf_swarm/ros2_ws/install/motion_capture_tracking_interfaces/include/motion_capture_tracking_interfaces/motion_capture_tracking_interfaces/msg/rosidl_typesupport_fastrtps_cpp__visibility_control.h
-- Up-to-date symlink: /home/darren/Documents/cf_swarm/ros2_ws/install/motion_capture_tracking_interfaces/include/motion_capture_tracking_interfaces/motion_capture_tracking_interfaces/msg/detail/named_pose__rosidl_typesupport_introspection_c.h
-- Up-to-date symlink: /home/darren/Documents/cf_swarm/ros2_ws/install/motion_capture_tracking_interfaces/include/motion_capture_tracking_interfaces/motion_capture_tracking_interfaces/msg/detail/named_pose_array__rosidl_typesupport_introspection_c.h
-- Up-to-date symlink: /home/darren/Documents/cf_swarm/ros2_ws/install/motion_capture_tracking_interfaces/include/motion_capture_tracking_interfaces/motion_capture_tracking_interfaces/msg/rosidl_typesupport_introspection_c__visibility_control.h
-- Up-to-date symlink: /home/darren/Documents/cf_swarm/ros2_ws/install/motion_capture_tracking_interfaces/include/motion_capture_tracking_interfaces/motion_capture_tracking_interfaces/msg/detail/named_pose__rosidl_typesupport_introspection_cpp.hpp
-- Up-to-date symlink: /home/darren/Documents/cf_swarm/ros2_ws/install/motion_capture_tracking_interfaces/include/motion_capture_tracking_interfaces/motion_capture_tracking_interfaces/msg/detail/named_pose_array__rosidl_typesupport_introspection_cpp.hpp
-- Up-to-date symlink: /home/darren/Documents/cf_swarm/ros2_ws/install/motion_capture_tracking_interfaces/share/motion_capture_tracking_interfaces/environment/pythonpath.sh
-- Up-to-date symlink: /home/darren/Documents/cf_swarm/ros2_ws/install/motion_capture_tracking_interfaces/share/motion_capture_tracking_interfaces/environment/pythonpath.dsv
-- Up-to-date symlink: /home/darren/Documents/cf_swarm/ros2_ws/install/motion_capture_tracking_interfaces/lib/python3.10/site-packages/motion_capture_tracking_interfaces-1.0.0-py3.10.egg-info/PKG-INFO
-- Up-to-date symlink: /home/darren/Documents/cf_swarm/ros2_ws/install/motion_capture_tracking_interfaces/lib/python3.10/site-packages/motion_capture_tracking_interfaces-1.0.0-py3.10.egg-info/SOURCES.txt
-- Up-to-date symlink: /home/darren/Documents/cf_swarm/ros2_ws/install/motion_capture_tracking_interfaces/lib/python3.10/site-packages/motion_capture_tracking_interfaces-1.0.0-py3.10.egg-info/dependency_links.txt
-- Up-to-date symlink: /home/darren/Documents/cf_swarm/ros2_ws/install/motion_capture_tracking_interfaces/lib/python3.10/site-packages/motion_capture_tracking_interfaces-1.0.0-py3.10.egg-info/top_level.txt
-- Up-to-date symlink: /home/darren/Documents/cf_swarm/ros2_ws/install/motion_capture_tracking_interfaces/lib/python3.10/site-packages/motion_capture_tracking_interfaces/__init__.py
-- Up-to-date symlink: /home/darren/Documents/cf_swarm/ros2_ws/install/motion_capture_tracking_interfaces/lib/python3.10/site-packages/motion_capture_tracking_interfaces/_motion_capture_tracking_interfaces_s.ep.rosidl_typesupport_c.c
-- Up-to-date symlink: /home/darren/Documents/cf_swarm/ros2_ws/install/motion_capture_tracking_interfaces/lib/python3.10/site-packages/motion_capture_tracking_interfaces/_motion_capture_tracking_interfaces_s.ep.rosidl_typesupport_fastrtps_c.c
-- Up-to-date symlink: /home/darren/Documents/cf_swarm/ros2_ws/install/motion_capture_tracking_interfaces/lib/python3.10/site-packages/motion_capture_tracking_interfaces/_motion_capture_tracking_interfaces_s.ep.rosidl_typesupport_introspection_c.c
-- Up-to-date symlink: /home/darren/Documents/cf_swarm/ros2_ws/install/motion_capture_tracking_interfaces/lib/python3.10/site-packages/motion_capture_tracking_interfaces/libmotion_capture_tracking_interfaces__rosidl_generator_py.so
-- Up-to-date symlink: /home/darren/Documents/cf_swarm/ros2_ws/install/motion_capture_tracking_interfaces/lib/python3.10/site-packages/motion_capture_tracking_interfaces/motion_capture_tracking_interfaces_s__rosidl_typesupport_c.cpython-310-x86_64-linux-gnu.so
-- Up-to-date symlink: /home/darren/Documents/cf_swarm/ros2_ws/install/motion_capture_tracking_interfaces/lib/python3.10/site-packages/motion_capture_tracking_interfaces/motion_capture_tracking_interfaces_s__rosidl_typesupport_fastrtps_c.cpython-310-x86_64-linux-gnu.so
-- Up-to-date symlink: /home/darren/Documents/cf_swarm/ros2_ws/install/motion_capture_tracking_interfaces/lib/python3.10/site-packages/motion_capture_tracking_interfaces/motion_capture_tracking_interfaces_s__rosidl_typesupport_introspection_c.cpython-310-x86_64-linux-gnu.so
-- Up-to-date symlink: /home/darren/Documents/cf_swarm/ros2_ws/install/motion_capture_tracking_interfaces/lib/python3.10/site-packages/motion_capture_tracking_interfaces/msg/__init__.py
-- Up-to-date symlink: /home/darren/Documents/cf_swarm/ros2_ws/install/motion_capture_tracking_interfaces/lib/python3.10/site-packages/motion_capture_tracking_interfaces/msg/_named_pose.py
-- Up-to-date symlink: /home/darren/Documents/cf_swarm/ros2_ws/install/motion_capture_tracking_interfaces/lib/python3.10/site-packages/motion_capture_tracking_interfaces/msg/_named_pose_array.py
-- Up-to-date symlink: /home/darren/Documents/cf_swarm/ros2_ws/install/motion_capture_tracking_interfaces/lib/python3.10/site-packages/motion_capture_tracking_interfaces/msg/_named_pose_array_s.c
-- Up-to-date symlink: /home/darren/Documents/cf_swarm/ros2_ws/install/motion_capture_tracking_interfaces/lib/python3.10/site-packages/motion_capture_tracking_interfaces/msg/_named_pose_s.c
-- Up-to-date symlink: /home/darren/Documents/cf_swarm/ros2_ws/install/motion_capture_tracking_interfaces/lib/python3.10/site-packages/motion_capture_tracking_interfaces/motion_capture_tracking_interfaces_s__rosidl_typesupport_fastrtps_c.cpython-310-x86_64-linux-gnu.so
-- Up-to-date symlink: /home/darren/Documents/cf_swarm/ros2_ws/install/motion_capture_tracking_interfaces/lib/python3.10/site-packages/motion_capture_tracking_interfaces/motion_capture_tracking_interfaces_s__rosidl_typesupport_introspection_c.cpython-310-x86_64-linux-gnu.so
-- Up-to-date symlink: /home/darren/Documents/cf_swarm/ros2_ws/install/motion_capture_tracking_interfaces/lib/python3.10/site-packages/motion_capture_tracking_interfaces/motion_capture_tracking_interfaces_s__rosidl_typesupport_c.cpython-310-x86_64-linux-gnu.so
-- Up-to-date symlink: /home/darren/Documents/cf_swarm/ros2_ws/install/motion_capture_tracking_interfaces/share/motion_capture_tracking_interfaces/msg/NamedPose.idl
-- Up-to-date symlink: /home/darren/Documents/cf_swarm/ros2_ws/install/motion_capture_tracking_interfaces/share/motion_capture_tracking_interfaces/msg/NamedPoseArray.idl
-- Up-to-date symlink: /home/darren/Documents/cf_swarm/ros2_ws/install/motion_capture_tracking_interfaces/share/motion_capture_tracking_interfaces/msg/NamedPose.msg
-- Up-to-date symlink: /home/darren/Documents/cf_swarm/ros2_ws/install/motion_capture_tracking_interfaces/share/motion_capture_tracking_interfaces/msg/NamedPoseArray.msg
-- Up-to-date symlink: /home/darren/Documents/cf_swarm/ros2_ws/install/motion_capture_tracking_interfaces/share/ament_index/resource_index/package_run_dependencies/motion_capture_tracking_interfaces
-- Up-to-date symlink: /home/darren/Documents/cf_swarm/ros2_ws/install/motion_capture_tracking_interfaces/share/ament_index/resource_index/parent_prefix_path/motion_capture_tracking_interfaces
-- Up-to-date symlink: /home/darren/Documents/cf_swarm/ros2_ws/install/motion_capture_tracking_interfaces/share/motion_capture_tracking_interfaces/environment/ament_prefix_path.sh
-- Up-to-date symlink: /home/darren/Documents/cf_swarm/ros2_ws/install/motion_capture_tracking_interfaces/share/motion_capture_tracking_interfaces/environment/ament_prefix_path.dsv
-- Up-to-date symlink: /home/darren/Documents/cf_swarm/ros2_ws/install/motion_capture_tracking_interfaces/share/motion_capture_tracking_interfaces/environment/path.sh
-- Up-to-date symlink: /home/darren/Documents/cf_swarm/ros2_ws/install/motion_capture_tracking_interfaces/share/motion_capture_tracking_interfaces/environment/path.dsv
-- Up-to-date symlink: /home/darren/Documents/cf_swarm/ros2_ws/install/motion_capture_tracking_interfaces/share/motion_capture_tracking_interfaces/local_setup.bash
-- Up-to-date symlink: /home/darren/Documents/cf_swarm/ros2_ws/install/motion_capture_tracking_interfaces/share/motion_capture_tracking_interfaces/local_setup.sh
-- Up-to-date symlink: /home/darren/Documents/cf_swarm/ros2_ws/install/motion_capture_tracking_interfaces/share/motion_capture_tracking_interfaces/local_setup.zsh
-- Up-to-date symlink: /home/darren/Documents/cf_swarm/ros2_ws/install/motion_capture_tracking_interfaces/share/motion_capture_tracking_interfaces/local_setup.dsv
-- Symlinking: /home/darren/Documents/cf_swarm/ros2_ws/install/motion_capture_tracking_interfaces/share/motion_capture_tracking_interfaces/package.dsv
-- Up-to-date symlink: /home/darren/Documents/cf_swarm/ros2_ws/install/motion_capture_tracking_interfaces/share/ament_index/resource_index/packages/motion_capture_tracking_interfaces
-- Up-to-date symlink: /home/darren/Documents/cf_swarm/ros2_ws/install/motion_capture_tracking_interfaces/share/motion_capture_tracking_interfaces/cmake/rosidl_cmake-extras.cmake
-- Up-to-date symlink: /home/darren/Documents/cf_swarm/ros2_ws/install/motion_capture_tracking_interfaces/share/motion_capture_tracking_interfaces/cmake/ament_cmake_export_dependencies-extras.cmake
-- Up-to-date symlink: /home/darren/Documents/cf_swarm/ros2_ws/install/motion_capture_tracking_interfaces/share/motion_capture_tracking_interfaces/cmake/ament_cmake_export_include_directories-extras.cmake
-- Up-to-date symlink: /home/darren/Documents/cf_swarm/ros2_ws/install/motion_capture_tracking_interfaces/share/motion_capture_tracking_interfaces/cmake/ament_cmake_export_libraries-extras.cmake
-- Up-to-date symlink: /home/darren/Documents/cf_swarm/ros2_ws/install/motion_capture_tracking_interfaces/share/motion_capture_tracking_interfaces/cmake/ament_cmake_export_targets-extras.cmake
-- Up-to-date symlink: /home/darren/Documents/cf_swarm/ros2_ws/install/motion_capture_tracking_interfaces/share/motion_capture_tracking_interfaces/cmake/rosidl_cmake_export_typesupport_targets-extras.cmake
-- Up-to-date symlink: /home/darren/Documents/cf_swarm/ros2_ws/install/motion_capture_tracking_interfaces/share/motion_capture_tracking_interfaces/cmake/rosidl_cmake_export_typesupport_libraries-extras.cmake
-- Up-to-date symlink: /home/darren/Documents/cf_swarm/ros2_ws/install/motion_capture_tracking_interfaces/share/motion_capture_tracking_interfaces/cmake/motion_capture_tracking_interfacesConfig.cmake
-- Up-to-date symlink: /home/darren/Documents/cf_swarm/ros2_ws/install/motion_capture_tracking_interfaces/share/motion_capture_tracking_interfaces/cmake/motion_capture_tracking_interfacesConfig-version.cmake
-- Up-to-date symlink: /home/darren/Documents/cf_swarm/ros2_ws/install/motion_capture_tracking_interfaces/share/motion_capture_tracking_interfaces/package.xml
-- Installing: /home/darren/Documents/cf_swarm/ros2_ws/install/motion_capture_tracking_interfaces/lib/libmotion_capture_tracking_interfaces__rosidl_generator_c.so
-- Set runtime path of "/home/darren/Documents/cf_swarm/ros2_ws/install/motion_capture_tracking_interfaces/lib/libmotion_capture_tracking_interfaces__rosidl_generator_c.so" to ""
-- Installing: /home/darren/Documents/cf_swarm/ros2_ws/install/motion_capture_tracking_interfaces/lib/libmotion_capture_tracking_interfaces__rosidl_typesupport_fastrtps_c.so
-- Set runtime path of "/home/darren/Documents/cf_swarm/ros2_ws/install/motion_capture_tracking_interfaces/lib/libmotion_capture_tracking_interfaces__rosidl_typesupport_fastrtps_c.so" to ""
-- Installing: /home/darren/Documents/cf_swarm/ros2_ws/install/motion_capture_tracking_interfaces/lib/libmotion_capture_tracking_interfaces__rosidl_typesupport_fastrtps_cpp.so
-- Set runtime path of "/home/darren/Documents/cf_swarm/ros2_ws/install/motion_capture_tracking_interfaces/lib/libmotion_capture_tracking_interfaces__rosidl_typesupport_fastrtps_cpp.so" to ""
-- Installing: /home/darren/Documents/cf_swarm/ros2_ws/install/motion_capture_tracking_interfaces/lib/libmotion_capture_tracking_interfaces__rosidl_typesupport_introspection_c.so
-- Set runtime path of "/home/darren/Documents/cf_swarm/ros2_ws/install/motion_capture_tracking_interfaces/lib/libmotion_capture_tracking_interfaces__rosidl_typesupport_introspection_c.so" to ""
-- Installing: /home/darren/Documents/cf_swarm/ros2_ws/install/motion_capture_tracking_interfaces/lib/libmotion_capture_tracking_interfaces__rosidl_typesupport_c.so
-- Set runtime path of "/home/darren/Documents/cf_swarm/ros2_ws/install/motion_capture_tracking_interfaces/lib/libmotion_capture_tracking_interfaces__rosidl_typesupport_c.so" to ""
-- Installing: /home/darren/Documents/cf_swarm/ros2_ws/install/motion_capture_tracking_interfaces/lib/libmotion_capture_tracking_interfaces__rosidl_typesupport_introspection_cpp.so
-- Set runtime path of "/home/darren/Documents/cf_swarm/ros2_ws/install/motion_capture_tracking_interfaces/lib/libmotion_capture_tracking_interfaces__rosidl_typesupport_introspection_cpp.so" to ""
-- Installing: /home/darren/Documents/cf_swarm/ros2_ws/install/motion_capture_tracking_interfaces/lib/libmotion_capture_tracking_interfaces__rosidl_typesupport_cpp.so
-- Set runtime path of "/home/darren/Documents/cf_swarm/ros2_ws/install/motion_capture_tracking_interfaces/lib/libmotion_capture_tracking_interfaces__rosidl_typesupport_cpp.so" to ""
Listing '/home/darren/Documents/cf_swarm/ros2_ws/install/motion_capture_tracking_interfaces/lib/python3.10/site-packages/motion_capture_tracking_interfaces'...
Compiling '/home/darren/Documents/cf_swarm/ros2_ws/install/motion_capture_tracking_interfaces/lib/python3.10/site-packages/motion_capture_tracking_interfaces/__init__.py'...
Listing '/home/darren/Documents/cf_swarm/ros2_ws/install/motion_capture_tracking_interfaces/lib/python3.10/site-packages/motion_capture_tracking_interfaces/msg'...
-- Installing: /home/darren/Documents/cf_swarm/ros2_ws/install/motion_capture_tracking_interfaces/lib/libmotion_capture_tracking_interfaces__rosidl_generator_py.so
-- Set runtime path of "/home/darren/Documents/cf_swarm/ros2_ws/install/motion_capture_tracking_interfaces/lib/libmotion_capture_tracking_interfaces__rosidl_generator_py.so" to ""
-- Up-to-date: /home/darren/Documents/cf_swarm/ros2_ws/install/motion_capture_tracking_interfaces/share/motion_capture_tracking_interfaces/cmake/export_motion_capture_tracking_interfaces__rosidl_generator_cExport.cmake
-- Installing: /home/darren/Documents/cf_swarm/ros2_ws/install/motion_capture_tracking_interfaces/share/motion_capture_tracking_interfaces/cmake/export_motion_capture_tracking_interfaces__rosidl_generator_cExport-release.cmake
-- Up-to-date: /home/darren/Documents/cf_swarm/ros2_ws/install/motion_capture_tracking_interfaces/share/motion_capture_tracking_interfaces/cmake/export_motion_capture_tracking_interfaces__rosidl_typesupport_fastrtps_cExport.cmake
-- Installing: /home/darren/Documents/cf_swarm/ros2_ws/install/motion_capture_tracking_interfaces/share/motion_capture_tracking_interfaces/cmake/export_motion_capture_tracking_interfaces__rosidl_typesupport_fastrtps_cExport-release.cmake
-- Up-to-date: /home/darren/Documents/cf_swarm/ros2_ws/install/motion_capture_tracking_interfaces/share/motion_capture_tracking_interfaces/cmake/export_motion_capture_tracking_interfaces__rosidl_generator_cppExport.cmake
-- Up-to-date: /home/darren/Documents/cf_swarm/ros2_ws/install/motion_capture_tracking_interfaces/share/motion_capture_tracking_interfaces/cmake/export_motion_capture_tracking_interfaces__rosidl_typesupport_fastrtps_cppExport.cmake
-- Installing: /home/darren/Documents/cf_swarm/ros2_ws/install/motion_capture_tracking_interfaces/share/motion_capture_tracking_interfaces/cmake/export_motion_capture_tracking_interfaces__rosidl_typesupport_fastrtps_cppExport-release.cmake
-- Up-to-date: /home/darren/Documents/cf_swarm/ros2_ws/install/motion_capture_tracking_interfaces/share/motion_capture_tracking_interfaces/cmake/motion_capture_tracking_interfaces__rosidl_typesupport_introspection_cExport.cmake
-- Installing: /home/darren/Documents/cf_swarm/ros2_ws/install/motion_capture_tracking_interfaces/share/motion_capture_tracking_interfaces/cmake/motion_capture_tracking_interfaces__rosidl_typesupport_introspection_cExport-release.cmake
-- Up-to-date: /home/darren/Documents/cf_swarm/ros2_ws/install/motion_capture_tracking_interfaces/share/motion_capture_tracking_interfaces/cmake/motion_capture_tracking_interfaces__rosidl_typesupport_cExport.cmake
-- Installing: /home/darren/Documents/cf_swarm/ros2_ws/install/motion_capture_tracking_interfaces/share/motion_capture_tracking_interfaces/cmake/motion_capture_tracking_interfaces__rosidl_typesupport_cExport-release.cmake
-- Up-to-date: /home/darren/Documents/cf_swarm/ros2_ws/install/motion_capture_tracking_interfaces/share/motion_capture_tracking_interfaces/cmake/motion_capture_tracking_interfaces__rosidl_typesupport_introspection_cppExport.cmake
-- Installing: /home/darren/Documents/cf_swarm/ros2_ws/install/motion_capture_tracking_interfaces/share/motion_capture_tracking_interfaces/cmake/motion_capture_tracking_interfaces__rosidl_typesupport_introspection_cppExport-release.cmake
-- Up-to-date: /home/darren/Documents/cf_swarm/ros2_ws/install/motion_capture_tracking_interfaces/share/motion_capture_tracking_interfaces/cmake/motion_capture_tracking_interfaces__rosidl_typesupport_cppExport.cmake
-- Installing: /home/darren/Documents/cf_swarm/ros2_ws/install/motion_capture_tracking_interfaces/share/motion_capture_tracking_interfaces/cmake/motion_capture_tracking_interfaces__rosidl_typesupport_cppExport-release.cmake
-- Up-to-date: /home/darren/Documents/cf_swarm/ros2_ws/install/motion_capture_tracking_interfaces/share/motion_capture_tracking_interfaces/cmake/export_motion_capture_tracking_interfaces__rosidl_generator_pyExport.cmake
-- Installing: /home/darren/Documents/cf_swarm/ros2_ws/install/motion_capture_tracking_interfaces/share/motion_capture_tracking_interfaces/cmake/export_motion_capture_tracking_interfaces__rosidl_generator_pyExport-release.cmake
