[35m[1mConsolidate compiler generated dependencies of target qualisys_cpp_sdk[0m
[35m[1mConsolidate compiler generated dependencies of target quat[0m
[35m[1mConsolidate compiler generated dependencies of target librigidbodytracker[0m
[  1%] [32mBuilding C object deps/libmotioncapture/deps/vrpn/quat/CMakeFiles/quat.dir/matrix.c.o[0m
[  3%] [32mBuilding C object deps/libmotioncapture/deps/vrpn/quat/CMakeFiles/quat.dir/vector.c.o[0m
[  4%] [32mBuilding C object deps/libmotioncapture/deps/vrpn/quat/CMakeFiles/quat.dir/xyzquat.c.o[0m
[  6%] [32mBuilding C object deps/libmotioncapture/deps/vrpn/quat/CMakeFiles/quat.dir/quat.c.o[0m
[35m[1mConsolidate compiler generated dependencies of target ViconDataStreamSDK_CPP[0m
[  8%] [32mBuilding CXX object deps/libmotioncapture/deps/qualisys_cpp_sdk/CMakeFiles/qualisys_cpp_sdk.dir/Markup.cpp.o[0m
[ 12%] [32mBuilding CXX object deps/libmotioncapture/deps/qualisys_cpp_sdk/CMakeFiles/qualisys_cpp_sdk.dir/RTPacket.cpp.o[0m
[ 12%] [32mBuilding CXX object deps/libmotioncapture/deps/qualisys_cpp_sdk/CMakeFiles/qualisys_cpp_sdk.dir/Network.cpp.o[0m
[ 12%] [32mBuilding CXX object deps/libmotioncapture/deps/qualisys_cpp_sdk/CMakeFiles/qualisys_cpp_sdk.dir/RTProtocol.cpp.o[0m
[ 14%] [32m[1mLinking C static library libquat.a[0m
[ 16%] [32mBuilding CXX object deps/librigidbodytracker/CMakeFiles/librigidbodytracker.dir/src/rigid_body_tracker.cpp.o[0m
[ 17%] [32mBuilding CXX object deps/libmotioncapture/deps/vicon-datastream-sdk/CMakeFiles/ViconDataStreamSDK_CPP.dir/Vicon/CrossMarket/DataStream/ViconDataStreamSDKCore/CoreClientTimingLog.cpp.o[0m
[ 19%] [32mBuilding CXX object deps/libmotioncapture/deps/vicon-datastream-sdk/CMakeFiles/ViconDataStreamSDK_CPP.dir/Vicon/CrossMarket/DataStream/ViconDataStreamSDKCore/CoreClient.cpp.o[0m
[ 19%] Built target quat
[ 22%] [32mBuilding CXX object deps/libmotioncapture/deps/vicon-datastream-sdk/CMakeFiles/ViconDataStreamSDK_CPP.dir/Vicon/CrossMarket/DataStream/ViconDataStreamSDKCoreUtils/ClientUtils.cpp.o[0m
[ 22%] [32mBuilding CXX object deps/libmotioncapture/deps/vicon-datastream-sdk/CMakeFiles/ViconDataStreamSDK_CPP.dir/Vicon/CrossMarket/DataStream/ViconDataStreamSDKCoreUtils/AxisMapping.cpp.o[0m
[ 24%] [32mBuilding CXX object deps/libmotioncapture/deps/vicon-datastream-sdk/CMakeFiles/ViconDataStreamSDK_CPP.dir/Vicon/CrossMarket/DataStream/ViconDataStreamSDKCore/WirelessConfiguration.cpp.o[0m
[ 25%] [32mBuilding CXX object deps/libmotioncapture/deps/vicon-datastream-sdk/CMakeFiles/ViconDataStreamSDK_CPP.dir/Vicon/CrossMarket/DataStream/ViconCGStreamClientSDK/CGClient.cpp.o[0m
[35m[1mConsolidate compiler generated dependencies of target vrpn[0m
[ 27%] [32mBuilding CXX object deps/libmotioncapture/deps/vicon-datastream-sdk/CMakeFiles/ViconDataStreamSDK_CPP.dir/Vicon/CrossMarket/DataStream/ViconCGStreamClient/ViconCGStreamClient.cpp.o[0m
[ 29%] [32mBuilding CXX object deps/libmotioncapture/deps/vicon-datastream-sdk/CMakeFiles/ViconDataStreamSDK_CPP.dir/Vicon/CrossMarket/DataStream/ViconCGStreamClient/CGStreamReaderWriter.cpp.o[0m
[ 30%] [32mBuilding CXX object deps/libmotioncapture/deps/vicon-datastream-sdk/CMakeFiles/ViconDataStreamSDK_CPP.dir/Vicon/CrossMarket/DataStream/ViconDataStreamSDK_CPP/DataStreamClient.cpp.o[0m
[ 32%] [32mBuilding CXX object deps/libmotioncapture/deps/vicon-datastream-sdk/CMakeFiles/ViconDataStreamSDK_CPP.dir/Vicon/CrossMarket/DataStream/ViconCGStreamClient/ViconCGStreamBayer.cpp.o[0m
[ 33%] [32mBuilding CXX object deps/libmotioncapture/deps/vrpn/CMakeFiles/vrpn.dir/vrpn_Analog.C.o[0m
[ 35%] [32mBuilding CXX object deps/libmotioncapture/deps/vrpn/CMakeFiles/vrpn.dir/vrpn_Analog_Output.C.o[0m
[ 37%] [32mBuilding CXX object deps/libmotioncapture/deps/vrpn/CMakeFiles/vrpn.dir/vrpn_Assert.C.o[0m
[ 38%] [32mBuilding CXX object deps/libmotioncapture/deps/vrpn/CMakeFiles/vrpn.dir/vrpn_Auxiliary_Logger.C.o[0m
[ 40%] [32mBuilding CXX object deps/libmotioncapture/deps/vrpn/CMakeFiles/vrpn.dir/vrpn_BaseClass.C.o[0m
[ 41%] [32mBuilding CXX object deps/libmotioncapture/deps/vrpn/CMakeFiles/vrpn.dir/vrpn_Button.C.o[0m
[ 43%] [32mBuilding CXX object deps/libmotioncapture/deps/vrpn/CMakeFiles/vrpn.dir/vrpn_Connection.C.o[0m
[ 45%] [32mBuilding CXX object deps/libmotioncapture/deps/vrpn/CMakeFiles/vrpn.dir/vrpn_Dial.C.o[0m
[ 46%] [32mBuilding CXX object deps/libmotioncapture/deps/vrpn/CMakeFiles/vrpn.dir/vrpn_EndpointContainer.C.o[0m
[ 48%] [32mBuilding CXX object deps/libmotioncapture/deps/vrpn/CMakeFiles/vrpn.dir/vrpn_FileConnection.C.o[0m
[ 50%] [32mBuilding CXX object deps/libmotioncapture/deps/vrpn/CMakeFiles/vrpn.dir/vrpn_FileController.C.o[0m
[ 51%] [32mBuilding CXX object deps/libmotioncapture/deps/vrpn/CMakeFiles/vrpn.dir/vrpn_ForceDevice.C.o[0m
[ 53%] [32mBuilding CXX object deps/libmotioncapture/deps/vrpn/CMakeFiles/vrpn.dir/vrpn_Forwarder.C.o[0m
[ 54%] [32mBuilding CXX object deps/libmotioncapture/deps/vrpn/CMakeFiles/vrpn.dir/vrpn_ForwarderController.C.o[0m
[ 56%] [32mBuilding CXX object deps/libmotioncapture/deps/vrpn/CMakeFiles/vrpn.dir/vrpn_FunctionGenerator.C.o[0m
[ 58%] [32mBuilding CXX object deps/libmotioncapture/deps/vrpn/CMakeFiles/vrpn.dir/vrpn_Imager.C.o[0m
[ 59%] [32mBuilding CXX object deps/libmotioncapture/deps/vrpn/CMakeFiles/vrpn.dir/vrpn_LamportClock.C.o[0m
[ 61%] [32mBuilding CXX object deps/libmotioncapture/deps/vrpn/CMakeFiles/vrpn.dir/vrpn_Mutex.C.o[0m
[ 62%] [32mBuilding CXX object deps/libmotioncapture/deps/vrpn/CMakeFiles/vrpn.dir/vrpn_Poser.C.o[0m
[ 64%] [32mBuilding CXX object deps/libmotioncapture/deps/vrpn/CMakeFiles/vrpn.dir/vrpn_RedundantTransmission.C.o[0m
[ 66%] [32mBuilding CXX object deps/libmotioncapture/deps/vrpn/CMakeFiles/vrpn.dir/vrpn_Serial.C.o[0m
[ 67%] [32mBuilding CXX object deps/libmotioncapture/deps/vrpn/CMakeFiles/vrpn.dir/vrpn_SerialPort.C.o[0m
[ 69%] [32mBuilding CXX object deps/libmotioncapture/deps/vrpn/CMakeFiles/vrpn.dir/vrpn_Shared.C.o[0m
[ 70%] [32mBuilding CXX object deps/libmotioncapture/deps/vrpn/CMakeFiles/vrpn.dir/vrpn_SharedObject.C.o[0m
[ 72%] [32mBuilding CXX object deps/libmotioncapture/deps/vrpn/CMakeFiles/vrpn.dir/vrpn_Sound.C.o[0m
[ 74%] [32mBuilding CXX object deps/libmotioncapture/deps/vrpn/CMakeFiles/vrpn.dir/vrpn_Text.C.o[0m
[ 75%] [32mBuilding CXX object deps/libmotioncapture/deps/vrpn/CMakeFiles/vrpn.dir/vrpn_Thread.C.o[0m
[ 77%] [32mBuilding CXX object deps/libmotioncapture/deps/vrpn/CMakeFiles/vrpn.dir/vrpn_Tracker.C.o[0m
[ 79%] [32m[1mLinking CXX static library libvrpn.a[0m
[ 79%] Built target vrpn
[ 80%] [32m[1mLinking CXX static library libqualisys_cpp_sdk.a[0m
[ 80%] Built target qualisys_cpp_sdk
[ 82%] [32m[1mLinking CXX static library libViconDataStreamSDK_CPP.a[0m
[ 82%] Built target ViconDataStreamSDK_CPP
[35m[1mConsolidate compiler generated dependencies of target libmotioncapture[0m
[ 83%] [32mBuilding CXX object deps/libmotioncapture/CMakeFiles/libmotioncapture.dir/src/motioncapture.cpp.o[0m
[ 85%] [32mBuilding CXX object deps/libmotioncapture/CMakeFiles/libmotioncapture.dir/src/testmocap.cpp.o[0m
[ 88%] [32mBuilding CXX object deps/libmotioncapture/CMakeFiles/libmotioncapture.dir/src/optitrack.cpp.o[0m
[ 88%] [32mBuilding CXX object deps/libmotioncapture/CMakeFiles/libmotioncapture.dir/src/vicon.cpp.o[0m
[ 90%] [32mBuilding CXX object deps/libmotioncapture/CMakeFiles/libmotioncapture.dir/src/qualisys.cpp.o[0m
[ 91%] [32mBuilding CXX object deps/libmotioncapture/CMakeFiles/libmotioncapture.dir/src/vrpn.cpp.o[0m
[ 93%] [32mBuilding CXX object deps/libmotioncapture/CMakeFiles/libmotioncapture.dir/src/fzmotion.cpp.o[0m
[ 95%] [32m[1mLinking CXX static library liblibrigidbodytracker.a[0m
[ 96%] [32m[1mLinking CXX static library liblibmotioncapture.a[0m
[ 96%] Built target librigidbodytracker
[ 96%] Built target libmotioncapture
[35m[1mConsolidate compiler generated dependencies of target motion_capture_tracking_node[0m
[ 98%] [32mBuilding CXX object CMakeFiles/motion_capture_tracking_node.dir/src/motion_capture_tracking_node.cpp.o[0m
[100%] [32m[1mLinking CXX executable motion_capture_tracking_node[0m
[100%] Built target motion_capture_tracking_node
-- Install configuration: ""
-- Execute custom install script
-- Up-to-date symlink: /home/darren/Documents/cf_swarm/ros2_ws/install/motion_capture_tracking/lib/motion_capture_tracking/motion_capture_tracking_node
-- Up-to-date symlink: /home/darren/Documents/cf_swarm/ros2_ws/install/motion_capture_tracking/share/motion_capture_tracking//launch/launch.py
-- Up-to-date symlink: /home/darren/Documents/cf_swarm/ros2_ws/install/motion_capture_tracking/share/motion_capture_tracking//launch/node.launch
-- Up-to-date symlink: /home/darren/Documents/cf_swarm/ros2_ws/install/motion_capture_tracking/share/motion_capture_tracking//config/cfg.yaml
-- Up-to-date symlink: /home/darren/Documents/cf_swarm/ros2_ws/install/motion_capture_tracking/share/motion_capture_tracking//config/rviz.rviz
-- Up-to-date symlink: /home/darren/Documents/cf_swarm/ros2_ws/install/motion_capture_tracking/share/ament_index/resource_index/package_run_dependencies/motion_capture_tracking
-- Up-to-date symlink: /home/darren/Documents/cf_swarm/ros2_ws/install/motion_capture_tracking/share/ament_index/resource_index/parent_prefix_path/motion_capture_tracking
-- Up-to-date symlink: /home/darren/Documents/cf_swarm/ros2_ws/install/motion_capture_tracking/share/motion_capture_tracking/environment/ament_prefix_path.sh
-- Up-to-date symlink: /home/darren/Documents/cf_swarm/ros2_ws/install/motion_capture_tracking/share/motion_capture_tracking/environment/ament_prefix_path.dsv
-- Up-to-date symlink: /home/darren/Documents/cf_swarm/ros2_ws/install/motion_capture_tracking/share/motion_capture_tracking/environment/path.sh
-- Up-to-date symlink: /home/darren/Documents/cf_swarm/ros2_ws/install/motion_capture_tracking/share/motion_capture_tracking/environment/path.dsv
-- Up-to-date symlink: /home/darren/Documents/cf_swarm/ros2_ws/install/motion_capture_tracking/share/motion_capture_tracking/local_setup.bash
-- Up-to-date symlink: /home/darren/Documents/cf_swarm/ros2_ws/install/motion_capture_tracking/share/motion_capture_tracking/local_setup.sh
-- Up-to-date symlink: /home/darren/Documents/cf_swarm/ros2_ws/install/motion_capture_tracking/share/motion_capture_tracking/local_setup.zsh
-- Up-to-date symlink: /home/darren/Documents/cf_swarm/ros2_ws/install/motion_capture_tracking/share/motion_capture_tracking/local_setup.dsv
-- Symlinking: /home/darren/Documents/cf_swarm/ros2_ws/install/motion_capture_tracking/share/motion_capture_tracking/package.dsv
-- Up-to-date symlink: /home/darren/Documents/cf_swarm/ros2_ws/install/motion_capture_tracking/share/ament_index/resource_index/packages/motion_capture_tracking
-- Up-to-date symlink: /home/darren/Documents/cf_swarm/ros2_ws/install/motion_capture_tracking/share/motion_capture_tracking/cmake/motion_capture_trackingConfig.cmake
-- Up-to-date symlink: /home/darren/Documents/cf_swarm/ros2_ws/install/motion_capture_tracking/share/motion_capture_tracking/cmake/motion_capture_trackingConfig-version.cmake
-- Up-to-date symlink: /home/darren/Documents/cf_swarm/ros2_ws/install/motion_capture_tracking/share/motion_capture_tracking/package.xml
