[0.085s] Invoking command in '/home/darren/Documents/cf_swarm/ros2_ws/build/motion_capture_tracking': AMENT_PREFIX_PATH=/home/darren/Documents/cf_swarm/ros2_ws/install/motion_capture_tracking_interfaces:${AMENT_PREFIX_PATH} CMAKE_PREFIX_PATH=/home/darren/Documents/cf_swarm/ros2_ws/install/motion_capture_tracking_interfaces:/home/darren/cf_swarm/ros2_ws/install/topic_tools:/home/darren/cf_swarm/ros2_ws/install/topic_tools_interfaces:/home/darren/cf_swarm/ros2_ws/install/motion_capture_tracking:/home/darren/cf_swarm/ros2_ws/install/crazyflie:/home/darren/cf_swarm/ros2_ws/install/motion_capture_tracking_interfaces:/home/darren/cf_swarm/ros2_ws/install/crazyflie_sim:/home/darren/cf_swarm/ros2_ws/install/crazyflie_examples:/home/darren/cf_swarm/ros2_ws/install/crazyflie_interfaces:/home/darren/cf_swarm/ros2_ws/install/localization_test:/home/darren/cf_swarm/ros2_ws/install/crazyflie_py:/opt/ros/iron LD_LIBRARY_PATH=/home/darren/Documents/cf_swarm/ros2_ws/install/motion_capture_tracking_interfaces/lib:${LD_LIBRARY_PATH} PYTHONPATH=/home/darren/Documents/cf_swarm/ros2_ws/install/motion_capture_tracking_interfaces/lib/python3.10/site-packages:${PYTHONPATH} /usr/bin/cmake --build /home/darren/Documents/cf_swarm/ros2_ws/build/motion_capture_tracking -- -j16 -l16
[0.140s] [35m[1mConsolidate compiler generated dependencies of target quat[0m
[0.141s] [35m[1mConsolidate compiler generated dependencies of target qualisys_cpp_sdk[0m
[0.142s] [35m[1mConsolidate compiler generated dependencies of target librigidbodytracker[0m
[0.149s] [35m[1mConsolidate compiler generated dependencies of target ViconDataStreamSDK_CPP[0m
[0.158s] [  8%] Built target quat
[0.162s] [ 16%] Built target qualisys_cpp_sdk
[0.177s] [35m[1mConsolidate compiler generated dependencies of target vrpn[0m
[0.189s] [ 19%] Built target librigidbodytracker
[0.218s] [ 66%] Built target vrpn
[0.246s] [ 83%] Built target ViconDataStreamSDK_CPP
[0.265s] [35m[1mConsolidate compiler generated dependencies of target libmotioncapture[0m
[0.332s] [ 96%] Built target libmotioncapture
[0.351s] [35m[1mConsolidate compiler generated dependencies of target motion_capture_tracking_node[0m
[0.396s] [100%] Built target motion_capture_tracking_node
[0.419s] Invoked command in '/home/darren/Documents/cf_swarm/ros2_ws/build/motion_capture_tracking' returned '0': AMENT_PREFIX_PATH=/home/darren/Documents/cf_swarm/ros2_ws/install/motion_capture_tracking_interfaces:${AMENT_PREFIX_PATH} CMAKE_PREFIX_PATH=/home/darren/Documents/cf_swarm/ros2_ws/install/motion_capture_tracking_interfaces:/home/darren/cf_swarm/ros2_ws/install/topic_tools:/home/darren/cf_swarm/ros2_ws/install/topic_tools_interfaces:/home/darren/cf_swarm/ros2_ws/install/motion_capture_tracking:/home/darren/cf_swarm/ros2_ws/install/crazyflie:/home/darren/cf_swarm/ros2_ws/install/motion_capture_tracking_interfaces:/home/darren/cf_swarm/ros2_ws/install/crazyflie_sim:/home/darren/cf_swarm/ros2_ws/install/crazyflie_examples:/home/darren/cf_swarm/ros2_ws/install/crazyflie_interfaces:/home/darren/cf_swarm/ros2_ws/install/localization_test:/home/darren/cf_swarm/ros2_ws/install/crazyflie_py:/opt/ros/iron LD_LIBRARY_PATH=/home/darren/Documents/cf_swarm/ros2_ws/install/motion_capture_tracking_interfaces/lib:${LD_LIBRARY_PATH} PYTHONPATH=/home/darren/Documents/cf_swarm/ros2_ws/install/motion_capture_tracking_interfaces/lib/python3.10/site-packages:${PYTHONPATH} /usr/bin/cmake --build /home/darren/Documents/cf_swarm/ros2_ws/build/motion_capture_tracking -- -j16 -l16
[0.494s] Invoking command in '/home/darren/Documents/cf_swarm/ros2_ws/build/motion_capture_tracking': AMENT_PREFIX_PATH=/home/darren/Documents/cf_swarm/ros2_ws/install/motion_capture_tracking_interfaces:${AMENT_PREFIX_PATH} CMAKE_PREFIX_PATH=/home/darren/Documents/cf_swarm/ros2_ws/install/motion_capture_tracking_interfaces:/home/darren/cf_swarm/ros2_ws/install/topic_tools:/home/darren/cf_swarm/ros2_ws/install/topic_tools_interfaces:/home/darren/cf_swarm/ros2_ws/install/motion_capture_tracking:/home/darren/cf_swarm/ros2_ws/install/crazyflie:/home/darren/cf_swarm/ros2_ws/install/motion_capture_tracking_interfaces:/home/darren/cf_swarm/ros2_ws/install/crazyflie_sim:/home/darren/cf_swarm/ros2_ws/install/crazyflie_examples:/home/darren/cf_swarm/ros2_ws/install/crazyflie_interfaces:/home/darren/cf_swarm/ros2_ws/install/localization_test:/home/darren/cf_swarm/ros2_ws/install/crazyflie_py:/opt/ros/iron LD_LIBRARY_PATH=/home/darren/Documents/cf_swarm/ros2_ws/install/motion_capture_tracking_interfaces/lib:${LD_LIBRARY_PATH} PYTHONPATH=/home/darren/Documents/cf_swarm/ros2_ws/install/motion_capture_tracking_interfaces/lib/python3.10/site-packages:${PYTHONPATH} /usr/bin/cmake --install /home/darren/Documents/cf_swarm/ros2_ws/build/motion_capture_tracking
[0.503s] -- Install configuration: ""
[0.504s] -- Execute custom install script
[0.504s] -- Up-to-date symlink: /home/darren/Documents/cf_swarm/ros2_ws/install/motion_capture_tracking/lib/motion_capture_tracking/motion_capture_tracking_node
[0.504s] -- Up-to-date symlink: /home/darren/Documents/cf_swarm/ros2_ws/install/motion_capture_tracking/share/motion_capture_tracking//launch/launch.py
[0.505s] -- Up-to-date symlink: /home/darren/Documents/cf_swarm/ros2_ws/install/motion_capture_tracking/share/motion_capture_tracking//launch/node.launch
[0.505s] -- Up-to-date symlink: /home/darren/Documents/cf_swarm/ros2_ws/install/motion_capture_tracking/share/motion_capture_tracking//config/cfg.yaml
[0.505s] -- Up-to-date symlink: /home/darren/Documents/cf_swarm/ros2_ws/install/motion_capture_tracking/share/motion_capture_tracking//config/rviz.rviz
[0.505s] -- Up-to-date symlink: /home/darren/Documents/cf_swarm/ros2_ws/install/motion_capture_tracking/share/ament_index/resource_index/package_run_dependencies/motion_capture_tracking
[0.505s] -- Up-to-date symlink: /home/darren/Documents/cf_swarm/ros2_ws/install/motion_capture_tracking/share/ament_index/resource_index/parent_prefix_path/motion_capture_tracking
[0.506s] -- Up-to-date symlink: /home/darren/Documents/cf_swarm/ros2_ws/install/motion_capture_tracking/share/motion_capture_tracking/environment/ament_prefix_path.sh
[0.506s] -- Up-to-date symlink: /home/darren/Documents/cf_swarm/ros2_ws/install/motion_capture_tracking/share/motion_capture_tracking/environment/ament_prefix_path.dsv
[0.506s] -- Up-to-date symlink: /home/darren/Documents/cf_swarm/ros2_ws/install/motion_capture_tracking/share/motion_capture_tracking/environment/path.sh
[0.506s] -- Up-to-date symlink: /home/darren/Documents/cf_swarm/ros2_ws/install/motion_capture_tracking/share/motion_capture_tracking/environment/path.dsv
[0.506s] -- Up-to-date symlink: /home/darren/Documents/cf_swarm/ros2_ws/install/motion_capture_tracking/share/motion_capture_tracking/local_setup.bash
[0.507s] -- Up-to-date symlink: /home/darren/Documents/cf_swarm/ros2_ws/install/motion_capture_tracking/share/motion_capture_tracking/local_setup.sh
[0.507s] -- Up-to-date symlink: /home/darren/Documents/cf_swarm/ros2_ws/install/motion_capture_tracking/share/motion_capture_tracking/local_setup.zsh
[0.507s] -- Up-to-date symlink: /home/darren/Documents/cf_swarm/ros2_ws/install/motion_capture_tracking/share/motion_capture_tracking/local_setup.dsv
[0.507s] -- Symlinking: /home/darren/Documents/cf_swarm/ros2_ws/install/motion_capture_tracking/share/motion_capture_tracking/package.dsv
[0.531s] -- Up-to-date symlink: /home/darren/Documents/cf_swarm/ros2_ws/install/motion_capture_tracking/share/ament_index/resource_index/packages/motion_capture_tracking
[0.531s] -- Up-to-date symlink: /home/darren/Documents/cf_swarm/ros2_ws/install/motion_capture_tracking/share/motion_capture_tracking/cmake/motion_capture_trackingConfig.cmake
[0.531s] -- Up-to-date symlink: /home/darren/Documents/cf_swarm/ros2_ws/install/motion_capture_tracking/share/motion_capture_tracking/cmake/motion_capture_trackingConfig-version.cmake
[0.531s] -- Up-to-date symlink: /home/darren/Documents/cf_swarm/ros2_ws/install/motion_capture_tracking/share/motion_capture_tracking/package.xml
[0.533s] Invoked command in '/home/darren/Documents/cf_swarm/ros2_ws/build/motion_capture_tracking' returned '0': AMENT_PREFIX_PATH=/home/darren/Documents/cf_swarm/ros2_ws/install/motion_capture_tracking_interfaces:${AMENT_PREFIX_PATH} CMAKE_PREFIX_PATH=/home/darren/Documents/cf_swarm/ros2_ws/install/motion_capture_tracking_interfaces:/home/darren/cf_swarm/ros2_ws/install/topic_tools:/home/darren/cf_swarm/ros2_ws/install/topic_tools_interfaces:/home/darren/cf_swarm/ros2_ws/install/motion_capture_tracking:/home/darren/cf_swarm/ros2_ws/install/crazyflie:/home/darren/cf_swarm/ros2_ws/install/motion_capture_tracking_interfaces:/home/darren/cf_swarm/ros2_ws/install/crazyflie_sim:/home/darren/cf_swarm/ros2_ws/install/crazyflie_examples:/home/darren/cf_swarm/ros2_ws/install/crazyflie_interfaces:/home/darren/cf_swarm/ros2_ws/install/localization_test:/home/darren/cf_swarm/ros2_ws/install/crazyflie_py:/opt/ros/iron LD_LIBRARY_PATH=/home/darren/Documents/cf_swarm/ros2_ws/install/motion_capture_tracking_interfaces/lib:${LD_LIBRARY_PATH} PYTHONPATH=/home/darren/Documents/cf_swarm/ros2_ws/install/motion_capture_tracking_interfaces/lib/python3.10/site-packages:${PYTHONPATH} /usr/bin/cmake --install /home/darren/Documents/cf_swarm/ros2_ws/build/motion_capture_tracking
