[0.039s] Invoking command in '/home/darren/Documents/cf_swarm/ros2_ws/build/motion_capture_tracking': AMENT_PREFIX_PATH=/home/darren/Documents/cf_swarm/ros2_ws/install/motion_capture_tracking_interfaces:${AMENT_PREFIX_PATH} CMAKE_PREFIX_PATH=/home/darren/Documents/cf_swarm/ros2_ws/install/motion_capture_tracking_interfaces:/opt/ros/iron LD_LIBRARY_PATH=/home/darren/Documents/cf_swarm/ros2_ws/install/motion_capture_tracking_interfaces/lib:${LD_LIBRARY_PATH} PYTHONPATH=/home/darren/Documents/cf_swarm/ros2_ws/install/motion_capture_tracking_interfaces/lib/python3.10/site-packages:${PYTHONPATH} /usr/bin/cmake --build /home/darren/Documents/cf_swarm/ros2_ws/build/motion_capture_tracking -- -j16 -l16
[0.083s] [35m[1mConsolidate compiler generated dependencies of target quat[0m
[0.084s] [35m[1mConsolidate compiler generated dependencies of target librigidbodytracker[0m
[0.085s] [35m[1mConsolidate compiler generated dependencies of target qualisys_cpp_sdk[0m
[0.092s] [35m[1mConsolidate compiler generated dependencies of target ViconDataStreamSDK_CPP[0m
[0.095s] [  8%] Built target quat
[0.100s] [ 16%] Built target qualisys_cpp_sdk
[0.109s] [35m[1mConsolidate compiler generated dependencies of target vrpn[0m
[0.118s] [ 19%] Built target librigidbodytracker
[0.136s] [ 66%] Built target vrpn
[0.159s] [ 83%] Built target ViconDataStreamSDK_CPP
[0.173s] [35m[1mConsolidate compiler generated dependencies of target libmotioncapture[0m
[0.211s] [ 96%] Built target libmotioncapture
[0.222s] [35m[1mConsolidate compiler generated dependencies of target motion_capture_tracking_node[0m
[0.252s] [100%] Built target motion_capture_tracking_node
[0.264s] Invoked command in '/home/darren/Documents/cf_swarm/ros2_ws/build/motion_capture_tracking' returned '0': AMENT_PREFIX_PATH=/home/darren/Documents/cf_swarm/ros2_ws/install/motion_capture_tracking_interfaces:${AMENT_PREFIX_PATH} CMAKE_PREFIX_PATH=/home/darren/Documents/cf_swarm/ros2_ws/install/motion_capture_tracking_interfaces:/opt/ros/iron LD_LIBRARY_PATH=/home/darren/Documents/cf_swarm/ros2_ws/install/motion_capture_tracking_interfaces/lib:${LD_LIBRARY_PATH} PYTHONPATH=/home/darren/Documents/cf_swarm/ros2_ws/install/motion_capture_tracking_interfaces/lib/python3.10/site-packages:${PYTHONPATH} /usr/bin/cmake --build /home/darren/Documents/cf_swarm/ros2_ws/build/motion_capture_tracking -- -j16 -l16
[0.317s] Invoking command in '/home/darren/Documents/cf_swarm/ros2_ws/build/motion_capture_tracking': AMENT_PREFIX_PATH=/home/darren/Documents/cf_swarm/ros2_ws/install/motion_capture_tracking_interfaces:${AMENT_PREFIX_PATH} CMAKE_PREFIX_PATH=/home/darren/Documents/cf_swarm/ros2_ws/install/motion_capture_tracking_interfaces:/opt/ros/iron LD_LIBRARY_PATH=/home/darren/Documents/cf_swarm/ros2_ws/install/motion_capture_tracking_interfaces/lib:${LD_LIBRARY_PATH} PYTHONPATH=/home/darren/Documents/cf_swarm/ros2_ws/install/motion_capture_tracking_interfaces/lib/python3.10/site-packages:${PYTHONPATH} /usr/bin/cmake --install /home/darren/Documents/cf_swarm/ros2_ws/build/motion_capture_tracking
[0.324s] -- Install configuration: ""
[0.324s] -- Execute custom install script
[0.325s] -- Up-to-date symlink: /home/darren/Documents/cf_swarm/ros2_ws/install/motion_capture_tracking/lib/motion_capture_tracking/motion_capture_tracking_node
[0.325s] -- Up-to-date symlink: /home/darren/Documents/cf_swarm/ros2_ws/install/motion_capture_tracking/share/motion_capture_tracking//launch/launch.py
[0.325s] -- Up-to-date symlink: /home/darren/Documents/cf_swarm/ros2_ws/install/motion_capture_tracking/share/motion_capture_tracking//launch/node.launch
[0.325s] -- Up-to-date symlink: /home/darren/Documents/cf_swarm/ros2_ws/install/motion_capture_tracking/share/motion_capture_tracking//config/cfg.yaml
[0.325s] -- Up-to-date symlink: /home/darren/Documents/cf_swarm/ros2_ws/install/motion_capture_tracking/share/motion_capture_tracking//config/rviz.rviz
[0.326s] -- Up-to-date symlink: /home/darren/Documents/cf_swarm/ros2_ws/install/motion_capture_tracking/share/ament_index/resource_index/package_run_dependencies/motion_capture_tracking
[0.326s] -- Up-to-date symlink: /home/darren/Documents/cf_swarm/ros2_ws/install/motion_capture_tracking/share/ament_index/resource_index/parent_prefix_path/motion_capture_tracking
[0.326s] -- Up-to-date symlink: /home/darren/Documents/cf_swarm/ros2_ws/install/motion_capture_tracking/share/motion_capture_tracking/environment/ament_prefix_path.sh
[0.326s] -- Up-to-date symlink: /home/darren/Documents/cf_swarm/ros2_ws/install/motion_capture_tracking/share/motion_capture_tracking/environment/ament_prefix_path.dsv
[0.326s] -- Up-to-date symlink: /home/darren/Documents/cf_swarm/ros2_ws/install/motion_capture_tracking/share/motion_capture_tracking/environment/path.sh
[0.326s] -- Up-to-date symlink: /home/darren/Documents/cf_swarm/ros2_ws/install/motion_capture_tracking/share/motion_capture_tracking/environment/path.dsv
[0.326s] -- Up-to-date symlink: /home/darren/Documents/cf_swarm/ros2_ws/install/motion_capture_tracking/share/motion_capture_tracking/local_setup.bash
[0.327s] -- Up-to-date symlink: /home/darren/Documents/cf_swarm/ros2_ws/install/motion_capture_tracking/share/motion_capture_tracking/local_setup.sh
[0.327s] -- Up-to-date symlink: /home/darren/Documents/cf_swarm/ros2_ws/install/motion_capture_tracking/share/motion_capture_tracking/local_setup.zsh
[0.327s] -- Up-to-date symlink: /home/darren/Documents/cf_swarm/ros2_ws/install/motion_capture_tracking/share/motion_capture_tracking/local_setup.dsv
[0.327s] -- Symlinking: /home/darren/Documents/cf_swarm/ros2_ws/install/motion_capture_tracking/share/motion_capture_tracking/package.dsv
[0.335s] -- Up-to-date symlink: /home/darren/Documents/cf_swarm/ros2_ws/install/motion_capture_tracking/share/ament_index/resource_index/packages/motion_capture_tracking
[0.335s] -- Up-to-date symlink: /home/darren/Documents/cf_swarm/ros2_ws/install/motion_capture_tracking/share/motion_capture_tracking/cmake/motion_capture_trackingConfig.cmake
[0.335s] -- Up-to-date symlink: /home/darren/Documents/cf_swarm/ros2_ws/install/motion_capture_tracking/share/motion_capture_tracking/cmake/motion_capture_trackingConfig-version.cmake
[0.336s] -- Up-to-date symlink: /home/darren/Documents/cf_swarm/ros2_ws/install/motion_capture_tracking/share/motion_capture_tracking/package.xml
[0.338s] Invoked command in '/home/darren/Documents/cf_swarm/ros2_ws/build/motion_capture_tracking' returned '0': AMENT_PREFIX_PATH=/home/darren/Documents/cf_swarm/ros2_ws/install/motion_capture_tracking_interfaces:${AMENT_PREFIX_PATH} CMAKE_PREFIX_PATH=/home/darren/Documents/cf_swarm/ros2_ws/install/motion_capture_tracking_interfaces:/opt/ros/iron LD_LIBRARY_PATH=/home/darren/Documents/cf_swarm/ros2_ws/install/motion_capture_tracking_interfaces/lib:${LD_LIBRARY_PATH} PYTHONPATH=/home/darren/Documents/cf_swarm/ros2_ws/install/motion_capture_tracking_interfaces/lib/python3.10/site-packages:${PYTHONPATH} /usr/bin/cmake --install /home/darren/Documents/cf_swarm/ros2_ws/build/motion_capture_tracking
