CMake Error at /opt/ros/galactic/share/rosidl_adapter/cmake/rosidl_adapt_interfaces.cmake:60 (message):
  execute_process(/home/darrenchiu/crazyflie/bin/python3 -m rosidl_adapter
  --package-name crazyflie_interfaces --arguments-file
  /home/darrenchiu/Documents/cf_swarm/ros2_ws/build/crazyflie_interfaces/rosidl_adapter__arguments__crazyflie_interfaces.json
  --output-dir
  /home/darrenchiu/Documents/cf_swarm/ros2_ws/build/crazyflie_interfaces/rosidl_adapter/crazyflie_interfaces
  --output-file
  /home/darrenchiu/Documents/cf_swarm/ros2_ws/build/crazyflie_interfaces/rosidl_adapter/crazyflie_interfaces.idls)
  returned error code 1:

  Traceback (most recent call last):

    File "/usr/lib/python3.8/runpy.py", line 194, in _run_module_as_main
      return _run_code(code, main_globals, None,
    File "/usr/lib/python3.8/runpy.py", line 87, in _run_code
      exec(code, run_globals)
    File "/opt/ros/galactic/lib/python3.8/site-packages/rosidl_adapter/__main__.py", line 19, in <module>
      sys.exit(main())
    File "/opt/ros/galactic/lib/python3.8/site-packages/rosidl_adapter/main.py", line 53, in main
      abs_idl_file = convert_to_idl(
    File "/opt/ros/galactic/lib/python3.8/site-packages/rosidl_adapter/__init__.py", line 18, in convert_to_idl
      from rosidl_adapter.msg import convert_msg_to_idl
    File "/opt/ros/galactic/lib/python3.8/site-packages/rosidl_adapter/msg/__init__.py", line 16, in <module>
      from rosidl_adapter.resource import expand_template
    File "/opt/ros/galactic/lib/python3.8/site-packages/rosidl_adapter/resource/__init__.py", line 19, in <module>
      import em

  ModuleNotFoundError: No module named 'em'

Call Stack (most recent call first):
  /opt/ros/galactic/share/rosidl_cmake/cmake/rosidl_generate_interfaces.cmake:130 (rosidl_adapt_interfaces)
  CMakeLists.txt:20 (rosidl_generate_interfaces)


