[0.548s] Invoking command in '/home/darrenchiu/Documents/cf_swarm/ros2_ws/build/crazyflie_interfaces': CMAKE_PREFIX_PATH=${CMAKE_PREFIX_PATH}:/home/darrenchiu/Documents/cf_swarm/ros2_ws/install/crazyflie_py:/opt/ros/galactic PS1=(crazyflie) \[\e]0;\u@\h: \w\a\]${debian_chroot:+($debian_chroot)}\[\033[01;32m\]\u@\h\[\033[00m\]:\[\033[01;34m\]\w\[\033[00m\]\$ /usr/bin/cmake /home/darrenchiu/Documents/cf_swarm/ros2_ws/src/crazyswarm2/crazyflie_interfaces -DAMENT_CMAKE_SYMLINK_INSTALL=1 -DCMAKE_INSTALL_PREFIX=/home/darrenchiu/Documents/cf_swarm/ros2_ws/install/crazyflie_interfaces
[0.724s] -- The C compiler identification is GNU 9.4.0
[0.881s] -- The CXX compiler identification is GNU 9.4.0
[0.893s] -- Check for working C compiler: /usr/bin/cc
[1.015s] -- Check for working C compiler: /usr/bin/cc -- works
[1.019s] -- Detecting C compiler ABI info
[1.146s] -- Detecting C compiler ABI info - done
[1.168s] -- Detecting C compile features
[1.169s] -- Detecting C compile features - done
[1.173s] -- Check for working CXX compiler: /usr/bin/c++
[1.316s] -- Check for working CXX compiler: /usr/bin/c++ -- works
[1.319s] -- Detecting CXX compiler ABI info
[1.459s] -- Detecting CXX compiler ABI info - done
[1.480s] -- Detecting CXX compile features
[1.481s] -- Detecting CXX compile features - done
[1.484s] -- Found ament_cmake: 1.1.6 (/opt/ros/galactic/share/ament_cmake/cmake)
[1.525s] -- Found PythonInterp: /home/darrenchiu/crazyflie/bin/python3 (found suitable version "3.8.10", minimum required is "3") 
[1.525s] -- Using PYTHON_EXECUTABLE: /home/darrenchiu/crazyflie/bin/python3
[1.598s] -- Override CMake install command with custom implementation using symlinks instead of copying resources
[1.641s] -- Found builtin_interfaces: 1.0.3 (/opt/ros/galactic/share/builtin_interfaces/cmake)
[1.689s] -- Using all available rosidl_typesupport_c: rosidl_typesupport_fastrtps_c;rosidl_typesupport_introspection_c
[1.699s] -- Found rosidl_adapter: 2.2.3 (/opt/ros/galactic/share/rosidl_adapter/cmake)
[1.852s] -- Found OpenSSL: /usr/lib/x86_64-linux-gnu/libcrypto.so (found version "1.1.1f")  
[1.904s] -- Found FastRTPS: /opt/ros/galactic/include  
[2.043s] -- Using all available rosidl_typesupport_cpp: rosidl_typesupport_fastrtps_cpp;rosidl_typesupport_introspection_cpp
[2.098s] -- Found geometry_msgs: 2.2.4 (/opt/ros/galactic/share/geometry_msgs/cmake)
[2.201s] -- Found rosidl_default_generators: 1.1.1 (/opt/ros/galactic/share/rosidl_default_generators/cmake)
[2.263s] -- Found PythonInterp: /home/darrenchiu/crazyflie/bin/python3 (found version "3.8.10") 
[2.328s] CMake Error at /opt/ros/galactic/share/rosidl_adapter/cmake/rosidl_adapt_interfaces.cmake:60 (message):
[2.329s]   execute_process(/home/darrenchiu/crazyflie/bin/python3 -m rosidl_adapter
[2.329s]   --package-name crazyflie_interfaces --arguments-file
[2.329s]   /home/darrenchiu/Documents/cf_swarm/ros2_ws/build/crazyflie_interfaces/rosidl_adapter__arguments__crazyflie_interfaces.json
[2.329s]   --output-dir
[2.329s]   /home/darrenchiu/Documents/cf_swarm/ros2_ws/build/crazyflie_interfaces/rosidl_adapter/crazyflie_interfaces
[2.330s]   --output-file
[2.330s]   /home/darrenchiu/Documents/cf_swarm/ros2_ws/build/crazyflie_interfaces/rosidl_adapter/crazyflie_interfaces.idls)
[2.330s]   returned error code 1:
[2.330s] 
[2.330s]   Traceback (most recent call last):
[2.330s] 
[2.331s]     File "/usr/lib/python3.8/runpy.py", line 194, in _run_module_as_main
[2.331s]       return _run_code(code, main_globals, None,
[2.331s]     File "/usr/lib/python3.8/runpy.py", line 87, in _run_code
[2.331s]       exec(code, run_globals)
[2.331s]     File "/opt/ros/galactic/lib/python3.8/site-packages/rosidl_adapter/__main__.py", line 19, in <module>
[2.331s]       sys.exit(main())
[2.331s]     File "/opt/ros/galactic/lib/python3.8/site-packages/rosidl_adapter/main.py", line 53, in main
[2.332s]       abs_idl_file = convert_to_idl(
[2.332s]     File "/opt/ros/galactic/lib/python3.8/site-packages/rosidl_adapter/__init__.py", line 18, in convert_to_idl
[2.332s]       from rosidl_adapter.msg import convert_msg_to_idl
[2.332s]     File "/opt/ros/galactic/lib/python3.8/site-packages/rosidl_adapter/msg/__init__.py", line 16, in <module>
[2.332s]       from rosidl_adapter.resource import expand_template
[2.332s]     File "/opt/ros/galactic/lib/python3.8/site-packages/rosidl_adapter/resource/__init__.py", line 19, in <module>
[2.333s]       import em
[2.333s] 
[2.333s]   ModuleNotFoundError: No module named 'em'
[2.333s] 
[2.333s] Call Stack (most recent call first):
[2.333s]   /opt/ros/galactic/share/rosidl_cmake/cmake/rosidl_generate_interfaces.cmake:130 (rosidl_adapt_interfaces)
[2.334s]   CMakeLists.txt:20 (rosidl_generate_interfaces)
[2.334s] 
[2.334s] 
[2.339s] -- Configuring incomplete, errors occurred!
[2.339s] See also "/home/darrenchiu/Documents/cf_swarm/ros2_ws/build/crazyflie_interfaces/CMakeFiles/CMakeOutput.log".
[2.354s] Invoked command in '/home/darrenchiu/Documents/cf_swarm/ros2_ws/build/crazyflie_interfaces' returned '1': CMAKE_PREFIX_PATH=${CMAKE_PREFIX_PATH}:/home/darrenchiu/Documents/cf_swarm/ros2_ws/install/crazyflie_py:/opt/ros/galactic PS1=(crazyflie) \[\e]0;\u@\h: \w\a\]${debian_chroot:+($debian_chroot)}\[\033[01;32m\]\u@\h\[\033[00m\]:\[\033[01;34m\]\w\[\033[00m\]\$ /usr/bin/cmake /home/darrenchiu/Documents/cf_swarm/ros2_ws/src/crazyswarm2/crazyflie_interfaces -DAMENT_CMAKE_SYMLINK_INSTALL=1 -DCMAKE_INSTALL_PREFIX=/home/darrenchiu/Documents/cf_swarm/ros2_ws/install/crazyflie_interfaces
