[0.248s] Invoking command in '/home/darren/Documents/cf_swarm/ros2_ws/src/build/crazyflie_sim': AMENT_PREFIX_PATH=/home/darren/Documents/cf_swarm/ros2_ws/src/install/crazyflie_interfaces:${AMENT_PREFIX_PATH} CMAKE_PREFIX_PATH=/home/darren/Documents/cf_swarm/ros2_ws/src/install/crazyflie_interfaces:/opt/ros/iron LD_LIBRARY_PATH=/home/darren/Documents/cf_swarm/ros2_ws/src/install/crazyflie_interfaces/lib:${LD_LIBRARY_PATH} PYTHONPATH=/home/darren/Documents/cf_swarm/ros2_ws/src/install/crazyflie_interfaces/lib/python3.10/site-packages:${PYTHONPATH} /usr/bin/cmake --build /home/darren/Documents/cf_swarm/ros2_ws/src/build/crazyflie_sim -- -j16 -l16
[0.302s] Built target ament_cmake_python_symlink_crazyflie_sim_setup
[0.302s] Built target ament_cmake_python_symlink_crazyflie_sim
[0.492s] running install_scripts
[0.494s] /usr/lib/python3/dist-packages/setuptools/command/install.py:34: SetuptoolsDeprecationWarning: setup.py install is deprecated. Use build and pip and other standards-based tools.
[0.494s]   warnings.warn(
[0.498s] running egg_info
[0.498s] writing crazyflie_sim.egg-info/PKG-INFO
[0.499s] writing dependency_links to crazyflie_sim.egg-info/dependency_links.txt
[0.499s] writing entry points to crazyflie_sim.egg-info/entry_points.txt
[0.499s] writing top-level names to crazyflie_sim.egg-info/top_level.txt
[0.500s] reading manifest file 'crazyflie_sim.egg-info/SOURCES.txt'
[0.501s] writing manifest file 'crazyflie_sim.egg-info/SOURCES.txt'
[0.510s] running egg_info
[0.511s] writing crazyflie_sim.egg-info/PKG-INFO
[0.511s] writing dependency_links to crazyflie_sim.egg-info/dependency_links.txt
[0.511s] writing entry points to crazyflie_sim.egg-info/entry_points.txt
[0.511s] writing top-level names to crazyflie_sim.egg-info/top_level.txt
[0.512s] reading manifest file 'crazyflie_sim.egg-info/SOURCES.txt'
[0.513s] writing manifest file 'crazyflie_sim.egg-info/SOURCES.txt'
[0.514s] Installing crazyflie_server script to scripts
[0.524s] Built target ament_cmake_python_build_crazyflie_sim_egg
[0.540s] Built target ament_cmake_python_build_crazyflie_sim_scripts
[0.570s] Invoked command in '/home/darren/Documents/cf_swarm/ros2_ws/src/build/crazyflie_sim' returned '0': AMENT_PREFIX_PATH=/home/darren/Documents/cf_swarm/ros2_ws/src/install/crazyflie_interfaces:${AMENT_PREFIX_PATH} CMAKE_PREFIX_PATH=/home/darren/Documents/cf_swarm/ros2_ws/src/install/crazyflie_interfaces:/opt/ros/iron LD_LIBRARY_PATH=/home/darren/Documents/cf_swarm/ros2_ws/src/install/crazyflie_interfaces/lib:${LD_LIBRARY_PATH} PYTHONPATH=/home/darren/Documents/cf_swarm/ros2_ws/src/install/crazyflie_interfaces/lib/python3.10/site-packages:${PYTHONPATH} /usr/bin/cmake --build /home/darren/Documents/cf_swarm/ros2_ws/src/build/crazyflie_sim -- -j16 -l16
[0.593s] Invoking command in '/home/darren/Documents/cf_swarm/ros2_ws/src/build/crazyflie_sim': AMENT_PREFIX_PATH=/home/darren/Documents/cf_swarm/ros2_ws/src/install/crazyflie_interfaces:${AMENT_PREFIX_PATH} CMAKE_PREFIX_PATH=/home/darren/Documents/cf_swarm/ros2_ws/src/install/crazyflie_interfaces:/opt/ros/iron LD_LIBRARY_PATH=/home/darren/Documents/cf_swarm/ros2_ws/src/install/crazyflie_interfaces/lib:${LD_LIBRARY_PATH} PYTHONPATH=/home/darren/Documents/cf_swarm/ros2_ws/src/install/crazyflie_interfaces/lib/python3.10/site-packages:${PYTHONPATH} /usr/bin/cmake --install /home/darren/Documents/cf_swarm/ros2_ws/src/build/crazyflie_sim
[0.600s] -- Install configuration: ""
[0.601s] -- Execute custom install script
[0.601s] -- Up-to-date symlink: /home/darren/Documents/cf_swarm/ros2_ws/src/install/crazyflie_sim/share/crazyflie_sim/environment/pythonpath.sh
[0.601s] -- Up-to-date symlink: /home/darren/Documents/cf_swarm/ros2_ws/src/install/crazyflie_sim/share/crazyflie_sim/environment/pythonpath.dsv
[0.601s] -- Up-to-date symlink: /home/darren/Documents/cf_swarm/ros2_ws/src/install/crazyflie_sim/lib/python3.10/site-packages/crazyflie_sim-2.0.0-py3.10.egg-info/PKG-INFO
[0.602s] -- Up-to-date symlink: /home/darren/Documents/cf_swarm/ros2_ws/src/install/crazyflie_sim/lib/python3.10/site-packages/crazyflie_sim-2.0.0-py3.10.egg-info/SOURCES.txt
[0.602s] -- Up-to-date symlink: /home/darren/Documents/cf_swarm/ros2_ws/src/install/crazyflie_sim/lib/python3.10/site-packages/crazyflie_sim-2.0.0-py3.10.egg-info/dependency_links.txt
[0.602s] -- Up-to-date symlink: /home/darren/Documents/cf_swarm/ros2_ws/src/install/crazyflie_sim/lib/python3.10/site-packages/crazyflie_sim-2.0.0-py3.10.egg-info/entry_points.txt
[0.602s] -- Up-to-date symlink: /home/darren/Documents/cf_swarm/ros2_ws/src/install/crazyflie_sim/lib/python3.10/site-packages/crazyflie_sim-2.0.0-py3.10.egg-info/top_level.txt
[0.602s] -- Up-to-date symlink: /home/darren/Documents/cf_swarm/ros2_ws/src/install/crazyflie_sim/lib/crazyflie_sim//crazyflie_server
[0.603s] -- Up-to-date symlink: /home/darren/Documents/cf_swarm/ros2_ws/src/install/crazyflie_sim/lib/python3.10/site-packages/crazyflie_sim/__init__.py
[0.603s] -- Up-to-date symlink: /home/darren/Documents/cf_swarm/ros2_ws/src/install/crazyflie_sim/lib/python3.10/site-packages/crazyflie_sim/backend/none.py
[0.603s] -- Up-to-date symlink: /home/darren/Documents/cf_swarm/ros2_ws/src/install/crazyflie_sim/lib/python3.10/site-packages/crazyflie_sim/backend/np.py
[0.604s] -- Up-to-date symlink: /home/darren/Documents/cf_swarm/ros2_ws/src/install/crazyflie_sim/lib/python3.10/site-packages/crazyflie_sim/crazyflie_server.py
[0.604s] -- Up-to-date symlink: /home/darren/Documents/cf_swarm/ros2_ws/src/install/crazyflie_sim/lib/python3.10/site-packages/crazyflie_sim/crazyflie_sil.py
[0.604s] -- Up-to-date symlink: /home/darren/Documents/cf_swarm/ros2_ws/src/install/crazyflie_sim/lib/python3.10/site-packages/crazyflie_sim/sim_data_types.py
[0.604s] -- Up-to-date symlink: /home/darren/Documents/cf_swarm/ros2_ws/src/install/crazyflie_sim/lib/python3.10/site-packages/crazyflie_sim/visualization/README.md
[0.604s] -- Up-to-date symlink: /home/darren/Documents/cf_swarm/ros2_ws/src/install/crazyflie_sim/lib/python3.10/site-packages/crazyflie_sim/visualization/blender.py
[0.604s] -- Up-to-date symlink: /home/darren/Documents/cf_swarm/ros2_ws/src/install/crazyflie_sim/lib/python3.10/site-packages/crazyflie_sim/visualization/data/README.md
[0.604s] -- Up-to-date symlink: /home/darren/Documents/cf_swarm/ros2_ws/src/install/crazyflie_sim/lib/python3.10/site-packages/crazyflie_sim/visualization/data/env/abandoned_greenhouse.jpg
[0.604s] -- Up-to-date symlink: /home/darren/Documents/cf_swarm/ros2_ws/src/install/crazyflie_sim/lib/python3.10/site-packages/crazyflie_sim/visualization/data/env/aerodynamics_workshop.jpg
[0.605s] -- Up-to-date symlink: /home/darren/Documents/cf_swarm/ros2_ws/src/install/crazyflie_sim/lib/python3.10/site-packages/crazyflie_sim/visualization/data/env/aviation_museum.jpg
[0.605s] -- Up-to-date symlink: /home/darren/Documents/cf_swarm/ros2_ws/src/install/crazyflie_sim/lib/python3.10/site-packages/crazyflie_sim/visualization/data/env/crosswalk.jpg
[0.605s] -- Up-to-date symlink: /home/darren/Documents/cf_swarm/ros2_ws/src/install/crazyflie_sim/lib/python3.10/site-packages/crazyflie_sim/visualization/data/env/derelict_overpass.jpg
[0.605s] -- Up-to-date symlink: /home/darren/Documents/cf_swarm/ros2_ws/src/install/crazyflie_sim/lib/python3.10/site-packages/crazyflie_sim/visualization/data/env/env.jpg
[0.605s] -- Up-to-date symlink: /home/darren/Documents/cf_swarm/ros2_ws/src/install/crazyflie_sim/lib/python3.10/site-packages/crazyflie_sim/visualization/data/env/lago_disola.jpg
[0.605s] -- Up-to-date symlink: /home/darren/Documents/cf_swarm/ros2_ws/src/install/crazyflie_sim/lib/python3.10/site-packages/crazyflie_sim/visualization/data/env/lake_pier.jpg
[0.605s] -- Up-to-date symlink: /home/darren/Documents/cf_swarm/ros2_ws/src/install/crazyflie_sim/lib/python3.10/site-packages/crazyflie_sim/visualization/data/env/machine_shop.jpg
[0.605s] -- Up-to-date symlink: /home/darren/Documents/cf_swarm/ros2_ws/src/install/crazyflie_sim/lib/python3.10/site-packages/crazyflie_sim/visualization/data/env/museumplein.jpg
[0.606s] -- Up-to-date symlink: /home/darren/Documents/cf_swarm/ros2_ws/src/install/crazyflie_sim/lib/python3.10/site-packages/crazyflie_sim/visualization/data/env/peppermint_powerplant.jpg
[0.606s] -- Up-to-date symlink: /home/darren/Documents/cf_swarm/ros2_ws/src/install/crazyflie_sim/lib/python3.10/site-packages/crazyflie_sim/visualization/data/env/studio_garden.jpg
[0.606s] -- Up-to-date symlink: /home/darren/Documents/cf_swarm/ros2_ws/src/install/crazyflie_sim/lib/python3.10/site-packages/crazyflie_sim/visualization/data/model/cf.mtl
[0.606s] -- Up-to-date symlink: /home/darren/Documents/cf_swarm/ros2_ws/src/install/crazyflie_sim/lib/python3.10/site-packages/crazyflie_sim/visualization/data/model/cf.obj
[0.606s] -- Up-to-date symlink: /home/darren/Documents/cf_swarm/ros2_ws/src/install/crazyflie_sim/lib/python3.10/site-packages/crazyflie_sim/visualization/pdf.py
[0.606s] -- Up-to-date symlink: /home/darren/Documents/cf_swarm/ros2_ws/src/install/crazyflie_sim/lib/python3.10/site-packages/crazyflie_sim/visualization/record_states.py
[0.606s] -- Up-to-date symlink: /home/darren/Documents/cf_swarm/ros2_ws/src/install/crazyflie_sim/lib/python3.10/site-packages/crazyflie_sim/visualization/rviz.py
[0.607s] -- Up-to-date symlink: /home/darren/Documents/cf_swarm/ros2_ws/src/install/crazyflie_sim/share/ament_index/resource_index/package_run_dependencies/crazyflie_sim
[0.607s] -- Up-to-date symlink: /home/darren/Documents/cf_swarm/ros2_ws/src/install/crazyflie_sim/share/ament_index/resource_index/parent_prefix_path/crazyflie_sim
[0.607s] -- Up-to-date symlink: /home/darren/Documents/cf_swarm/ros2_ws/src/install/crazyflie_sim/share/crazyflie_sim/environment/ament_prefix_path.sh
[0.607s] -- Up-to-date symlink: /home/darren/Documents/cf_swarm/ros2_ws/src/install/crazyflie_sim/share/crazyflie_sim/environment/ament_prefix_path.dsv
[0.607s] -- Up-to-date symlink: /home/darren/Documents/cf_swarm/ros2_ws/src/install/crazyflie_sim/share/crazyflie_sim/environment/path.sh
[0.607s] -- Up-to-date symlink: /home/darren/Documents/cf_swarm/ros2_ws/src/install/crazyflie_sim/share/crazyflie_sim/environment/path.dsv
[0.608s] -- Up-to-date symlink: /home/darren/Documents/cf_swarm/ros2_ws/src/install/crazyflie_sim/share/crazyflie_sim/local_setup.bash
[0.608s] -- Up-to-date symlink: /home/darren/Documents/cf_swarm/ros2_ws/src/install/crazyflie_sim/share/crazyflie_sim/local_setup.sh
[0.608s] -- Up-to-date symlink: /home/darren/Documents/cf_swarm/ros2_ws/src/install/crazyflie_sim/share/crazyflie_sim/local_setup.zsh
[0.608s] -- Up-to-date symlink: /home/darren/Documents/cf_swarm/ros2_ws/src/install/crazyflie_sim/share/crazyflie_sim/local_setup.dsv
[0.608s] -- Symlinking: /home/darren/Documents/cf_swarm/ros2_ws/src/install/crazyflie_sim/share/crazyflie_sim/package.dsv
[0.617s] -- Up-to-date symlink: /home/darren/Documents/cf_swarm/ros2_ws/src/install/crazyflie_sim/share/ament_index/resource_index/packages/crazyflie_sim
[0.617s] -- Up-to-date symlink: /home/darren/Documents/cf_swarm/ros2_ws/src/install/crazyflie_sim/share/crazyflie_sim/cmake/crazyflie_simConfig.cmake
[0.617s] -- Up-to-date symlink: /home/darren/Documents/cf_swarm/ros2_ws/src/install/crazyflie_sim/share/crazyflie_sim/cmake/crazyflie_simConfig-version.cmake
[0.618s] -- Up-to-date symlink: /home/darren/Documents/cf_swarm/ros2_ws/src/install/crazyflie_sim/share/crazyflie_sim/package.xml
[0.641s] Listing '/home/darren/Documents/cf_swarm/ros2_ws/src/install/crazyflie_sim/lib/python3.10/site-packages/crazyflie_sim'...
[0.641s] Listing '/home/darren/Documents/cf_swarm/ros2_ws/src/install/crazyflie_sim/lib/python3.10/site-packages/crazyflie_sim/backend'...
[0.641s] Listing '/home/darren/Documents/cf_swarm/ros2_ws/src/install/crazyflie_sim/lib/python3.10/site-packages/crazyflie_sim/visualization'...
[0.641s] Listing '/home/darren/Documents/cf_swarm/ros2_ws/src/install/crazyflie_sim/lib/python3.10/site-packages/crazyflie_sim/visualization/data'...
[0.641s] Listing '/home/darren/Documents/cf_swarm/ros2_ws/src/install/crazyflie_sim/lib/python3.10/site-packages/crazyflie_sim/visualization/data/env'...
[0.641s] Listing '/home/darren/Documents/cf_swarm/ros2_ws/src/install/crazyflie_sim/lib/python3.10/site-packages/crazyflie_sim/visualization/data/model'...
[0.646s] Invoked command in '/home/darren/Documents/cf_swarm/ros2_ws/src/build/crazyflie_sim' returned '0': AMENT_PREFIX_PATH=/home/darren/Documents/cf_swarm/ros2_ws/src/install/crazyflie_interfaces:${AMENT_PREFIX_PATH} CMAKE_PREFIX_PATH=/home/darren/Documents/cf_swarm/ros2_ws/src/install/crazyflie_interfaces:/opt/ros/iron LD_LIBRARY_PATH=/home/darren/Documents/cf_swarm/ros2_ws/src/install/crazyflie_interfaces/lib:${LD_LIBRARY_PATH} PYTHONPATH=/home/darren/Documents/cf_swarm/ros2_ws/src/install/crazyflie_interfaces/lib/python3.10/site-packages:${PYTHONPATH} /usr/bin/cmake --install /home/darren/Documents/cf_swarm/ros2_ws/src/build/crazyflie_sim
