[0.016s] Invoking command in '/home/darren/Documents/cf_swarm/ros2_ws/build/motion_capture_tracking_interfaces': /usr/bin/cmake /home/darren/Documents/cf_swarm/ros2_ws/src/motion_capture_tracking/motion_capture_tracking_interfaces -DAMENT_CMAKE_SYMLINK_INSTALL=1 -DCMAKE_INSTALL_PREFIX=/home/darren/Documents/cf_swarm/ros2_ws/install/motion_capture_tracking_interfaces
[0.060s] -- The C compiler identification is GNU 11.4.0
[0.108s] -- The CXX compiler identification is GNU 11.4.0
[0.114s] -- Detecting C compiler ABI info
[0.173s] -- Detecting C compiler ABI info - done
[0.179s] -- Check for working C compiler: /usr/bin/cc - skipped
[0.179s] -- Detecting C compile features
[0.179s] -- Detecting C compile features - done
[0.182s] -- Detecting CXX compiler ABI info
[0.250s] -- Detecting CXX compiler ABI info - done
[0.256s] -- Check for working CXX compiler: /usr/bin/c++ - skipped
[0.256s] -- Detecting CXX compile features
[0.257s] -- Detecting CXX compile features - done
[0.266s] [31mCMake Error at CMakeLists.txt:13 (find_package):
[0.266s]   By not providing "Findament_cmake.cmake" in CMAKE_MODULE_PATH this project
[0.266s]   has asked CMake to find a package configuration file provided by
[0.267s]   "ament_cmake", but CMake did not find one.
[0.267s] 
[0.267s]   Could not find a package configuration file provided by "ament_cmake" with
[0.267s]   any of the following names:
[0.267s] 
[0.267s]     ament_cmakeConfig.cmake
[0.267s]     ament_cmake-config.cmake
[0.267s] 
[0.267s]   Add the installation prefix of "ament_cmake" to CMAKE_PREFIX_PATH or set
[0.267s]   "ament_cmake_DIR" to a directory containing one of the above files.  If
[0.267s]   "ament_cmake" provides a separate development package or SDK, be sure it
[0.267s]   has been installed.
[0.267s] 
[0.267s] [0m
[0.267s] -- Configuring incomplete, errors occurred!
[0.267s] See also "/home/darren/Documents/cf_swarm/ros2_ws/build/motion_capture_tracking_interfaces/CMakeFiles/CMakeOutput.log".
[0.270s] Invoked command in '/home/darren/Documents/cf_swarm/ros2_ws/build/motion_capture_tracking_interfaces' returned '1': /usr/bin/cmake /home/darren/Documents/cf_swarm/ros2_ws/src/motion_capture_tracking/motion_capture_tracking_interfaces -DAMENT_CMAKE_SYMLINK_INSTALL=1 -DCMAKE_INSTALL_PREFIX=/home/darren/Documents/cf_swarm/ros2_ws/install/motion_capture_tracking_interfaces
