[0.056s] Invoking command in '/home/darren/Documents/cf_swarm/ros2_ws/build/motion_capture_tracking': CMAKE_PREFIX_PATH=/home/darren/Documents/cf_swarm/ros2_ws/install/motion_capture_tracking_interfaces:/home/darren/Documents/cf_swarm/ros2_ws/install/motion_capture_tracking:/home/darren/Documents/cf_swarm/ros2_ws/install/crazyflie:/home/darren/Documents/cf_swarm/ros2_ws/install/crazyflie_sim:/home/darren/Documents/cf_swarm/ros2_ws/install/crazyflie_examples:/home/darren/Documents/cf_swarm/ros2_ws/install/crazyflie_interfaces:/home/darren/Documents/cf_swarm/ros2_ws/install/localization_test:/home/darren/Documents/cf_swarm/ros2_ws/install/crazyflie_py:/opt/ros/iron /usr/bin/cmake --build /home/darren/Documents/cf_swarm/ros2_ws/build/motion_capture_tracking -- -j16 -l16
[0.114s] [  8%] Built target quat
[0.122s] [ 16%] Built target qualisys_cpp_sdk
[0.126s] [ 19%] Built target librigidbodytracker
[0.140s] [ 37%] Built target ViconDataStreamSDK_CPP
[0.142s] [ 83%] Built target vrpn
[0.176s] [ 96%] Built target libmotioncapture
[0.210s] [100%] Built target motion_capture_tracking_node
[0.320s] Invoked command in '/home/darren/Documents/cf_swarm/ros2_ws/build/motion_capture_tracking' returned '0': CMAKE_PREFIX_PATH=/home/darren/Documents/cf_swarm/ros2_ws/install/motion_capture_tracking_interfaces:/home/darren/Documents/cf_swarm/ros2_ws/install/motion_capture_tracking:/home/darren/Documents/cf_swarm/ros2_ws/install/crazyflie:/home/darren/Documents/cf_swarm/ros2_ws/install/crazyflie_sim:/home/darren/Documents/cf_swarm/ros2_ws/install/crazyflie_examples:/home/darren/Documents/cf_swarm/ros2_ws/install/crazyflie_interfaces:/home/darren/Documents/cf_swarm/ros2_ws/install/localization_test:/home/darren/Documents/cf_swarm/ros2_ws/install/crazyflie_py:/opt/ros/iron /usr/bin/cmake --build /home/darren/Documents/cf_swarm/ros2_ws/build/motion_capture_tracking -- -j16 -l16
[0.379s] Invoking command in '/home/darren/Documents/cf_swarm/ros2_ws/build/motion_capture_tracking': CMAKE_PREFIX_PATH=/home/darren/Documents/cf_swarm/ros2_ws/install/motion_capture_tracking_interfaces:/home/darren/Documents/cf_swarm/ros2_ws/install/motion_capture_tracking:/home/darren/Documents/cf_swarm/ros2_ws/install/crazyflie:/home/darren/Documents/cf_swarm/ros2_ws/install/crazyflie_sim:/home/darren/Documents/cf_swarm/ros2_ws/install/crazyflie_examples:/home/darren/Documents/cf_swarm/ros2_ws/install/crazyflie_interfaces:/home/darren/Documents/cf_swarm/ros2_ws/install/localization_test:/home/darren/Documents/cf_swarm/ros2_ws/install/crazyflie_py:/opt/ros/iron /usr/bin/cmake --install /home/darren/Documents/cf_swarm/ros2_ws/build/motion_capture_tracking
[0.387s] -- Install configuration: ""
[0.388s] -- Execute custom install script
[0.388s] -- Up-to-date symlink: /home/darren/Documents/cf_swarm/ros2_ws/install/motion_capture_tracking/lib/motion_capture_tracking/motion_capture_tracking_node
[0.388s] -- Up-to-date symlink: /home/darren/Documents/cf_swarm/ros2_ws/install/motion_capture_tracking/share/motion_capture_tracking//launch/launch.py
[0.388s] -- Up-to-date symlink: /home/darren/Documents/cf_swarm/ros2_ws/install/motion_capture_tracking/share/motion_capture_tracking//launch/node.launch
[0.389s] -- Up-to-date symlink: /home/darren/Documents/cf_swarm/ros2_ws/install/motion_capture_tracking/share/motion_capture_tracking//config/cfg.yaml
[0.389s] -- Up-to-date symlink: /home/darren/Documents/cf_swarm/ros2_ws/install/motion_capture_tracking/share/motion_capture_tracking//config/rviz.rviz
[0.389s] -- Up-to-date symlink: /home/darren/Documents/cf_swarm/ros2_ws/install/motion_capture_tracking/share/ament_index/resource_index/package_run_dependencies/motion_capture_tracking
[0.389s] -- Up-to-date symlink: /home/darren/Documents/cf_swarm/ros2_ws/install/motion_capture_tracking/share/ament_index/resource_index/parent_prefix_path/motion_capture_tracking
[0.389s] -- Up-to-date symlink: /home/darren/Documents/cf_swarm/ros2_ws/install/motion_capture_tracking/share/motion_capture_tracking/environment/ament_prefix_path.sh
[0.389s] -- Up-to-date symlink: /home/darren/Documents/cf_swarm/ros2_ws/install/motion_capture_tracking/share/motion_capture_tracking/environment/ament_prefix_path.dsv
[0.390s] -- Up-to-date symlink: /home/darren/Documents/cf_swarm/ros2_ws/install/motion_capture_tracking/share/motion_capture_tracking/environment/path.sh
[0.390s] -- Up-to-date symlink: /home/darren/Documents/cf_swarm/ros2_ws/install/motion_capture_tracking/share/motion_capture_tracking/environment/path.dsv
[0.390s] -- Up-to-date symlink: /home/darren/Documents/cf_swarm/ros2_ws/install/motion_capture_tracking/share/motion_capture_tracking/local_setup.bash
[0.390s] -- Up-to-date symlink: /home/darren/Documents/cf_swarm/ros2_ws/install/motion_capture_tracking/share/motion_capture_tracking/local_setup.sh
[0.390s] -- Up-to-date symlink: /home/darren/Documents/cf_swarm/ros2_ws/install/motion_capture_tracking/share/motion_capture_tracking/local_setup.zsh
[0.390s] -- Up-to-date symlink: /home/darren/Documents/cf_swarm/ros2_ws/install/motion_capture_tracking/share/motion_capture_tracking/local_setup.dsv
[0.391s] -- Symlinking: /home/darren/Documents/cf_swarm/ros2_ws/install/motion_capture_tracking/share/motion_capture_tracking/package.dsv
[0.400s] -- Up-to-date symlink: /home/darren/Documents/cf_swarm/ros2_ws/install/motion_capture_tracking/share/ament_index/resource_index/packages/motion_capture_tracking
[0.400s] -- Up-to-date symlink: /home/darren/Documents/cf_swarm/ros2_ws/install/motion_capture_tracking/share/motion_capture_tracking/cmake/motion_capture_trackingConfig.cmake
[0.400s] -- Up-to-date symlink: /home/darren/Documents/cf_swarm/ros2_ws/install/motion_capture_tracking/share/motion_capture_tracking/cmake/motion_capture_trackingConfig-version.cmake
[0.400s] -- Up-to-date symlink: /home/darren/Documents/cf_swarm/ros2_ws/install/motion_capture_tracking/share/motion_capture_tracking/package.xml
[0.402s] Invoked command in '/home/darren/Documents/cf_swarm/ros2_ws/build/motion_capture_tracking' returned '0': CMAKE_PREFIX_PATH=/home/darren/Documents/cf_swarm/ros2_ws/install/motion_capture_tracking_interfaces:/home/darren/Documents/cf_swarm/ros2_ws/install/motion_capture_tracking:/home/darren/Documents/cf_swarm/ros2_ws/install/crazyflie:/home/darren/Documents/cf_swarm/ros2_ws/install/crazyflie_sim:/home/darren/Documents/cf_swarm/ros2_ws/install/crazyflie_examples:/home/darren/Documents/cf_swarm/ros2_ws/install/crazyflie_interfaces:/home/darren/Documents/cf_swarm/ros2_ws/install/localization_test:/home/darren/Documents/cf_swarm/ros2_ws/install/crazyflie_py:/opt/ros/iron /usr/bin/cmake --install /home/darren/Documents/cf_swarm/ros2_ws/build/motion_capture_tracking
