[0.085s] Invoking command in '/home/darren/Documents/cf_swarm/ros2_ws/build/motion_capture_tracking_interfaces': CONDA_PROMPT_MODIFIER=(base) /usr/bin/cmake --build /home/darren/Documents/cf_swarm/ros2_ws/build/motion_capture_tracking_interfaces -- -j16 -l16
[0.304s] [  2%] Built target motion_capture_tracking_interfaces__rosidl_generator_type_description
[0.316s] [  2%] Built target ament_cmake_python_symlink_motion_capture_tracking_interfaces
[0.326s] [35m[1mConsolidate compiler generated dependencies of target motion_capture_tracking_interfaces__rosidl_generator_c[0m
[0.338s] [  4%] Built target motion_capture_tracking_interfaces__cpp
[0.374s] [  9%] [32mBuilding C object CMakeFiles/motion_capture_tracking_interfaces__rosidl_generator_c.dir/rosidl_generator_c/motion_capture_tracking_interfaces/msg/detail/named_pose__functions.c.o[0m
[0.374s] [  9%] [32mBuilding C object CMakeFiles/motion_capture_tracking_interfaces__rosidl_generator_c.dir/rosidl_generator_c/motion_capture_tracking_interfaces/msg/detail/named_pose__description.c.o[0m
[0.376s] [ 11%] [32mBuilding C object CMakeFiles/motion_capture_tracking_interfaces__rosidl_generator_c.dir/rosidl_generator_c/motion_capture_tracking_interfaces/msg/detail/named_pose__type_support.c.o[0m
[0.378s] [ 15%] [32mBuilding C object CMakeFiles/motion_capture_tracking_interfaces__rosidl_generator_c.dir/rosidl_generator_c/motion_capture_tracking_interfaces/msg/detail/named_pose_array__description.c.o[0m
[0.378s] [ 15%] [32mBuilding C object CMakeFiles/motion_capture_tracking_interfaces__rosidl_generator_c.dir/rosidl_generator_c/motion_capture_tracking_interfaces/msg/detail/named_pose_array__type_support.c.o[0m
[0.380s] [ 18%] [32mBuilding C object CMakeFiles/motion_capture_tracking_interfaces__rosidl_generator_c.dir/rosidl_generator_c/motion_capture_tracking_interfaces/msg/detail/named_pose_array__functions.c.o[0m
[0.586s] running egg_info
[0.586s] writing motion_capture_tracking_interfaces.egg-info/PKG-INFO
[0.587s] writing dependency_links to motion_capture_tracking_interfaces.egg-info/dependency_links.txt
[0.587s] writing top-level names to motion_capture_tracking_interfaces.egg-info/top_level.txt
[0.605s] reading manifest file 'motion_capture_tracking_interfaces.egg-info/SOURCES.txt'
[0.607s] writing manifest file 'motion_capture_tracking_interfaces.egg-info/SOURCES.txt'
[0.646s] [ 20%] [32m[1mLinking C shared library libmotion_capture_tracking_interfaces__rosidl_generator_c.so[0m
[0.683s] [ 20%] Built target ament_cmake_python_build_motion_capture_tracking_interfaces_egg
[0.787s] [ 22%] Built target motion_capture_tracking_interfaces__rosidl_generator_c
[0.814s] [35m[1mConsolidate compiler generated dependencies of target motion_capture_tracking_interfaces__rosidl_typesupport_fastrtps_c[0m
[0.824s] [35m[1mConsolidate compiler generated dependencies of target motion_capture_tracking_interfaces__rosidl_typesupport_cpp[0m
[0.828s] [35m[1mConsolidate compiler generated dependencies of target motion_capture_tracking_interfaces__rosidl_typesupport_c[0m
[0.831s] [35m[1mConsolidate compiler generated dependencies of target motion_capture_tracking_interfaces__rosidl_typesupport_fastrtps_cpp[0m
[0.831s] [35m[1mConsolidate compiler generated dependencies of target motion_capture_tracking_interfaces__rosidl_typesupport_introspection_cpp[0m
[0.833s] [35m[1mConsolidate compiler generated dependencies of target motion_capture_tracking_interfaces__rosidl_typesupport_introspection_c[0m
[0.856s] [ 29%] [32mBuilding CXX object CMakeFiles/motion_capture_tracking_interfaces__rosidl_typesupport_c.dir/rosidl_typesupport_c/motion_capture_tracking_interfaces/msg/named_pose__type_support.cpp.o[0m
[0.856s] [ 29%] [32mBuilding C object CMakeFiles/motion_capture_tracking_interfaces__rosidl_typesupport_introspection_c.dir/rosidl_typesupport_introspection_c/motion_capture_tracking_interfaces/msg/detail/named_pose__type_support.c.o[0m
[0.857s] [ 29%] [32mBuilding CXX object CMakeFiles/motion_capture_tracking_interfaces__rosidl_typesupport_c.dir/rosidl_typesupport_c/motion_capture_tracking_interfaces/msg/named_pose_array__type_support.cpp.o[0m
[0.857s] [ 31%] [32mBuilding C object CMakeFiles/motion_capture_tracking_interfaces__rosidl_typesupport_introspection_c.dir/rosidl_typesupport_introspection_c/motion_capture_tracking_interfaces/msg/detail/named_pose_array__type_support.c.o[0m
[0.868s] [ 38%] [32mBuilding CXX object CMakeFiles/motion_capture_tracking_interfaces__rosidl_typesupport_fastrtps_c.dir/rosidl_typesupport_fastrtps_c/motion_capture_tracking_interfaces/msg/detail/named_pose__type_support_c.cpp.o[0m
[0.868s] [ 40%] [32mBuilding CXX object CMakeFiles/motion_capture_tracking_interfaces__rosidl_typesupport_cpp.dir/rosidl_typesupport_cpp/motion_capture_tracking_interfaces/msg/named_pose__type_support.cpp.o[0m
[0.868s] [ 40%] [32mBuilding CXX object CMakeFiles/motion_capture_tracking_interfaces__rosidl_typesupport_fastrtps_c.dir/rosidl_typesupport_fastrtps_c/motion_capture_tracking_interfaces/msg/detail/named_pose_array__type_support_c.cpp.o[0m
[0.868s] [ 43%] [32mBuilding CXX object CMakeFiles/motion_capture_tracking_interfaces__rosidl_typesupport_fastrtps_cpp.dir/rosidl_typesupport_fastrtps_cpp/motion_capture_tracking_interfaces/msg/detail/dds_fastrtps/named_pose_array__type_support.cpp.o[0m
[0.869s] [ 40%] [32mBuilding CXX object CMakeFiles/motion_capture_tracking_interfaces__rosidl_typesupport_cpp.dir/rosidl_typesupport_cpp/motion_capture_tracking_interfaces/msg/named_pose_array__type_support.cpp.o[0m
[0.869s] [ 45%] [32mBuilding CXX object CMakeFiles/motion_capture_tracking_interfaces__rosidl_typesupport_fastrtps_cpp.dir/rosidl_typesupport_fastrtps_cpp/motion_capture_tracking_interfaces/msg/detail/dds_fastrtps/named_pose__type_support.cpp.o[0m
[0.873s] [ 50%] [32mBuilding CXX object CMakeFiles/motion_capture_tracking_interfaces__rosidl_typesupport_introspection_cpp.dir/rosidl_typesupport_introspection_cpp/motion_capture_tracking_interfaces/msg/detail/named_pose_array__type_support.cpp.o[0m
[0.873s] [ 50%] [32mBuilding CXX object CMakeFiles/motion_capture_tracking_interfaces__rosidl_typesupport_introspection_cpp.dir/rosidl_typesupport_introspection_cpp/motion_capture_tracking_interfaces/msg/detail/named_pose__type_support.cpp.o[0m
[0.922s] [ 52%] [32m[1mLinking C shared library libmotion_capture_tracking_interfaces__rosidl_typesupport_introspection_c.so[0m
[0.990s] [ 54%] Built target motion_capture_tracking_interfaces__rosidl_typesupport_introspection_c
[1.198s] [ 56%] [32m[1mLinking CXX shared library libmotion_capture_tracking_interfaces__rosidl_typesupport_c.so[0m
[1.374s] [ 59%] Built target motion_capture_tracking_interfaces__rosidl_typesupport_c
[1.952s] [ 61%] [32m[1mLinking CXX shared library libmotion_capture_tracking_interfaces__rosidl_typesupport_cpp.so[0m
[2.174s] [ 63%] Built target motion_capture_tracking_interfaces__rosidl_typesupport_cpp
[2.255s] [ 65%] [32m[1mLinking CXX shared library libmotion_capture_tracking_interfaces__rosidl_typesupport_fastrtps_c.so[0m
[2.406s] [ 68%] [32m[1mLinking CXX shared library libmotion_capture_tracking_interfaces__rosidl_typesupport_introspection_cpp.so[0m
[2.528s] [ 70%] [32m[1mLinking CXX shared library libmotion_capture_tracking_interfaces__rosidl_typesupport_fastrtps_cpp.so[0m
[2.554s] [ 72%] Built target motion_capture_tracking_interfaces__rosidl_typesupport_fastrtps_c
[2.828s] [ 75%] Built target motion_capture_tracking_interfaces__rosidl_typesupport_introspection_cpp
[2.843s] [ 77%] Built target motion_capture_tracking_interfaces__rosidl_typesupport_fastrtps_cpp
[2.945s] [ 77%] Built target motion_capture_tracking_interfaces
[3.057s] [ 79%] Built target motion_capture_tracking_interfaces__py
[3.121s] [35m[1mConsolidate compiler generated dependencies of target motion_capture_tracking_interfaces__rosidl_generator_py[0m
[3.190s] [ 81%] [32mBuilding C object CMakeFiles/motion_capture_tracking_interfaces__rosidl_generator_py.dir/rosidl_generator_py/motion_capture_tracking_interfaces/msg/_named_pose_s.c.o[0m
[3.237s] [ 84%] [32mBuilding C object CMakeFiles/motion_capture_tracking_interfaces__rosidl_generator_py.dir/rosidl_generator_py/motion_capture_tracking_interfaces/msg/_named_pose_array_s.c.o[0m
[3.655s] [ 86%] [32m[1mLinking C shared library rosidl_generator_py/motion_capture_tracking_interfaces/libmotion_capture_tracking_interfaces__rosidl_generator_py.so[0m
[3.844s] [ 86%] Built target motion_capture_tracking_interfaces__rosidl_generator_py
[3.877s] [35m[1mConsolidate compiler generated dependencies of target motion_capture_tracking_interfaces__rosidl_typesupport_c__pyext[0m
[3.921s] [35m[1mConsolidate compiler generated dependencies of target motion_capture_tracking_interfaces__rosidl_typesupport_introspection_c__pyext[0m
[3.928s] [35m[1mConsolidate compiler generated dependencies of target motion_capture_tracking_interfaces__rosidl_typesupport_fastrtps_c__pyext[0m
[3.930s] [ 88%] [32mBuilding C object CMakeFiles/motion_capture_tracking_interfaces__rosidl_typesupport_c__pyext.dir/rosidl_generator_py/motion_capture_tracking_interfaces/_motion_capture_tracking_interfaces_s.ep.rosidl_typesupport_c.c.o[0m
[4.002s] [ 90%] [32mBuilding C object CMakeFiles/motion_capture_tracking_interfaces__rosidl_typesupport_introspection_c__pyext.dir/rosidl_generator_py/motion_capture_tracking_interfaces/_motion_capture_tracking_interfaces_s.ep.rosidl_typesupport_introspection_c.c.o[0m
[4.020s] [ 93%] [32mBuilding C object CMakeFiles/motion_capture_tracking_interfaces__rosidl_typesupport_fastrtps_c__pyext.dir/rosidl_generator_py/motion_capture_tracking_interfaces/_motion_capture_tracking_interfaces_s.ep.rosidl_typesupport_fastrtps_c.c.o[0m
[4.264s] [ 95%] [32m[1mLinking C shared library rosidl_generator_py/motion_capture_tracking_interfaces/motion_capture_tracking_interfaces_s__rosidl_typesupport_introspection_c.cpython-310-x86_64-linux-gnu.so[0m
[4.275s] [ 97%] [32m[1mLinking C shared library rosidl_generator_py/motion_capture_tracking_interfaces/motion_capture_tracking_interfaces_s__rosidl_typesupport_fastrtps_c.cpython-310-x86_64-linux-gnu.so[0m
[4.362s] [100%] [32m[1mLinking C shared library rosidl_generator_py/motion_capture_tracking_interfaces/motion_capture_tracking_interfaces_s__rosidl_typesupport_c.cpython-310-x86_64-linux-gnu.so[0m
[4.437s] [100%] Built target motion_capture_tracking_interfaces__rosidl_typesupport_introspection_c__pyext
[4.493s] [100%] Built target motion_capture_tracking_interfaces__rosidl_typesupport_fastrtps_c__pyext
[4.539s] [100%] Built target motion_capture_tracking_interfaces__rosidl_typesupport_c__pyext
[4.602s] Invoked command in '/home/darren/Documents/cf_swarm/ros2_ws/build/motion_capture_tracking_interfaces' returned '0': CONDA_PROMPT_MODIFIER=(base) /usr/bin/cmake --build /home/darren/Documents/cf_swarm/ros2_ws/build/motion_capture_tracking_interfaces -- -j16 -l16
[5.728s] Invoking command in '/home/darren/Documents/cf_swarm/ros2_ws/build/motion_capture_tracking_interfaces': CONDA_PROMPT_MODIFIER=(base) /usr/bin/cmake --install /home/darren/Documents/cf_swarm/ros2_ws/build/motion_capture_tracking_interfaces
[5.743s] -- Install configuration: ""
[5.745s] -- Execute custom install script
[5.746s] -- Up-to-date symlink: /home/darren/Documents/cf_swarm/ros2_ws/install/motion_capture_tracking_interfaces/share/ament_index/resource_index/rosidl_interfaces/motion_capture_tracking_interfaces
[5.750s] -- Up-to-date symlink: /home/darren/Documents/cf_swarm/ros2_ws/install/motion_capture_tracking_interfaces/share/motion_capture_tracking_interfaces/msg/NamedPose.json
[5.750s] -- Up-to-date symlink: /home/darren/Documents/cf_swarm/ros2_ws/install/motion_capture_tracking_interfaces/share/motion_capture_tracking_interfaces/msg/NamedPoseArray.json
[5.754s] -- Up-to-date symlink: /home/darren/Documents/cf_swarm/ros2_ws/install/motion_capture_tracking_interfaces/include/motion_capture_tracking_interfaces/motion_capture_tracking_interfaces/msg/detail/named_pose__functions.h
[5.754s] -- Up-to-date symlink: /home/darren/Documents/cf_swarm/ros2_ws/install/motion_capture_tracking_interfaces/include/motion_capture_tracking_interfaces/motion_capture_tracking_interfaces/msg/detail/named_pose__struct.h
[5.754s] -- Up-to-date symlink: /home/darren/Documents/cf_swarm/ros2_ws/install/motion_capture_tracking_interfaces/include/motion_capture_tracking_interfaces/motion_capture_tracking_interfaces/msg/detail/named_pose__type_support.h
[5.754s] -- Up-to-date symlink: /home/darren/Documents/cf_swarm/ros2_ws/install/motion_capture_tracking_interfaces/include/motion_capture_tracking_interfaces/motion_capture_tracking_interfaces/msg/detail/named_pose_array__functions.h
[5.755s] -- Up-to-date symlink: /home/darren/Documents/cf_swarm/ros2_ws/install/motion_capture_tracking_interfaces/include/motion_capture_tracking_interfaces/motion_capture_tracking_interfaces/msg/detail/named_pose_array__struct.h
[5.755s] -- Up-to-date symlink: /home/darren/Documents/cf_swarm/ros2_ws/install/motion_capture_tracking_interfaces/include/motion_capture_tracking_interfaces/motion_capture_tracking_interfaces/msg/detail/named_pose_array__type_support.h
[5.755s] -- Up-to-date symlink: /home/darren/Documents/cf_swarm/ros2_ws/install/motion_capture_tracking_interfaces/include/motion_capture_tracking_interfaces/motion_capture_tracking_interfaces/msg/named_pose.h
[5.755s] -- Up-to-date symlink: /home/darren/Documents/cf_swarm/ros2_ws/install/motion_capture_tracking_interfaces/include/motion_capture_tracking_interfaces/motion_capture_tracking_interfaces/msg/named_pose_array.h
[5.756s] -- Up-to-date symlink: /home/darren/Documents/cf_swarm/ros2_ws/install/motion_capture_tracking_interfaces/include/motion_capture_tracking_interfaces/motion_capture_tracking_interfaces/msg/rosidl_generator_c__visibility_control.h
[5.756s] -- Up-to-date symlink: /home/darren/Documents/cf_swarm/ros2_ws/install/motion_capture_tracking_interfaces/share/motion_capture_tracking_interfaces/environment/library_path.sh
[5.756s] -- Up-to-date symlink: /home/darren/Documents/cf_swarm/ros2_ws/install/motion_capture_tracking_interfaces/share/motion_capture_tracking_interfaces/environment/library_path.dsv
[5.758s] -- Up-to-date symlink: /home/darren/Documents/cf_swarm/ros2_ws/install/motion_capture_tracking_interfaces/include/motion_capture_tracking_interfaces/motion_capture_tracking_interfaces/msg/detail/named_pose__rosidl_typesupport_fastrtps_c.h
[5.758s] -- Up-to-date symlink: /home/darren/Documents/cf_swarm/ros2_ws/install/motion_capture_tracking_interfaces/include/motion_capture_tracking_interfaces/motion_capture_tracking_interfaces/msg/detail/named_pose_array__rosidl_typesupport_fastrtps_c.h
[5.758s] -- Up-to-date symlink: /home/darren/Documents/cf_swarm/ros2_ws/install/motion_capture_tracking_interfaces/include/motion_capture_tracking_interfaces/motion_capture_tracking_interfaces/msg/rosidl_typesupport_fastrtps_c__visibility_control.h
[5.762s] -- Up-to-date symlink: /home/darren/Documents/cf_swarm/ros2_ws/install/motion_capture_tracking_interfaces/include/motion_capture_tracking_interfaces/motion_capture_tracking_interfaces/msg/detail/named_pose__builder.hpp
[5.762s] -- Up-to-date symlink: /home/darren/Documents/cf_swarm/ros2_ws/install/motion_capture_tracking_interfaces/include/motion_capture_tracking_interfaces/motion_capture_tracking_interfaces/msg/detail/named_pose__struct.hpp
[5.762s] -- Up-to-date symlink: /home/darren/Documents/cf_swarm/ros2_ws/install/motion_capture_tracking_interfaces/include/motion_capture_tracking_interfaces/motion_capture_tracking_interfaces/msg/detail/named_pose__traits.hpp
[5.762s] -- Up-to-date symlink: /home/darren/Documents/cf_swarm/ros2_ws/install/motion_capture_tracking_interfaces/include/motion_capture_tracking_interfaces/motion_capture_tracking_interfaces/msg/detail/named_pose_array__builder.hpp
[5.763s] -- Up-to-date symlink: /home/darren/Documents/cf_swarm/ros2_ws/install/motion_capture_tracking_interfaces/include/motion_capture_tracking_interfaces/motion_capture_tracking_interfaces/msg/detail/named_pose_array__struct.hpp
[5.763s] -- Up-to-date symlink: /home/darren/Documents/cf_swarm/ros2_ws/install/motion_capture_tracking_interfaces/include/motion_capture_tracking_interfaces/motion_capture_tracking_interfaces/msg/detail/named_pose_array__traits.hpp
[5.763s] -- Up-to-date symlink: /home/darren/Documents/cf_swarm/ros2_ws/install/motion_capture_tracking_interfaces/include/motion_capture_tracking_interfaces/motion_capture_tracking_interfaces/msg/named_pose.hpp
[5.763s] -- Up-to-date symlink: /home/darren/Documents/cf_swarm/ros2_ws/install/motion_capture_tracking_interfaces/include/motion_capture_tracking_interfaces/motion_capture_tracking_interfaces/msg/named_pose_array.hpp
[5.763s] -- Up-to-date symlink: /home/darren/Documents/cf_swarm/ros2_ws/install/motion_capture_tracking_interfaces/include/motion_capture_tracking_interfaces/motion_capture_tracking_interfaces/msg/detail/named_pose__rosidl_typesupport_fastrtps_cpp.hpp
[5.764s] -- Up-to-date symlink: /home/darren/Documents/cf_swarm/ros2_ws/install/motion_capture_tracking_interfaces/include/motion_capture_tracking_interfaces/motion_capture_tracking_interfaces/msg/detail/named_pose_array__rosidl_typesupport_fastrtps_cpp.hpp
[5.764s] -- Up-to-date symlink: /home/darren/Documents/cf_swarm/ros2_ws/install/motion_capture_tracking_interfaces/include/motion_capture_tracking_interfaces/motion_capture_tracking_interfaces/msg/rosidl_typesupport_fastrtps_cpp__visibility_control.h
[5.764s] -- Up-to-date symlink: /home/darren/Documents/cf_swarm/ros2_ws/install/motion_capture_tracking_interfaces/include/motion_capture_tracking_interfaces/motion_capture_tracking_interfaces/msg/detail/named_pose__rosidl_typesupport_introspection_c.h
[5.764s] -- Up-to-date symlink: /home/darren/Documents/cf_swarm/ros2_ws/install/motion_capture_tracking_interfaces/include/motion_capture_tracking_interfaces/motion_capture_tracking_interfaces/msg/detail/named_pose_array__rosidl_typesupport_introspection_c.h
[5.764s] -- Up-to-date symlink: /home/darren/Documents/cf_swarm/ros2_ws/install/motion_capture_tracking_interfaces/include/motion_capture_tracking_interfaces/motion_capture_tracking_interfaces/msg/rosidl_typesupport_introspection_c__visibility_control.h
[5.764s] -- Up-to-date symlink: /home/darren/Documents/cf_swarm/ros2_ws/install/motion_capture_tracking_interfaces/include/motion_capture_tracking_interfaces/motion_capture_tracking_interfaces/msg/detail/named_pose__rosidl_typesupport_introspection_cpp.hpp
[5.770s] -- Up-to-date symlink: /home/darren/Documents/cf_swarm/ros2_ws/install/motion_capture_tracking_interfaces/include/motion_capture_tracking_interfaces/motion_capture_tracking_interfaces/msg/detail/named_pose_array__rosidl_typesupport_introspection_cpp.hpp
[5.772s] -- Up-to-date symlink: /home/darren/Documents/cf_swarm/ros2_ws/install/motion_capture_tracking_interfaces/share/motion_capture_tracking_interfaces/environment/pythonpath.sh
[5.777s] -- Up-to-date symlink: /home/darren/Documents/cf_swarm/ros2_ws/install/motion_capture_tracking_interfaces/share/motion_capture_tracking_interfaces/environment/pythonpath.dsv
[5.777s] -- Up-to-date symlink: /home/darren/Documents/cf_swarm/ros2_ws/install/motion_capture_tracking_interfaces/lib/python3.10/site-packages/motion_capture_tracking_interfaces-1.0.0-py3.10.egg-info/PKG-INFO
[5.778s] -- Up-to-date symlink: /home/darren/Documents/cf_swarm/ros2_ws/install/motion_capture_tracking_interfaces/lib/python3.10/site-packages/motion_capture_tracking_interfaces-1.0.0-py3.10.egg-info/SOURCES.txt
[5.778s] -- Up-to-date symlink: /home/darren/Documents/cf_swarm/ros2_ws/install/motion_capture_tracking_interfaces/lib/python3.10/site-packages/motion_capture_tracking_interfaces-1.0.0-py3.10.egg-info/dependency_links.txt
[5.778s] -- Up-to-date symlink: /home/darren/Documents/cf_swarm/ros2_ws/install/motion_capture_tracking_interfaces/lib/python3.10/site-packages/motion_capture_tracking_interfaces-1.0.0-py3.10.egg-info/top_level.txt
[5.778s] -- Up-to-date symlink: /home/darren/Documents/cf_swarm/ros2_ws/install/motion_capture_tracking_interfaces/lib/python3.10/site-packages/motion_capture_tracking_interfaces/__init__.py
[5.778s] -- Up-to-date symlink: /home/darren/Documents/cf_swarm/ros2_ws/install/motion_capture_tracking_interfaces/lib/python3.10/site-packages/motion_capture_tracking_interfaces/_motion_capture_tracking_interfaces_s.ep.rosidl_typesupport_c.c
[5.779s] -- Up-to-date symlink: /home/darren/Documents/cf_swarm/ros2_ws/install/motion_capture_tracking_interfaces/lib/python3.10/site-packages/motion_capture_tracking_interfaces/_motion_capture_tracking_interfaces_s.ep.rosidl_typesupport_fastrtps_c.c
[5.780s] -- Up-to-date symlink: /home/darren/Documents/cf_swarm/ros2_ws/install/motion_capture_tracking_interfaces/lib/python3.10/site-packages/motion_capture_tracking_interfaces/_motion_capture_tracking_interfaces_s.ep.rosidl_typesupport_introspection_c.c
[5.780s] -- Up-to-date symlink: /home/darren/Documents/cf_swarm/ros2_ws/install/motion_capture_tracking_interfaces/lib/python3.10/site-packages/motion_capture_tracking_interfaces/libmotion_capture_tracking_interfaces__rosidl_generator_py.so
[5.780s] -- Up-to-date symlink: /home/darren/Documents/cf_swarm/ros2_ws/install/motion_capture_tracking_interfaces/lib/python3.10/site-packages/motion_capture_tracking_interfaces/motion_capture_tracking_interfaces_s__rosidl_typesupport_c.cpython-310-x86_64-linux-gnu.so
[5.780s] -- Up-to-date symlink: /home/darren/Documents/cf_swarm/ros2_ws/install/motion_capture_tracking_interfaces/lib/python3.10/site-packages/motion_capture_tracking_interfaces/motion_capture_tracking_interfaces_s__rosidl_typesupport_fastrtps_c.cpython-310-x86_64-linux-gnu.so
[5.780s] -- Up-to-date symlink: /home/darren/Documents/cf_swarm/ros2_ws/install/motion_capture_tracking_interfaces/lib/python3.10/site-packages/motion_capture_tracking_interfaces/motion_capture_tracking_interfaces_s__rosidl_typesupport_introspection_c.cpython-310-x86_64-linux-gnu.so
[5.780s] -- Up-to-date symlink: /home/darren/Documents/cf_swarm/ros2_ws/install/motion_capture_tracking_interfaces/lib/python3.10/site-packages/motion_capture_tracking_interfaces/msg/__init__.py
[5.780s] -- Up-to-date symlink: /home/darren/Documents/cf_swarm/ros2_ws/install/motion_capture_tracking_interfaces/lib/python3.10/site-packages/motion_capture_tracking_interfaces/msg/_named_pose.py
[5.780s] -- Up-to-date symlink: /home/darren/Documents/cf_swarm/ros2_ws/install/motion_capture_tracking_interfaces/lib/python3.10/site-packages/motion_capture_tracking_interfaces/msg/_named_pose_array.py
[5.781s] -- Up-to-date symlink: /home/darren/Documents/cf_swarm/ros2_ws/install/motion_capture_tracking_interfaces/lib/python3.10/site-packages/motion_capture_tracking_interfaces/msg/_named_pose_array_s.c
[5.781s] -- Up-to-date symlink: /home/darren/Documents/cf_swarm/ros2_ws/install/motion_capture_tracking_interfaces/lib/python3.10/site-packages/motion_capture_tracking_interfaces/msg/_named_pose_s.c
[5.786s] -- Up-to-date symlink: /home/darren/Documents/cf_swarm/ros2_ws/install/motion_capture_tracking_interfaces/lib/python3.10/site-packages/motion_capture_tracking_interfaces/motion_capture_tracking_interfaces_s__rosidl_typesupport_fastrtps_c.cpython-310-x86_64-linux-gnu.so
[5.789s] -- Up-to-date symlink: /home/darren/Documents/cf_swarm/ros2_ws/install/motion_capture_tracking_interfaces/lib/python3.10/site-packages/motion_capture_tracking_interfaces/motion_capture_tracking_interfaces_s__rosidl_typesupport_introspection_c.cpython-310-x86_64-linux-gnu.so
[5.792s] -- Up-to-date symlink: /home/darren/Documents/cf_swarm/ros2_ws/install/motion_capture_tracking_interfaces/lib/python3.10/site-packages/motion_capture_tracking_interfaces/motion_capture_tracking_interfaces_s__rosidl_typesupport_c.cpython-310-x86_64-linux-gnu.so
[5.792s] -- Up-to-date symlink: /home/darren/Documents/cf_swarm/ros2_ws/install/motion_capture_tracking_interfaces/share/motion_capture_tracking_interfaces/msg/NamedPose.idl
[5.792s] -- Up-to-date symlink: /home/darren/Documents/cf_swarm/ros2_ws/install/motion_capture_tracking_interfaces/share/motion_capture_tracking_interfaces/msg/NamedPoseArray.idl
[5.793s] -- Up-to-date symlink: /home/darren/Documents/cf_swarm/ros2_ws/install/motion_capture_tracking_interfaces/share/motion_capture_tracking_interfaces/msg/NamedPose.msg
[5.794s] -- Up-to-date symlink: /home/darren/Documents/cf_swarm/ros2_ws/install/motion_capture_tracking_interfaces/share/motion_capture_tracking_interfaces/msg/NamedPoseArray.msg
[5.794s] -- Up-to-date symlink: /home/darren/Documents/cf_swarm/ros2_ws/install/motion_capture_tracking_interfaces/share/ament_index/resource_index/package_run_dependencies/motion_capture_tracking_interfaces
[5.794s] -- Up-to-date symlink: /home/darren/Documents/cf_swarm/ros2_ws/install/motion_capture_tracking_interfaces/share/ament_index/resource_index/parent_prefix_path/motion_capture_tracking_interfaces
[5.795s] -- Up-to-date symlink: /home/darren/Documents/cf_swarm/ros2_ws/install/motion_capture_tracking_interfaces/share/motion_capture_tracking_interfaces/environment/ament_prefix_path.sh
[5.795s] -- Up-to-date symlink: /home/darren/Documents/cf_swarm/ros2_ws/install/motion_capture_tracking_interfaces/share/motion_capture_tracking_interfaces/environment/ament_prefix_path.dsv
[5.795s] -- Up-to-date symlink: /home/darren/Documents/cf_swarm/ros2_ws/install/motion_capture_tracking_interfaces/share/motion_capture_tracking_interfaces/environment/path.sh
[5.795s] -- Up-to-date symlink: /home/darren/Documents/cf_swarm/ros2_ws/install/motion_capture_tracking_interfaces/share/motion_capture_tracking_interfaces/environment/path.dsv
[5.801s] -- Up-to-date symlink: /home/darren/Documents/cf_swarm/ros2_ws/install/motion_capture_tracking_interfaces/share/motion_capture_tracking_interfaces/local_setup.bash
[5.802s] -- Up-to-date symlink: /home/darren/Documents/cf_swarm/ros2_ws/install/motion_capture_tracking_interfaces/share/motion_capture_tracking_interfaces/local_setup.sh
[5.802s] -- Up-to-date symlink: /home/darren/Documents/cf_swarm/ros2_ws/install/motion_capture_tracking_interfaces/share/motion_capture_tracking_interfaces/local_setup.zsh
[5.802s] -- Up-to-date symlink: /home/darren/Documents/cf_swarm/ros2_ws/install/motion_capture_tracking_interfaces/share/motion_capture_tracking_interfaces/local_setup.dsv
[5.802s] -- Symlinking: /home/darren/Documents/cf_swarm/ros2_ws/install/motion_capture_tracking_interfaces/share/motion_capture_tracking_interfaces/package.dsv
[5.822s] -- Up-to-date symlink: /home/darren/Documents/cf_swarm/ros2_ws/install/motion_capture_tracking_interfaces/share/ament_index/resource_index/packages/motion_capture_tracking_interfaces
[5.823s] -- Up-to-date symlink: /home/darren/Documents/cf_swarm/ros2_ws/install/motion_capture_tracking_interfaces/share/motion_capture_tracking_interfaces/cmake/rosidl_cmake-extras.cmake
[5.823s] -- Up-to-date symlink: /home/darren/Documents/cf_swarm/ros2_ws/install/motion_capture_tracking_interfaces/share/motion_capture_tracking_interfaces/cmake/ament_cmake_export_dependencies-extras.cmake
[5.823s] -- Up-to-date symlink: /home/darren/Documents/cf_swarm/ros2_ws/install/motion_capture_tracking_interfaces/share/motion_capture_tracking_interfaces/cmake/ament_cmake_export_include_directories-extras.cmake
[5.824s] -- Up-to-date symlink: /home/darren/Documents/cf_swarm/ros2_ws/install/motion_capture_tracking_interfaces/share/motion_capture_tracking_interfaces/cmake/ament_cmake_export_libraries-extras.cmake
[5.824s] -- Up-to-date symlink: /home/darren/Documents/cf_swarm/ros2_ws/install/motion_capture_tracking_interfaces/share/motion_capture_tracking_interfaces/cmake/ament_cmake_export_targets-extras.cmake
[5.824s] -- Up-to-date symlink: /home/darren/Documents/cf_swarm/ros2_ws/install/motion_capture_tracking_interfaces/share/motion_capture_tracking_interfaces/cmake/rosidl_cmake_export_typesupport_targets-extras.cmake
[5.825s] -- Up-to-date symlink: /home/darren/Documents/cf_swarm/ros2_ws/install/motion_capture_tracking_interfaces/share/motion_capture_tracking_interfaces/cmake/rosidl_cmake_export_typesupport_libraries-extras.cmake
[5.826s] -- Up-to-date symlink: /home/darren/Documents/cf_swarm/ros2_ws/install/motion_capture_tracking_interfaces/share/motion_capture_tracking_interfaces/cmake/motion_capture_tracking_interfacesConfig.cmake
[5.826s] -- Up-to-date symlink: /home/darren/Documents/cf_swarm/ros2_ws/install/motion_capture_tracking_interfaces/share/motion_capture_tracking_interfaces/cmake/motion_capture_tracking_interfacesConfig-version.cmake
[5.827s] -- Up-to-date symlink: /home/darren/Documents/cf_swarm/ros2_ws/install/motion_capture_tracking_interfaces/share/motion_capture_tracking_interfaces/package.xml
[5.828s] -- Installing: /home/darren/Documents/cf_swarm/ros2_ws/install/motion_capture_tracking_interfaces/lib/libmotion_capture_tracking_interfaces__rosidl_generator_c.so
[5.830s] -- Set runtime path of "/home/darren/Documents/cf_swarm/ros2_ws/install/motion_capture_tracking_interfaces/lib/libmotion_capture_tracking_interfaces__rosidl_generator_c.so" to ""
[5.831s] -- Installing: /home/darren/Documents/cf_swarm/ros2_ws/install/motion_capture_tracking_interfaces/lib/libmotion_capture_tracking_interfaces__rosidl_typesupport_fastrtps_c.so
[5.832s] -- Set runtime path of "/home/darren/Documents/cf_swarm/ros2_ws/install/motion_capture_tracking_interfaces/lib/libmotion_capture_tracking_interfaces__rosidl_typesupport_fastrtps_c.so" to ""
[5.833s] -- Installing: /home/darren/Documents/cf_swarm/ros2_ws/install/motion_capture_tracking_interfaces/lib/libmotion_capture_tracking_interfaces__rosidl_typesupport_fastrtps_cpp.so
[5.835s] -- Set runtime path of "/home/darren/Documents/cf_swarm/ros2_ws/install/motion_capture_tracking_interfaces/lib/libmotion_capture_tracking_interfaces__rosidl_typesupport_fastrtps_cpp.so" to ""
[5.835s] -- Installing: /home/darren/Documents/cf_swarm/ros2_ws/install/motion_capture_tracking_interfaces/lib/libmotion_capture_tracking_interfaces__rosidl_typesupport_introspection_c.so
[5.840s] -- Set runtime path of "/home/darren/Documents/cf_swarm/ros2_ws/install/motion_capture_tracking_interfaces/lib/libmotion_capture_tracking_interfaces__rosidl_typesupport_introspection_c.so" to ""
[5.841s] -- Installing: /home/darren/Documents/cf_swarm/ros2_ws/install/motion_capture_tracking_interfaces/lib/libmotion_capture_tracking_interfaces__rosidl_typesupport_c.so
[5.841s] -- Set runtime path of "/home/darren/Documents/cf_swarm/ros2_ws/install/motion_capture_tracking_interfaces/lib/libmotion_capture_tracking_interfaces__rosidl_typesupport_c.so" to ""
[5.841s] -- Installing: /home/darren/Documents/cf_swarm/ros2_ws/install/motion_capture_tracking_interfaces/lib/libmotion_capture_tracking_interfaces__rosidl_typesupport_introspection_cpp.so
[5.841s] -- Set runtime path of "/home/darren/Documents/cf_swarm/ros2_ws/install/motion_capture_tracking_interfaces/lib/libmotion_capture_tracking_interfaces__rosidl_typesupport_introspection_cpp.so" to ""
[5.841s] -- Installing: /home/darren/Documents/cf_swarm/ros2_ws/install/motion_capture_tracking_interfaces/lib/libmotion_capture_tracking_interfaces__rosidl_typesupport_cpp.so
[5.843s] -- Set runtime path of "/home/darren/Documents/cf_swarm/ros2_ws/install/motion_capture_tracking_interfaces/lib/libmotion_capture_tracking_interfaces__rosidl_typesupport_cpp.so" to ""
[5.905s] Listing '/home/darren/Documents/cf_swarm/ros2_ws/install/motion_capture_tracking_interfaces/lib/python3.10/site-packages/motion_capture_tracking_interfaces'...
[5.905s] Listing '/home/darren/Documents/cf_swarm/ros2_ws/install/motion_capture_tracking_interfaces/lib/python3.10/site-packages/motion_capture_tracking_interfaces/msg'...
[5.917s] -- Installing: /home/darren/Documents/cf_swarm/ros2_ws/install/motion_capture_tracking_interfaces/lib/libmotion_capture_tracking_interfaces__rosidl_generator_py.so
[5.918s] -- Set runtime path of "/home/darren/Documents/cf_swarm/ros2_ws/install/motion_capture_tracking_interfaces/lib/libmotion_capture_tracking_interfaces__rosidl_generator_py.so" to ""
[5.920s] -- Up-to-date: /home/darren/Documents/cf_swarm/ros2_ws/install/motion_capture_tracking_interfaces/share/motion_capture_tracking_interfaces/cmake/export_motion_capture_tracking_interfaces__rosidl_generator_cExport.cmake
[5.920s] -- Up-to-date: /home/darren/Documents/cf_swarm/ros2_ws/install/motion_capture_tracking_interfaces/share/motion_capture_tracking_interfaces/cmake/export_motion_capture_tracking_interfaces__rosidl_generator_cExport-noconfig.cmake
[5.922s] -- Up-to-date: /home/darren/Documents/cf_swarm/ros2_ws/install/motion_capture_tracking_interfaces/share/motion_capture_tracking_interfaces/cmake/export_motion_capture_tracking_interfaces__rosidl_typesupport_fastrtps_cExport.cmake
[5.922s] -- Up-to-date: /home/darren/Documents/cf_swarm/ros2_ws/install/motion_capture_tracking_interfaces/share/motion_capture_tracking_interfaces/cmake/export_motion_capture_tracking_interfaces__rosidl_typesupport_fastrtps_cExport-noconfig.cmake
[5.923s] -- Up-to-date: /home/darren/Documents/cf_swarm/ros2_ws/install/motion_capture_tracking_interfaces/share/motion_capture_tracking_interfaces/cmake/export_motion_capture_tracking_interfaces__rosidl_generator_cppExport.cmake
[5.923s] -- Up-to-date: /home/darren/Documents/cf_swarm/ros2_ws/install/motion_capture_tracking_interfaces/share/motion_capture_tracking_interfaces/cmake/export_motion_capture_tracking_interfaces__rosidl_typesupport_fastrtps_cppExport.cmake
[5.923s] -- Up-to-date: /home/darren/Documents/cf_swarm/ros2_ws/install/motion_capture_tracking_interfaces/share/motion_capture_tracking_interfaces/cmake/export_motion_capture_tracking_interfaces__rosidl_typesupport_fastrtps_cppExport-noconfig.cmake
[5.923s] -- Up-to-date: /home/darren/Documents/cf_swarm/ros2_ws/install/motion_capture_tracking_interfaces/share/motion_capture_tracking_interfaces/cmake/motion_capture_tracking_interfaces__rosidl_typesupport_introspection_cExport.cmake
[5.923s] -- Up-to-date: /home/darren/Documents/cf_swarm/ros2_ws/install/motion_capture_tracking_interfaces/share/motion_capture_tracking_interfaces/cmake/motion_capture_tracking_interfaces__rosidl_typesupport_introspection_cExport-noconfig.cmake
[5.924s] -- Up-to-date: /home/darren/Documents/cf_swarm/ros2_ws/install/motion_capture_tracking_interfaces/share/motion_capture_tracking_interfaces/cmake/motion_capture_tracking_interfaces__rosidl_typesupport_cExport.cmake
[5.924s] -- Up-to-date: /home/darren/Documents/cf_swarm/ros2_ws/install/motion_capture_tracking_interfaces/share/motion_capture_tracking_interfaces/cmake/motion_capture_tracking_interfaces__rosidl_typesupport_cExport-noconfig.cmake
[5.924s] -- Up-to-date: /home/darren/Documents/cf_swarm/ros2_ws/install/motion_capture_tracking_interfaces/share/motion_capture_tracking_interfaces/cmake/motion_capture_tracking_interfaces__rosidl_typesupport_introspection_cppExport.cmake
[5.924s] -- Up-to-date: /home/darren/Documents/cf_swarm/ros2_ws/install/motion_capture_tracking_interfaces/share/motion_capture_tracking_interfaces/cmake/motion_capture_tracking_interfaces__rosidl_typesupport_introspection_cppExport-noconfig.cmake
[5.925s] -- Up-to-date: /home/darren/Documents/cf_swarm/ros2_ws/install/motion_capture_tracking_interfaces/share/motion_capture_tracking_interfaces/cmake/motion_capture_tracking_interfaces__rosidl_typesupport_cppExport.cmake
[5.925s] -- Up-to-date: /home/darren/Documents/cf_swarm/ros2_ws/install/motion_capture_tracking_interfaces/share/motion_capture_tracking_interfaces/cmake/motion_capture_tracking_interfaces__rosidl_typesupport_cppExport-noconfig.cmake
[5.925s] -- Up-to-date: /home/darren/Documents/cf_swarm/ros2_ws/install/motion_capture_tracking_interfaces/share/motion_capture_tracking_interfaces/cmake/export_motion_capture_tracking_interfaces__rosidl_generator_pyExport.cmake
[5.925s] -- Up-to-date: /home/darren/Documents/cf_swarm/ros2_ws/install/motion_capture_tracking_interfaces/share/motion_capture_tracking_interfaces/cmake/export_motion_capture_tracking_interfaces__rosidl_generator_pyExport-noconfig.cmake
[5.930s] Invoked command in '/home/darren/Documents/cf_swarm/ros2_ws/build/motion_capture_tracking_interfaces' returned '0': CONDA_PROMPT_MODIFIER=(base) /usr/bin/cmake --install /home/darren/Documents/cf_swarm/ros2_ws/build/motion_capture_tracking_interfaces
