[0.463s] Invoking command in '/home/darren/Documents/cf_swarm/ros2_ws/build/crazyflie_sim': CMAKE_PREFIX_PATH=/home/darren/Documents/cf_swarm/ros2_ws/install/crazyflie_interfaces:/home/darren/Documents/cf_swarm/ros2_ws/install/motion_capture_tracking:/home/darren/Documents/cf_swarm/ros2_ws/install/crazyflie:/home/darren/Documents/cf_swarm/ros2_ws/install/motion_capture_tracking_interfaces:/home/darren/Documents/cf_swarm/ros2_ws/install/crazyflie_sim:/home/darren/Documents/cf_swarm/ros2_ws/install/crazyflie_examples:/home/darren/cf_swarm/ros2_ws/install/topic_tools:/home/darren/cf_swarm/ros2_ws/install/topic_tools_interfaces:/home/darren/cf_swarm/ros2_ws/install/motion_capture_tracking:/home/darren/cf_swarm/ros2_ws/install/crazyflie:/home/darren/cf_swarm/ros2_ws/install/motion_capture_tracking_interfaces:/home/darren/cf_swarm/ros2_ws/install/crazyflie_sim:/home/darren/cf_swarm/ros2_ws/install/crazyflie_examples:/home/darren/cf_swarm/ros2_ws/install/crazyflie_interfaces:/home/darren/Documents/cf_swarm/ros2_ws/install/localization_test:/home/darren/Documents/cf_swarm/ros2_ws/install/crazyflie_py:/home/darren/cf_swarm/ros2_ws/install/localization_test:/home/darren/cf_swarm/ros2_ws/install/crazyflie_py:/opt/ros/iron LD_LIBRARY_PATH=/home/darren/Documents/cf_swarm/ros2_ws/install/crazyflie_interfaces/lib:/home/darren/Documents/cf_swarm/ros2_ws/install/motion_capture_tracking_interfaces/lib:/home/darren/cf_swarm/ros2_ws/install/topic_tools/lib:/home/darren/cf_swarm/ros2_ws/install/topic_tools_interfaces/lib:/home/darren/cf_swarm/ros2_ws/install/motion_capture_tracking_interfaces/lib:/home/darren/cf_swarm/ros2_ws/install/crazyflie_interfaces/lib:/opt/ros/iron/opt/rviz_ogre_vendor/lib:/opt/ros/iron/lib/x86_64-linux-gnu:/opt/ros/iron/lib PYTHONPATH=/home/darren/Documents/cf_swarm/ros2_ws/install/crazyflie_interfaces/lib/python3.10/site-packages:/home/darren/Documents/cf_swarm/ros2_ws/install/motion_capture_tracking_interfaces/lib/python3.10/site-packages:/home/darren/Documents/cf_swarm/ros2_ws/build/localization_test:/home/darren/Documents/cf_swarm/ros2_ws/install/localization_test/lib/python3.10/site-packages:/home/darren/Documents/cf_swarm/ros2_ws/install/crazyflie_sim/lib/python3.10/site-packages:/home/darren/Documents/cf_swarm/ros2_ws/install/crazyflie_examples/lib/python3.10/site-packages:/home/darren/Documents/cf_swarm/ros2_ws/build/crazyflie_py:/home/darren/Documents/cf_swarm/ros2_ws/install/crazyflie_py/lib/python3.10/site-packages:/home/darren/cf_swarm/ros2_ws/install/topic_tools/lib/python3.10/site-packages:/home/darren/cf_swarm/ros2_ws/install/topic_tools_interfaces/lib/python3.10/site-packages:/home/darren/cf_swarm/ros2_ws/install/motion_capture_tracking_interfaces/lib/python3.10/site-packages:/home/darren/cf_swarm/ros2_ws/build/localization_test:/home/darren/cf_swarm/ros2_ws/install/localization_test/lib/python3.10/site-packages:/home/darren/cf_swarm/ros2_ws/install/crazyflie_sim/lib/python3.10/site-packages:/home/darren/cf_swarm/ros2_ws/install/crazyflie_examples/lib/python3.10/site-packages:/home/darren/cf_swarm/ros2_ws/build/crazyflie_py:/home/darren/cf_swarm/ros2_ws/install/crazyflie_py/lib/python3.10/site-packages:/home/darren/cf_swarm/ros2_ws/install/crazyflie_interfaces/lib/python3.10/site-packages:/opt/ros/iron/lib/python3.10/site-packages /usr/bin/cmake --build /home/darren/Documents/cf_swarm/ros2_ws/build/crazyflie_sim -- -j16 -l16
[0.551s] Built target ament_cmake_python_symlink_crazyflie_sim_setup
[0.551s] Built target ament_cmake_python_symlink_crazyflie_sim
[0.860s] running egg_info
[0.860s] running install_scripts
[0.860s] writing crazyflie_sim.egg-info/PKG-INFO
[0.861s] writing dependency_links to crazyflie_sim.egg-info/dependency_links.txt
[0.861s] writing entry points to crazyflie_sim.egg-info/entry_points.txt
[0.861s] writing top-level names to crazyflie_sim.egg-info/top_level.txt
[0.863s] /usr/lib/python3/dist-packages/setuptools/command/install.py:34: SetuptoolsDeprecationWarning: setup.py install is deprecated. Use build and pip and other standards-based tools.
[0.863s]   warnings.warn(
[0.865s] reading manifest file 'crazyflie_sim.egg-info/SOURCES.txt'
[0.866s] writing manifest file 'crazyflie_sim.egg-info/SOURCES.txt'
[0.888s] running egg_info
[0.888s] writing crazyflie_sim.egg-info/PKG-INFO
[0.889s] writing dependency_links to crazyflie_sim.egg-info/dependency_links.txt
[0.889s] writing entry points to crazyflie_sim.egg-info/entry_points.txt
[0.889s] writing top-level names to crazyflie_sim.egg-info/top_level.txt
[0.892s] reading manifest file 'crazyflie_sim.egg-info/SOURCES.txt'
[0.893s] writing manifest file 'crazyflie_sim.egg-info/SOURCES.txt'
[0.896s] Installing crazyflie_server script to scripts
[0.911s] Built target ament_cmake_python_build_crazyflie_sim_egg
[0.932s] Built target ament_cmake_python_build_crazyflie_sim_scripts
[0.950s] Invoked command in '/home/darren/Documents/cf_swarm/ros2_ws/build/crazyflie_sim' returned '0': CMAKE_PREFIX_PATH=/home/darren/Documents/cf_swarm/ros2_ws/install/crazyflie_interfaces:/home/darren/Documents/cf_swarm/ros2_ws/install/motion_capture_tracking:/home/darren/Documents/cf_swarm/ros2_ws/install/crazyflie:/home/darren/Documents/cf_swarm/ros2_ws/install/motion_capture_tracking_interfaces:/home/darren/Documents/cf_swarm/ros2_ws/install/crazyflie_sim:/home/darren/Documents/cf_swarm/ros2_ws/install/crazyflie_examples:/home/darren/cf_swarm/ros2_ws/install/topic_tools:/home/darren/cf_swarm/ros2_ws/install/topic_tools_interfaces:/home/darren/cf_swarm/ros2_ws/install/motion_capture_tracking:/home/darren/cf_swarm/ros2_ws/install/crazyflie:/home/darren/cf_swarm/ros2_ws/install/motion_capture_tracking_interfaces:/home/darren/cf_swarm/ros2_ws/install/crazyflie_sim:/home/darren/cf_swarm/ros2_ws/install/crazyflie_examples:/home/darren/cf_swarm/ros2_ws/install/crazyflie_interfaces:/home/darren/Documents/cf_swarm/ros2_ws/install/localization_test:/home/darren/Documents/cf_swarm/ros2_ws/install/crazyflie_py:/home/darren/cf_swarm/ros2_ws/install/localization_test:/home/darren/cf_swarm/ros2_ws/install/crazyflie_py:/opt/ros/iron LD_LIBRARY_PATH=/home/darren/Documents/cf_swarm/ros2_ws/install/crazyflie_interfaces/lib:/home/darren/Documents/cf_swarm/ros2_ws/install/motion_capture_tracking_interfaces/lib:/home/darren/cf_swarm/ros2_ws/install/topic_tools/lib:/home/darren/cf_swarm/ros2_ws/install/topic_tools_interfaces/lib:/home/darren/cf_swarm/ros2_ws/install/motion_capture_tracking_interfaces/lib:/home/darren/cf_swarm/ros2_ws/install/crazyflie_interfaces/lib:/opt/ros/iron/opt/rviz_ogre_vendor/lib:/opt/ros/iron/lib/x86_64-linux-gnu:/opt/ros/iron/lib PYTHONPATH=/home/darren/Documents/cf_swarm/ros2_ws/install/crazyflie_interfaces/lib/python3.10/site-packages:/home/darren/Documents/cf_swarm/ros2_ws/install/motion_capture_tracking_interfaces/lib/python3.10/site-packages:/home/darren/Documents/cf_swarm/ros2_ws/build/localization_test:/home/darren/Documents/cf_swarm/ros2_ws/install/localization_test/lib/python3.10/site-packages:/home/darren/Documents/cf_swarm/ros2_ws/install/crazyflie_sim/lib/python3.10/site-packages:/home/darren/Documents/cf_swarm/ros2_ws/install/crazyflie_examples/lib/python3.10/site-packages:/home/darren/Documents/cf_swarm/ros2_ws/build/crazyflie_py:/home/darren/Documents/cf_swarm/ros2_ws/install/crazyflie_py/lib/python3.10/site-packages:/home/darren/cf_swarm/ros2_ws/install/topic_tools/lib/python3.10/site-packages:/home/darren/cf_swarm/ros2_ws/install/topic_tools_interfaces/lib/python3.10/site-packages:/home/darren/cf_swarm/ros2_ws/install/motion_capture_tracking_interfaces/lib/python3.10/site-packages:/home/darren/cf_swarm/ros2_ws/build/localization_test:/home/darren/cf_swarm/ros2_ws/install/localization_test/lib/python3.10/site-packages:/home/darren/cf_swarm/ros2_ws/install/crazyflie_sim/lib/python3.10/site-packages:/home/darren/cf_swarm/ros2_ws/install/crazyflie_examples/lib/python3.10/site-packages:/home/darren/cf_swarm/ros2_ws/build/crazyflie_py:/home/darren/cf_swarm/ros2_ws/install/crazyflie_py/lib/python3.10/site-packages:/home/darren/cf_swarm/ros2_ws/install/crazyflie_interfaces/lib/python3.10/site-packages:/opt/ros/iron/lib/python3.10/site-packages /usr/bin/cmake --build /home/darren/Documents/cf_swarm/ros2_ws/build/crazyflie_sim -- -j16 -l16
[0.983s] Invoking command in '/home/darren/Documents/cf_swarm/ros2_ws/build/crazyflie_sim': CMAKE_PREFIX_PATH=/home/darren/Documents/cf_swarm/ros2_ws/install/crazyflie_interfaces:/home/darren/Documents/cf_swarm/ros2_ws/install/motion_capture_tracking:/home/darren/Documents/cf_swarm/ros2_ws/install/crazyflie:/home/darren/Documents/cf_swarm/ros2_ws/install/motion_capture_tracking_interfaces:/home/darren/Documents/cf_swarm/ros2_ws/install/crazyflie_sim:/home/darren/Documents/cf_swarm/ros2_ws/install/crazyflie_examples:/home/darren/cf_swarm/ros2_ws/install/topic_tools:/home/darren/cf_swarm/ros2_ws/install/topic_tools_interfaces:/home/darren/cf_swarm/ros2_ws/install/motion_capture_tracking:/home/darren/cf_swarm/ros2_ws/install/crazyflie:/home/darren/cf_swarm/ros2_ws/install/motion_capture_tracking_interfaces:/home/darren/cf_swarm/ros2_ws/install/crazyflie_sim:/home/darren/cf_swarm/ros2_ws/install/crazyflie_examples:/home/darren/cf_swarm/ros2_ws/install/crazyflie_interfaces:/home/darren/Documents/cf_swarm/ros2_ws/install/localization_test:/home/darren/Documents/cf_swarm/ros2_ws/install/crazyflie_py:/home/darren/cf_swarm/ros2_ws/install/localization_test:/home/darren/cf_swarm/ros2_ws/install/crazyflie_py:/opt/ros/iron LD_LIBRARY_PATH=/home/darren/Documents/cf_swarm/ros2_ws/install/crazyflie_interfaces/lib:/home/darren/Documents/cf_swarm/ros2_ws/install/motion_capture_tracking_interfaces/lib:/home/darren/cf_swarm/ros2_ws/install/topic_tools/lib:/home/darren/cf_swarm/ros2_ws/install/topic_tools_interfaces/lib:/home/darren/cf_swarm/ros2_ws/install/motion_capture_tracking_interfaces/lib:/home/darren/cf_swarm/ros2_ws/install/crazyflie_interfaces/lib:/opt/ros/iron/opt/rviz_ogre_vendor/lib:/opt/ros/iron/lib/x86_64-linux-gnu:/opt/ros/iron/lib PYTHONPATH=/home/darren/Documents/cf_swarm/ros2_ws/install/crazyflie_interfaces/lib/python3.10/site-packages:/home/darren/Documents/cf_swarm/ros2_ws/install/motion_capture_tracking_interfaces/lib/python3.10/site-packages:/home/darren/Documents/cf_swarm/ros2_ws/build/localization_test:/home/darren/Documents/cf_swarm/ros2_ws/install/localization_test/lib/python3.10/site-packages:/home/darren/Documents/cf_swarm/ros2_ws/install/crazyflie_sim/lib/python3.10/site-packages:/home/darren/Documents/cf_swarm/ros2_ws/install/crazyflie_examples/lib/python3.10/site-packages:/home/darren/Documents/cf_swarm/ros2_ws/build/crazyflie_py:/home/darren/Documents/cf_swarm/ros2_ws/install/crazyflie_py/lib/python3.10/site-packages:/home/darren/cf_swarm/ros2_ws/install/topic_tools/lib/python3.10/site-packages:/home/darren/cf_swarm/ros2_ws/install/topic_tools_interfaces/lib/python3.10/site-packages:/home/darren/cf_swarm/ros2_ws/install/motion_capture_tracking_interfaces/lib/python3.10/site-packages:/home/darren/cf_swarm/ros2_ws/build/localization_test:/home/darren/cf_swarm/ros2_ws/install/localization_test/lib/python3.10/site-packages:/home/darren/cf_swarm/ros2_ws/install/crazyflie_sim/lib/python3.10/site-packages:/home/darren/cf_swarm/ros2_ws/install/crazyflie_examples/lib/python3.10/site-packages:/home/darren/cf_swarm/ros2_ws/build/crazyflie_py:/home/darren/cf_swarm/ros2_ws/install/crazyflie_py/lib/python3.10/site-packages:/home/darren/cf_swarm/ros2_ws/install/crazyflie_interfaces/lib/python3.10/site-packages:/opt/ros/iron/lib/python3.10/site-packages /usr/bin/cmake --install /home/darren/Documents/cf_swarm/ros2_ws/build/crazyflie_sim
[0.991s] -- Install configuration: ""
[0.992s] -- Execute custom install script
[0.992s] -- Up-to-date symlink: /home/darren/Documents/cf_swarm/ros2_ws/install/crazyflie_sim/share/crazyflie_sim/environment/pythonpath.sh
[0.992s] -- Up-to-date symlink: /home/darren/Documents/cf_swarm/ros2_ws/install/crazyflie_sim/share/crazyflie_sim/environment/pythonpath.dsv
[0.992s] -- Up-to-date symlink: /home/darren/Documents/cf_swarm/ros2_ws/install/crazyflie_sim/lib/python3.10/site-packages/crazyflie_sim-2.0.0-py3.10.egg-info/PKG-INFO
[0.993s] -- Up-to-date symlink: /home/darren/Documents/cf_swarm/ros2_ws/install/crazyflie_sim/lib/python3.10/site-packages/crazyflie_sim-2.0.0-py3.10.egg-info/SOURCES.txt
[0.993s] -- Up-to-date symlink: /home/darren/Documents/cf_swarm/ros2_ws/install/crazyflie_sim/lib/python3.10/site-packages/crazyflie_sim-2.0.0-py3.10.egg-info/dependency_links.txt
[0.993s] -- Up-to-date symlink: /home/darren/Documents/cf_swarm/ros2_ws/install/crazyflie_sim/lib/python3.10/site-packages/crazyflie_sim-2.0.0-py3.10.egg-info/entry_points.txt
[0.993s] -- Up-to-date symlink: /home/darren/Documents/cf_swarm/ros2_ws/install/crazyflie_sim/lib/python3.10/site-packages/crazyflie_sim-2.0.0-py3.10.egg-info/top_level.txt
[0.993s] -- Up-to-date symlink: /home/darren/Documents/cf_swarm/ros2_ws/install/crazyflie_sim/lib/crazyflie_sim//crazyflie_server
[0.994s] -- Up-to-date symlink: /home/darren/Documents/cf_swarm/ros2_ws/install/crazyflie_sim/lib/python3.10/site-packages/crazyflie_sim/__init__.py
[0.994s] -- Up-to-date symlink: /home/darren/Documents/cf_swarm/ros2_ws/install/crazyflie_sim/lib/python3.10/site-packages/crazyflie_sim/backend/none.py
[0.995s] -- Up-to-date symlink: /home/darren/Documents/cf_swarm/ros2_ws/install/crazyflie_sim/lib/python3.10/site-packages/crazyflie_sim/backend/np.py
[0.995s] -- Up-to-date symlink: /home/darren/Documents/cf_swarm/ros2_ws/install/crazyflie_sim/lib/python3.10/site-packages/crazyflie_sim/crazyflie_server.py
[0.995s] -- Up-to-date symlink: /home/darren/Documents/cf_swarm/ros2_ws/install/crazyflie_sim/lib/python3.10/site-packages/crazyflie_sim/crazyflie_sil.py
[0.995s] -- Up-to-date symlink: /home/darren/Documents/cf_swarm/ros2_ws/install/crazyflie_sim/lib/python3.10/site-packages/crazyflie_sim/sim_data_types.py
[0.995s] -- Up-to-date symlink: /home/darren/Documents/cf_swarm/ros2_ws/install/crazyflie_sim/lib/python3.10/site-packages/crazyflie_sim/visualization/README.md
[0.995s] -- Up-to-date symlink: /home/darren/Documents/cf_swarm/ros2_ws/install/crazyflie_sim/lib/python3.10/site-packages/crazyflie_sim/visualization/blender.py
[0.995s] -- Up-to-date symlink: /home/darren/Documents/cf_swarm/ros2_ws/install/crazyflie_sim/lib/python3.10/site-packages/crazyflie_sim/visualization/data/README.md
[0.996s] -- Up-to-date symlink: /home/darren/Documents/cf_swarm/ros2_ws/install/crazyflie_sim/lib/python3.10/site-packages/crazyflie_sim/visualization/data/env/abandoned_greenhouse.jpg
[0.996s] -- Up-to-date symlink: /home/darren/Documents/cf_swarm/ros2_ws/install/crazyflie_sim/lib/python3.10/site-packages/crazyflie_sim/visualization/data/env/aerodynamics_workshop.jpg
[0.996s] -- Up-to-date symlink: /home/darren/Documents/cf_swarm/ros2_ws/install/crazyflie_sim/lib/python3.10/site-packages/crazyflie_sim/visualization/data/env/aviation_museum.jpg
[0.996s] -- Up-to-date symlink: /home/darren/Documents/cf_swarm/ros2_ws/install/crazyflie_sim/lib/python3.10/site-packages/crazyflie_sim/visualization/data/env/crosswalk.jpg
[0.996s] -- Up-to-date symlink: /home/darren/Documents/cf_swarm/ros2_ws/install/crazyflie_sim/lib/python3.10/site-packages/crazyflie_sim/visualization/data/env/derelict_overpass.jpg
[0.996s] -- Up-to-date symlink: /home/darren/Documents/cf_swarm/ros2_ws/install/crazyflie_sim/lib/python3.10/site-packages/crazyflie_sim/visualization/data/env/env.jpg
[0.996s] -- Up-to-date symlink: /home/darren/Documents/cf_swarm/ros2_ws/install/crazyflie_sim/lib/python3.10/site-packages/crazyflie_sim/visualization/data/env/lago_disola.jpg
[0.997s] -- Up-to-date symlink: /home/darren/Documents/cf_swarm/ros2_ws/install/crazyflie_sim/lib/python3.10/site-packages/crazyflie_sim/visualization/data/env/lake_pier.jpg
[0.997s] -- Up-to-date symlink: /home/darren/Documents/cf_swarm/ros2_ws/install/crazyflie_sim/lib/python3.10/site-packages/crazyflie_sim/visualization/data/env/machine_shop.jpg
[0.997s] -- Up-to-date symlink: /home/darren/Documents/cf_swarm/ros2_ws/install/crazyflie_sim/lib/python3.10/site-packages/crazyflie_sim/visualization/data/env/museumplein.jpg
[0.997s] -- Up-to-date symlink: /home/darren/Documents/cf_swarm/ros2_ws/install/crazyflie_sim/lib/python3.10/site-packages/crazyflie_sim/visualization/data/env/peppermint_powerplant.jpg
[0.997s] -- Up-to-date symlink: /home/darren/Documents/cf_swarm/ros2_ws/install/crazyflie_sim/lib/python3.10/site-packages/crazyflie_sim/visualization/data/env/studio_garden.jpg
[0.997s] -- Up-to-date symlink: /home/darren/Documents/cf_swarm/ros2_ws/install/crazyflie_sim/lib/python3.10/site-packages/crazyflie_sim/visualization/data/model/cf.mtl
[0.998s] -- Up-to-date symlink: /home/darren/Documents/cf_swarm/ros2_ws/install/crazyflie_sim/lib/python3.10/site-packages/crazyflie_sim/visualization/data/model/cf.obj
[0.998s] -- Up-to-date symlink: /home/darren/Documents/cf_swarm/ros2_ws/install/crazyflie_sim/lib/python3.10/site-packages/crazyflie_sim/visualization/pdf.py
[0.998s] -- Up-to-date symlink: /home/darren/Documents/cf_swarm/ros2_ws/install/crazyflie_sim/lib/python3.10/site-packages/crazyflie_sim/visualization/record_states.py
[0.998s] -- Up-to-date symlink: /home/darren/Documents/cf_swarm/ros2_ws/install/crazyflie_sim/lib/python3.10/site-packages/crazyflie_sim/visualization/rviz.py
[0.998s] -- Up-to-date symlink: /home/darren/Documents/cf_swarm/ros2_ws/install/crazyflie_sim/share/ament_index/resource_index/package_run_dependencies/crazyflie_sim
[0.998s] -- Up-to-date symlink: /home/darren/Documents/cf_swarm/ros2_ws/install/crazyflie_sim/share/ament_index/resource_index/parent_prefix_path/crazyflie_sim
[0.998s] -- Up-to-date symlink: /home/darren/Documents/cf_swarm/ros2_ws/install/crazyflie_sim/share/crazyflie_sim/environment/ament_prefix_path.sh
[0.999s] -- Up-to-date symlink: /home/darren/Documents/cf_swarm/ros2_ws/install/crazyflie_sim/share/crazyflie_sim/environment/ament_prefix_path.dsv
[0.999s] -- Up-to-date symlink: /home/darren/Documents/cf_swarm/ros2_ws/install/crazyflie_sim/share/crazyflie_sim/environment/path.sh
[0.999s] -- Up-to-date symlink: /home/darren/Documents/cf_swarm/ros2_ws/install/crazyflie_sim/share/crazyflie_sim/environment/path.dsv
[0.999s] -- Up-to-date symlink: /home/darren/Documents/cf_swarm/ros2_ws/install/crazyflie_sim/share/crazyflie_sim/local_setup.bash
[0.999s] -- Up-to-date symlink: /home/darren/Documents/cf_swarm/ros2_ws/install/crazyflie_sim/share/crazyflie_sim/local_setup.sh
[0.999s] -- Up-to-date symlink: /home/darren/Documents/cf_swarm/ros2_ws/install/crazyflie_sim/share/crazyflie_sim/local_setup.zsh
[1.000s] -- Up-to-date symlink: /home/darren/Documents/cf_swarm/ros2_ws/install/crazyflie_sim/share/crazyflie_sim/local_setup.dsv
[1.000s] -- Symlinking: /home/darren/Documents/cf_swarm/ros2_ws/install/crazyflie_sim/share/crazyflie_sim/package.dsv
[1.011s] -- Up-to-date symlink: /home/darren/Documents/cf_swarm/ros2_ws/install/crazyflie_sim/share/ament_index/resource_index/packages/crazyflie_sim
[1.011s] -- Up-to-date symlink: /home/darren/Documents/cf_swarm/ros2_ws/install/crazyflie_sim/share/crazyflie_sim/cmake/crazyflie_simConfig.cmake
[1.011s] -- Up-to-date symlink: /home/darren/Documents/cf_swarm/ros2_ws/install/crazyflie_sim/share/crazyflie_sim/cmake/crazyflie_simConfig-version.cmake
[1.011s] -- Up-to-date symlink: /home/darren/Documents/cf_swarm/ros2_ws/install/crazyflie_sim/share/crazyflie_sim/package.xml
[1.051s] Listing '/home/darren/Documents/cf_swarm/ros2_ws/install/crazyflie_sim/lib/python3.10/site-packages/crazyflie_sim'...
[1.052s] Listing '/home/darren/Documents/cf_swarm/ros2_ws/install/crazyflie_sim/lib/python3.10/site-packages/crazyflie_sim/backend'...
[1.052s] Listing '/home/darren/Documents/cf_swarm/ros2_ws/install/crazyflie_sim/lib/python3.10/site-packages/crazyflie_sim/visualization'...
[1.052s] Listing '/home/darren/Documents/cf_swarm/ros2_ws/install/crazyflie_sim/lib/python3.10/site-packages/crazyflie_sim/visualization/data'...
[1.052s] Listing '/home/darren/Documents/cf_swarm/ros2_ws/install/crazyflie_sim/lib/python3.10/site-packages/crazyflie_sim/visualization/data/env'...
[1.053s] Listing '/home/darren/Documents/cf_swarm/ros2_ws/install/crazyflie_sim/lib/python3.10/site-packages/crazyflie_sim/visualization/data/model'...
[1.059s] Invoked command in '/home/darren/Documents/cf_swarm/ros2_ws/build/crazyflie_sim' returned '0': CMAKE_PREFIX_PATH=/home/darren/Documents/cf_swarm/ros2_ws/install/crazyflie_interfaces:/home/darren/Documents/cf_swarm/ros2_ws/install/motion_capture_tracking:/home/darren/Documents/cf_swarm/ros2_ws/install/crazyflie:/home/darren/Documents/cf_swarm/ros2_ws/install/motion_capture_tracking_interfaces:/home/darren/Documents/cf_swarm/ros2_ws/install/crazyflie_sim:/home/darren/Documents/cf_swarm/ros2_ws/install/crazyflie_examples:/home/darren/cf_swarm/ros2_ws/install/topic_tools:/home/darren/cf_swarm/ros2_ws/install/topic_tools_interfaces:/home/darren/cf_swarm/ros2_ws/install/motion_capture_tracking:/home/darren/cf_swarm/ros2_ws/install/crazyflie:/home/darren/cf_swarm/ros2_ws/install/motion_capture_tracking_interfaces:/home/darren/cf_swarm/ros2_ws/install/crazyflie_sim:/home/darren/cf_swarm/ros2_ws/install/crazyflie_examples:/home/darren/cf_swarm/ros2_ws/install/crazyflie_interfaces:/home/darren/Documents/cf_swarm/ros2_ws/install/localization_test:/home/darren/Documents/cf_swarm/ros2_ws/install/crazyflie_py:/home/darren/cf_swarm/ros2_ws/install/localization_test:/home/darren/cf_swarm/ros2_ws/install/crazyflie_py:/opt/ros/iron LD_LIBRARY_PATH=/home/darren/Documents/cf_swarm/ros2_ws/install/crazyflie_interfaces/lib:/home/darren/Documents/cf_swarm/ros2_ws/install/motion_capture_tracking_interfaces/lib:/home/darren/cf_swarm/ros2_ws/install/topic_tools/lib:/home/darren/cf_swarm/ros2_ws/install/topic_tools_interfaces/lib:/home/darren/cf_swarm/ros2_ws/install/motion_capture_tracking_interfaces/lib:/home/darren/cf_swarm/ros2_ws/install/crazyflie_interfaces/lib:/opt/ros/iron/opt/rviz_ogre_vendor/lib:/opt/ros/iron/lib/x86_64-linux-gnu:/opt/ros/iron/lib PYTHONPATH=/home/darren/Documents/cf_swarm/ros2_ws/install/crazyflie_interfaces/lib/python3.10/site-packages:/home/darren/Documents/cf_swarm/ros2_ws/install/motion_capture_tracking_interfaces/lib/python3.10/site-packages:/home/darren/Documents/cf_swarm/ros2_ws/build/localization_test:/home/darren/Documents/cf_swarm/ros2_ws/install/localization_test/lib/python3.10/site-packages:/home/darren/Documents/cf_swarm/ros2_ws/install/crazyflie_sim/lib/python3.10/site-packages:/home/darren/Documents/cf_swarm/ros2_ws/install/crazyflie_examples/lib/python3.10/site-packages:/home/darren/Documents/cf_swarm/ros2_ws/build/crazyflie_py:/home/darren/Documents/cf_swarm/ros2_ws/install/crazyflie_py/lib/python3.10/site-packages:/home/darren/cf_swarm/ros2_ws/install/topic_tools/lib/python3.10/site-packages:/home/darren/cf_swarm/ros2_ws/install/topic_tools_interfaces/lib/python3.10/site-packages:/home/darren/cf_swarm/ros2_ws/install/motion_capture_tracking_interfaces/lib/python3.10/site-packages:/home/darren/cf_swarm/ros2_ws/build/localization_test:/home/darren/cf_swarm/ros2_ws/install/localization_test/lib/python3.10/site-packages:/home/darren/cf_swarm/ros2_ws/install/crazyflie_sim/lib/python3.10/site-packages:/home/darren/cf_swarm/ros2_ws/install/crazyflie_examples/lib/python3.10/site-packages:/home/darren/cf_swarm/ros2_ws/build/crazyflie_py:/home/darren/cf_swarm/ros2_ws/install/crazyflie_py/lib/python3.10/site-packages:/home/darren/cf_swarm/ros2_ws/install/crazyflie_interfaces/lib/python3.10/site-packages:/opt/ros/iron/lib/python3.10/site-packages /usr/bin/cmake --install /home/darren/Documents/cf_swarm/ros2_ws/build/crazyflie_sim
