[0.040s] Invoking command in '/home/darren/Documents/cf_swarm/ros2_ws/build/crazyflie_examples': AMENT_PREFIX_PATH=/home/darren/Documents/cf_swarm/ros2_ws/install/crazyflie_py:/home/darren/Documents/cf_swarm/ros2_ws/install/crazyflie_interfaces:${AMENT_PREFIX_PATH} CMAKE_PREFIX_PATH=/home/darren/Documents/cf_swarm/ros2_ws/install/crazyflie_interfaces:/opt/ros/iron LD_LIBRARY_PATH=/home/darren/Documents/cf_swarm/ros2_ws/install/crazyflie_interfaces/lib:${LD_LIBRARY_PATH} PYTHONPATH=/home/darren/Documents/cf_swarm/ros2_ws/build/crazyflie_py:/home/darren/Documents/cf_swarm/ros2_ws/install/crazyflie_py/lib/python3.10/site-packages:/home/darren/Documents/cf_swarm/ros2_ws/install/crazyflie_interfaces/lib/python3.10/site-packages:${PYTHONPATH} /usr/bin/cmake /home/darren/Documents/cf_swarm/ros2_ws/src/crazyswarm2/crazyflie_examples -DAMENT_CMAKE_SYMLINK_INSTALL=1 -DCMAKE_INSTALL_PREFIX=/home/darren/Documents/cf_swarm/ros2_ws/install/crazyflie_examples
[0.089s] -- The C compiler identification is GNU 11.4.0
[0.139s] -- The CXX compiler identification is GNU 11.4.0
[0.146s] -- Detecting C compiler ABI info
[0.213s] -- Detecting C compiler ABI info - done
[0.219s] -- Check for working C compiler: /usr/bin/cc - skipped
[0.219s] -- Detecting C compile features
[0.219s] -- Detecting C compile features - done
[0.222s] -- Detecting CXX compiler ABI info
[0.304s] -- Detecting CXX compiler ABI info - done
[0.311s] -- Check for working CXX compiler: /usr/bin/c++ - skipped
[0.311s] -- Detecting CXX compile features
[0.312s] -- Detecting CXX compile features - done
[0.314s] -- Found ament_cmake: 2.0.3 (/opt/ros/iron/share/ament_cmake/cmake)
[0.460s] -- Found Python3: /usr/bin/python3.10 (found version "3.10.12") found components: Interpreter 
[0.511s] -- Override CMake install command with custom implementation using symlinks instead of copying resources
[0.612s] -- Found ament_cmake_pytest: 2.0.3 (/opt/ros/iron/share/ament_cmake_pytest/cmake)
[1.205s] -- Configuring done
[1.210s] -- Generating done
[1.211s] -- Build files have been written to: /home/darren/Documents/cf_swarm/ros2_ws/build/crazyflie_examples
[1.216s] Invoked command in '/home/darren/Documents/cf_swarm/ros2_ws/build/crazyflie_examples' returned '0': AMENT_PREFIX_PATH=/home/darren/Documents/cf_swarm/ros2_ws/install/crazyflie_py:/home/darren/Documents/cf_swarm/ros2_ws/install/crazyflie_interfaces:${AMENT_PREFIX_PATH} CMAKE_PREFIX_PATH=/home/darren/Documents/cf_swarm/ros2_ws/install/crazyflie_interfaces:/opt/ros/iron LD_LIBRARY_PATH=/home/darren/Documents/cf_swarm/ros2_ws/install/crazyflie_interfaces/lib:${LD_LIBRARY_PATH} PYTHONPATH=/home/darren/Documents/cf_swarm/ros2_ws/build/crazyflie_py:/home/darren/Documents/cf_swarm/ros2_ws/install/crazyflie_py/lib/python3.10/site-packages:/home/darren/Documents/cf_swarm/ros2_ws/install/crazyflie_interfaces/lib/python3.10/site-packages:${PYTHONPATH} /usr/bin/cmake /home/darren/Documents/cf_swarm/ros2_ws/src/crazyswarm2/crazyflie_examples -DAMENT_CMAKE_SYMLINK_INSTALL=1 -DCMAKE_INSTALL_PREFIX=/home/darren/Documents/cf_swarm/ros2_ws/install/crazyflie_examples
[1.218s] Invoking command in '/home/darren/Documents/cf_swarm/ros2_ws/build/crazyflie_examples': AMENT_PREFIX_PATH=/home/darren/Documents/cf_swarm/ros2_ws/install/crazyflie_py:/home/darren/Documents/cf_swarm/ros2_ws/install/crazyflie_interfaces:${AMENT_PREFIX_PATH} CMAKE_PREFIX_PATH=/home/darren/Documents/cf_swarm/ros2_ws/install/crazyflie_interfaces:/opt/ros/iron LD_LIBRARY_PATH=/home/darren/Documents/cf_swarm/ros2_ws/install/crazyflie_interfaces/lib:${LD_LIBRARY_PATH} PYTHONPATH=/home/darren/Documents/cf_swarm/ros2_ws/build/crazyflie_py:/home/darren/Documents/cf_swarm/ros2_ws/install/crazyflie_py/lib/python3.10/site-packages:/home/darren/Documents/cf_swarm/ros2_ws/install/crazyflie_interfaces/lib/python3.10/site-packages:${PYTHONPATH} /usr/bin/cmake --build /home/darren/Documents/cf_swarm/ros2_ws/build/crazyflie_examples -- -j16 -l16
[1.273s] Built target ament_cmake_python_symlink_crazyflie_examples_setup
[1.273s] Built target ament_cmake_python_symlink_crazyflie_examples
[1.458s] running install_scripts
[1.460s] /usr/lib/python3/dist-packages/setuptools/command/install.py:34: SetuptoolsDeprecationWarning: setup.py install is deprecated. Use build and pip and other standards-based tools.
[1.460s]   warnings.warn(
[1.460s] running egg_info
[1.460s] creating crazyflie_examples.egg-info
[1.461s] writing crazyflie_examples.egg-info/PKG-INFO
[1.461s] writing dependency_links to crazyflie_examples.egg-info/dependency_links.txt
[1.461s] writing entry points to crazyflie_examples.egg-info/entry_points.txt
[1.461s] writing top-level names to crazyflie_examples.egg-info/top_level.txt
[1.461s] writing manifest file 'crazyflie_examples.egg-info/SOURCES.txt'
[1.462s] reading manifest file 'crazyflie_examples.egg-info/SOURCES.txt'
[1.463s] writing manifest file 'crazyflie_examples.egg-info/SOURCES.txt'
[1.476s] running egg_info
[1.477s] writing crazyflie_examples.egg-info/PKG-INFO
[1.477s] writing dependency_links to crazyflie_examples.egg-info/dependency_links.txt
[1.477s] writing entry points to crazyflie_examples.egg-info/entry_points.txt
[1.477s] writing top-level names to crazyflie_examples.egg-info/top_level.txt
[1.478s] reading manifest file 'crazyflie_examples.egg-info/SOURCES.txt'
[1.479s] writing manifest file 'crazyflie_examples.egg-info/SOURCES.txt'
[1.480s] Installing cmd_full_state script to scripts
[1.480s] Installing figure8 script to scripts
[1.480s] Installing hello_world script to scripts
[1.480s] Installing multi_trajectory script to scripts
[1.480s] Installing nice_hover script to scripts
[1.480s] Installing set_param script to scripts
[1.487s] Built target ament_cmake_python_build_crazyflie_examples_egg
[1.509s] Built target ament_cmake_python_build_crazyflie_examples_scripts
[1.521s] Invoked command in '/home/darren/Documents/cf_swarm/ros2_ws/build/crazyflie_examples' returned '0': AMENT_PREFIX_PATH=/home/darren/Documents/cf_swarm/ros2_ws/install/crazyflie_py:/home/darren/Documents/cf_swarm/ros2_ws/install/crazyflie_interfaces:${AMENT_PREFIX_PATH} CMAKE_PREFIX_PATH=/home/darren/Documents/cf_swarm/ros2_ws/install/crazyflie_interfaces:/opt/ros/iron LD_LIBRARY_PATH=/home/darren/Documents/cf_swarm/ros2_ws/install/crazyflie_interfaces/lib:${LD_LIBRARY_PATH} PYTHONPATH=/home/darren/Documents/cf_swarm/ros2_ws/build/crazyflie_py:/home/darren/Documents/cf_swarm/ros2_ws/install/crazyflie_py/lib/python3.10/site-packages:/home/darren/Documents/cf_swarm/ros2_ws/install/crazyflie_interfaces/lib/python3.10/site-packages:${PYTHONPATH} /usr/bin/cmake --build /home/darren/Documents/cf_swarm/ros2_ws/build/crazyflie_examples -- -j16 -l16
[1.551s] Invoking command in '/home/darren/Documents/cf_swarm/ros2_ws/build/crazyflie_examples': AMENT_PREFIX_PATH=/home/darren/Documents/cf_swarm/ros2_ws/install/crazyflie_py:/home/darren/Documents/cf_swarm/ros2_ws/install/crazyflie_interfaces:${AMENT_PREFIX_PATH} CMAKE_PREFIX_PATH=/home/darren/Documents/cf_swarm/ros2_ws/install/crazyflie_interfaces:/opt/ros/iron LD_LIBRARY_PATH=/home/darren/Documents/cf_swarm/ros2_ws/install/crazyflie_interfaces/lib:${LD_LIBRARY_PATH} PYTHONPATH=/home/darren/Documents/cf_swarm/ros2_ws/build/crazyflie_py:/home/darren/Documents/cf_swarm/ros2_ws/install/crazyflie_py/lib/python3.10/site-packages:/home/darren/Documents/cf_swarm/ros2_ws/install/crazyflie_interfaces/lib/python3.10/site-packages:${PYTHONPATH} /usr/bin/cmake --install /home/darren/Documents/cf_swarm/ros2_ws/build/crazyflie_examples
[1.561s] -- Install configuration: ""
[1.561s] -- Execute custom install script
[1.562s] -- Symlinking: /home/darren/Documents/cf_swarm/ros2_ws/install/crazyflie_examples/share/crazyflie_examples/environment/pythonpath.sh
[1.575s] -- Symlinking: /home/darren/Documents/cf_swarm/ros2_ws/install/crazyflie_examples/share/crazyflie_examples/environment/pythonpath.dsv
[1.588s] -- Symlinking: /home/darren/Documents/cf_swarm/ros2_ws/install/crazyflie_examples/lib/python3.10/site-packages/crazyflie_examples-2.0.0-py3.10.egg-info/PKG-INFO
[1.602s] -- Symlinking: /home/darren/Documents/cf_swarm/ros2_ws/install/crazyflie_examples/lib/python3.10/site-packages/crazyflie_examples-2.0.0-py3.10.egg-info/SOURCES.txt
[1.612s] -- Symlinking: /home/darren/Documents/cf_swarm/ros2_ws/install/crazyflie_examples/lib/python3.10/site-packages/crazyflie_examples-2.0.0-py3.10.egg-info/dependency_links.txt
[1.623s] -- Symlinking: /home/darren/Documents/cf_swarm/ros2_ws/install/crazyflie_examples/lib/python3.10/site-packages/crazyflie_examples-2.0.0-py3.10.egg-info/entry_points.txt
[1.633s] -- Symlinking: /home/darren/Documents/cf_swarm/ros2_ws/install/crazyflie_examples/lib/python3.10/site-packages/crazyflie_examples-2.0.0-py3.10.egg-info/top_level.txt
[1.643s] -- Symlinking: /home/darren/Documents/cf_swarm/ros2_ws/install/crazyflie_examples/lib/crazyflie_examples//cmd_full_state
[1.657s] -- Symlinking: /home/darren/Documents/cf_swarm/ros2_ws/install/crazyflie_examples/lib/crazyflie_examples//figure8
[1.670s] -- Symlinking: /home/darren/Documents/cf_swarm/ros2_ws/install/crazyflie_examples/lib/crazyflie_examples//hello_world
[1.684s] -- Symlinking: /home/darren/Documents/cf_swarm/ros2_ws/install/crazyflie_examples/lib/crazyflie_examples//multi_trajectory
[1.698s] -- Symlinking: /home/darren/Documents/cf_swarm/ros2_ws/install/crazyflie_examples/lib/crazyflie_examples//nice_hover
[1.712s] -- Symlinking: /home/darren/Documents/cf_swarm/ros2_ws/install/crazyflie_examples/lib/crazyflie_examples//set_param
[1.727s] -- Symlinking: /home/darren/Documents/cf_swarm/ros2_ws/install/crazyflie_examples/lib/python3.10/site-packages/crazyflie_examples/__init__.py
[1.737s] -- Symlinking: /home/darren/Documents/cf_swarm/ros2_ws/install/crazyflie_examples/lib/python3.10/site-packages/crazyflie_examples/cmd_full_state.py
[1.748s] -- Symlinking: /home/darren/Documents/cf_swarm/ros2_ws/install/crazyflie_examples/lib/python3.10/site-packages/crazyflie_examples/data/figure8.csv
[1.761s] -- Symlinking: /home/darren/Documents/cf_swarm/ros2_ws/install/crazyflie_examples/lib/python3.10/site-packages/crazyflie_examples/data/multi_trajectory/traj0.csv
[1.771s] -- Symlinking: /home/darren/Documents/cf_swarm/ros2_ws/install/crazyflie_examples/lib/python3.10/site-packages/crazyflie_examples/data/multi_trajectory/traj1.csv
[1.781s] -- Symlinking: /home/darren/Documents/cf_swarm/ros2_ws/install/crazyflie_examples/lib/python3.10/site-packages/crazyflie_examples/figure8.py
[1.792s] -- Symlinking: /home/darren/Documents/cf_swarm/ros2_ws/install/crazyflie_examples/lib/python3.10/site-packages/crazyflie_examples/hello_world.py
[1.802s] -- Symlinking: /home/darren/Documents/cf_swarm/ros2_ws/install/crazyflie_examples/lib/python3.10/site-packages/crazyflie_examples/multi_trajectory.py
[1.813s] -- Symlinking: /home/darren/Documents/cf_swarm/ros2_ws/install/crazyflie_examples/lib/python3.10/site-packages/crazyflie_examples/nice_hover.py
[1.823s] -- Symlinking: /home/darren/Documents/cf_swarm/ros2_ws/install/crazyflie_examples/lib/python3.10/site-packages/crazyflie_examples/set_param.py
[1.833s] -- Symlinking: /home/darren/Documents/cf_swarm/ros2_ws/install/crazyflie_examples/share/crazyflie_examples//config/nav2_params.yaml
[1.843s] -- Symlinking: /home/darren/Documents/cf_swarm/ros2_ws/install/crazyflie_examples/share/crazyflie_examples//config/nav2_view.rviz
[1.853s] -- Symlinking: /home/darren/Documents/cf_swarm/ros2_ws/install/crazyflie_examples/share/crazyflie_examples//data/map.data
[1.863s] -- Symlinking: /home/darren/Documents/cf_swarm/ros2_ws/install/crazyflie_examples/share/crazyflie_examples//data/map.pgm
[1.872s] -- Symlinking: /home/darren/Documents/cf_swarm/ros2_ws/install/crazyflie_examples/share/crazyflie_examples//data/map.posegraph
[1.882s] -- Symlinking: /home/darren/Documents/cf_swarm/ros2_ws/install/crazyflie_examples/share/crazyflie_examples//data/map.yaml
[1.893s] -- Symlinking: /home/darren/Documents/cf_swarm/ros2_ws/install/crazyflie_examples/share/crazyflie_examples//launch/keyboard_velmux_launch.py
[1.904s] -- Symlinking: /home/darren/Documents/cf_swarm/ros2_ws/install/crazyflie_examples/share/crazyflie_examples//launch/multiranger_mapping_launch.py
[1.916s] -- Symlinking: /home/darren/Documents/cf_swarm/ros2_ws/install/crazyflie_examples/share/crazyflie_examples//launch/multiranger_nav2_launch.py
[1.927s] -- Symlinking: /home/darren/Documents/cf_swarm/ros2_ws/install/crazyflie_examples/share/ament_index/resource_index/package_run_dependencies/crazyflie_examples
[1.938s] -- Symlinking: /home/darren/Documents/cf_swarm/ros2_ws/install/crazyflie_examples/share/ament_index/resource_index/parent_prefix_path/crazyflie_examples
[1.948s] -- Symlinking: /home/darren/Documents/cf_swarm/ros2_ws/install/crazyflie_examples/share/crazyflie_examples/environment/ament_prefix_path.sh
[1.959s] -- Symlinking: /home/darren/Documents/cf_swarm/ros2_ws/install/crazyflie_examples/share/crazyflie_examples/environment/ament_prefix_path.dsv
[1.969s] -- Symlinking: /home/darren/Documents/cf_swarm/ros2_ws/install/crazyflie_examples/share/crazyflie_examples/environment/path.sh
[1.979s] -- Symlinking: /home/darren/Documents/cf_swarm/ros2_ws/install/crazyflie_examples/share/crazyflie_examples/environment/path.dsv
[1.989s] -- Symlinking: /home/darren/Documents/cf_swarm/ros2_ws/install/crazyflie_examples/share/crazyflie_examples/local_setup.bash
[2.000s] -- Symlinking: /home/darren/Documents/cf_swarm/ros2_ws/install/crazyflie_examples/share/crazyflie_examples/local_setup.sh
[2.013s] -- Symlinking: /home/darren/Documents/cf_swarm/ros2_ws/install/crazyflie_examples/share/crazyflie_examples/local_setup.zsh
[2.023s] -- Symlinking: /home/darren/Documents/cf_swarm/ros2_ws/install/crazyflie_examples/share/crazyflie_examples/local_setup.dsv
[2.033s] -- Symlinking: /home/darren/Documents/cf_swarm/ros2_ws/install/crazyflie_examples/share/crazyflie_examples/package.dsv
[2.043s] -- Symlinking: /home/darren/Documents/cf_swarm/ros2_ws/install/crazyflie_examples/share/ament_index/resource_index/packages/crazyflie_examples
[2.052s] -- Symlinking: /home/darren/Documents/cf_swarm/ros2_ws/install/crazyflie_examples/share/crazyflie_examples/cmake/crazyflie_examplesConfig.cmake
[2.061s] -- Symlinking: /home/darren/Documents/cf_swarm/ros2_ws/install/crazyflie_examples/share/crazyflie_examples/cmake/crazyflie_examplesConfig-version.cmake
[2.070s] -- Symlinking: /home/darren/Documents/cf_swarm/ros2_ws/install/crazyflie_examples/share/crazyflie_examples/package.xml
[2.108s] Listing '/home/darren/Documents/cf_swarm/ros2_ws/install/crazyflie_examples/lib/python3.10/site-packages/crazyflie_examples'...
[2.109s] Compiling '/home/darren/Documents/cf_swarm/ros2_ws/install/crazyflie_examples/lib/python3.10/site-packages/crazyflie_examples/__init__.py'...
[2.109s] Compiling '/home/darren/Documents/cf_swarm/ros2_ws/install/crazyflie_examples/lib/python3.10/site-packages/crazyflie_examples/cmd_full_state.py'...
[2.109s] Listing '/home/darren/Documents/cf_swarm/ros2_ws/install/crazyflie_examples/lib/python3.10/site-packages/crazyflie_examples/data'...
[2.109s] Listing '/home/darren/Documents/cf_swarm/ros2_ws/install/crazyflie_examples/lib/python3.10/site-packages/crazyflie_examples/data/multi_trajectory'...
[2.109s] Compiling '/home/darren/Documents/cf_swarm/ros2_ws/install/crazyflie_examples/lib/python3.10/site-packages/crazyflie_examples/figure8.py'...
[2.109s] Compiling '/home/darren/Documents/cf_swarm/ros2_ws/install/crazyflie_examples/lib/python3.10/site-packages/crazyflie_examples/hello_world.py'...
[2.109s] Compiling '/home/darren/Documents/cf_swarm/ros2_ws/install/crazyflie_examples/lib/python3.10/site-packages/crazyflie_examples/multi_trajectory.py'...
[2.109s] Compiling '/home/darren/Documents/cf_swarm/ros2_ws/install/crazyflie_examples/lib/python3.10/site-packages/crazyflie_examples/nice_hover.py'...
[2.109s] Compiling '/home/darren/Documents/cf_swarm/ros2_ws/install/crazyflie_examples/lib/python3.10/site-packages/crazyflie_examples/set_param.py'...
[2.117s] Invoked command in '/home/darren/Documents/cf_swarm/ros2_ws/build/crazyflie_examples' returned '0': AMENT_PREFIX_PATH=/home/darren/Documents/cf_swarm/ros2_ws/install/crazyflie_py:/home/darren/Documents/cf_swarm/ros2_ws/install/crazyflie_interfaces:${AMENT_PREFIX_PATH} CMAKE_PREFIX_PATH=/home/darren/Documents/cf_swarm/ros2_ws/install/crazyflie_interfaces:/opt/ros/iron LD_LIBRARY_PATH=/home/darren/Documents/cf_swarm/ros2_ws/install/crazyflie_interfaces/lib:${LD_LIBRARY_PATH} PYTHONPATH=/home/darren/Documents/cf_swarm/ros2_ws/build/crazyflie_py:/home/darren/Documents/cf_swarm/ros2_ws/install/crazyflie_py/lib/python3.10/site-packages:/home/darren/Documents/cf_swarm/ros2_ws/install/crazyflie_interfaces/lib/python3.10/site-packages:${PYTHONPATH} /usr/bin/cmake --install /home/darren/Documents/cf_swarm/ros2_ws/build/crazyflie_examples
