[1.720s] Invoking command in '/home/darren/Documents/cf_swarm/ros2_ws/build/crazyflie_py': CMAKE_PREFIX_PATH=/home/darren/Documents/cf_swarm/ros2_ws/install/crazyflie_interfaces:/home/darren/Documents/cf_swarm/ros2_ws/install/motion_capture_tracking:/home/darren/Documents/cf_swarm/ros2_ws/install/crazyflie:/home/darren/Documents/cf_swarm/ros2_ws/install/motion_capture_tracking_interfaces:/home/darren/Documents/cf_swarm/ros2_ws/install/crazyflie_sim:/home/darren/Documents/cf_swarm/ros2_ws/install/crazyflie_examples LD_LIBRARY_PATH=/home/darren/Documents/cf_swarm/ros2_ws/install/crazyflie_interfaces/lib:/home/darren/Documents/cf_swarm/ros2_ws/install/motion_capture_tracking_interfaces/lib:/opt/ros/iron/opt/rviz_ogre_vendor/lib:/opt/ros/iron/lib/x86_64-linux-gnu:/opt/ros/iron/lib PYTHONPATH=/home/darren/Documents/cf_swarm/ros2_ws/build/crazyflie_py/prefix_override:/home/darren/Documents/cf_swarm/ros2_ws/install/crazyflie_py/lib/python3.10/site-packages:/home/darren/Documents/cf_swarm/ros2_ws/install/crazyflie_interfaces/lib/python3.10/site-packages:/home/darren/Documents/cf_swarm/ros2_ws/install/motion_capture_tracking_interfaces/lib/python3.10/site-packages:/home/darren/Documents/cf_swarm/ros2_ws/build/localization_test:/home/darren/Documents/cf_swarm/ros2_ws/install/localization_test/lib/python3.10/site-packages:/home/darren/Documents/cf_swarm/ros2_ws/install/crazyflie_sim/lib/python3.10/site-packages:/home/darren/Documents/cf_swarm/ros2_ws/install/crazyflie_examples/lib/python3.10/site-packages:/home/darren/Documents/cf_swarm/ros2_ws/build/crazyflie_py:/home/darren/Documents/cf_swarm/ros2_ws/install/crazyflie_py/lib/python3.10/site-packages:/opt/ros/iron/lib/python3.10/site-packages /usr/bin/python3 setup.py develop --editable --build-directory /home/darren/Documents/cf_swarm/ros2_ws/build/crazyflie_py/build --no-deps install_data
[2.208s] running develop
[2.209s] /usr/lib/python3/dist-packages/setuptools/command/easy_install.py:158: EasyInstallDeprecationWarning: easy_install command is deprecated. Use build and pip and other standards-based tools.
[2.209s]   warnings.warn(
[2.211s] /usr/lib/python3/dist-packages/setuptools/command/install.py:34: SetuptoolsDeprecationWarning: setup.py install is deprecated. Use build and pip and other standards-based tools.
[2.211s]   warnings.warn(
[2.456s] running egg_info
[2.456s] writing crazyflie_py.egg-info/PKG-INFO
[2.457s] writing dependency_links to crazyflie_py.egg-info/dependency_links.txt
[2.457s] writing entry points to crazyflie_py.egg-info/entry_points.txt
[2.457s] writing requirements to crazyflie_py.egg-info/requires.txt
[2.457s] writing top-level names to crazyflie_py.egg-info/top_level.txt
[2.463s] reading manifest file 'crazyflie_py.egg-info/SOURCES.txt'
[2.465s] writing manifest file 'crazyflie_py.egg-info/SOURCES.txt'
[2.468s] running build_ext
[2.468s] Creating /home/darren/Documents/cf_swarm/ros2_ws/install/crazyflie_py/lib/python3.10/site-packages/crazyflie-py.egg-link (link to .)
[2.475s] 
[2.476s] Installed /home/darren/Documents/cf_swarm/ros2_ws/build/crazyflie_py
[2.476s] running install_data
[2.611s] Invoked command in '/home/darren/Documents/cf_swarm/ros2_ws/build/crazyflie_py' returned '0': CMAKE_PREFIX_PATH=/home/darren/Documents/cf_swarm/ros2_ws/install/crazyflie_interfaces:/home/darren/Documents/cf_swarm/ros2_ws/install/motion_capture_tracking:/home/darren/Documents/cf_swarm/ros2_ws/install/crazyflie:/home/darren/Documents/cf_swarm/ros2_ws/install/motion_capture_tracking_interfaces:/home/darren/Documents/cf_swarm/ros2_ws/install/crazyflie_sim:/home/darren/Documents/cf_swarm/ros2_ws/install/crazyflie_examples LD_LIBRARY_PATH=/home/darren/Documents/cf_swarm/ros2_ws/install/crazyflie_interfaces/lib:/home/darren/Documents/cf_swarm/ros2_ws/install/motion_capture_tracking_interfaces/lib:/opt/ros/iron/opt/rviz_ogre_vendor/lib:/opt/ros/iron/lib/x86_64-linux-gnu:/opt/ros/iron/lib PYTHONPATH=/home/darren/Documents/cf_swarm/ros2_ws/build/crazyflie_py/prefix_override:/home/darren/Documents/cf_swarm/ros2_ws/install/crazyflie_py/lib/python3.10/site-packages:/home/darren/Documents/cf_swarm/ros2_ws/install/crazyflie_interfaces/lib/python3.10/site-packages:/home/darren/Documents/cf_swarm/ros2_ws/install/motion_capture_tracking_interfaces/lib/python3.10/site-packages:/home/darren/Documents/cf_swarm/ros2_ws/build/localization_test:/home/darren/Documents/cf_swarm/ros2_ws/install/localization_test/lib/python3.10/site-packages:/home/darren/Documents/cf_swarm/ros2_ws/install/crazyflie_sim/lib/python3.10/site-packages:/home/darren/Documents/cf_swarm/ros2_ws/install/crazyflie_examples/lib/python3.10/site-packages:/home/darren/Documents/cf_swarm/ros2_ws/build/crazyflie_py:/home/darren/Documents/cf_swarm/ros2_ws/install/crazyflie_py/lib/python3.10/site-packages:/opt/ros/iron/lib/python3.10/site-packages /usr/bin/python3 setup.py develop --editable --build-directory /home/darren/Documents/cf_swarm/ros2_ws/build/crazyflie_py/build --no-deps install_data
