[0.027s] Invoking command in '/home/darren/Documents/cf_swarm/ros2_ws/build/crazyflie_interfaces': /usr/bin/cmake /home/darren/Documents/cf_swarm/ros2_ws/src/crazyswarm2/crazyflie_interfaces -DAMENT_CMAKE_SYMLINK_INSTALL=1 -DCMAKE_INSTALL_PREFIX=/home/darren/Documents/cf_swarm/ros2_ws/install/crazyflie_interfaces
[0.073s] -- The C compiler identification is GNU 11.4.0
[0.120s] -- The CXX compiler identification is GNU 11.4.0
[0.126s] -- Detecting C compiler ABI info
[0.185s] -- Detecting C compiler ABI info - done
[0.191s] -- Check for working C compiler: /usr/bin/cc - skipped
[0.191s] -- Detecting C compile features
[0.191s] -- Detecting C compile features - done
[0.194s] -- Detecting CXX compiler ABI info
[0.264s] -- Detecting CXX compiler ABI info - done
[0.270s] -- Check for working CXX compiler: /usr/bin/c++ - skipped
[0.270s] -- Detecting CXX compile features
[0.271s] -- Detecting CXX compile features - done
[0.280s] [31mCMake Error at CMakeLists.txt:13 (find_package):
[0.280s]   By not providing "Findament_cmake.cmake" in CMAKE_MODULE_PATH this project
[0.280s]   has asked CMake to find a package configuration file provided by
[0.281s]   "ament_cmake", but CMake did not find one.
[0.281s] 
[0.281s]   Could not find a package configuration file provided by "ament_cmake" with
[0.281s]   any of the following names:
[0.281s] 
[0.281s]     ament_cmakeConfig.cmake
[0.281s]     ament_cmake-config.cmake
[0.281s] 
[0.281s]   Add the installation prefix of "ament_cmake" to CMAKE_PREFIX_PATH or set
[0.281s]   "ament_cmake_DIR" to a directory containing one of the above files.  If
[0.281s]   "ament_cmake" provides a separate development package or SDK, be sure it
[0.281s]   has been installed.
[0.281s] 
[0.281s] [0m
[0.281s] -- Configuring incomplete, errors occurred!
[0.281s] See also "/home/darren/Documents/cf_swarm/ros2_ws/build/crazyflie_interfaces/CMakeFiles/CMakeOutput.log".
[0.284s] Invoked command in '/home/darren/Documents/cf_swarm/ros2_ws/build/crazyflie_interfaces' returned '1': /usr/bin/cmake /home/darren/Documents/cf_swarm/ros2_ws/src/crazyswarm2/crazyflie_interfaces -DAMENT_CMAKE_SYMLINK_INSTALL=1 -DCMAKE_INSTALL_PREFIX=/home/darren/Documents/cf_swarm/ros2_ws/install/crazyflie_interfaces
