[0.325s] Invoking command in '/home/darren/Documents/cf_swarm/ros2_ws/src/build/crazyflie': CMAKE_PREFIX_PATH=/home/darren/Documents/cf_swarm/ros2_ws/src/install/motion_capture_tracking_interfaces:/home/darren/Documents/cf_swarm/ros2_ws/src/install/crazyflie_interfaces:/home/darren/Documents/cf_swarm/ros2_ws/src/install/motion_capture_tracking:/home/darren/Documents/cf_swarm/ros2_ws/src/install/crazyflie:/home/darren/Documents/cf_swarm/ros2_ws/src/install/crazyflie_sim:/home/darren/Documents/cf_swarm/ros2_ws/src/install/crazyflie_examples:/opt/ros/iron:/home/darren/Documents/cf_swarm/ros2_ws/src/install/crazyflie_py LD_LIBRARY_PATH=/home/darren/Documents/cf_swarm/ros2_ws/src/install/motion_capture_tracking_interfaces/lib:/home/darren/Documents/cf_swarm/ros2_ws/src/install/crazyflie_interfaces/lib:/opt/ros/iron/opt/rviz_ogre_vendor/lib:/opt/ros/iron/lib/x86_64-linux-gnu:/opt/ros/iron/lib PYTHONPATH=/home/darren/Documents/cf_swarm/ros2_ws/src/install/motion_capture_tracking_interfaces/lib/python3.10/site-packages:/home/darren/Documents/cf_swarm/ros2_ws/src/install/crazyflie_interfaces/lib/python3.10/site-packages:/opt/ros/iron/lib/python3.10/site-packages:/home/darren/Documents/cf_swarm/ros2_ws/src/install/crazyflie_sim/lib/python3.10/site-packages:/home/darren/Documents/cf_swarm/ros2_ws/src/install/crazyflie_examples/lib/python3.10/site-packages:/home/darren/Documents/cf_swarm/ros2_ws/src/build/crazyflie_py:/home/darren/Documents/cf_swarm/ros2_ws/src/install/crazyflie_py/lib/python3.10/site-packages /usr/bin/cmake --build /home/darren/Documents/cf_swarm/ros2_ws/src/build/crazyflie -- -j16 -l16
[0.380s] [ 25%] Built target crazyflieLinkCpp
[0.382s] [ 30%] Built target teleop
[0.401s] [ 38%] Built target crazyflie_cpp
[0.435s] [ 52%] Built target scan
[0.436s] [ 52%] Built target reboot
[0.436s] [ 58%] Built target listParams
[0.436s] [ 63%] Built target listMemories
[0.436s] [ 66%] Built target listLogVariables
[0.437s] [ 77%] Built target version
[0.437s] [ 77%] Built target crazyflie_server
[0.438s] [ 91%] Built target console
[0.438s] [ 86%] Built target setParam
[0.438s] [ 94%] Built target battery
[0.438s] [100%] Built target log
[0.452s] Invoked command in '/home/darren/Documents/cf_swarm/ros2_ws/src/build/crazyflie' returned '0': CMAKE_PREFIX_PATH=/home/darren/Documents/cf_swarm/ros2_ws/src/install/motion_capture_tracking_interfaces:/home/darren/Documents/cf_swarm/ros2_ws/src/install/crazyflie_interfaces:/home/darren/Documents/cf_swarm/ros2_ws/src/install/motion_capture_tracking:/home/darren/Documents/cf_swarm/ros2_ws/src/install/crazyflie:/home/darren/Documents/cf_swarm/ros2_ws/src/install/crazyflie_sim:/home/darren/Documents/cf_swarm/ros2_ws/src/install/crazyflie_examples:/opt/ros/iron:/home/darren/Documents/cf_swarm/ros2_ws/src/install/crazyflie_py LD_LIBRARY_PATH=/home/darren/Documents/cf_swarm/ros2_ws/src/install/motion_capture_tracking_interfaces/lib:/home/darren/Documents/cf_swarm/ros2_ws/src/install/crazyflie_interfaces/lib:/opt/ros/iron/opt/rviz_ogre_vendor/lib:/opt/ros/iron/lib/x86_64-linux-gnu:/opt/ros/iron/lib PYTHONPATH=/home/darren/Documents/cf_swarm/ros2_ws/src/install/motion_capture_tracking_interfaces/lib/python3.10/site-packages:/home/darren/Documents/cf_swarm/ros2_ws/src/install/crazyflie_interfaces/lib/python3.10/site-packages:/opt/ros/iron/lib/python3.10/site-packages:/home/darren/Documents/cf_swarm/ros2_ws/src/install/crazyflie_sim/lib/python3.10/site-packages:/home/darren/Documents/cf_swarm/ros2_ws/src/install/crazyflie_examples/lib/python3.10/site-packages:/home/darren/Documents/cf_swarm/ros2_ws/src/build/crazyflie_py:/home/darren/Documents/cf_swarm/ros2_ws/src/install/crazyflie_py/lib/python3.10/site-packages /usr/bin/cmake --build /home/darren/Documents/cf_swarm/ros2_ws/src/build/crazyflie -- -j16 -l16
[0.490s] Invoking command in '/home/darren/Documents/cf_swarm/ros2_ws/src/build/crazyflie': CMAKE_PREFIX_PATH=/home/darren/Documents/cf_swarm/ros2_ws/src/install/motion_capture_tracking_interfaces:/home/darren/Documents/cf_swarm/ros2_ws/src/install/crazyflie_interfaces:/home/darren/Documents/cf_swarm/ros2_ws/src/install/motion_capture_tracking:/home/darren/Documents/cf_swarm/ros2_ws/src/install/crazyflie:/home/darren/Documents/cf_swarm/ros2_ws/src/install/crazyflie_sim:/home/darren/Documents/cf_swarm/ros2_ws/src/install/crazyflie_examples:/opt/ros/iron:/home/darren/Documents/cf_swarm/ros2_ws/src/install/crazyflie_py LD_LIBRARY_PATH=/home/darren/Documents/cf_swarm/ros2_ws/src/install/motion_capture_tracking_interfaces/lib:/home/darren/Documents/cf_swarm/ros2_ws/src/install/crazyflie_interfaces/lib:/opt/ros/iron/opt/rviz_ogre_vendor/lib:/opt/ros/iron/lib/x86_64-linux-gnu:/opt/ros/iron/lib PYTHONPATH=/home/darren/Documents/cf_swarm/ros2_ws/src/install/motion_capture_tracking_interfaces/lib/python3.10/site-packages:/home/darren/Documents/cf_swarm/ros2_ws/src/install/crazyflie_interfaces/lib/python3.10/site-packages:/opt/ros/iron/lib/python3.10/site-packages:/home/darren/Documents/cf_swarm/ros2_ws/src/install/crazyflie_sim/lib/python3.10/site-packages:/home/darren/Documents/cf_swarm/ros2_ws/src/install/crazyflie_examples/lib/python3.10/site-packages:/home/darren/Documents/cf_swarm/ros2_ws/src/build/crazyflie_py:/home/darren/Documents/cf_swarm/ros2_ws/src/install/crazyflie_py/lib/python3.10/site-packages /usr/bin/cmake --install /home/darren/Documents/cf_swarm/ros2_ws/src/build/crazyflie
[0.497s] -- Install configuration: ""
[0.498s] -- Execute custom install script
[0.498s] -- Up-to-date symlink: /home/darren/Documents/cf_swarm/ros2_ws/src/install/crazyflie/lib/crazyflie/scan
[0.498s] -- Up-to-date symlink: /home/darren/Documents/cf_swarm/ros2_ws/src/install/crazyflie/lib/crazyflie/listParams
[0.499s] -- Up-to-date symlink: /home/darren/Documents/cf_swarm/ros2_ws/src/install/crazyflie/lib/crazyflie/listLogVariables
[0.499s] -- Up-to-date symlink: /home/darren/Documents/cf_swarm/ros2_ws/src/install/crazyflie/lib/crazyflie/listMemories
[0.499s] -- Up-to-date symlink: /home/darren/Documents/cf_swarm/ros2_ws/src/install/crazyflie/lib/crazyflie/reboot
[0.499s] -- Up-to-date symlink: /home/darren/Documents/cf_swarm/ros2_ws/src/install/crazyflie/lib/crazyflie/battery
[0.499s] -- Up-to-date symlink: /home/darren/Documents/cf_swarm/ros2_ws/src/install/crazyflie/lib/crazyflie/version
[0.499s] -- Up-to-date symlink: /home/darren/Documents/cf_swarm/ros2_ws/src/install/crazyflie/lib/crazyflie/console
[0.499s] -- Up-to-date symlink: /home/darren/Documents/cf_swarm/ros2_ws/src/install/crazyflie/lib/crazyflie/log
[0.500s] -- Up-to-date symlink: /home/darren/Documents/cf_swarm/ros2_ws/src/install/crazyflie/lib/crazyflie/setParam
[0.500s] -- Up-to-date symlink: /home/darren/Documents/cf_swarm/ros2_ws/src/install/crazyflie/lib/crazyflie/teleop
[0.500s] -- Up-to-date symlink: /home/darren/Documents/cf_swarm/ros2_ws/src/install/crazyflie/lib/crazyflie/crazyflie_server
[0.500s] -- Up-to-date symlink: /home/darren/Documents/cf_swarm/ros2_ws/src/install/crazyflie/lib/crazyflie/crazyflie_server.py
[0.500s] -- Up-to-date symlink: /home/darren/Documents/cf_swarm/ros2_ws/src/install/crazyflie/lib/crazyflie/chooser.py
[0.500s] -- Up-to-date symlink: /home/darren/Documents/cf_swarm/ros2_ws/src/install/crazyflie/lib/crazyflie/vel_mux.py
[0.500s] -- Up-to-date symlink: /home/darren/Documents/cf_swarm/ros2_ws/src/install/crazyflie/lib/crazyflie/cfmult.py
[0.501s] -- Up-to-date symlink: /home/darren/Documents/cf_swarm/ros2_ws/src/install/crazyflie/share/crazyflie//launch/launch.py
[0.501s] -- Up-to-date symlink: /home/darren/Documents/cf_swarm/ros2_ws/src/install/crazyflie/share/crazyflie//launch/launch_teleop2.py
[0.501s] -- Up-to-date symlink: /home/darren/Documents/cf_swarm/ros2_ws/src/install/crazyflie/share/crazyflie//launch/teleop_launch.py
[0.501s] -- Up-to-date symlink: /home/darren/Documents/cf_swarm/ros2_ws/src/install/crazyflie/share/crazyflie//config/config.rviz
[0.501s] -- Up-to-date symlink: /home/darren/Documents/cf_swarm/ros2_ws/src/install/crazyflie/share/crazyflie//config/crazyflies.yaml
[0.501s] -- Up-to-date symlink: /home/darren/Documents/cf_swarm/ros2_ws/src/install/crazyflie/share/crazyflie//config/motion_capture.yaml
[0.501s] -- Up-to-date symlink: /home/darren/Documents/cf_swarm/ros2_ws/src/install/crazyflie/share/crazyflie//config/server.yaml
[0.502s] -- Up-to-date symlink: /home/darren/Documents/cf_swarm/ros2_ws/src/install/crazyflie/share/crazyflie//config/teleop.yaml
[0.502s] -- Up-to-date symlink: /home/darren/Documents/cf_swarm/ros2_ws/src/install/crazyflie/share/ament_index/resource_index/package_run_dependencies/crazyflie
[0.502s] -- Up-to-date symlink: /home/darren/Documents/cf_swarm/ros2_ws/src/install/crazyflie/share/ament_index/resource_index/parent_prefix_path/crazyflie
[0.502s] -- Up-to-date symlink: /home/darren/Documents/cf_swarm/ros2_ws/src/install/crazyflie/share/crazyflie/environment/ament_prefix_path.sh
[0.502s] -- Up-to-date symlink: /home/darren/Documents/cf_swarm/ros2_ws/src/install/crazyflie/share/crazyflie/environment/ament_prefix_path.dsv
[0.502s] -- Up-to-date symlink: /home/darren/Documents/cf_swarm/ros2_ws/src/install/crazyflie/share/crazyflie/environment/path.sh
[0.503s] -- Up-to-date symlink: /home/darren/Documents/cf_swarm/ros2_ws/src/install/crazyflie/share/crazyflie/environment/path.dsv
[0.503s] -- Up-to-date symlink: /home/darren/Documents/cf_swarm/ros2_ws/src/install/crazyflie/share/crazyflie/local_setup.bash
[0.503s] -- Up-to-date symlink: /home/darren/Documents/cf_swarm/ros2_ws/src/install/crazyflie/share/crazyflie/local_setup.sh
[0.503s] -- Up-to-date symlink: /home/darren/Documents/cf_swarm/ros2_ws/src/install/crazyflie/share/crazyflie/local_setup.zsh
[0.503s] -- Up-to-date symlink: /home/darren/Documents/cf_swarm/ros2_ws/src/install/crazyflie/share/crazyflie/local_setup.dsv
[0.503s] -- Symlinking: /home/darren/Documents/cf_swarm/ros2_ws/src/install/crazyflie/share/crazyflie/package.dsv
[0.513s] -- Up-to-date symlink: /home/darren/Documents/cf_swarm/ros2_ws/src/install/crazyflie/share/ament_index/resource_index/packages/crazyflie
[0.513s] -- Up-to-date symlink: /home/darren/Documents/cf_swarm/ros2_ws/src/install/crazyflie/share/crazyflie/cmake/crazyflieConfig.cmake
[0.513s] -- Up-to-date symlink: /home/darren/Documents/cf_swarm/ros2_ws/src/install/crazyflie/share/crazyflie/cmake/crazyflieConfig-version.cmake
[0.513s] -- Up-to-date symlink: /home/darren/Documents/cf_swarm/ros2_ws/src/install/crazyflie/share/crazyflie/package.xml
[0.516s] Invoked command in '/home/darren/Documents/cf_swarm/ros2_ws/src/build/crazyflie' returned '0': CMAKE_PREFIX_PATH=/home/darren/Documents/cf_swarm/ros2_ws/src/install/motion_capture_tracking_interfaces:/home/darren/Documents/cf_swarm/ros2_ws/src/install/crazyflie_interfaces:/home/darren/Documents/cf_swarm/ros2_ws/src/install/motion_capture_tracking:/home/darren/Documents/cf_swarm/ros2_ws/src/install/crazyflie:/home/darren/Documents/cf_swarm/ros2_ws/src/install/crazyflie_sim:/home/darren/Documents/cf_swarm/ros2_ws/src/install/crazyflie_examples:/opt/ros/iron:/home/darren/Documents/cf_swarm/ros2_ws/src/install/crazyflie_py LD_LIBRARY_PATH=/home/darren/Documents/cf_swarm/ros2_ws/src/install/motion_capture_tracking_interfaces/lib:/home/darren/Documents/cf_swarm/ros2_ws/src/install/crazyflie_interfaces/lib:/opt/ros/iron/opt/rviz_ogre_vendor/lib:/opt/ros/iron/lib/x86_64-linux-gnu:/opt/ros/iron/lib PYTHONPATH=/home/darren/Documents/cf_swarm/ros2_ws/src/install/motion_capture_tracking_interfaces/lib/python3.10/site-packages:/home/darren/Documents/cf_swarm/ros2_ws/src/install/crazyflie_interfaces/lib/python3.10/site-packages:/opt/ros/iron/lib/python3.10/site-packages:/home/darren/Documents/cf_swarm/ros2_ws/src/install/crazyflie_sim/lib/python3.10/site-packages:/home/darren/Documents/cf_swarm/ros2_ws/src/install/crazyflie_examples/lib/python3.10/site-packages:/home/darren/Documents/cf_swarm/ros2_ws/src/build/crazyflie_py:/home/darren/Documents/cf_swarm/ros2_ws/src/install/crazyflie_py/lib/python3.10/site-packages /usr/bin/cmake --install /home/darren/Documents/cf_swarm/ros2_ws/src/build/crazyflie
