[0.044s] Invoking command in '/home/darren/Documents/cf_swarm/ros2_ws/src/build/crazyflie_examples': AMENT_PREFIX_PATH=/home/darren/Documents/cf_swarm/ros2_ws/src/install/crazyflie_py:/home/darren/Documents/cf_swarm/ros2_ws/src/install/crazyflie_interfaces:${AMENT_PREFIX_PATH} CMAKE_PREFIX_PATH=/home/darren/Documents/cf_swarm/ros2_ws/src/install/crazyflie_interfaces:/opt/ros/iron LD_LIBRARY_PATH=/home/darren/Documents/cf_swarm/ros2_ws/src/install/crazyflie_interfaces/lib:${LD_LIBRARY_PATH} PYTHONPATH=/home/darren/Documents/cf_swarm/ros2_ws/src/build/crazyflie_py:/home/darren/Documents/cf_swarm/ros2_ws/src/install/crazyflie_py/lib/python3.10/site-packages:/home/darren/Documents/cf_swarm/ros2_ws/src/install/crazyflie_interfaces/lib/python3.10/site-packages:${PYTHONPATH} /usr/bin/cmake /home/darren/Documents/cf_swarm/ros2_ws/src/crazyswarm2/crazyflie_examples -DAMENT_CMAKE_SYMLINK_INSTALL=1 -DCMAKE_INSTALL_PREFIX=/home/darren/Documents/cf_swarm/ros2_ws/src/install/crazyflie_examples
[0.099s] -- The C compiler identification is GNU 11.4.0
[0.155s] -- The CXX compiler identification is GNU 11.4.0
[0.164s] -- Detecting C compiler ABI info
[0.233s] -- Detecting C compiler ABI info - done
[0.244s] -- Check for working C compiler: /usr/bin/cc - skipped
[0.244s] -- Detecting C compile features
[0.244s] -- Detecting C compile features - done
[0.248s] -- Detecting CXX compiler ABI info
[0.327s] -- Detecting CXX compiler ABI info - done
[0.334s] -- Check for working CXX compiler: /usr/bin/c++ - skipped
[0.334s] -- Detecting CXX compile features
[0.335s] -- Detecting CXX compile features - done
[0.337s] -- Found ament_cmake: 2.0.3 (/opt/ros/iron/share/ament_cmake/cmake)
[0.484s] -- Found Python3: /usr/bin/python3.10 (found version "3.10.12") found components: Interpreter 
[0.540s] -- Override CMake install command with custom implementation using symlinks instead of copying resources
[0.648s] -- Found ament_cmake_pytest: 2.0.3 (/opt/ros/iron/share/ament_cmake_pytest/cmake)
[1.216s] -- Configuring done
[1.221s] -- Generating done
[1.222s] -- Build files have been written to: /home/darren/Documents/cf_swarm/ros2_ws/src/build/crazyflie_examples
[1.227s] Invoked command in '/home/darren/Documents/cf_swarm/ros2_ws/src/build/crazyflie_examples' returned '0': AMENT_PREFIX_PATH=/home/darren/Documents/cf_swarm/ros2_ws/src/install/crazyflie_py:/home/darren/Documents/cf_swarm/ros2_ws/src/install/crazyflie_interfaces:${AMENT_PREFIX_PATH} CMAKE_PREFIX_PATH=/home/darren/Documents/cf_swarm/ros2_ws/src/install/crazyflie_interfaces:/opt/ros/iron LD_LIBRARY_PATH=/home/darren/Documents/cf_swarm/ros2_ws/src/install/crazyflie_interfaces/lib:${LD_LIBRARY_PATH} PYTHONPATH=/home/darren/Documents/cf_swarm/ros2_ws/src/build/crazyflie_py:/home/darren/Documents/cf_swarm/ros2_ws/src/install/crazyflie_py/lib/python3.10/site-packages:/home/darren/Documents/cf_swarm/ros2_ws/src/install/crazyflie_interfaces/lib/python3.10/site-packages:${PYTHONPATH} /usr/bin/cmake /home/darren/Documents/cf_swarm/ros2_ws/src/crazyswarm2/crazyflie_examples -DAMENT_CMAKE_SYMLINK_INSTALL=1 -DCMAKE_INSTALL_PREFIX=/home/darren/Documents/cf_swarm/ros2_ws/src/install/crazyflie_examples
[1.229s] Invoking command in '/home/darren/Documents/cf_swarm/ros2_ws/src/build/crazyflie_examples': AMENT_PREFIX_PATH=/home/darren/Documents/cf_swarm/ros2_ws/src/install/crazyflie_py:/home/darren/Documents/cf_swarm/ros2_ws/src/install/crazyflie_interfaces:${AMENT_PREFIX_PATH} CMAKE_PREFIX_PATH=/home/darren/Documents/cf_swarm/ros2_ws/src/install/crazyflie_interfaces:/opt/ros/iron LD_LIBRARY_PATH=/home/darren/Documents/cf_swarm/ros2_ws/src/install/crazyflie_interfaces/lib:${LD_LIBRARY_PATH} PYTHONPATH=/home/darren/Documents/cf_swarm/ros2_ws/src/build/crazyflie_py:/home/darren/Documents/cf_swarm/ros2_ws/src/install/crazyflie_py/lib/python3.10/site-packages:/home/darren/Documents/cf_swarm/ros2_ws/src/install/crazyflie_interfaces/lib/python3.10/site-packages:${PYTHONPATH} /usr/bin/cmake --build /home/darren/Documents/cf_swarm/ros2_ws/src/build/crazyflie_examples -- -j16 -l16
[1.282s] Built target ament_cmake_python_symlink_crazyflie_examples_setup
[1.283s] Built target ament_cmake_python_symlink_crazyflie_examples
[1.471s] running install_scripts
[1.471s] running egg_info
[1.472s] creating crazyflie_examples.egg-info
[1.472s] writing crazyflie_examples.egg-info/PKG-INFO
[1.472s] writing dependency_links to crazyflie_examples.egg-info/dependency_links.txt
[1.472s] writing entry points to crazyflie_examples.egg-info/entry_points.txt
[1.472s] writing top-level names to crazyflie_examples.egg-info/top_level.txt
[1.473s] writing manifest file 'crazyflie_examples.egg-info/SOURCES.txt'
[1.473s] /usr/lib/python3/dist-packages/setuptools/command/install.py:34: SetuptoolsDeprecationWarning: setup.py install is deprecated. Use build and pip and other standards-based tools.
[1.473s]   warnings.warn(
[1.474s] reading manifest file 'crazyflie_examples.egg-info/SOURCES.txt'
[1.474s] writing manifest file 'crazyflie_examples.egg-info/SOURCES.txt'
[1.491s] running egg_info
[1.492s] writing crazyflie_examples.egg-info/PKG-INFO
[1.492s] writing dependency_links to crazyflie_examples.egg-info/dependency_links.txt
[1.492s] writing entry points to crazyflie_examples.egg-info/entry_points.txt
[1.492s] writing top-level names to crazyflie_examples.egg-info/top_level.txt
[1.494s] reading manifest file 'crazyflie_examples.egg-info/SOURCES.txt'
[1.494s] writing manifest file 'crazyflie_examples.egg-info/SOURCES.txt'
[1.495s] Installing cmd_full_state script to scripts
[1.495s] Installing figure8 script to scripts
[1.496s] Installing hello_world script to scripts
[1.496s] Installing multi_trajectory script to scripts
[1.496s] Installing nice_hover script to scripts
[1.496s] Installing set_param script to scripts
[1.501s] Built target ament_cmake_python_build_crazyflie_examples_egg
[1.527s] Built target ament_cmake_python_build_crazyflie_examples_scripts
[1.578s] Invoked command in '/home/darren/Documents/cf_swarm/ros2_ws/src/build/crazyflie_examples' returned '0': AMENT_PREFIX_PATH=/home/darren/Documents/cf_swarm/ros2_ws/src/install/crazyflie_py:/home/darren/Documents/cf_swarm/ros2_ws/src/install/crazyflie_interfaces:${AMENT_PREFIX_PATH} CMAKE_PREFIX_PATH=/home/darren/Documents/cf_swarm/ros2_ws/src/install/crazyflie_interfaces:/opt/ros/iron LD_LIBRARY_PATH=/home/darren/Documents/cf_swarm/ros2_ws/src/install/crazyflie_interfaces/lib:${LD_LIBRARY_PATH} PYTHONPATH=/home/darren/Documents/cf_swarm/ros2_ws/src/build/crazyflie_py:/home/darren/Documents/cf_swarm/ros2_ws/src/install/crazyflie_py/lib/python3.10/site-packages:/home/darren/Documents/cf_swarm/ros2_ws/src/install/crazyflie_interfaces/lib/python3.10/site-packages:${PYTHONPATH} /usr/bin/cmake --build /home/darren/Documents/cf_swarm/ros2_ws/src/build/crazyflie_examples -- -j16 -l16
[1.668s] Invoking command in '/home/darren/Documents/cf_swarm/ros2_ws/src/build/crazyflie_examples': AMENT_PREFIX_PATH=/home/darren/Documents/cf_swarm/ros2_ws/src/install/crazyflie_py:/home/darren/Documents/cf_swarm/ros2_ws/src/install/crazyflie_interfaces:${AMENT_PREFIX_PATH} CMAKE_PREFIX_PATH=/home/darren/Documents/cf_swarm/ros2_ws/src/install/crazyflie_interfaces:/opt/ros/iron LD_LIBRARY_PATH=/home/darren/Documents/cf_swarm/ros2_ws/src/install/crazyflie_interfaces/lib:${LD_LIBRARY_PATH} PYTHONPATH=/home/darren/Documents/cf_swarm/ros2_ws/src/build/crazyflie_py:/home/darren/Documents/cf_swarm/ros2_ws/src/install/crazyflie_py/lib/python3.10/site-packages:/home/darren/Documents/cf_swarm/ros2_ws/src/install/crazyflie_interfaces/lib/python3.10/site-packages:${PYTHONPATH} /usr/bin/cmake --install /home/darren/Documents/cf_swarm/ros2_ws/src/build/crazyflie_examples
[1.676s] -- Install configuration: ""
[1.676s] -- Execute custom install script
[1.676s] -- Symlinking: /home/darren/Documents/cf_swarm/ros2_ws/src/install/crazyflie_examples/share/crazyflie_examples/environment/pythonpath.sh
[1.690s] -- Symlinking: /home/darren/Documents/cf_swarm/ros2_ws/src/install/crazyflie_examples/share/crazyflie_examples/environment/pythonpath.dsv
[1.703s] -- Symlinking: /home/darren/Documents/cf_swarm/ros2_ws/src/install/crazyflie_examples/lib/python3.10/site-packages/crazyflie_examples-2.0.0-py3.10.egg-info/PKG-INFO
[1.717s] -- Symlinking: /home/darren/Documents/cf_swarm/ros2_ws/src/install/crazyflie_examples/lib/python3.10/site-packages/crazyflie_examples-2.0.0-py3.10.egg-info/SOURCES.txt
[1.731s] -- Symlinking: /home/darren/Documents/cf_swarm/ros2_ws/src/install/crazyflie_examples/lib/python3.10/site-packages/crazyflie_examples-2.0.0-py3.10.egg-info/dependency_links.txt
[1.745s] -- Symlinking: /home/darren/Documents/cf_swarm/ros2_ws/src/install/crazyflie_examples/lib/python3.10/site-packages/crazyflie_examples-2.0.0-py3.10.egg-info/entry_points.txt
[1.758s] -- Symlinking: /home/darren/Documents/cf_swarm/ros2_ws/src/install/crazyflie_examples/lib/python3.10/site-packages/crazyflie_examples-2.0.0-py3.10.egg-info/top_level.txt
[1.772s] -- Symlinking: /home/darren/Documents/cf_swarm/ros2_ws/src/install/crazyflie_examples/lib/crazyflie_examples//cmd_full_state
[1.785s] -- Symlinking: /home/darren/Documents/cf_swarm/ros2_ws/src/install/crazyflie_examples/lib/crazyflie_examples//figure8
[1.799s] -- Symlinking: /home/darren/Documents/cf_swarm/ros2_ws/src/install/crazyflie_examples/lib/crazyflie_examples//hello_world
[1.813s] -- Symlinking: /home/darren/Documents/cf_swarm/ros2_ws/src/install/crazyflie_examples/lib/crazyflie_examples//multi_trajectory
[1.827s] -- Symlinking: /home/darren/Documents/cf_swarm/ros2_ws/src/install/crazyflie_examples/lib/crazyflie_examples//nice_hover
[1.841s] -- Symlinking: /home/darren/Documents/cf_swarm/ros2_ws/src/install/crazyflie_examples/lib/crazyflie_examples//set_param
[1.855s] -- Symlinking: /home/darren/Documents/cf_swarm/ros2_ws/src/install/crazyflie_examples/lib/python3.10/site-packages/crazyflie_examples/__init__.py
[1.865s] -- Symlinking: /home/darren/Documents/cf_swarm/ros2_ws/src/install/crazyflie_examples/lib/python3.10/site-packages/crazyflie_examples/cmd_full_state.py
[1.875s] -- Symlinking: /home/darren/Documents/cf_swarm/ros2_ws/src/install/crazyflie_examples/lib/python3.10/site-packages/crazyflie_examples/data/figure8.csv
[1.885s] -- Symlinking: /home/darren/Documents/cf_swarm/ros2_ws/src/install/crazyflie_examples/lib/python3.10/site-packages/crazyflie_examples/data/multi_trajectory/traj0.csv
[1.894s] -- Symlinking: /home/darren/Documents/cf_swarm/ros2_ws/src/install/crazyflie_examples/lib/python3.10/site-packages/crazyflie_examples/data/multi_trajectory/traj1.csv
[1.905s] -- Symlinking: /home/darren/Documents/cf_swarm/ros2_ws/src/install/crazyflie_examples/lib/python3.10/site-packages/crazyflie_examples/figure8.py
[1.916s] -- Symlinking: /home/darren/Documents/cf_swarm/ros2_ws/src/install/crazyflie_examples/lib/python3.10/site-packages/crazyflie_examples/hello_world.py
[1.926s] -- Symlinking: /home/darren/Documents/cf_swarm/ros2_ws/src/install/crazyflie_examples/lib/python3.10/site-packages/crazyflie_examples/multi_trajectory.py
[1.936s] -- Symlinking: /home/darren/Documents/cf_swarm/ros2_ws/src/install/crazyflie_examples/lib/python3.10/site-packages/crazyflie_examples/nice_hover.py
[1.948s] -- Symlinking: /home/darren/Documents/cf_swarm/ros2_ws/src/install/crazyflie_examples/lib/python3.10/site-packages/crazyflie_examples/set_param.py
[1.959s] -- Symlinking: /home/darren/Documents/cf_swarm/ros2_ws/src/install/crazyflie_examples/share/crazyflie_examples//config/nav2_params.yaml
[1.968s] -- Symlinking: /home/darren/Documents/cf_swarm/ros2_ws/src/install/crazyflie_examples/share/crazyflie_examples//config/nav2_view.rviz
[1.978s] -- Symlinking: /home/darren/Documents/cf_swarm/ros2_ws/src/install/crazyflie_examples/share/crazyflie_examples//data/map.data
[1.988s] -- Symlinking: /home/darren/Documents/cf_swarm/ros2_ws/src/install/crazyflie_examples/share/crazyflie_examples//data/map.pgm
[1.998s] -- Symlinking: /home/darren/Documents/cf_swarm/ros2_ws/src/install/crazyflie_examples/share/crazyflie_examples//data/map.posegraph
[2.009s] -- Symlinking: /home/darren/Documents/cf_swarm/ros2_ws/src/install/crazyflie_examples/share/crazyflie_examples//data/map.yaml
[2.024s] -- Symlinking: /home/darren/Documents/cf_swarm/ros2_ws/src/install/crazyflie_examples/share/crazyflie_examples//launch/keyboard_velmux_launch.py
[2.037s] -- Symlinking: /home/darren/Documents/cf_swarm/ros2_ws/src/install/crazyflie_examples/share/crazyflie_examples//launch/multiranger_mapping_launch.py
[2.048s] -- Symlinking: /home/darren/Documents/cf_swarm/ros2_ws/src/install/crazyflie_examples/share/crazyflie_examples//launch/multiranger_nav2_launch.py
[2.058s] -- Symlinking: /home/darren/Documents/cf_swarm/ros2_ws/src/install/crazyflie_examples/share/ament_index/resource_index/package_run_dependencies/crazyflie_examples
[2.072s] -- Symlinking: /home/darren/Documents/cf_swarm/ros2_ws/src/install/crazyflie_examples/share/ament_index/resource_index/parent_prefix_path/crazyflie_examples
[2.083s] -- Symlinking: /home/darren/Documents/cf_swarm/ros2_ws/src/install/crazyflie_examples/share/crazyflie_examples/environment/ament_prefix_path.sh
[2.093s] -- Symlinking: /home/darren/Documents/cf_swarm/ros2_ws/src/install/crazyflie_examples/share/crazyflie_examples/environment/ament_prefix_path.dsv
[2.104s] -- Symlinking: /home/darren/Documents/cf_swarm/ros2_ws/src/install/crazyflie_examples/share/crazyflie_examples/environment/path.sh
[2.114s] -- Symlinking: /home/darren/Documents/cf_swarm/ros2_ws/src/install/crazyflie_examples/share/crazyflie_examples/environment/path.dsv
[2.125s] -- Symlinking: /home/darren/Documents/cf_swarm/ros2_ws/src/install/crazyflie_examples/share/crazyflie_examples/local_setup.bash
[2.135s] -- Symlinking: /home/darren/Documents/cf_swarm/ros2_ws/src/install/crazyflie_examples/share/crazyflie_examples/local_setup.sh
[2.146s] -- Symlinking: /home/darren/Documents/cf_swarm/ros2_ws/src/install/crazyflie_examples/share/crazyflie_examples/local_setup.zsh
[2.157s] -- Symlinking: /home/darren/Documents/cf_swarm/ros2_ws/src/install/crazyflie_examples/share/crazyflie_examples/local_setup.dsv
[2.167s] -- Symlinking: /home/darren/Documents/cf_swarm/ros2_ws/src/install/crazyflie_examples/share/crazyflie_examples/package.dsv
[2.178s] -- Symlinking: /home/darren/Documents/cf_swarm/ros2_ws/src/install/crazyflie_examples/share/ament_index/resource_index/packages/crazyflie_examples
[2.189s] -- Symlinking: /home/darren/Documents/cf_swarm/ros2_ws/src/install/crazyflie_examples/share/crazyflie_examples/cmake/crazyflie_examplesConfig.cmake
[2.200s] -- Symlinking: /home/darren/Documents/cf_swarm/ros2_ws/src/install/crazyflie_examples/share/crazyflie_examples/cmake/crazyflie_examplesConfig-version.cmake
[2.211s] -- Symlinking: /home/darren/Documents/cf_swarm/ros2_ws/src/install/crazyflie_examples/share/crazyflie_examples/package.xml
[2.253s] Listing '/home/darren/Documents/cf_swarm/ros2_ws/src/install/crazyflie_examples/lib/python3.10/site-packages/crazyflie_examples'...
[2.253s] Compiling '/home/darren/Documents/cf_swarm/ros2_ws/src/install/crazyflie_examples/lib/python3.10/site-packages/crazyflie_examples/__init__.py'...
[2.254s] Compiling '/home/darren/Documents/cf_swarm/ros2_ws/src/install/crazyflie_examples/lib/python3.10/site-packages/crazyflie_examples/cmd_full_state.py'...
[2.254s] Listing '/home/darren/Documents/cf_swarm/ros2_ws/src/install/crazyflie_examples/lib/python3.10/site-packages/crazyflie_examples/data'...
[2.254s] Listing '/home/darren/Documents/cf_swarm/ros2_ws/src/install/crazyflie_examples/lib/python3.10/site-packages/crazyflie_examples/data/multi_trajectory'...
[2.254s] Compiling '/home/darren/Documents/cf_swarm/ros2_ws/src/install/crazyflie_examples/lib/python3.10/site-packages/crazyflie_examples/figure8.py'...
[2.254s] Compiling '/home/darren/Documents/cf_swarm/ros2_ws/src/install/crazyflie_examples/lib/python3.10/site-packages/crazyflie_examples/hello_world.py'...
[2.254s] Compiling '/home/darren/Documents/cf_swarm/ros2_ws/src/install/crazyflie_examples/lib/python3.10/site-packages/crazyflie_examples/multi_trajectory.py'...
[2.254s] Compiling '/home/darren/Documents/cf_swarm/ros2_ws/src/install/crazyflie_examples/lib/python3.10/site-packages/crazyflie_examples/nice_hover.py'...
[2.254s] Compiling '/home/darren/Documents/cf_swarm/ros2_ws/src/install/crazyflie_examples/lib/python3.10/site-packages/crazyflie_examples/set_param.py'...
[2.262s] Invoked command in '/home/darren/Documents/cf_swarm/ros2_ws/src/build/crazyflie_examples' returned '0': AMENT_PREFIX_PATH=/home/darren/Documents/cf_swarm/ros2_ws/src/install/crazyflie_py:/home/darren/Documents/cf_swarm/ros2_ws/src/install/crazyflie_interfaces:${AMENT_PREFIX_PATH} CMAKE_PREFIX_PATH=/home/darren/Documents/cf_swarm/ros2_ws/src/install/crazyflie_interfaces:/opt/ros/iron LD_LIBRARY_PATH=/home/darren/Documents/cf_swarm/ros2_ws/src/install/crazyflie_interfaces/lib:${LD_LIBRARY_PATH} PYTHONPATH=/home/darren/Documents/cf_swarm/ros2_ws/src/build/crazyflie_py:/home/darren/Documents/cf_swarm/ros2_ws/src/install/crazyflie_py/lib/python3.10/site-packages:/home/darren/Documents/cf_swarm/ros2_ws/src/install/crazyflie_interfaces/lib/python3.10/site-packages:${PYTHONPATH} /usr/bin/cmake --install /home/darren/Documents/cf_swarm/ros2_ws/src/build/crazyflie_examples
