[0.581s] Invoking command in '/home/darren/Documents/cf_swarm/ros2_ws/src/build/crazyflie_py': AMENT_PREFIX_PATH=/home/darren/Documents/cf_swarm/ros2_ws/src/install/crazyflie_interfaces:${AMENT_PREFIX_PATH} CMAKE_PREFIX_PATH=/home/darren/Documents/cf_swarm/ros2_ws/src/install/crazyflie_interfaces LD_LIBRARY_PATH=/home/darren/Documents/cf_swarm/ros2_ws/src/install/crazyflie_interfaces/lib:${LD_LIBRARY_PATH} PYTHONPATH=/home/darren/Documents/cf_swarm/ros2_ws/src/build/crazyflie_py/prefix_override:/home/darren/Documents/cf_swarm/ros2_ws/src/install/crazyflie_py/lib/python3.10/site-packages:/home/darren/Documents/cf_swarm/ros2_ws/src/install/crazyflie_interfaces/lib/python3.10/site-packages:${PYTHONPATH} /usr/bin/python3 setup.py develop --editable --build-directory /home/darren/Documents/cf_swarm/ros2_ws/src/build/crazyflie_py/build --no-deps install_data
[0.767s] running develop
[0.767s] /usr/lib/python3/dist-packages/setuptools/command/easy_install.py:158: EasyInstallDeprecationWarning: easy_install command is deprecated. Use build and pip and other standards-based tools.
[0.767s]   warnings.warn(
[0.769s] /usr/lib/python3/dist-packages/setuptools/command/install.py:34: SetuptoolsDeprecationWarning: setup.py install is deprecated. Use build and pip and other standards-based tools.
[0.769s]   warnings.warn(
[0.883s] running egg_info
[0.883s] writing crazyflie_py.egg-info/PKG-INFO
[0.883s] writing dependency_links to crazyflie_py.egg-info/dependency_links.txt
[0.883s] writing entry points to crazyflie_py.egg-info/entry_points.txt
[0.883s] writing requirements to crazyflie_py.egg-info/requires.txt
[0.883s] writing top-level names to crazyflie_py.egg-info/top_level.txt
[0.884s] reading manifest file 'crazyflie_py.egg-info/SOURCES.txt'
[0.885s] writing manifest file 'crazyflie_py.egg-info/SOURCES.txt'
[0.886s] running build_ext
[0.886s] Creating /home/darren/Documents/cf_swarm/ros2_ws/src/install/crazyflie_py/lib/python3.10/site-packages/crazyflie-py.egg-link (link to .)
[0.887s] 
[0.887s] Installed /home/darren/Documents/cf_swarm/ros2_ws/src/build/crazyflie_py
[0.887s] running install_data
[0.905s] Invoked command in '/home/darren/Documents/cf_swarm/ros2_ws/src/build/crazyflie_py' returned '0': AMENT_PREFIX_PATH=/home/darren/Documents/cf_swarm/ros2_ws/src/install/crazyflie_interfaces:${AMENT_PREFIX_PATH} CMAKE_PREFIX_PATH=/home/darren/Documents/cf_swarm/ros2_ws/src/install/crazyflie_interfaces LD_LIBRARY_PATH=/home/darren/Documents/cf_swarm/ros2_ws/src/install/crazyflie_interfaces/lib:${LD_LIBRARY_PATH} PYTHONPATH=/home/darren/Documents/cf_swarm/ros2_ws/src/build/crazyflie_py/prefix_override:/home/darren/Documents/cf_swarm/ros2_ws/src/install/crazyflie_py/lib/python3.10/site-packages:/home/darren/Documents/cf_swarm/ros2_ws/src/install/crazyflie_interfaces/lib/python3.10/site-packages:${PYTHONPATH} /usr/bin/python3 setup.py develop --editable --build-directory /home/darren/Documents/cf_swarm/ros2_ws/src/build/crazyflie_py/build --no-deps install_data
