[0.052s] Invoking command in '/home/darren/Documents/cf_swarm/ros2_ws/build/crazyflie_examples': AMENT_PREFIX_PATH=/home/darren/Documents/cf_swarm/ros2_ws/install/crazyflie_py:/home/darren/Documents/cf_swarm/ros2_ws/install/crazyflie_interfaces:${AMENT_PREFIX_PATH} CMAKE_PREFIX_PATH=/home/darren/Documents/cf_swarm/ros2_ws/install/crazyflie_interfaces:/opt/ros/iron LD_LIBRARY_PATH=/home/darren/Documents/cf_swarm/ros2_ws/install/crazyflie_interfaces/lib:${LD_LIBRARY_PATH} PYTHONPATH=/home/darren/Documents/cf_swarm/ros2_ws/build/crazyflie_py:/home/darren/Documents/cf_swarm/ros2_ws/install/crazyflie_py/lib/python3.10/site-packages:/home/darren/Documents/cf_swarm/ros2_ws/install/crazyflie_interfaces/lib/python3.10/site-packages:${PYTHONPATH} /usr/bin/cmake /home/darren/Documents/cf_swarm/ros2_ws/src/crazyswarm2/crazyflie_examples -DAMENT_CMAKE_SYMLINK_INSTALL=1 -DCMAKE_INSTALL_PREFIX=/home/darren/Documents/cf_swarm/ros2_ws/install/crazyflie_examples
[0.108s] -- The C compiler identification is GNU 11.4.0
[0.164s] -- The CXX compiler identification is GNU 11.4.0
[0.170s] -- Detecting C compiler ABI info
[0.239s] -- Detecting C compiler ABI info - done
[0.245s] -- Check for working C compiler: /usr/bin/cc - skipped
[0.246s] -- Detecting C compile features
[0.246s] -- Detecting C compile features - done
[0.249s] -- Detecting CXX compiler ABI info
[0.329s] -- Detecting CXX compiler ABI info - done
[0.336s] -- Check for working CXX compiler: /usr/bin/c++ - skipped
[0.336s] -- Detecting CXX compile features
[0.337s] -- Detecting CXX compile features - done
[0.339s] -- Found ament_cmake: 2.0.3 (/opt/ros/iron/share/ament_cmake/cmake)
[0.490s] -- Found Python3: /usr/bin/python3.10 (found version "3.10.12") found components: Interpreter 
[0.542s] -- Override CMake install command with custom implementation using symlinks instead of copying resources
[0.641s] -- Found ament_cmake_pytest: 2.0.3 (/opt/ros/iron/share/ament_cmake_pytest/cmake)
[1.208s] -- Configuring done
[1.213s] -- Generating done
[1.215s] -- Build files have been written to: /home/darren/Documents/cf_swarm/ros2_ws/build/crazyflie_examples
[1.219s] Invoked command in '/home/darren/Documents/cf_swarm/ros2_ws/build/crazyflie_examples' returned '0': AMENT_PREFIX_PATH=/home/darren/Documents/cf_swarm/ros2_ws/install/crazyflie_py:/home/darren/Documents/cf_swarm/ros2_ws/install/crazyflie_interfaces:${AMENT_PREFIX_PATH} CMAKE_PREFIX_PATH=/home/darren/Documents/cf_swarm/ros2_ws/install/crazyflie_interfaces:/opt/ros/iron LD_LIBRARY_PATH=/home/darren/Documents/cf_swarm/ros2_ws/install/crazyflie_interfaces/lib:${LD_LIBRARY_PATH} PYTHONPATH=/home/darren/Documents/cf_swarm/ros2_ws/build/crazyflie_py:/home/darren/Documents/cf_swarm/ros2_ws/install/crazyflie_py/lib/python3.10/site-packages:/home/darren/Documents/cf_swarm/ros2_ws/install/crazyflie_interfaces/lib/python3.10/site-packages:${PYTHONPATH} /usr/bin/cmake /home/darren/Documents/cf_swarm/ros2_ws/src/crazyswarm2/crazyflie_examples -DAMENT_CMAKE_SYMLINK_INSTALL=1 -DCMAKE_INSTALL_PREFIX=/home/darren/Documents/cf_swarm/ros2_ws/install/crazyflie_examples
[1.222s] Invoking command in '/home/darren/Documents/cf_swarm/ros2_ws/build/crazyflie_examples': AMENT_PREFIX_PATH=/home/darren/Documents/cf_swarm/ros2_ws/install/crazyflie_py:/home/darren/Documents/cf_swarm/ros2_ws/install/crazyflie_interfaces:${AMENT_PREFIX_PATH} CMAKE_PREFIX_PATH=/home/darren/Documents/cf_swarm/ros2_ws/install/crazyflie_interfaces:/opt/ros/iron LD_LIBRARY_PATH=/home/darren/Documents/cf_swarm/ros2_ws/install/crazyflie_interfaces/lib:${LD_LIBRARY_PATH} PYTHONPATH=/home/darren/Documents/cf_swarm/ros2_ws/build/crazyflie_py:/home/darren/Documents/cf_swarm/ros2_ws/install/crazyflie_py/lib/python3.10/site-packages:/home/darren/Documents/cf_swarm/ros2_ws/install/crazyflie_interfaces/lib/python3.10/site-packages:${PYTHONPATH} /usr/bin/cmake --build /home/darren/Documents/cf_swarm/ros2_ws/build/crazyflie_examples -- -j16 -l16
[1.282s] Built target ament_cmake_python_symlink_crazyflie_examples_setup
[1.283s] Built target ament_cmake_python_symlink_crazyflie_examples
[1.469s] running install_scripts
[1.471s] /usr/lib/python3/dist-packages/setuptools/command/install.py:34: SetuptoolsDeprecationWarning: setup.py install is deprecated. Use build and pip and other standards-based tools.
[1.471s]   warnings.warn(
[1.473s] running egg_info
[1.474s] creating crazyflie_examples.egg-info
[1.474s] writing crazyflie_examples.egg-info/PKG-INFO
[1.474s] writing dependency_links to crazyflie_examples.egg-info/dependency_links.txt
[1.475s] writing entry points to crazyflie_examples.egg-info/entry_points.txt
[1.475s] writing top-level names to crazyflie_examples.egg-info/top_level.txt
[1.475s] writing manifest file 'crazyflie_examples.egg-info/SOURCES.txt'
[1.476s] reading manifest file 'crazyflie_examples.egg-info/SOURCES.txt'
[1.477s] writing manifest file 'crazyflie_examples.egg-info/SOURCES.txt'
[1.490s] running egg_info
[1.490s] writing crazyflie_examples.egg-info/PKG-INFO
[1.491s] writing dependency_links to crazyflie_examples.egg-info/dependency_links.txt
[1.491s] writing entry points to crazyflie_examples.egg-info/entry_points.txt
[1.491s] writing top-level names to crazyflie_examples.egg-info/top_level.txt
[1.493s] reading manifest file 'crazyflie_examples.egg-info/SOURCES.txt'
[1.494s] writing manifest file 'crazyflie_examples.egg-info/SOURCES.txt'
[1.496s] Installing cmd_full_state script to scripts
[1.496s] Installing figure8 script to scripts
[1.496s] Installing hello_world script to scripts
[1.497s] Installing multi_trajectory script to scripts
[1.497s] Installing nice_hover script to scripts
[1.497s] Installing set_param script to scripts
[1.513s] Built target ament_cmake_python_build_crazyflie_examples_egg
[1.543s] Built target ament_cmake_python_build_crazyflie_examples_scripts
[1.558s] Invoked command in '/home/darren/Documents/cf_swarm/ros2_ws/build/crazyflie_examples' returned '0': AMENT_PREFIX_PATH=/home/darren/Documents/cf_swarm/ros2_ws/install/crazyflie_py:/home/darren/Documents/cf_swarm/ros2_ws/install/crazyflie_interfaces:${AMENT_PREFIX_PATH} CMAKE_PREFIX_PATH=/home/darren/Documents/cf_swarm/ros2_ws/install/crazyflie_interfaces:/opt/ros/iron LD_LIBRARY_PATH=/home/darren/Documents/cf_swarm/ros2_ws/install/crazyflie_interfaces/lib:${LD_LIBRARY_PATH} PYTHONPATH=/home/darren/Documents/cf_swarm/ros2_ws/build/crazyflie_py:/home/darren/Documents/cf_swarm/ros2_ws/install/crazyflie_py/lib/python3.10/site-packages:/home/darren/Documents/cf_swarm/ros2_ws/install/crazyflie_interfaces/lib/python3.10/site-packages:${PYTHONPATH} /usr/bin/cmake --build /home/darren/Documents/cf_swarm/ros2_ws/build/crazyflie_examples -- -j16 -l16
[1.588s] Invoking command in '/home/darren/Documents/cf_swarm/ros2_ws/build/crazyflie_examples': AMENT_PREFIX_PATH=/home/darren/Documents/cf_swarm/ros2_ws/install/crazyflie_py:/home/darren/Documents/cf_swarm/ros2_ws/install/crazyflie_interfaces:${AMENT_PREFIX_PATH} CMAKE_PREFIX_PATH=/home/darren/Documents/cf_swarm/ros2_ws/install/crazyflie_interfaces:/opt/ros/iron LD_LIBRARY_PATH=/home/darren/Documents/cf_swarm/ros2_ws/install/crazyflie_interfaces/lib:${LD_LIBRARY_PATH} PYTHONPATH=/home/darren/Documents/cf_swarm/ros2_ws/build/crazyflie_py:/home/darren/Documents/cf_swarm/ros2_ws/install/crazyflie_py/lib/python3.10/site-packages:/home/darren/Documents/cf_swarm/ros2_ws/install/crazyflie_interfaces/lib/python3.10/site-packages:${PYTHONPATH} /usr/bin/cmake --install /home/darren/Documents/cf_swarm/ros2_ws/build/crazyflie_examples
[1.596s] -- Install configuration: ""
[1.597s] -- Execute custom install script
[1.597s] -- Symlinking: /home/darren/Documents/cf_swarm/ros2_ws/install/crazyflie_examples/share/crazyflie_examples/environment/pythonpath.sh
[1.607s] -- Symlinking: /home/darren/Documents/cf_swarm/ros2_ws/install/crazyflie_examples/share/crazyflie_examples/environment/pythonpath.dsv
[1.618s] -- Symlinking: /home/darren/Documents/cf_swarm/ros2_ws/install/crazyflie_examples/lib/python3.10/site-packages/crazyflie_examples-2.0.0-py3.10.egg-info/PKG-INFO
[1.628s] -- Symlinking: /home/darren/Documents/cf_swarm/ros2_ws/install/crazyflie_examples/lib/python3.10/site-packages/crazyflie_examples-2.0.0-py3.10.egg-info/SOURCES.txt
[1.639s] -- Symlinking: /home/darren/Documents/cf_swarm/ros2_ws/install/crazyflie_examples/lib/python3.10/site-packages/crazyflie_examples-2.0.0-py3.10.egg-info/dependency_links.txt
[1.649s] -- Symlinking: /home/darren/Documents/cf_swarm/ros2_ws/install/crazyflie_examples/lib/python3.10/site-packages/crazyflie_examples-2.0.0-py3.10.egg-info/entry_points.txt
[1.659s] -- Symlinking: /home/darren/Documents/cf_swarm/ros2_ws/install/crazyflie_examples/lib/python3.10/site-packages/crazyflie_examples-2.0.0-py3.10.egg-info/top_level.txt
[1.670s] -- Symlinking: /home/darren/Documents/cf_swarm/ros2_ws/install/crazyflie_examples/lib/crazyflie_examples//cmd_full_state
[1.681s] -- Symlinking: /home/darren/Documents/cf_swarm/ros2_ws/install/crazyflie_examples/lib/crazyflie_examples//figure8
[1.692s] -- Symlinking: /home/darren/Documents/cf_swarm/ros2_ws/install/crazyflie_examples/lib/crazyflie_examples//hello_world
[1.702s] -- Symlinking: /home/darren/Documents/cf_swarm/ros2_ws/install/crazyflie_examples/lib/crazyflie_examples//multi_trajectory
[1.713s] -- Symlinking: /home/darren/Documents/cf_swarm/ros2_ws/install/crazyflie_examples/lib/crazyflie_examples//nice_hover
[1.725s] -- Symlinking: /home/darren/Documents/cf_swarm/ros2_ws/install/crazyflie_examples/lib/crazyflie_examples//set_param
[1.736s] -- Symlinking: /home/darren/Documents/cf_swarm/ros2_ws/install/crazyflie_examples/lib/python3.10/site-packages/crazyflie_examples/__init__.py
[1.746s] -- Symlinking: /home/darren/Documents/cf_swarm/ros2_ws/install/crazyflie_examples/lib/python3.10/site-packages/crazyflie_examples/cmd_full_state.py
[1.756s] -- Symlinking: /home/darren/Documents/cf_swarm/ros2_ws/install/crazyflie_examples/lib/python3.10/site-packages/crazyflie_examples/data/figure8.csv
[1.767s] -- Symlinking: /home/darren/Documents/cf_swarm/ros2_ws/install/crazyflie_examples/lib/python3.10/site-packages/crazyflie_examples/data/multi_trajectory/traj0.csv
[1.776s] -- Symlinking: /home/darren/Documents/cf_swarm/ros2_ws/install/crazyflie_examples/lib/python3.10/site-packages/crazyflie_examples/data/multi_trajectory/traj1.csv
[1.789s] -- Symlinking: /home/darren/Documents/cf_swarm/ros2_ws/install/crazyflie_examples/lib/python3.10/site-packages/crazyflie_examples/figure8.py
[1.800s] -- Symlinking: /home/darren/Documents/cf_swarm/ros2_ws/install/crazyflie_examples/lib/python3.10/site-packages/crazyflie_examples/hello_world.py
[1.810s] -- Symlinking: /home/darren/Documents/cf_swarm/ros2_ws/install/crazyflie_examples/lib/python3.10/site-packages/crazyflie_examples/localization_test.py
[1.820s] -- Symlinking: /home/darren/Documents/cf_swarm/ros2_ws/install/crazyflie_examples/lib/python3.10/site-packages/crazyflie_examples/multi_trajectory.py
[1.829s] -- Symlinking: /home/darren/Documents/cf_swarm/ros2_ws/install/crazyflie_examples/lib/python3.10/site-packages/crazyflie_examples/nice_hover.py
[1.839s] -- Symlinking: /home/darren/Documents/cf_swarm/ros2_ws/install/crazyflie_examples/lib/python3.10/site-packages/crazyflie_examples/set_param.py
[1.849s] -- Symlinking: /home/darren/Documents/cf_swarm/ros2_ws/install/crazyflie_examples/share/crazyflie_examples//config/nav2_params.yaml
[1.860s] -- Symlinking: /home/darren/Documents/cf_swarm/ros2_ws/install/crazyflie_examples/share/crazyflie_examples//config/nav2_view.rviz
[1.874s] -- Symlinking: /home/darren/Documents/cf_swarm/ros2_ws/install/crazyflie_examples/share/crazyflie_examples//data/map.data
[1.889s] -- Symlinking: /home/darren/Documents/cf_swarm/ros2_ws/install/crazyflie_examples/share/crazyflie_examples//data/map.pgm
[1.903s] -- Symlinking: /home/darren/Documents/cf_swarm/ros2_ws/install/crazyflie_examples/share/crazyflie_examples//data/map.posegraph
[1.918s] -- Symlinking: /home/darren/Documents/cf_swarm/ros2_ws/install/crazyflie_examples/share/crazyflie_examples//data/map.yaml
[1.933s] -- Symlinking: /home/darren/Documents/cf_swarm/ros2_ws/install/crazyflie_examples/share/crazyflie_examples//launch/keyboard_velmux_launch.py
[1.949s] -- Symlinking: /home/darren/Documents/cf_swarm/ros2_ws/install/crazyflie_examples/share/crazyflie_examples//launch/multiranger_mapping_launch.py
[1.964s] -- Symlinking: /home/darren/Documents/cf_swarm/ros2_ws/install/crazyflie_examples/share/crazyflie_examples//launch/multiranger_nav2_launch.py
[1.981s] -- Symlinking: /home/darren/Documents/cf_swarm/ros2_ws/install/crazyflie_examples/share/ament_index/resource_index/package_run_dependencies/crazyflie_examples
[1.996s] -- Symlinking: /home/darren/Documents/cf_swarm/ros2_ws/install/crazyflie_examples/share/ament_index/resource_index/parent_prefix_path/crazyflie_examples
[2.010s] -- Symlinking: /home/darren/Documents/cf_swarm/ros2_ws/install/crazyflie_examples/share/crazyflie_examples/environment/ament_prefix_path.sh
[2.025s] -- Symlinking: /home/darren/Documents/cf_swarm/ros2_ws/install/crazyflie_examples/share/crazyflie_examples/environment/ament_prefix_path.dsv
[2.038s] -- Symlinking: /home/darren/Documents/cf_swarm/ros2_ws/install/crazyflie_examples/share/crazyflie_examples/environment/path.sh
[2.052s] -- Symlinking: /home/darren/Documents/cf_swarm/ros2_ws/install/crazyflie_examples/share/crazyflie_examples/environment/path.dsv
[2.067s] -- Symlinking: /home/darren/Documents/cf_swarm/ros2_ws/install/crazyflie_examples/share/crazyflie_examples/local_setup.bash
[2.081s] -- Symlinking: /home/darren/Documents/cf_swarm/ros2_ws/install/crazyflie_examples/share/crazyflie_examples/local_setup.sh
[2.097s] -- Symlinking: /home/darren/Documents/cf_swarm/ros2_ws/install/crazyflie_examples/share/crazyflie_examples/local_setup.zsh
[2.111s] -- Symlinking: /home/darren/Documents/cf_swarm/ros2_ws/install/crazyflie_examples/share/crazyflie_examples/local_setup.dsv
[2.125s] -- Symlinking: /home/darren/Documents/cf_swarm/ros2_ws/install/crazyflie_examples/share/crazyflie_examples/package.dsv
[2.140s] -- Symlinking: /home/darren/Documents/cf_swarm/ros2_ws/install/crazyflie_examples/share/ament_index/resource_index/packages/crazyflie_examples
[2.154s] -- Symlinking: /home/darren/Documents/cf_swarm/ros2_ws/install/crazyflie_examples/share/crazyflie_examples/cmake/crazyflie_examplesConfig.cmake
[2.168s] -- Symlinking: /home/darren/Documents/cf_swarm/ros2_ws/install/crazyflie_examples/share/crazyflie_examples/cmake/crazyflie_examplesConfig-version.cmake
[2.185s] -- Symlinking: /home/darren/Documents/cf_swarm/ros2_ws/install/crazyflie_examples/share/crazyflie_examples/package.xml
[2.244s] Listing '/home/darren/Documents/cf_swarm/ros2_ws/install/crazyflie_examples/lib/python3.10/site-packages/crazyflie_examples'...
[2.245s] Compiling '/home/darren/Documents/cf_swarm/ros2_ws/install/crazyflie_examples/lib/python3.10/site-packages/crazyflie_examples/__init__.py'...
[2.245s] Compiling '/home/darren/Documents/cf_swarm/ros2_ws/install/crazyflie_examples/lib/python3.10/site-packages/crazyflie_examples/cmd_full_state.py'...
[2.245s] Listing '/home/darren/Documents/cf_swarm/ros2_ws/install/crazyflie_examples/lib/python3.10/site-packages/crazyflie_examples/data'...
[2.245s] Listing '/home/darren/Documents/cf_swarm/ros2_ws/install/crazyflie_examples/lib/python3.10/site-packages/crazyflie_examples/data/multi_trajectory'...
[2.245s] Compiling '/home/darren/Documents/cf_swarm/ros2_ws/install/crazyflie_examples/lib/python3.10/site-packages/crazyflie_examples/figure8.py'...
[2.245s] Compiling '/home/darren/Documents/cf_swarm/ros2_ws/install/crazyflie_examples/lib/python3.10/site-packages/crazyflie_examples/hello_world.py'...
[2.245s] Compiling '/home/darren/Documents/cf_swarm/ros2_ws/install/crazyflie_examples/lib/python3.10/site-packages/crazyflie_examples/localization_test.py'...
[2.245s] Compiling '/home/darren/Documents/cf_swarm/ros2_ws/install/crazyflie_examples/lib/python3.10/site-packages/crazyflie_examples/multi_trajectory.py'...
[2.245s] Compiling '/home/darren/Documents/cf_swarm/ros2_ws/install/crazyflie_examples/lib/python3.10/site-packages/crazyflie_examples/nice_hover.py'...
[2.245s] Compiling '/home/darren/Documents/cf_swarm/ros2_ws/install/crazyflie_examples/lib/python3.10/site-packages/crazyflie_examples/set_param.py'...
[2.256s] Invoked command in '/home/darren/Documents/cf_swarm/ros2_ws/build/crazyflie_examples' returned '0': AMENT_PREFIX_PATH=/home/darren/Documents/cf_swarm/ros2_ws/install/crazyflie_py:/home/darren/Documents/cf_swarm/ros2_ws/install/crazyflie_interfaces:${AMENT_PREFIX_PATH} CMAKE_PREFIX_PATH=/home/darren/Documents/cf_swarm/ros2_ws/install/crazyflie_interfaces:/opt/ros/iron LD_LIBRARY_PATH=/home/darren/Documents/cf_swarm/ros2_ws/install/crazyflie_interfaces/lib:${LD_LIBRARY_PATH} PYTHONPATH=/home/darren/Documents/cf_swarm/ros2_ws/build/crazyflie_py:/home/darren/Documents/cf_swarm/ros2_ws/install/crazyflie_py/lib/python3.10/site-packages:/home/darren/Documents/cf_swarm/ros2_ws/install/crazyflie_interfaces/lib/python3.10/site-packages:${PYTHONPATH} /usr/bin/cmake --install /home/darren/Documents/cf_swarm/ros2_ws/build/crazyflie_examples
