[0.052s] Invoking command in '/home/darren/Documents/cf_swarm/ros2_ws/build/motion_capture_tracking_interfaces': /usr/bin/cmake /home/darren/Documents/cf_swarm/ros2_ws/src/motion_capture_tracking/motion_capture_tracking_interfaces -DAMENT_CMAKE_SYMLINK_INSTALL=1 -DCMAKE_INSTALL_PREFIX=/home/darren/Documents/cf_swarm/ros2_ws/install/motion_capture_tracking_interfaces
[0.140s] -- The C compiler identification is GNU 11.4.0
[0.215s] -- The CXX compiler identification is GNU 11.4.0
[0.227s] -- Detecting C compiler ABI info
[0.300s] -- Detecting C compiler ABI info - done
[0.309s] -- Check for working C compiler: /usr/bin/cc - skipped
[0.309s] -- Detecting C compile features
[0.309s] -- Detecting C compile features - done
[0.313s] -- Detecting CXX compiler ABI info
[0.393s] -- Detecting CXX compiler ABI info - done
[0.401s] -- Check for working CXX compiler: /usr/bin/c++ - skipped
[0.401s] -- Detecting CXX compile features
[0.401s] -- Detecting CXX compile features - done
[0.413s] [31mCMake Error at CMakeLists.txt:13 (find_package):
[0.413s]   By not providing "Findament_cmake.cmake" in CMAKE_MODULE_PATH this project
[0.414s]   has asked CMake to find a package configuration file provided by
[0.414s]   "ament_cmake", but CMake did not find one.
[0.414s] 
[0.414s]   Could not find a package configuration file provided by "ament_cmake" with
[0.414s]   any of the following names:
[0.414s] 
[0.414s]     ament_cmakeConfig.cmake
[0.414s]     ament_cmake-config.cmake
[0.414s] 
[0.414s]   Add the installation prefix of "ament_cmake" to CMAKE_PREFIX_PATH or set
[0.414s]   "ament_cmake_DIR" to a directory containing one of the above files.  If
[0.414s]   "ament_cmake" provides a separate development package or SDK, be sure it
[0.414s]   has been installed.
[0.414s] 
[0.414s] [0m
[0.414s] -- Configuring incomplete, errors occurred!
[0.414s] See also "/home/darren/Documents/cf_swarm/ros2_ws/build/motion_capture_tracking_interfaces/CMakeFiles/CMakeOutput.log".
[0.417s] Invoked command in '/home/darren/Documents/cf_swarm/ros2_ws/build/motion_capture_tracking_interfaces' returned '1': /usr/bin/cmake /home/darren/Documents/cf_swarm/ros2_ws/src/motion_capture_tracking/motion_capture_tracking_interfaces -DAMENT_CMAKE_SYMLINK_INSTALL=1 -DCMAKE_INSTALL_PREFIX=/home/darren/Documents/cf_swarm/ros2_ws/install/motion_capture_tracking_interfaces
