[0.277s] Invoking command in '/home/darren/Documents/cf_swarm/ros2_ws/src/build/crazyflie_sim': AMENT_PREFIX_PATH=/home/darren/Documents/cf_swarm/ros2_ws/src/install/crazyflie_interfaces:${AMENT_PREFIX_PATH} CMAKE_PREFIX_PATH=/home/darren/Documents/cf_swarm/ros2_ws/src/install/crazyflie_interfaces:/opt/ros/iron LD_LIBRARY_PATH=/home/darren/Documents/cf_swarm/ros2_ws/src/install/crazyflie_interfaces/lib:${LD_LIBRARY_PATH} PYTHONPATH=/home/darren/Documents/cf_swarm/ros2_ws/src/install/crazyflie_interfaces/lib/python3.10/site-packages:${PYTHONPATH} /usr/bin/cmake /home/darren/Documents/cf_swarm/ros2_ws/src/crazyswarm2/crazyflie_sim -DAMENT_CMAKE_SYMLINK_INSTALL=1 -DCMAKE_INSTALL_PREFIX=/home/darren/Documents/cf_swarm/ros2_ws/src/install/crazyflie_sim
[0.328s] -- The C compiler identification is GNU 11.4.0
[0.383s] -- The CXX compiler identification is GNU 11.4.0
[0.392s] -- Detecting C compiler ABI info
[0.463s] -- Detecting C compiler ABI info - done
[0.473s] -- Check for working C compiler: /usr/bin/cc - skipped
[0.473s] -- Detecting C compile features
[0.474s] -- Detecting C compile features - done
[0.478s] -- Detecting CXX compiler ABI info
[0.561s] -- Detecting CXX compiler ABI info - done
[0.572s] -- Check for working CXX compiler: /usr/bin/c++ - skipped
[0.572s] -- Detecting CXX compile features
[0.572s] -- Detecting CXX compile features - done
[0.575s] -- Found ament_cmake: 2.0.3 (/opt/ros/iron/share/ament_cmake/cmake)
[0.728s] -- Found Python3: /usr/bin/python3.10 (found version "3.10.12") found components: Interpreter 
[0.784s] -- Override CMake install command with custom implementation using symlinks instead of copying resources
[0.886s] -- Found ament_cmake_pytest: 2.0.3 (/opt/ros/iron/share/ament_cmake_pytest/cmake)
[1.584s] -- Configuring done
[1.592s] -- Generating done
[1.593s] -- Build files have been written to: /home/darren/Documents/cf_swarm/ros2_ws/src/build/crazyflie_sim
[1.599s] Invoked command in '/home/darren/Documents/cf_swarm/ros2_ws/src/build/crazyflie_sim' returned '0': AMENT_PREFIX_PATH=/home/darren/Documents/cf_swarm/ros2_ws/src/install/crazyflie_interfaces:${AMENT_PREFIX_PATH} CMAKE_PREFIX_PATH=/home/darren/Documents/cf_swarm/ros2_ws/src/install/crazyflie_interfaces:/opt/ros/iron LD_LIBRARY_PATH=/home/darren/Documents/cf_swarm/ros2_ws/src/install/crazyflie_interfaces/lib:${LD_LIBRARY_PATH} PYTHONPATH=/home/darren/Documents/cf_swarm/ros2_ws/src/install/crazyflie_interfaces/lib/python3.10/site-packages:${PYTHONPATH} /usr/bin/cmake /home/darren/Documents/cf_swarm/ros2_ws/src/crazyswarm2/crazyflie_sim -DAMENT_CMAKE_SYMLINK_INSTALL=1 -DCMAKE_INSTALL_PREFIX=/home/darren/Documents/cf_swarm/ros2_ws/src/install/crazyflie_sim
[1.601s] Invoking command in '/home/darren/Documents/cf_swarm/ros2_ws/src/build/crazyflie_sim': AMENT_PREFIX_PATH=/home/darren/Documents/cf_swarm/ros2_ws/src/install/crazyflie_interfaces:${AMENT_PREFIX_PATH} CMAKE_PREFIX_PATH=/home/darren/Documents/cf_swarm/ros2_ws/src/install/crazyflie_interfaces:/opt/ros/iron LD_LIBRARY_PATH=/home/darren/Documents/cf_swarm/ros2_ws/src/install/crazyflie_interfaces/lib:${LD_LIBRARY_PATH} PYTHONPATH=/home/darren/Documents/cf_swarm/ros2_ws/src/install/crazyflie_interfaces/lib/python3.10/site-packages:${PYTHONPATH} /usr/bin/cmake --build /home/darren/Documents/cf_swarm/ros2_ws/src/build/crazyflie_sim -- -j16 -l16
[1.662s] Built target ament_cmake_python_symlink_crazyflie_sim
[1.662s] Built target ament_cmake_python_symlink_crazyflie_sim_setup
[1.878s] running install_scripts
[1.880s] /usr/lib/python3/dist-packages/setuptools/command/install.py:34: SetuptoolsDeprecationWarning: setup.py install is deprecated. Use build and pip and other standards-based tools.
[1.880s]   warnings.warn(
[1.898s] running egg_info
[1.898s] running egg_info
[1.898s] creating crazyflie_sim.egg-info
[1.898s] writing crazyflie_sim.egg-info/PKG-INFO
[1.898s] writing dependency_links to crazyflie_sim.egg-info/dependency_links.txt
[1.899s] writing crazyflie_sim.egg-info/PKG-INFO
[1.899s] writing entry points to crazyflie_sim.egg-info/entry_points.txt
[1.899s] writing top-level names to crazyflie_sim.egg-info/top_level.txt
[1.899s] writing dependency_links to crazyflie_sim.egg-info/dependency_links.txt
[1.899s] writing manifest file 'crazyflie_sim.egg-info/SOURCES.txt'
[1.899s] writing entry points to crazyflie_sim.egg-info/entry_points.txt
[1.899s] writing top-level names to crazyflie_sim.egg-info/top_level.txt
[1.900s] reading manifest file 'crazyflie_sim.egg-info/SOURCES.txt'
[1.900s] writing manifest file 'crazyflie_sim.egg-info/SOURCES.txt'
[1.901s] reading manifest file 'crazyflie_sim.egg-info/SOURCES.txt'
[1.901s] Installing crazyflie_server script to scripts
[1.902s] writing manifest file 'crazyflie_sim.egg-info/SOURCES.txt'
[1.929s] Built target ament_cmake_python_build_crazyflie_sim_egg
[1.931s] Built target ament_cmake_python_build_crazyflie_sim_scripts
[1.944s] Invoked command in '/home/darren/Documents/cf_swarm/ros2_ws/src/build/crazyflie_sim' returned '0': AMENT_PREFIX_PATH=/home/darren/Documents/cf_swarm/ros2_ws/src/install/crazyflie_interfaces:${AMENT_PREFIX_PATH} CMAKE_PREFIX_PATH=/home/darren/Documents/cf_swarm/ros2_ws/src/install/crazyflie_interfaces:/opt/ros/iron LD_LIBRARY_PATH=/home/darren/Documents/cf_swarm/ros2_ws/src/install/crazyflie_interfaces/lib:${LD_LIBRARY_PATH} PYTHONPATH=/home/darren/Documents/cf_swarm/ros2_ws/src/install/crazyflie_interfaces/lib/python3.10/site-packages:${PYTHONPATH} /usr/bin/cmake --build /home/darren/Documents/cf_swarm/ros2_ws/src/build/crazyflie_sim -- -j16 -l16
[1.969s] Invoking command in '/home/darren/Documents/cf_swarm/ros2_ws/src/build/crazyflie_sim': AMENT_PREFIX_PATH=/home/darren/Documents/cf_swarm/ros2_ws/src/install/crazyflie_interfaces:${AMENT_PREFIX_PATH} CMAKE_PREFIX_PATH=/home/darren/Documents/cf_swarm/ros2_ws/src/install/crazyflie_interfaces:/opt/ros/iron LD_LIBRARY_PATH=/home/darren/Documents/cf_swarm/ros2_ws/src/install/crazyflie_interfaces/lib:${LD_LIBRARY_PATH} PYTHONPATH=/home/darren/Documents/cf_swarm/ros2_ws/src/install/crazyflie_interfaces/lib/python3.10/site-packages:${PYTHONPATH} /usr/bin/cmake --install /home/darren/Documents/cf_swarm/ros2_ws/src/build/crazyflie_sim
[1.976s] -- Install configuration: ""
[1.976s] -- Execute custom install script
[1.977s] -- Symlinking: /home/darren/Documents/cf_swarm/ros2_ws/src/install/crazyflie_sim/share/crazyflie_sim/environment/pythonpath.sh
[1.986s] -- Symlinking: /home/darren/Documents/cf_swarm/ros2_ws/src/install/crazyflie_sim/share/crazyflie_sim/environment/pythonpath.dsv
[1.996s] -- Symlinking: /home/darren/Documents/cf_swarm/ros2_ws/src/install/crazyflie_sim/lib/python3.10/site-packages/crazyflie_sim-2.0.0-py3.10.egg-info/PKG-INFO
[2.006s] -- Symlinking: /home/darren/Documents/cf_swarm/ros2_ws/src/install/crazyflie_sim/lib/python3.10/site-packages/crazyflie_sim-2.0.0-py3.10.egg-info/SOURCES.txt
[2.015s] -- Symlinking: /home/darren/Documents/cf_swarm/ros2_ws/src/install/crazyflie_sim/lib/python3.10/site-packages/crazyflie_sim-2.0.0-py3.10.egg-info/dependency_links.txt
[2.024s] -- Symlinking: /home/darren/Documents/cf_swarm/ros2_ws/src/install/crazyflie_sim/lib/python3.10/site-packages/crazyflie_sim-2.0.0-py3.10.egg-info/entry_points.txt
[2.033s] -- Symlinking: /home/darren/Documents/cf_swarm/ros2_ws/src/install/crazyflie_sim/lib/python3.10/site-packages/crazyflie_sim-2.0.0-py3.10.egg-info/top_level.txt
[2.043s] -- Symlinking: /home/darren/Documents/cf_swarm/ros2_ws/src/install/crazyflie_sim/lib/crazyflie_sim//crazyflie_server
[2.053s] -- Symlinking: /home/darren/Documents/cf_swarm/ros2_ws/src/install/crazyflie_sim/lib/python3.10/site-packages/crazyflie_sim/__init__.py
[2.063s] -- Symlinking: /home/darren/Documents/cf_swarm/ros2_ws/src/install/crazyflie_sim/lib/python3.10/site-packages/crazyflie_sim/backend/none.py
[2.072s] -- Symlinking: /home/darren/Documents/cf_swarm/ros2_ws/src/install/crazyflie_sim/lib/python3.10/site-packages/crazyflie_sim/backend/np.py
[2.082s] -- Symlinking: /home/darren/Documents/cf_swarm/ros2_ws/src/install/crazyflie_sim/lib/python3.10/site-packages/crazyflie_sim/crazyflie_server.py
[2.091s] -- Symlinking: /home/darren/Documents/cf_swarm/ros2_ws/src/install/crazyflie_sim/lib/python3.10/site-packages/crazyflie_sim/crazyflie_sil.py
[2.101s] -- Symlinking: /home/darren/Documents/cf_swarm/ros2_ws/src/install/crazyflie_sim/lib/python3.10/site-packages/crazyflie_sim/sim_data_types.py
[2.111s] -- Symlinking: /home/darren/Documents/cf_swarm/ros2_ws/src/install/crazyflie_sim/lib/python3.10/site-packages/crazyflie_sim/visualization/README.md
[2.121s] -- Symlinking: /home/darren/Documents/cf_swarm/ros2_ws/src/install/crazyflie_sim/lib/python3.10/site-packages/crazyflie_sim/visualization/blender.py
[2.131s] -- Symlinking: /home/darren/Documents/cf_swarm/ros2_ws/src/install/crazyflie_sim/lib/python3.10/site-packages/crazyflie_sim/visualization/data/README.md
[2.141s] -- Symlinking: /home/darren/Documents/cf_swarm/ros2_ws/src/install/crazyflie_sim/lib/python3.10/site-packages/crazyflie_sim/visualization/data/env/abandoned_greenhouse.jpg
[2.150s] -- Symlinking: /home/darren/Documents/cf_swarm/ros2_ws/src/install/crazyflie_sim/lib/python3.10/site-packages/crazyflie_sim/visualization/data/env/aerodynamics_workshop.jpg
[2.159s] -- Symlinking: /home/darren/Documents/cf_swarm/ros2_ws/src/install/crazyflie_sim/lib/python3.10/site-packages/crazyflie_sim/visualization/data/env/aviation_museum.jpg
[2.169s] -- Symlinking: /home/darren/Documents/cf_swarm/ros2_ws/src/install/crazyflie_sim/lib/python3.10/site-packages/crazyflie_sim/visualization/data/env/crosswalk.jpg
[2.179s] -- Symlinking: /home/darren/Documents/cf_swarm/ros2_ws/src/install/crazyflie_sim/lib/python3.10/site-packages/crazyflie_sim/visualization/data/env/derelict_overpass.jpg
[2.188s] -- Symlinking: /home/darren/Documents/cf_swarm/ros2_ws/src/install/crazyflie_sim/lib/python3.10/site-packages/crazyflie_sim/visualization/data/env/env.jpg
[2.198s] -- Symlinking: /home/darren/Documents/cf_swarm/ros2_ws/src/install/crazyflie_sim/lib/python3.10/site-packages/crazyflie_sim/visualization/data/env/lago_disola.jpg
[2.206s] -- Symlinking: /home/darren/Documents/cf_swarm/ros2_ws/src/install/crazyflie_sim/lib/python3.10/site-packages/crazyflie_sim/visualization/data/env/lake_pier.jpg
[2.215s] -- Symlinking: /home/darren/Documents/cf_swarm/ros2_ws/src/install/crazyflie_sim/lib/python3.10/site-packages/crazyflie_sim/visualization/data/env/machine_shop.jpg
[2.224s] -- Symlinking: /home/darren/Documents/cf_swarm/ros2_ws/src/install/crazyflie_sim/lib/python3.10/site-packages/crazyflie_sim/visualization/data/env/museumplein.jpg
[2.234s] -- Symlinking: /home/darren/Documents/cf_swarm/ros2_ws/src/install/crazyflie_sim/lib/python3.10/site-packages/crazyflie_sim/visualization/data/env/peppermint_powerplant.jpg
[2.243s] -- Symlinking: /home/darren/Documents/cf_swarm/ros2_ws/src/install/crazyflie_sim/lib/python3.10/site-packages/crazyflie_sim/visualization/data/env/studio_garden.jpg
[2.252s] -- Symlinking: /home/darren/Documents/cf_swarm/ros2_ws/src/install/crazyflie_sim/lib/python3.10/site-packages/crazyflie_sim/visualization/data/model/cf.mtl
[2.262s] -- Symlinking: /home/darren/Documents/cf_swarm/ros2_ws/src/install/crazyflie_sim/lib/python3.10/site-packages/crazyflie_sim/visualization/data/model/cf.obj
[2.272s] -- Symlinking: /home/darren/Documents/cf_swarm/ros2_ws/src/install/crazyflie_sim/lib/python3.10/site-packages/crazyflie_sim/visualization/pdf.py
[2.282s] -- Symlinking: /home/darren/Documents/cf_swarm/ros2_ws/src/install/crazyflie_sim/lib/python3.10/site-packages/crazyflie_sim/visualization/record_states.py
[2.292s] -- Symlinking: /home/darren/Documents/cf_swarm/ros2_ws/src/install/crazyflie_sim/lib/python3.10/site-packages/crazyflie_sim/visualization/rviz.py
[2.302s] -- Symlinking: /home/darren/Documents/cf_swarm/ros2_ws/src/install/crazyflie_sim/share/ament_index/resource_index/package_run_dependencies/crazyflie_sim
[2.312s] -- Symlinking: /home/darren/Documents/cf_swarm/ros2_ws/src/install/crazyflie_sim/share/ament_index/resource_index/parent_prefix_path/crazyflie_sim
[2.322s] -- Symlinking: /home/darren/Documents/cf_swarm/ros2_ws/src/install/crazyflie_sim/share/crazyflie_sim/environment/ament_prefix_path.sh
[2.332s] -- Symlinking: /home/darren/Documents/cf_swarm/ros2_ws/src/install/crazyflie_sim/share/crazyflie_sim/environment/ament_prefix_path.dsv
[2.342s] -- Symlinking: /home/darren/Documents/cf_swarm/ros2_ws/src/install/crazyflie_sim/share/crazyflie_sim/environment/path.sh
[2.351s] -- Symlinking: /home/darren/Documents/cf_swarm/ros2_ws/src/install/crazyflie_sim/share/crazyflie_sim/environment/path.dsv
[2.360s] -- Symlinking: /home/darren/Documents/cf_swarm/ros2_ws/src/install/crazyflie_sim/share/crazyflie_sim/local_setup.bash
[2.370s] -- Symlinking: /home/darren/Documents/cf_swarm/ros2_ws/src/install/crazyflie_sim/share/crazyflie_sim/local_setup.sh
[2.379s] -- Symlinking: /home/darren/Documents/cf_swarm/ros2_ws/src/install/crazyflie_sim/share/crazyflie_sim/local_setup.zsh
[2.389s] -- Symlinking: /home/darren/Documents/cf_swarm/ros2_ws/src/install/crazyflie_sim/share/crazyflie_sim/local_setup.dsv
[2.398s] -- Symlinking: /home/darren/Documents/cf_swarm/ros2_ws/src/install/crazyflie_sim/share/crazyflie_sim/package.dsv
[2.408s] -- Symlinking: /home/darren/Documents/cf_swarm/ros2_ws/src/install/crazyflie_sim/share/ament_index/resource_index/packages/crazyflie_sim
[2.418s] -- Symlinking: /home/darren/Documents/cf_swarm/ros2_ws/src/install/crazyflie_sim/share/crazyflie_sim/cmake/crazyflie_simConfig.cmake
[2.428s] -- Symlinking: /home/darren/Documents/cf_swarm/ros2_ws/src/install/crazyflie_sim/share/crazyflie_sim/cmake/crazyflie_simConfig-version.cmake
[2.438s] -- Symlinking: /home/darren/Documents/cf_swarm/ros2_ws/src/install/crazyflie_sim/share/crazyflie_sim/package.xml
[2.486s] Listing '/home/darren/Documents/cf_swarm/ros2_ws/src/install/crazyflie_sim/lib/python3.10/site-packages/crazyflie_sim'...
[2.487s] Compiling '/home/darren/Documents/cf_swarm/ros2_ws/src/install/crazyflie_sim/lib/python3.10/site-packages/crazyflie_sim/__init__.py'...
[2.487s] Listing '/home/darren/Documents/cf_swarm/ros2_ws/src/install/crazyflie_sim/lib/python3.10/site-packages/crazyflie_sim/backend'...
[2.487s] Compiling '/home/darren/Documents/cf_swarm/ros2_ws/src/install/crazyflie_sim/lib/python3.10/site-packages/crazyflie_sim/backend/none.py'...
[2.487s] Compiling '/home/darren/Documents/cf_swarm/ros2_ws/src/install/crazyflie_sim/lib/python3.10/site-packages/crazyflie_sim/backend/np.py'...
[2.487s] Compiling '/home/darren/Documents/cf_swarm/ros2_ws/src/install/crazyflie_sim/lib/python3.10/site-packages/crazyflie_sim/crazyflie_server.py'...
[2.487s] Compiling '/home/darren/Documents/cf_swarm/ros2_ws/src/install/crazyflie_sim/lib/python3.10/site-packages/crazyflie_sim/crazyflie_sil.py'...
[2.487s] Compiling '/home/darren/Documents/cf_swarm/ros2_ws/src/install/crazyflie_sim/lib/python3.10/site-packages/crazyflie_sim/sim_data_types.py'...
[2.487s] Listing '/home/darren/Documents/cf_swarm/ros2_ws/src/install/crazyflie_sim/lib/python3.10/site-packages/crazyflie_sim/visualization'...
[2.487s] Compiling '/home/darren/Documents/cf_swarm/ros2_ws/src/install/crazyflie_sim/lib/python3.10/site-packages/crazyflie_sim/visualization/blender.py'...
[2.487s] Listing '/home/darren/Documents/cf_swarm/ros2_ws/src/install/crazyflie_sim/lib/python3.10/site-packages/crazyflie_sim/visualization/data'...
[2.487s] Listing '/home/darren/Documents/cf_swarm/ros2_ws/src/install/crazyflie_sim/lib/python3.10/site-packages/crazyflie_sim/visualization/data/env'...
[2.487s] Listing '/home/darren/Documents/cf_swarm/ros2_ws/src/install/crazyflie_sim/lib/python3.10/site-packages/crazyflie_sim/visualization/data/model'...
[2.488s] Compiling '/home/darren/Documents/cf_swarm/ros2_ws/src/install/crazyflie_sim/lib/python3.10/site-packages/crazyflie_sim/visualization/pdf.py'...
[2.488s] Compiling '/home/darren/Documents/cf_swarm/ros2_ws/src/install/crazyflie_sim/lib/python3.10/site-packages/crazyflie_sim/visualization/record_states.py'...
[2.488s] Compiling '/home/darren/Documents/cf_swarm/ros2_ws/src/install/crazyflie_sim/lib/python3.10/site-packages/crazyflie_sim/visualization/rviz.py'...
[2.493s] Invoked command in '/home/darren/Documents/cf_swarm/ros2_ws/src/build/crazyflie_sim' returned '0': AMENT_PREFIX_PATH=/home/darren/Documents/cf_swarm/ros2_ws/src/install/crazyflie_interfaces:${AMENT_PREFIX_PATH} CMAKE_PREFIX_PATH=/home/darren/Documents/cf_swarm/ros2_ws/src/install/crazyflie_interfaces:/opt/ros/iron LD_LIBRARY_PATH=/home/darren/Documents/cf_swarm/ros2_ws/src/install/crazyflie_interfaces/lib:${LD_LIBRARY_PATH} PYTHONPATH=/home/darren/Documents/cf_swarm/ros2_ws/src/install/crazyflie_interfaces/lib/python3.10/site-packages:${PYTHONPATH} /usr/bin/cmake --install /home/darren/Documents/cf_swarm/ros2_ws/src/build/crazyflie_sim
