[0.279s] Invoking command in '/home/darren/Documents/cf_swarm/ros2_ws/build/crazyflie_sim': AMENT_PREFIX_PATH=/home/darren/Documents/cf_swarm/ros2_ws/install/crazyflie_interfaces:${AMENT_PREFIX_PATH} CMAKE_PREFIX_PATH=/home/darren/Documents/cf_swarm/ros2_ws/install/crazyflie_interfaces:/opt/ros/iron LD_LIBRARY_PATH=/home/darren/Documents/cf_swarm/ros2_ws/install/crazyflie_interfaces/lib:${LD_LIBRARY_PATH} PYTHONPATH=/home/darren/Documents/cf_swarm/ros2_ws/install/crazyflie_interfaces/lib/python3.10/site-packages:${PYTHONPATH} /usr/bin/cmake /home/darren/Documents/cf_swarm/ros2_ws/src/crazyswarm2/crazyflie_sim -DAMENT_CMAKE_SYMLINK_INSTALL=1 -DCMAKE_INSTALL_PREFIX=/home/darren/Documents/cf_swarm/ros2_ws/install/crazyflie_sim
[0.329s] -- The C compiler identification is GNU 11.4.0
[0.385s] -- The CXX compiler identification is GNU 11.4.0
[0.394s] -- Detecting C compiler ABI info
[0.465s] -- Detecting C compiler ABI info - done
[0.472s] -- Check for working C compiler: /usr/bin/cc - skipped
[0.472s] -- Detecting C compile features
[0.472s] -- Detecting C compile features - done
[0.475s] -- Detecting CXX compiler ABI info
[0.556s] -- Detecting CXX compiler ABI info - done
[0.563s] -- Check for working CXX compiler: /usr/bin/c++ - skipped
[0.563s] -- Detecting CXX compile features
[0.563s] -- Detecting CXX compile features - done
[0.566s] -- Found ament_cmake: 2.0.3 (/opt/ros/iron/share/ament_cmake/cmake)
[0.708s] -- Found Python3: /usr/bin/python3.10 (found version "3.10.12") found components: Interpreter 
[0.758s] -- Override CMake install command with custom implementation using symlinks instead of copying resources
[0.855s] -- Found ament_cmake_pytest: 2.0.3 (/opt/ros/iron/share/ament_cmake_pytest/cmake)
[1.413s] -- Configuring done
[1.418s] -- Generating done
[1.419s] -- Build files have been written to: /home/darren/Documents/cf_swarm/ros2_ws/build/crazyflie_sim
[1.424s] Invoked command in '/home/darren/Documents/cf_swarm/ros2_ws/build/crazyflie_sim' returned '0': AMENT_PREFIX_PATH=/home/darren/Documents/cf_swarm/ros2_ws/install/crazyflie_interfaces:${AMENT_PREFIX_PATH} CMAKE_PREFIX_PATH=/home/darren/Documents/cf_swarm/ros2_ws/install/crazyflie_interfaces:/opt/ros/iron LD_LIBRARY_PATH=/home/darren/Documents/cf_swarm/ros2_ws/install/crazyflie_interfaces/lib:${LD_LIBRARY_PATH} PYTHONPATH=/home/darren/Documents/cf_swarm/ros2_ws/install/crazyflie_interfaces/lib/python3.10/site-packages:${PYTHONPATH} /usr/bin/cmake /home/darren/Documents/cf_swarm/ros2_ws/src/crazyswarm2/crazyflie_sim -DAMENT_CMAKE_SYMLINK_INSTALL=1 -DCMAKE_INSTALL_PREFIX=/home/darren/Documents/cf_swarm/ros2_ws/install/crazyflie_sim
[1.425s] Invoking command in '/home/darren/Documents/cf_swarm/ros2_ws/build/crazyflie_sim': AMENT_PREFIX_PATH=/home/darren/Documents/cf_swarm/ros2_ws/install/crazyflie_interfaces:${AMENT_PREFIX_PATH} CMAKE_PREFIX_PATH=/home/darren/Documents/cf_swarm/ros2_ws/install/crazyflie_interfaces:/opt/ros/iron LD_LIBRARY_PATH=/home/darren/Documents/cf_swarm/ros2_ws/install/crazyflie_interfaces/lib:${LD_LIBRARY_PATH} PYTHONPATH=/home/darren/Documents/cf_swarm/ros2_ws/install/crazyflie_interfaces/lib/python3.10/site-packages:${PYTHONPATH} /usr/bin/cmake --build /home/darren/Documents/cf_swarm/ros2_ws/build/crazyflie_sim -- -j16 -l16
[1.485s] Built target ament_cmake_python_symlink_crazyflie_sim_setup
[1.485s] Built target ament_cmake_python_symlink_crazyflie_sim
[1.675s] running install_scripts
[1.677s] /usr/lib/python3/dist-packages/setuptools/command/install.py:34: SetuptoolsDeprecationWarning: setup.py install is deprecated. Use build and pip and other standards-based tools.
[1.677s]   warnings.warn(
[1.677s] running egg_info
[1.678s] creating crazyflie_sim.egg-info
[1.678s] writing crazyflie_sim.egg-info/PKG-INFO
[1.678s] writing dependency_links to crazyflie_sim.egg-info/dependency_links.txt
[1.678s] writing entry points to crazyflie_sim.egg-info/entry_points.txt
[1.678s] writing top-level names to crazyflie_sim.egg-info/top_level.txt
[1.678s] writing manifest file 'crazyflie_sim.egg-info/SOURCES.txt'
[1.680s] reading manifest file 'crazyflie_sim.egg-info/SOURCES.txt'
[1.680s] writing manifest file 'crazyflie_sim.egg-info/SOURCES.txt'
[1.696s] running egg_info
[1.696s] writing crazyflie_sim.egg-info/PKG-INFO
[1.702s] writing dependency_links to crazyflie_sim.egg-info/dependency_links.txt
[1.702s] writing entry points to crazyflie_sim.egg-info/entry_points.txt
[1.702s] writing top-level names to crazyflie_sim.egg-info/top_level.txt
[1.704s] reading manifest file 'crazyflie_sim.egg-info/SOURCES.txt'
[1.704s] writing manifest file 'crazyflie_sim.egg-info/SOURCES.txt'
[1.708s] Built target ament_cmake_python_build_crazyflie_sim_egg
[1.712s] Installing crazyflie_server script to scripts
[1.745s] Built target ament_cmake_python_build_crazyflie_sim_scripts
[1.759s] Invoked command in '/home/darren/Documents/cf_swarm/ros2_ws/build/crazyflie_sim' returned '0': AMENT_PREFIX_PATH=/home/darren/Documents/cf_swarm/ros2_ws/install/crazyflie_interfaces:${AMENT_PREFIX_PATH} CMAKE_PREFIX_PATH=/home/darren/Documents/cf_swarm/ros2_ws/install/crazyflie_interfaces:/opt/ros/iron LD_LIBRARY_PATH=/home/darren/Documents/cf_swarm/ros2_ws/install/crazyflie_interfaces/lib:${LD_LIBRARY_PATH} PYTHONPATH=/home/darren/Documents/cf_swarm/ros2_ws/install/crazyflie_interfaces/lib/python3.10/site-packages:${PYTHONPATH} /usr/bin/cmake --build /home/darren/Documents/cf_swarm/ros2_ws/build/crazyflie_sim -- -j16 -l16
[1.784s] Invoking command in '/home/darren/Documents/cf_swarm/ros2_ws/build/crazyflie_sim': AMENT_PREFIX_PATH=/home/darren/Documents/cf_swarm/ros2_ws/install/crazyflie_interfaces:${AMENT_PREFIX_PATH} CMAKE_PREFIX_PATH=/home/darren/Documents/cf_swarm/ros2_ws/install/crazyflie_interfaces:/opt/ros/iron LD_LIBRARY_PATH=/home/darren/Documents/cf_swarm/ros2_ws/install/crazyflie_interfaces/lib:${LD_LIBRARY_PATH} PYTHONPATH=/home/darren/Documents/cf_swarm/ros2_ws/install/crazyflie_interfaces/lib/python3.10/site-packages:${PYTHONPATH} /usr/bin/cmake --install /home/darren/Documents/cf_swarm/ros2_ws/build/crazyflie_sim
[1.792s] -- Install configuration: ""
[1.792s] -- Execute custom install script
[1.793s] -- Symlinking: /home/darren/Documents/cf_swarm/ros2_ws/install/crazyflie_sim/share/crazyflie_sim/environment/pythonpath.sh
[1.802s] -- Symlinking: /home/darren/Documents/cf_swarm/ros2_ws/install/crazyflie_sim/share/crazyflie_sim/environment/pythonpath.dsv
[1.812s] -- Symlinking: /home/darren/Documents/cf_swarm/ros2_ws/install/crazyflie_sim/lib/python3.10/site-packages/crazyflie_sim-2.0.0-py3.10.egg-info/PKG-INFO
[1.821s] -- Symlinking: /home/darren/Documents/cf_swarm/ros2_ws/install/crazyflie_sim/lib/python3.10/site-packages/crazyflie_sim-2.0.0-py3.10.egg-info/SOURCES.txt
[1.832s] -- Symlinking: /home/darren/Documents/cf_swarm/ros2_ws/install/crazyflie_sim/lib/python3.10/site-packages/crazyflie_sim-2.0.0-py3.10.egg-info/dependency_links.txt
[1.841s] -- Symlinking: /home/darren/Documents/cf_swarm/ros2_ws/install/crazyflie_sim/lib/python3.10/site-packages/crazyflie_sim-2.0.0-py3.10.egg-info/entry_points.txt
[1.852s] -- Symlinking: /home/darren/Documents/cf_swarm/ros2_ws/install/crazyflie_sim/lib/python3.10/site-packages/crazyflie_sim-2.0.0-py3.10.egg-info/top_level.txt
[1.862s] -- Symlinking: /home/darren/Documents/cf_swarm/ros2_ws/install/crazyflie_sim/lib/crazyflie_sim//crazyflie_server
[1.873s] -- Symlinking: /home/darren/Documents/cf_swarm/ros2_ws/install/crazyflie_sim/lib/python3.10/site-packages/crazyflie_sim/__init__.py
[1.883s] -- Symlinking: /home/darren/Documents/cf_swarm/ros2_ws/install/crazyflie_sim/lib/python3.10/site-packages/crazyflie_sim/backend/none.py
[1.892s] -- Symlinking: /home/darren/Documents/cf_swarm/ros2_ws/install/crazyflie_sim/lib/python3.10/site-packages/crazyflie_sim/backend/np.py
[1.902s] -- Symlinking: /home/darren/Documents/cf_swarm/ros2_ws/install/crazyflie_sim/lib/python3.10/site-packages/crazyflie_sim/crazyflie_server.py
[1.914s] -- Symlinking: /home/darren/Documents/cf_swarm/ros2_ws/install/crazyflie_sim/lib/python3.10/site-packages/crazyflie_sim/crazyflie_sil.py
[1.921s] -- Symlinking: /home/darren/Documents/cf_swarm/ros2_ws/install/crazyflie_sim/lib/python3.10/site-packages/crazyflie_sim/sim_data_types.py
[1.930s] -- Symlinking: /home/darren/Documents/cf_swarm/ros2_ws/install/crazyflie_sim/lib/python3.10/site-packages/crazyflie_sim/visualization/README.md
[1.940s] -- Symlinking: /home/darren/Documents/cf_swarm/ros2_ws/install/crazyflie_sim/lib/python3.10/site-packages/crazyflie_sim/visualization/blender.py
[1.951s] -- Symlinking: /home/darren/Documents/cf_swarm/ros2_ws/install/crazyflie_sim/lib/python3.10/site-packages/crazyflie_sim/visualization/data/README.md
[1.961s] -- Symlinking: /home/darren/Documents/cf_swarm/ros2_ws/install/crazyflie_sim/lib/python3.10/site-packages/crazyflie_sim/visualization/data/env/abandoned_greenhouse.jpg
[1.971s] -- Symlinking: /home/darren/Documents/cf_swarm/ros2_ws/install/crazyflie_sim/lib/python3.10/site-packages/crazyflie_sim/visualization/data/env/aerodynamics_workshop.jpg
[1.981s] -- Symlinking: /home/darren/Documents/cf_swarm/ros2_ws/install/crazyflie_sim/lib/python3.10/site-packages/crazyflie_sim/visualization/data/env/aviation_museum.jpg
[1.990s] -- Symlinking: /home/darren/Documents/cf_swarm/ros2_ws/install/crazyflie_sim/lib/python3.10/site-packages/crazyflie_sim/visualization/data/env/crosswalk.jpg
[2.000s] -- Symlinking: /home/darren/Documents/cf_swarm/ros2_ws/install/crazyflie_sim/lib/python3.10/site-packages/crazyflie_sim/visualization/data/env/derelict_overpass.jpg
[2.010s] -- Symlinking: /home/darren/Documents/cf_swarm/ros2_ws/install/crazyflie_sim/lib/python3.10/site-packages/crazyflie_sim/visualization/data/env/env.jpg
[2.020s] -- Symlinking: /home/darren/Documents/cf_swarm/ros2_ws/install/crazyflie_sim/lib/python3.10/site-packages/crazyflie_sim/visualization/data/env/lago_disola.jpg
[2.033s] -- Symlinking: /home/darren/Documents/cf_swarm/ros2_ws/install/crazyflie_sim/lib/python3.10/site-packages/crazyflie_sim/visualization/data/env/lake_pier.jpg
[2.044s] -- Symlinking: /home/darren/Documents/cf_swarm/ros2_ws/install/crazyflie_sim/lib/python3.10/site-packages/crazyflie_sim/visualization/data/env/machine_shop.jpg
[2.055s] -- Symlinking: /home/darren/Documents/cf_swarm/ros2_ws/install/crazyflie_sim/lib/python3.10/site-packages/crazyflie_sim/visualization/data/env/museumplein.jpg
[2.066s] -- Symlinking: /home/darren/Documents/cf_swarm/ros2_ws/install/crazyflie_sim/lib/python3.10/site-packages/crazyflie_sim/visualization/data/env/peppermint_powerplant.jpg
[2.077s] -- Symlinking: /home/darren/Documents/cf_swarm/ros2_ws/install/crazyflie_sim/lib/python3.10/site-packages/crazyflie_sim/visualization/data/env/studio_garden.jpg
[2.088s] -- Symlinking: /home/darren/Documents/cf_swarm/ros2_ws/install/crazyflie_sim/lib/python3.10/site-packages/crazyflie_sim/visualization/data/model/cf.mtl
[2.098s] -- Symlinking: /home/darren/Documents/cf_swarm/ros2_ws/install/crazyflie_sim/lib/python3.10/site-packages/crazyflie_sim/visualization/data/model/cf.obj
[2.108s] -- Symlinking: /home/darren/Documents/cf_swarm/ros2_ws/install/crazyflie_sim/lib/python3.10/site-packages/crazyflie_sim/visualization/pdf.py
[2.119s] -- Symlinking: /home/darren/Documents/cf_swarm/ros2_ws/install/crazyflie_sim/lib/python3.10/site-packages/crazyflie_sim/visualization/record_states.py
[2.129s] -- Symlinking: /home/darren/Documents/cf_swarm/ros2_ws/install/crazyflie_sim/lib/python3.10/site-packages/crazyflie_sim/visualization/rviz.py
[2.139s] -- Symlinking: /home/darren/Documents/cf_swarm/ros2_ws/install/crazyflie_sim/share/ament_index/resource_index/package_run_dependencies/crazyflie_sim
[2.150s] -- Symlinking: /home/darren/Documents/cf_swarm/ros2_ws/install/crazyflie_sim/share/ament_index/resource_index/parent_prefix_path/crazyflie_sim
[2.160s] -- Symlinking: /home/darren/Documents/cf_swarm/ros2_ws/install/crazyflie_sim/share/crazyflie_sim/environment/ament_prefix_path.sh
[2.172s] -- Symlinking: /home/darren/Documents/cf_swarm/ros2_ws/install/crazyflie_sim/share/crazyflie_sim/environment/ament_prefix_path.dsv
[2.182s] -- Symlinking: /home/darren/Documents/cf_swarm/ros2_ws/install/crazyflie_sim/share/crazyflie_sim/environment/path.sh
[2.192s] -- Symlinking: /home/darren/Documents/cf_swarm/ros2_ws/install/crazyflie_sim/share/crazyflie_sim/environment/path.dsv
[2.203s] -- Symlinking: /home/darren/Documents/cf_swarm/ros2_ws/install/crazyflie_sim/share/crazyflie_sim/local_setup.bash
[2.213s] -- Symlinking: /home/darren/Documents/cf_swarm/ros2_ws/install/crazyflie_sim/share/crazyflie_sim/local_setup.sh
[2.224s] -- Symlinking: /home/darren/Documents/cf_swarm/ros2_ws/install/crazyflie_sim/share/crazyflie_sim/local_setup.zsh
[2.233s] -- Symlinking: /home/darren/Documents/cf_swarm/ros2_ws/install/crazyflie_sim/share/crazyflie_sim/local_setup.dsv
[2.243s] -- Symlinking: /home/darren/Documents/cf_swarm/ros2_ws/install/crazyflie_sim/share/crazyflie_sim/package.dsv
[2.254s] -- Symlinking: /home/darren/Documents/cf_swarm/ros2_ws/install/crazyflie_sim/share/ament_index/resource_index/packages/crazyflie_sim
[2.263s] -- Symlinking: /home/darren/Documents/cf_swarm/ros2_ws/install/crazyflie_sim/share/crazyflie_sim/cmake/crazyflie_simConfig.cmake
[2.272s] -- Symlinking: /home/darren/Documents/cf_swarm/ros2_ws/install/crazyflie_sim/share/crazyflie_sim/cmake/crazyflie_simConfig-version.cmake
[2.282s] -- Symlinking: /home/darren/Documents/cf_swarm/ros2_ws/install/crazyflie_sim/share/crazyflie_sim/package.xml
[2.324s] Listing '/home/darren/Documents/cf_swarm/ros2_ws/install/crazyflie_sim/lib/python3.10/site-packages/crazyflie_sim'...
[2.324s] Compiling '/home/darren/Documents/cf_swarm/ros2_ws/install/crazyflie_sim/lib/python3.10/site-packages/crazyflie_sim/__init__.py'...
[2.324s] Listing '/home/darren/Documents/cf_swarm/ros2_ws/install/crazyflie_sim/lib/python3.10/site-packages/crazyflie_sim/backend'...
[2.324s] Compiling '/home/darren/Documents/cf_swarm/ros2_ws/install/crazyflie_sim/lib/python3.10/site-packages/crazyflie_sim/backend/none.py'...
[2.324s] Compiling '/home/darren/Documents/cf_swarm/ros2_ws/install/crazyflie_sim/lib/python3.10/site-packages/crazyflie_sim/backend/np.py'...
[2.324s] Compiling '/home/darren/Documents/cf_swarm/ros2_ws/install/crazyflie_sim/lib/python3.10/site-packages/crazyflie_sim/crazyflie_server.py'...
[2.324s] Compiling '/home/darren/Documents/cf_swarm/ros2_ws/install/crazyflie_sim/lib/python3.10/site-packages/crazyflie_sim/crazyflie_sil.py'...
[2.324s] Compiling '/home/darren/Documents/cf_swarm/ros2_ws/install/crazyflie_sim/lib/python3.10/site-packages/crazyflie_sim/sim_data_types.py'...
[2.324s] Listing '/home/darren/Documents/cf_swarm/ros2_ws/install/crazyflie_sim/lib/python3.10/site-packages/crazyflie_sim/visualization'...
[2.324s] Compiling '/home/darren/Documents/cf_swarm/ros2_ws/install/crazyflie_sim/lib/python3.10/site-packages/crazyflie_sim/visualization/blender.py'...
[2.324s] Listing '/home/darren/Documents/cf_swarm/ros2_ws/install/crazyflie_sim/lib/python3.10/site-packages/crazyflie_sim/visualization/data'...
[2.325s] Listing '/home/darren/Documents/cf_swarm/ros2_ws/install/crazyflie_sim/lib/python3.10/site-packages/crazyflie_sim/visualization/data/env'...
[2.325s] Listing '/home/darren/Documents/cf_swarm/ros2_ws/install/crazyflie_sim/lib/python3.10/site-packages/crazyflie_sim/visualization/data/model'...
[2.325s] Compiling '/home/darren/Documents/cf_swarm/ros2_ws/install/crazyflie_sim/lib/python3.10/site-packages/crazyflie_sim/visualization/pdf.py'...
[2.325s] Compiling '/home/darren/Documents/cf_swarm/ros2_ws/install/crazyflie_sim/lib/python3.10/site-packages/crazyflie_sim/visualization/record_states.py'...
[2.325s] Compiling '/home/darren/Documents/cf_swarm/ros2_ws/install/crazyflie_sim/lib/python3.10/site-packages/crazyflie_sim/visualization/rviz.py'...
[2.331s] Invoked command in '/home/darren/Documents/cf_swarm/ros2_ws/build/crazyflie_sim' returned '0': AMENT_PREFIX_PATH=/home/darren/Documents/cf_swarm/ros2_ws/install/crazyflie_interfaces:${AMENT_PREFIX_PATH} CMAKE_PREFIX_PATH=/home/darren/Documents/cf_swarm/ros2_ws/install/crazyflie_interfaces:/opt/ros/iron LD_LIBRARY_PATH=/home/darren/Documents/cf_swarm/ros2_ws/install/crazyflie_interfaces/lib:${LD_LIBRARY_PATH} PYTHONPATH=/home/darren/Documents/cf_swarm/ros2_ws/install/crazyflie_interfaces/lib/python3.10/site-packages:${PYTHONPATH} /usr/bin/cmake --install /home/darren/Documents/cf_swarm/ros2_ws/build/crazyflie_sim
