[0.028s] Invoking command in '/home/darren/Documents/cf_swarm/ros2_ws/src/build/crazyflie_interfaces': /usr/bin/cmake /home/darren/Documents/cf_swarm/ros2_ws/src/crazyswarm2/crazyflie_interfaces -DAMENT_CMAKE_SYMLINK_INSTALL=1 -DCMAKE_INSTALL_PREFIX=/home/darren/Documents/cf_swarm/ros2_ws/src/install/crazyflie_interfaces
[0.046s] [31mCMake Error at CMakeLists.txt:13 (find_package):
[0.046s]   By not providing "Findament_cmake.cmake" in CMAKE_MODULE_PATH this project
[0.046s]   has asked CMake to find a package configuration file provided by
[0.046s]   "ament_cmake", but CMake did not find one.
[0.046s] 
[0.046s]   Could not find a package configuration file provided by "ament_cmake" with
[0.047s]   any of the following names:
[0.047s] 
[0.047s]     ament_cmakeConfig.cmake
[0.047s]     ament_cmake-config.cmake
[0.047s] 
[0.047s]   Add the installation prefix of "ament_cmake" to CMAKE_PREFIX_PATH or set
[0.048s]   "ament_cmake_DIR" to a directory containing one of the above files.  If
[0.048s]   "ament_cmake" provides a separate development package or SDK, be sure it
[0.048s]   has been installed.
[0.048s] 
[0.049s] [0m
[0.050s] -- Configuring incomplete, errors occurred!
[0.050s] See also "/home/darren/Documents/cf_swarm/ros2_ws/src/build/crazyflie_interfaces/CMakeFiles/CMakeOutput.log".
[0.053s] Invoked command in '/home/darren/Documents/cf_swarm/ros2_ws/src/build/crazyflie_interfaces' returned '1': /usr/bin/cmake /home/darren/Documents/cf_swarm/ros2_ws/src/crazyswarm2/crazyflie_interfaces -DAMENT_CMAKE_SYMLINK_INSTALL=1 -DCMAKE_INSTALL_PREFIX=/home/darren/Documents/cf_swarm/ros2_ws/src/install/crazyflie_interfaces
